[0.193s] Invoking command in '/home/pyro/ws_offboard_control/build/px4_ros_com': CMAKE_PREFIX_PATH=/home/pyro/ws_offboard_control/install/px4_msgs:/home/pyro/ws_offboard_control/install/px4_ros_com:/opt/ros/humble LD_LIBRARY_PATH=/home/pyro/ws_offboard_control/install/px4_msgs/lib:/home/pyro/ws_offboard_control/install/px4_ros_com/lib:/opt/ros/humble/opt/rviz_ogre_vendor/lib:/opt/ros/humble/lib/x86_64-linux-gnu:/opt/ros/humble/lib /usr/bin/cmake --build /home/pyro/ws_offboard_control/build/px4_ros_com -- -j16 -l16
[0.324s] [35m[1mConsolidate compiler generated dependencies of target offboard_control_spin_tt[0m
[0.377s] [ 10%] Built target vehicle_gps_position_listener
[0.385s] [ 30%] Built target offboard_control_srv
[0.385s] [ 30%] Built target offboard_control_tilt_axis
[0.385s] [ 40%] Built target offboard_control
[0.388s] [ 50%] Built target sensor_combined_listener
[0.389s] [ 60%] Built target frame_transforms
[0.392s] [ 65%] Built target ament_cmake_python_symlink_px4_ros_com
[0.393s] [ 75%] Built target offboard_control_thrust_torque
[0.393s] [ 75%] [32mBuilding CXX object CMakeFiles/offboard_control_spin_tt.dir/src/examples/offboard/offboard_control_spin_tt.cpp.o[0m
[0.398s] [ 85%] Built target offboard_control_spin_lsq
[0.399s] [ 95%] Built target debug_vect_advertiser
[0.820s] running egg_info
[0.849s] writing px4_ros_com.egg-info/PKG-INFO
[0.852s] writing dependency_links to px4_ros_com.egg-info/dependency_links.txt
[0.852s] writing top-level names to px4_ros_com.egg-info/top_level.txt
[0.929s] reading manifest file 'px4_ros_com.egg-info/SOURCES.txt'
[0.930s] writing manifest file 'px4_ros_com.egg-info/SOURCES.txt'
[1.002s] [ 95%] Built target ament_cmake_python_build_px4_ros_com_egg
[8.345s] [01m[K/home/pyro/ws_offboard_control/src/px4_ros_com/src/examples/offboard/offboard_control_spin_tt.cpp:281:29:[m[K [01;31m[Kerror: [m[Kredeclaration of ‘[01m[Kbool OffboardControl::indi_enabled_[m[K’
[8.345s]   281 |     bool indi_enabled_{false[01;31m[K}[m[K;                 // Enable/disable INDI control (overridable via JSON)
[8.345s]       |                             [01;31m[K^[m[K
[8.345s] [01m[K/home/pyro/ws_offboard_control/src/px4_ros_com/src/examples/offboard/offboard_control_spin_tt.cpp:270:10:[m[K [01;36m[Knote: [m[Kprevious declaration ‘[01m[Kbool OffboardControl::indi_enabled_[m[K’
[8.345s]   270 |     bool [01;36m[Kindi_enabled_[m[K{false};                               // Enable/disable INDI control
[8.345s]       |          [01;36m[K^~~~~~~~~~~~~[m[K
[8.345s] [01m[K/home/pyro/ws_offboard_control/src/px4_ros_com/src/examples/offboard/offboard_control_spin_tt.cpp:282:33:[m[K [01;31m[Kerror: [m[Kredeclaration of ‘[01m[Kbool OffboardControl::indi_initialized_[m[K’
[8.345s]   282 |     bool indi_initialized_{false[01;31m[K}[m[K;             // Internal init flag
[8.346s]       |                                 [01;31m[K^[m[K
[8.346s] [01m[K/home/pyro/ws_offboard_control/src/px4_ros_com/src/examples/offboard/offboard_control_spin_tt.cpp:271:10:[m[K [01;36m[Knote: [m[Kprevious declaration ‘[01m[Kbool OffboardControl::indi_initialized_[m[K’
[8.346s]   271 |     bool [01;36m[Kindi_initialized_[m[K{false};
[8.346s]       |          [01;36m[K^~~~~~~~~~~~~~~~~[m[K
[8.346s] [01m[K/home/pyro/ws_offboard_control/src/px4_ros_com/src/examples/offboard/offboard_control_spin_tt.cpp:283:30:[m[K [01;31m[Kerror: [m[Kredeclaration of ‘[01m[Kdouble OffboardControl::K_indi_scale_[m[K’
[8.346s]   283 |     double K_indi_scale_{0.75[01;31m[K}[m[K;                // INDI gain (0.5-1.0)
[8.347s]       |                              [01;31m[K^[m[K
[8.347s] [01m[K/home/pyro/ws_offboard_control/src/px4_ros_com/src/examples/offboard/offboard_control_spin_tt.cpp:269:12:[m[K [01;36m[Knote: [m[Kprevious declaration ‘[01m[Kdouble OffboardControl::K_indi_scale_[m[K’
[8.347s]   269 |     double [01;36m[KK_indi_scale_[m[K{0.75};                              // INDI gain (0.5-1.0)
[8.347s]       |            [01;36m[K^~~~~~~~~~~~~[m[K
[8.347s] [01m[K/home/pyro/ws_offboard_control/src/px4_ros_com/src/examples/offboard/offboard_control_spin_tt.cpp:284:50:[m[K [01;31m[Kerror: [m[Kredeclaration of ‘[01m[KEigen::Quaterniond OffboardControl::q_prev_[m[K’
[8.347s]   284 |     Eigen::Quaterniond q_prev_{1.0, 0.0, 0.0, 0.0[01;31m[K}[m[K; // previous attitude quaternion
[8.347s]       |                                                  [01;31m[K^[m[K
[8.347s] [01m[K/home/pyro/ws_offboard_control/src/px4_ros_com/src/examples/offboard/offboard_control_spin_tt.cpp:265:24:[m[K [01;36m[Knote: [m[Kprevious declaration ‘[01m[KEigen::Quaterniond OffboardControl::q_prev_[m[K’
[8.348s]   265 |     Eigen::Quaterniond [01;36m[Kq_prev_[m[K{1.0, 0.0, 0.0, 0.0};        // previous attitude quaternion
[8.348s]       |                        [01;36m[K^~~~~~~[m[K
[8.348s] [01m[K/home/pyro/ws_offboard_control/src/px4_ros_com/src/examples/offboard/offboard_control_spin_tt.cpp:285:51:[m[K [01;31m[Kerror: [m[Kredeclaration of ‘[01m[KEigen::Vector3d OffboardControl::omega_filt_prev_[m[K’
[8.348s]   285 |     Eigen::Vector3d omega_filt_prev_{0.0, 0.0, 0.0[01;31m[K}[m[K; // previous filtered omega
[8.348s]       |                                                   [01;31m[K^[m[K
[8.348s] [01m[K/home/pyro/ws_offboard_control/src/px4_ros_com/src/examples/offboard/offboard_control_spin_tt.cpp:266:21:[m[K [01;36m[Knote: [m[Kprevious declaration ‘[01m[KEigen::Vector3d OffboardControl::omega_filt_prev_[m[K’
[8.348s]   266 |     Eigen::Vector3d [01;36m[Komega_filt_prev_[m[K{0.0, 0.0, 0.0};        // previous filtered omega
[8.349s]       |                     [01;36m[K^~~~~~~~~~~~~~~~[m[K
[8.349s] [01m[K/home/pyro/ws_offboard_control/src/px4_ros_com/src/examples/offboard/offboard_control_spin_tt.cpp:286:49:[m[K [01;31m[Kerror: [m[Kredeclaration of ‘[01m[KEigen::Vector3d OffboardControl::tau_prev_body_[m[K’
[8.349s]   286 |     Eigen::Vector3d tau_prev_body_{0.0, 0.0, 0.0[01;31m[K}[m[K;   // previous torque command (body frame)
[8.349s]       |                                                 [01;31m[K^[m[K
[8.349s] [01m[K/home/pyro/ws_offboard_control/src/px4_ros_com/src/examples/offboard/offboard_control_spin_tt.cpp:267:21:[m[K [01;36m[Knote: [m[Kprevious declaration ‘[01m[KEigen::Vector3d OffboardControl::tau_prev_body_[m[K’
[8.349s]   267 |     Eigen::Vector3d [01;36m[Ktau_prev_body_[m[K{0.0, 0.0, 0.0};          // previous torque command (body frame)
[8.349s]       |                     [01;36m[K^~~~~~~~~~~~~~[m[K
[8.349s] [01m[K/home/pyro/ws_offboard_control/src/px4_ros_com/src/examples/offboard/offboard_control_spin_tt.cpp:287:55:[m[K [01;31m[Kerror: [m[Kredeclaration of ‘[01m[KEigen::Vector3d OffboardControl::omega_dot_meas_filt_[m[K’
[8.349s]   287 |     Eigen::Vector3d omega_dot_meas_filt_{0.0, 0.0, 0.0[01;31m[K}[m[K; // filtered measured angular acceleration
[8.349s]       |                                                       [01;31m[K^[m[K
[8.349s] [01m[K/home/pyro/ws_offboard_control/src/px4_ros_com/src/examples/offboard/offboard_control_spin_tt.cpp:268:21:[m[K [01;36m[Knote: [m[Kprevious declaration ‘[01m[KEigen::Vector3d OffboardControl::omega_dot_meas_filt_[m[K’
[8.349s]   268 |     Eigen::Vector3d [01;36m[Komega_dot_meas_filt_[m[K{0.0, 0.0, 0.0};    // filtered measured angular acceleration
[8.349s]       |                     [01;36m[K^~~~~~~~~~~~~~~~~~~~[m[K
[30.937s] [01m[K/home/pyro/ws_offboard_control/src/px4_ros_com/src/examples/offboard/offboard_control_spin_tt.cpp:[m[K In member function ‘[01m[Kvoid OffboardControl::generate_plots()[m[K’:
[30.937s] [01m[K/home/pyro/ws_offboard_control/src/px4_ros_com/src/examples/offboard/offboard_control_spin_tt.cpp:521:15:[m[K [01;35m[Kwarning: [m[Kignoring return value of ‘[01m[Kint system(const char*)[m[K’ declared with attribute ‘[01m[Kwarn_unused_result[m[K’ [[01;35m[K]8;;https://gcc.gnu.org/onlinedocs/gcc/Warning-Options.html#index-Wunused-result-Wunused-result]8;;[m[K]
[30.938s]   521 |         [01;35m[Ksystem("chmod +x /home/pyro/ws_offboard_control/flight_data/scripts/generate_plots.py")[m[K;
[30.938s]       |         [01;35m[K~~~~~~^~~~~~~~~~~~~~~~~~~~~~~~~~~~~~~~~~~~~~~~~~~~~~~~~~~~~~~~~~~~~~~~~~~~~~~~~~~~~~~~~[m[K
[30.957s] [01m[K/home/pyro/ws_offboard_control/src/px4_ros_com/src/examples/offboard/offboard_control_spin_tt.cpp:[m[K In member function ‘[01m[Kvoid OffboardControl::initializeController()[m[K’:
[30.957s] [01m[K/home/pyro/ws_offboard_control/src/px4_ros_com/src/examples/offboard/offboard_control_spin_tt.cpp:1260:11:[m[K [01;35m[Kwarning: [m[Kignoring return value of ‘[01m[Kint system(const char*)[m[K’ declared with attribute ‘[01m[Kwarn_unused_result[m[K’ [[01;35m[K]8;;https://gcc.gnu.org/onlinedocs/gcc/Warning-Options.html#index-Wunused-result-Wunused-result]8;;[m[K]
[30.957s]  1260 |     [01;35m[Ksystem("mkdir -p /home/pyro/ws_offboard_control/flight_data/config")[m[K;
[30.957s]       |     [01;35m[K~~~~~~^~~~~~~~~~~~~~~~~~~~~~~~~~~~~~~~~~~~~~~~~~~~~~~~~~~~~~~~~~~~~~[m[K
[31.685s] gmake[2]: *** [CMakeFiles/offboard_control_spin_tt.dir/build.make:76: CMakeFiles/offboard_control_spin_tt.dir/src/examples/offboard/offboard_control_spin_tt.cpp.o] Error 1
[31.685s] gmake[1]: *** [CMakeFiles/Makefile2:340: CMakeFiles/offboard_control_spin_tt.dir/all] Error 2
[31.686s] gmake: *** [Makefile:146: all] Error 2
[31.691s] Invoked command in '/home/pyro/ws_offboard_control/build/px4_ros_com' returned '2': CMAKE_PREFIX_PATH=/home/pyro/ws_offboard_control/install/px4_msgs:/home/pyro/ws_offboard_control/install/px4_ros_com:/opt/ros/humble LD_LIBRARY_PATH=/home/pyro/ws_offboard_control/install/px4_msgs/lib:/home/pyro/ws_offboard_control/install/px4_ros_com/lib:/opt/ros/humble/opt/rviz_ogre_vendor/lib:/opt/ros/humble/lib/x86_64-linux-gnu:/opt/ros/humble/lib /usr/bin/cmake --build /home/pyro/ws_offboard_control/build/px4_ros_com -- -j16 -l16
