[35m[1mConsolidate compiler generated dependencies of target offboard_control[0m
[ 16%] Built target frame_transforms
[ 16%] Built target ament_cmake_python_copy_px4_ros_com
[ 33%] Built target sensor_combined_listener
[ 41%] [32mBuilding CXX object CMakeFiles/offboard_control.dir/src/examples/offboard/offboard_control.cpp.o[0m
[ 58%] Built target vehicle_gps_position_listener
[ 75%] Built target offboard_control_srv
[ 91%] Built target debug_vect_advertiser
running egg_info
writing px4_ros_com.egg-info/PKG-INFO
writing dependency_links to px4_ros_com.egg-info/dependency_links.txt
writing top-level names to px4_ros_com.egg-info/top_level.txt
reading manifest file 'px4_ros_com.egg-info/SOURCES.txt'
writing manifest file 'px4_ros_com.egg-info/SOURCES.txt'
[ 91%] Built target ament_cmake_python_build_px4_ros_com_egg
In file included from [01m[K/opt/ros/humble/include/rclcpp/rclcpp/logging.hpp:24[m[K,
                 from [01m[K/opt/ros/humble/include/rclcpp/rclcpp/client.hpp:40[m[K,
                 from [01m[K/opt/ros/humble/include/rclcpp/rclcpp/callback_group.hpp:24[m[K,
                 from [01m[K/opt/ros/humble/include/rclcpp/rclcpp/any_executable.hpp:20[m[K,
                 from [01m[K/opt/ros/humble/include/rclcpp/rclcpp/memory_strategy.hpp:25[m[K,
                 from [01m[K/opt/ros/humble/include/rclcpp/rclcpp/memory_strategies.hpp:18[m[K,
                 from [01m[K/opt/ros/humble/include/rclcpp/rclcpp/executor_options.hpp:20[m[K,
                 from [01m[K/opt/ros/humble/include/rclcpp/rclcpp/executor.hpp:37[m[K,
                 from [01m[K/opt/ros/humble/include/rclcpp/rclcpp/executors/multi_threaded_executor.hpp:25[m[K,
                 from [01m[K/opt/ros/humble/include/rclcpp/rclcpp/executors.hpp:21[m[K,
                 from [01m[K/opt/ros/humble/include/rclcpp/rclcpp/rclcpp.hpp:155[m[K,
                 from [01m[K/home/pyro/ws_offboard_control/src/px4_ros_com/src/examples/offboard/offboard_control.cpp:47[m[K:
[01m[K/home/pyro/ws_offboard_control/src/px4_ros_com/src/examples/offboard/offboard_control.cpp:[m[K In member function ‘[01m[Kvoid OffboardControl::vehicle_attitude_callback(px4_msgs::msg::VehicleAttitude_<std::allocator<void> >::SharedPtr)[m[K’:
[01m[K/home/pyro/ws_offboard_control/src/px4_ros_com/src/examples/offboard/offboard_control.cpp:261:30:[m[K [01;31m[Kerror: [m[K‘[01m[Kusing element_type = struct px4_msgs::msg::VehicleAttitude_<std::allocator<void> >[m[K’ {aka ‘[01m[Kstruct px4_msgs::msg::VehicleAttitude_<std::allocator<void> >[m[K’} has no member named ‘[01m[Krollspeed[m[K’
  261 |                         msg->[01;31m[Krollspeed[m[K, msg->pitchspeed, msg->yawspeed);
      |                              [01;31m[K^~~~~~~~~[m[K
[01m[K/home/pyro/ws_offboard_control/src/px4_ros_com/src/examples/offboard/offboard_control.cpp:261:46:[m[K [01;31m[Kerror: [m[K‘[01m[Kusing element_type = struct px4_msgs::msg::VehicleAttitude_<std::allocator<void> >[m[K’ {aka ‘[01m[Kstruct px4_msgs::msg::VehicleAttitude_<std::allocator<void> >[m[K’} has no member named ‘[01m[Kpitchspeed[m[K’
  261 |                         msg->rollspeed, msg->[01;31m[Kpitchspeed[m[K, msg->yawspeed);
      |                                              [01;31m[K^~~~~~~~~~[m[K
[01m[K/home/pyro/ws_offboard_control/src/px4_ros_com/src/examples/offboard/offboard_control.cpp:261:63:[m[K [01;31m[Kerror: [m[K‘[01m[Kusing element_type = struct px4_msgs::msg::VehicleAttitude_<std::allocator<void> >[m[K’ {aka ‘[01m[Kstruct px4_msgs::msg::VehicleAttitude_<std::allocator<void> >[m[K’} has no member named ‘[01m[Kyawspeed[m[K’
  261 |                         msg->rollspeed, msg->pitchspeed, msg->[01;31m[Kyawspeed[m[K);
      |                                                               [01;31m[K^~~~~~~~[m[K
[01m[K/home/pyro/ws_offboard_control/src/px4_ros_com/src/examples/offboard/offboard_control.cpp:[m[K In member function ‘[01m[Kvoid OffboardControl::calculate_control_commands()[m[K’:
[01m[K/home/pyro/ws_offboard_control/src/px4_ros_com/src/examples/offboard/offboard_control.cpp:332:85:[m[K [01;31m[Kerror: [m[K‘[01m[Kusing element_type = struct px4_msgs::msg::VehicleAttitude_<std::allocator<void> >[m[K’ {aka ‘[01m[Kstruct px4_msgs::msg::VehicleAttitude_<std::allocator<void> >[m[K’} has no member named ‘[01m[Krollspeed[m[K’
  332 |         float desired_roll_rate = kp_att * roll_error - kd_att * current_attitude_->[01;31m[Krollspeed[m[K;
      |                                                                                     [01;31m[K^~~~~~~~~[m[K
[01m[K/home/pyro/ws_offboard_control/src/px4_ros_com/src/examples/offboard/offboard_control.cpp:333:87:[m[K [01;31m[Kerror: [m[K‘[01m[Kusing element_type = struct px4_msgs::msg::VehicleAttitude_<std::allocator<void> >[m[K’ {aka ‘[01m[Kstruct px4_msgs::msg::VehicleAttitude_<std::allocator<void> >[m[K’} has no member named ‘[01m[Kpitchspeed[m[K’
  333 |         float desired_pitch_rate = kp_att * pitch_error - kd_att * current_attitude_->[01;31m[Kpitchspeed[m[K;
      |                                                                                       [01;31m[K^~~~~~~~~~[m[K
[01m[K/home/pyro/ws_offboard_control/src/px4_ros_com/src/examples/offboard/offboard_control.cpp:334:83:[m[K [01;31m[Kerror: [m[K‘[01m[Kusing element_type = struct px4_msgs::msg::VehicleAttitude_<std::allocator<void> >[m[K’ {aka ‘[01m[Kstruct px4_msgs::msg::VehicleAttitude_<std::allocator<void> >[m[K’} has no member named ‘[01m[Kyawspeed[m[K’
  334 |         float desired_yaw_rate = kp_att * yaw_error - kd_att * current_attitude_->[01;31m[Kyawspeed[m[K;
      |                                                                                   [01;31m[K^~~~~~~~[m[K
gmake[2]: *** [CMakeFiles/offboard_control.dir/build.make:76: CMakeFiles/offboard_control.dir/src/examples/offboard/offboard_control.cpp.o] Error 1
gmake[1]: *** [CMakeFiles/Makefile2:254: CMakeFiles/offboard_control.dir/all] Error 2
gmake: *** [Makefile:146: all] Error 2
