[0.377s] Invoking command in '/home/pyro/ws_offboard_control/build/px4_ros_com': CMAKE_PREFIX_PATH=/home/pyro/ws_offboard_control/install/px4_msgs:/home/pyro/ws_offboard_control/install/px4_ros_com:/opt/ros/humble LD_LIBRARY_PATH=/home/pyro/ws_offboard_control/install/px4_msgs/lib:/home/pyro/ws_offboard_control/install/px4_ros_com/lib:/opt/ros/humble/opt/rviz_ogre_vendor/lib:/opt/ros/humble/lib/x86_64-linux-gnu:/opt/ros/humble/lib /usr/bin/cmake --build /home/pyro/ws_offboard_control/build/px4_ros_com -- -j16 -l16
[0.761s] [35m[1mConsolidate compiler generated dependencies of target offboard_control[0m
[0.804s] [ 16%] Built target sensor_combined_listener
[0.804s] [ 50%] Built target offboard_control_srv
[0.804s] [ 50%] Built target debug_vect_advertiser
[0.806s] [ 66%] Built target vehicle_gps_position_listener
[0.812s] [ 75%] Built target ament_cmake_python_copy_px4_ros_com
[0.813s] [ 83%] Built target frame_transforms
[0.826s] [ 91%] [32mBuilding CXX object CMakeFiles/offboard_control.dir/src/examples/offboard/offboard_control.cpp.o[0m
[1.575s] running egg_info
[1.651s] writing px4_ros_com.egg-info/PKG-INFO
[1.653s] writing dependency_links to px4_ros_com.egg-info/dependency_links.txt
[1.654s] writing top-level names to px4_ros_com.egg-info/top_level.txt
[1.866s] reading manifest file 'px4_ros_com.egg-info/SOURCES.txt'
[1.869s] writing manifest file 'px4_ros_com.egg-info/SOURCES.txt'
[2.002s] [ 91%] Built target ament_cmake_python_build_px4_ros_com_egg
[2.072s] [01m[K/home/pyro/ws_offboard_control/src/px4_ros_com/src/examples/offboard/offboard_control.cpp:56:10:[m[K [01;31m[Kfatal error: [m[KEigen/Dense: No such file or directory
[2.073s]    56 | #include [01;31m[K<Eigen/Dense>[m[K
[2.073s]       |          [01;31m[K^~~~~~~~~~~~~[m[K
[2.073s] compilation terminated.
[2.090s] gmake[2]: *** [CMakeFiles/offboard_control.dir/build.make:76: CMakeFiles/offboard_control.dir/src/examples/offboard/offboard_control.cpp.o] Error 1
[2.093s] gmake[1]: *** [CMakeFiles/Makefile2:254: CMakeFiles/offboard_control.dir/all] Error 2
[2.094s] gmake: *** [Makefile:146: all] Error 2
[2.103s] Invoked command in '/home/pyro/ws_offboard_control/build/px4_ros_com' returned '2': CMAKE_PREFIX_PATH=/home/pyro/ws_offboard_control/install/px4_msgs:/home/pyro/ws_offboard_control/install/px4_ros_com:/opt/ros/humble LD_LIBRARY_PATH=/home/pyro/ws_offboard_control/install/px4_msgs/lib:/home/pyro/ws_offboard_control/install/px4_ros_com/lib:/opt/ros/humble/opt/rviz_ogre_vendor/lib:/opt/ros/humble/lib/x86_64-linux-gnu:/opt/ros/humble/lib /usr/bin/cmake --build /home/pyro/ws_offboard_control/build/px4_ros_com -- -j16 -l16
