[35m[1mConsolidate compiler generated dependencies of target offboard_control_spin_tt[0m
[ 10%] Built target sensor_combined_listener
[ 30%] Built target debug_vect_advertiser
[ 35%] Built target vehicle_gps_position_listener
[ 40%] Built target frame_transforms
[ 60%] Built target offboard_control_srv
[ 60%] Built target offboard_control
[ 70%] Built target offboard_control_thrust_torque
[ 80%] [32mBuilding CXX object CMakeFiles/offboard_control_spin_tt.dir/src/examples/offboard/offboard_control_spin_tt.cpp.o[0m
[ 85%] Built target offboard_control_spin_lsq
[ 85%] Built target ament_cmake_python_copy_px4_ros_com
[ 95%] Built target offboard_control_tilt_axis
running egg_info
writing px4_ros_com.egg-info/PKG-INFO
writing dependency_links to px4_ros_com.egg-info/dependency_links.txt
writing top-level names to px4_ros_com.egg-info/top_level.txt
reading manifest file 'px4_ros_com.egg-info/SOURCES.txt'
writing manifest file 'px4_ros_com.egg-info/SOURCES.txt'
[ 95%] Built target ament_cmake_python_build_px4_ros_com_egg
gmake[2]: *** [CMakeFiles/offboard_control_spin_tt.dir/build.make:76: CMakeFiles/offboard_control_spin_tt.dir/src/examples/offboard/offboard_control_spin_tt.cpp.o] Interrupt
gmake[1]: *** [CMakeFiles/Makefile2:340: CMakeFiles/offboard_control_spin_tt.dir/all] Interrupt
gmake: *** [Makefile:146: all] Interrupt
