[0.220s] Invoking command in '/home/pyro/ws_offboard_control/build/px4_ros_com': AMENT_PREFIX_PATH=/home/pyro/ws_offboard_control/install/px4_msgs:${AMENT_PREFIX_PATH} CMAKE_PREFIX_PATH=/home/pyro/ws_offboard_control/install/px4_msgs:/opt/ros/humble LD_LIBRARY_PATH=/home/pyro/ws_offboard_control/install/px4_msgs/lib:${LD_LIBRARY_PATH} PYTHONPATH=/home/pyro/ws_offboard_control/install/px4_msgs/local/lib/python3.10/dist-packages:${PYTHONPATH} /usr/bin/cmake --build /home/pyro/ws_offboard_control/build/px4_ros_com -- -j16 -l16
[0.384s] -- Found ament_cmake: 1.3.12 (/opt/ros/humble/share/ament_cmake/cmake)
[0.735s] -- Found builtin_interfaces: 1.2.2 (/opt/ros/humble/share/builtin_interfaces/cmake)
[1.104s] -- Found rosidl_generator_c: 3.1.7 (/opt/ros/humble/share/rosidl_generator_c/cmake)
[1.114s] -- Found rosidl_adapter: 3.1.7 (/opt/ros/humble/share/rosidl_adapter/cmake)
[1.135s] -- Found rosidl_generator_cpp: 3.1.7 (/opt/ros/humble/share/rosidl_generator_cpp/cmake)
[1.163s] -- Using all available rosidl_typesupport_c: rosidl_typesupport_fastrtps_c;rosidl_typesupport_introspection_c
[1.200s] -- Using all available rosidl_typesupport_cpp: rosidl_typesupport_fastrtps_cpp;rosidl_typesupport_introspection_cpp
[1.238s] -- Found eigen3_cmake_module: 0.1.1 (/opt/ros/humble/share/eigen3_cmake_module/cmake)
[1.245s] -- Found geometry_msgs: 4.9.0 (/opt/ros/humble/share/geometry_msgs/cmake)
[1.321s] -- Found px4_msgs: 2.0.1 (/home/pyro/ws_offboard_control/install/px4_msgs/share/px4_msgs/cmake)
[1.350s] -- Found rclcpp: 16.0.15 (/opt/ros/humble/share/rclcpp/cmake)
[1.444s] -- Found rmw_implementation_cmake: 6.1.2 (/opt/ros/humble/share/rmw_implementation_cmake/cmake)
[1.450s] -- Found rmw_fastrtps_cpp: 6.2.8 (/opt/ros/humble/share/rmw_fastrtps_cpp/cmake)
[14.066s] -- Using RMW implementation 'rmw_fastrtps_cpp' as default
[14.185s] -- Found sensor_msgs: 4.9.0 (/opt/ros/humble/share/sensor_msgs/cmake)
[14.239s] -- Found rclpy: 3.3.17 (/opt/ros/humble/share/rclpy/cmake)
[14.266s] -- Found ament_lint_auto: 0.12.14 (/opt/ros/humble/share/ament_lint_auto/cmake)
[14.453s] -- Added test 'copyright' to check source files copyright and LICENSE
[14.498s] -- Added test 'cppcheck' to perform static code analysis on C / C++ code
[14.499s] -- Configured cppcheck include dirs: /home/pyro/ws_offboard_control/src/px4_ros_com/include;$<BUILD_INTERFACE:/home/pyro/ws_offboard_control/src/px4_ros_com/include/px4_ros_com>
[14.499s] -- Configured cppcheck exclude dirs and/or files: 
[14.533s] -- Added test 'cpplint' to check C / C++ code against the Google style
[14.533s] -- Configured cpplint exclude dirs and/or files: 
[14.538s] -- Added test 'flake8' to check Python code syntax and style conventions
[14.548s] -- Added test 'lint_cmake' to check CMake code style
[14.553s] -- Added test 'pep257' to check Python code against some of the docstring style conventions in PEP 257
[14.587s] -- Added test 'uncrustify' to check C / C++ code style
[14.588s] -- Configured uncrustify additional arguments: 
[14.593s] -- Added test 'xmllint' to check XML markup files
[14.600s] -- Configuring done
[14.765s] -- Generating done
[14.820s] -- Build files have been written to: /home/pyro/ws_offboard_control/build/px4_ros_com
[14.892s] [35m[1mConsolidate compiler generated dependencies of target vehicle_gps_position_listener[0m
[14.893s] [35m[1mConsolidate compiler generated dependencies of target frame_transforms[0m
[14.895s] [35m[1mConsolidate compiler generated dependencies of target offboard_control[0m
[14.895s] [35m[1mConsolidate compiler generated dependencies of target offboard_control_srv[0m
[14.896s] [35m[1mConsolidate compiler generated dependencies of target debug_vect_advertiser[0m
[14.896s] [35m[1mConsolidate compiler generated dependencies of target sensor_combined_listener[0m
[14.896s] [35m[1mConsolidate compiler generated dependencies of target offboard_control_thrust_torque[0m
[14.897s] [35m[1mConsolidate compiler generated dependencies of target offboard_control_spin_tt[0m
[14.901s] [35m[1mConsolidate compiler generated dependencies of target offboard_control_tilt_axis[0m
[14.923s] [  5%] [32mBuilding CXX object CMakeFiles/offboard_control_spin_lsq.dir/src/examples/offboard/offboard_control_spin_lsq.cpp.o[0m
[14.952s] [  5%] Built target ament_cmake_python_copy_px4_ros_com
[14.966s] [ 15%] Built target frame_transforms
[15.028s] [ 45%] Built target offboard_control_srv
[15.029s] [ 45%] Built target vehicle_gps_position_listener
[15.029s] [ 45%] Built target offboard_control_thrust_torque
[15.030s] [ 55%] [32mBuilding CXX object CMakeFiles/offboard_control_spin_tt.dir/src/examples/offboard/offboard_control_spin_tt.cpp.o[0m
[15.030s] [ 60%] Built target sensor_combined_listener
[15.030s] [ 70%] Built target offboard_control_tilt_axis
[15.030s] [ 80%] Built target offboard_control
[15.034s] [ 90%] Built target debug_vect_advertiser
[15.537s] running egg_info
[15.590s] writing px4_ros_com.egg-info/PKG-INFO
[15.592s] writing dependency_links to px4_ros_com.egg-info/dependency_links.txt
[15.593s] writing top-level names to px4_ros_com.egg-info/top_level.txt
[15.691s] reading manifest file 'px4_ros_com.egg-info/SOURCES.txt'
[15.693s] writing manifest file 'px4_ros_com.egg-info/SOURCES.txt'
[15.766s] [ 90%] Built target ament_cmake_python_build_px4_ros_com_egg
[35.352s] [01m[K/home/pyro/ws_offboard_control/src/px4_ros_com/src/examples/offboard/offboard_control_spin_lsq.cpp:[m[K In member function ‘[01m[Kvoid OffboardControl::initializeAllocationMatrix()[m[K’:
[35.352s] [01m[K/home/pyro/ws_offboard_control/src/px4_ros_com/src/examples/offboard/offboard_control_spin_lsq.cpp:511:18:[m[K [01;35m[Kwarning: [m[Kcomparison of integer expressions of different signedness: ‘[01m[Ksize_t[m[K’ {aka ‘[01m[Klong unsigned int[m[K’} and ‘[01m[Kint[m[K’ [[01;35m[K]8;;https://gcc.gnu.org/onlinedocs/gcc/Warning-Options.html#index-Wsign-compare-Wsign-compare]8;;[m[K]
[35.352s]   511 |             if([01;35m[Ki != f_id_[m[K) {
[35.352s]       |                [01;35m[K~~^~~~~~~~[m[K
[86.055s] [ 95%] [32m[1mLinking CXX executable offboard_control_spin_tt[0m
[88.377s] [ 95%] Built target offboard_control_spin_tt
[88.928s] [100%] [32m[1mLinking CXX executable offboard_control_spin_lsq[0m
[91.145s] [100%] Built target offboard_control_spin_lsq
[91.181s] Invoked command in '/home/pyro/ws_offboard_control/build/px4_ros_com' returned '0': AMENT_PREFIX_PATH=/home/pyro/ws_offboard_control/install/px4_msgs:${AMENT_PREFIX_PATH} CMAKE_PREFIX_PATH=/home/pyro/ws_offboard_control/install/px4_msgs:/opt/ros/humble LD_LIBRARY_PATH=/home/pyro/ws_offboard_control/install/px4_msgs/lib:${LD_LIBRARY_PATH} PYTHONPATH=/home/pyro/ws_offboard_control/install/px4_msgs/local/lib/python3.10/dist-packages:${PYTHONPATH} /usr/bin/cmake --build /home/pyro/ws_offboard_control/build/px4_ros_com -- -j16 -l16
[91.211s] Invoking command in '/home/pyro/ws_offboard_control/build/px4_ros_com': AMENT_PREFIX_PATH=/home/pyro/ws_offboard_control/install/px4_msgs:${AMENT_PREFIX_PATH} CMAKE_PREFIX_PATH=/home/pyro/ws_offboard_control/install/px4_msgs:/opt/ros/humble LD_LIBRARY_PATH=/home/pyro/ws_offboard_control/install/px4_msgs/lib:${LD_LIBRARY_PATH} PYTHONPATH=/home/pyro/ws_offboard_control/install/px4_msgs/local/lib/python3.10/dist-packages:${PYTHONPATH} /usr/bin/cmake --install /home/pyro/ws_offboard_control/build/px4_ros_com
[91.229s] -- Install configuration: ""
[91.232s] -- Up-to-date: /home/pyro/ws_offboard_control/install/px4_ros_com/lib/px4_ros_com/sensor_combined_listener
[91.234s] -- Up-to-date: /home/pyro/ws_offboard_control/install/px4_ros_com/lib/px4_ros_com/vehicle_gps_position_listener
[91.236s] -- Up-to-date: /home/pyro/ws_offboard_control/install/px4_ros_com/lib/px4_ros_com/debug_vect_advertiser
[91.239s] -- Up-to-date: /home/pyro/ws_offboard_control/install/px4_ros_com/lib/px4_ros_com/offboard_control
[91.242s] -- Up-to-date: /home/pyro/ws_offboard_control/install/px4_ros_com/lib/px4_ros_com/offboard_control_srv
[91.244s] -- Up-to-date: /home/pyro/ws_offboard_control/install/px4_ros_com/lib/px4_ros_com/offboard_control_thrust_torque
[91.246s] -- Installing: /home/pyro/ws_offboard_control/install/px4_ros_com/lib/px4_ros_com/offboard_control_spin_tt
[91.285s] -- Set runtime path of "/home/pyro/ws_offboard_control/install/px4_ros_com/lib/px4_ros_com/offboard_control_spin_tt" to ""
[91.287s] -- Up-to-date: /home/pyro/ws_offboard_control/install/px4_ros_com/lib/px4_ros_com/offboard_control_tilt_axis
[91.287s] -- Installing: /home/pyro/ws_offboard_control/install/px4_ros_com/lib/px4_ros_com/offboard_control_spin_lsq
[91.326s] -- Set runtime path of "/home/pyro/ws_offboard_control/install/px4_ros_com/lib/px4_ros_com/offboard_control_spin_lsq" to ""
[91.327s] -- Up-to-date: /home/pyro/ws_offboard_control/install/px4_ros_com/share/px4_ros_com/environment/library_path.sh
[91.327s] -- Installing: /home/pyro/ws_offboard_control/install/px4_ros_com/share/px4_ros_com/environment/library_path.dsv
[91.329s] -- Up-to-date: /home/pyro/ws_offboard_control/install/px4_ros_com/include/px4_ros_com
[91.329s] -- Up-to-date: /home/pyro/ws_offboard_control/install/px4_ros_com/include/px4_ros_com/frame_transforms.h
[91.333s] -- Up-to-date: /home/pyro/ws_offboard_control/install/px4_ros_com/lib/libframe_transforms.so
[91.333s] -- Up-to-date: /home/pyro/ws_offboard_control/install/px4_ros_com/share/px4_ros_com//launch
[91.334s] -- Up-to-date: /home/pyro/ws_offboard_control/install/px4_ros_com/share/px4_ros_com//launch/sensor_combined_listener.launch.py
[91.334s] -- Up-to-date: /home/pyro/ws_offboard_control/install/px4_ros_com/share/px4_ros_com//launch/offboard_control_launch.yaml
[91.335s] -- Up-to-date: /home/pyro/ws_offboard_control/install/px4_ros_com/share/px4_ros_com//test
[91.335s] -- Up-to-date: /home/pyro/ws_offboard_control/install/px4_ros_com/share/px4_ros_com//test/test_output.py
[91.335s] -- Up-to-date: /home/pyro/ws_offboard_control/install/px4_ros_com/share/px4_ros_com//test/pipeline_io_test.py
[91.335s] -- Up-to-date: /home/pyro/ws_offboard_control/install/px4_ros_com/share/px4_ros_com//test/test_input.py
[91.335s] -- Up-to-date: /home/pyro/ws_offboard_control/install/px4_ros_com/share/px4_ros_com//test/__init__.py
[91.336s] -- Up-to-date: /home/pyro/ws_offboard_control/install/px4_ros_com/share/px4_ros_com/environment/pythonpath.sh
[91.337s] -- Installing: /home/pyro/ws_offboard_control/install/px4_ros_com/share/px4_ros_com/environment/pythonpath.dsv
[91.338s] -- Up-to-date: /home/pyro/ws_offboard_control/install/px4_ros_com/local/lib/python3.10/dist-packages/px4_ros_com-0.1.0-py3.10.egg-info
[91.339s] -- Installing: /home/pyro/ws_offboard_control/install/px4_ros_com/local/lib/python3.10/dist-packages/px4_ros_com-0.1.0-py3.10.egg-info/dependency_links.txt
[91.339s] -- Installing: /home/pyro/ws_offboard_control/install/px4_ros_com/local/lib/python3.10/dist-packages/px4_ros_com-0.1.0-py3.10.egg-info/SOURCES.txt
[91.340s] -- Installing: /home/pyro/ws_offboard_control/install/px4_ros_com/local/lib/python3.10/dist-packages/px4_ros_com-0.1.0-py3.10.egg-info/PKG-INFO
[91.341s] -- Installing: /home/pyro/ws_offboard_control/install/px4_ros_com/local/lib/python3.10/dist-packages/px4_ros_com-0.1.0-py3.10.egg-info/top_level.txt
[91.342s] -- Up-to-date: /home/pyro/ws_offboard_control/install/px4_ros_com/local/lib/python3.10/dist-packages/px4_ros_com
[91.342s] -- Up-to-date: /home/pyro/ws_offboard_control/install/px4_ros_com/local/lib/python3.10/dist-packages/px4_ros_com/__init__.py
[91.342s] -- Up-to-date: /home/pyro/ws_offboard_control/install/px4_ros_com/local/lib/python3.10/dist-packages/px4_ros_com/module_to_import.py
[91.422s] Listing '/home/pyro/ws_offboard_control/install/px4_ros_com/local/lib/python3.10/dist-packages/px4_ros_com'...
[91.432s] -- Up-to-date: /home/pyro/ws_offboard_control/install/px4_ros_com/lib/px4_ros_com/offboard_control.py
[91.435s] -- Up-to-date: /home/pyro/ws_offboard_control/install/px4_ros_com/share/ament_index/resource_index/package_run_dependencies/px4_ros_com
[91.436s] -- Installing: /home/pyro/ws_offboard_control/install/px4_ros_com/share/ament_index/resource_index/parent_prefix_path/px4_ros_com
[91.437s] -- Up-to-date: /home/pyro/ws_offboard_control/install/px4_ros_com/share/px4_ros_com/environment/ament_prefix_path.sh
[91.438s] -- Installing: /home/pyro/ws_offboard_control/install/px4_ros_com/share/px4_ros_com/environment/ament_prefix_path.dsv
[91.439s] -- Up-to-date: /home/pyro/ws_offboard_control/install/px4_ros_com/share/px4_ros_com/environment/path.sh
[91.439s] -- Installing: /home/pyro/ws_offboard_control/install/px4_ros_com/share/px4_ros_com/environment/path.dsv
[91.439s] -- Up-to-date: /home/pyro/ws_offboard_control/install/px4_ros_com/share/px4_ros_com/local_setup.bash
[91.440s] -- Up-to-date: /home/pyro/ws_offboard_control/install/px4_ros_com/share/px4_ros_com/local_setup.sh
[91.440s] -- Up-to-date: /home/pyro/ws_offboard_control/install/px4_ros_com/share/px4_ros_com/local_setup.zsh
[91.440s] -- Installing: /home/pyro/ws_offboard_control/install/px4_ros_com/share/px4_ros_com/local_setup.dsv
[91.440s] -- Installing: /home/pyro/ws_offboard_control/install/px4_ros_com/share/px4_ros_com/package.dsv
[91.442s] -- Up-to-date: /home/pyro/ws_offboard_control/install/px4_ros_com/share/ament_index/resource_index/packages/px4_ros_com
[91.444s] -- Up-to-date: /home/pyro/ws_offboard_control/install/px4_ros_com/share/px4_ros_com/cmake/export_frame_transformsExport.cmake
[91.444s] -- Up-to-date: /home/pyro/ws_offboard_control/install/px4_ros_com/share/px4_ros_com/cmake/export_frame_transformsExport-noconfig.cmake
[91.444s] -- Up-to-date: /home/pyro/ws_offboard_control/install/px4_ros_com/share/px4_ros_com/cmake/ament_cmake_export_dependencies-extras.cmake
[91.445s] -- Up-to-date: /home/pyro/ws_offboard_control/install/px4_ros_com/share/px4_ros_com/cmake/ament_cmake_export_targets-extras.cmake
[91.445s] -- Up-to-date: /home/pyro/ws_offboard_control/install/px4_ros_com/share/px4_ros_com/cmake/ament_cmake_export_include_directories-extras.cmake
[91.446s] -- Up-to-date: /home/pyro/ws_offboard_control/install/px4_ros_com/share/px4_ros_com/cmake/ament_cmake_export_libraries-extras.cmake
[91.446s] -- Up-to-date: /home/pyro/ws_offboard_control/install/px4_ros_com/share/px4_ros_com/cmake/px4_ros_comConfig.cmake
[91.447s] -- Up-to-date: /home/pyro/ws_offboard_control/install/px4_ros_com/share/px4_ros_com/cmake/px4_ros_comConfig-version.cmake
[91.447s] -- Up-to-date: /home/pyro/ws_offboard_control/install/px4_ros_com/share/px4_ros_com/package.xml
[91.456s] Invoked command in '/home/pyro/ws_offboard_control/build/px4_ros_com' returned '0': AMENT_PREFIX_PATH=/home/pyro/ws_offboard_control/install/px4_msgs:${AMENT_PREFIX_PATH} CMAKE_PREFIX_PATH=/home/pyro/ws_offboard_control/install/px4_msgs:/opt/ros/humble LD_LIBRARY_PATH=/home/pyro/ws_offboard_control/install/px4_msgs/lib:${LD_LIBRARY_PATH} PYTHONPATH=/home/pyro/ws_offboard_control/install/px4_msgs/local/lib/python3.10/dist-packages:${PYTHONPATH} /usr/bin/cmake --install /home/pyro/ws_offboard_control/build/px4_ros_com
