[0.343s] Invoking command in '/home/pyro/ws_offboard_control/build/px4_ros_com': CMAKE_PREFIX_PATH=/home/pyro/ws_offboard_control/install/px4_msgs:/home/pyro/ws_offboard_control/install/px4_ros_com:/opt/ros/humble LD_LIBRARY_PATH=/home/pyro/ws_offboard_control/install/px4_msgs/lib:/home/pyro/ws_offboard_control/install/px4_ros_com/lib:/opt/ros/humble/opt/rviz_ogre_vendor/lib:/opt/ros/humble/lib/x86_64-linux-gnu:/opt/ros/humble/lib /usr/bin/cmake --build /home/pyro/ws_offboard_control/build/px4_ros_com -- -j16 -l16
[0.568s] [35m[1mConsolidate compiler generated dependencies of target offboard_control_spin_tt[0m
[0.634s] [ 10%] Built target offboard_control
[0.642s] [ 20%] Built target offboard_control_srv
[0.649s] [ 30%] Built target sensor_combined_listener
[0.649s] [ 40%] Built target debug_vect_advertiser
[0.661s] [ 50%] Built target frame_transforms
[0.675s] [ 60%] Built target offboard_control_tilt_axis
[0.696s] [ 75%] Built target vehicle_gps_position_listener
[0.696s] [ 75%] [32mBuilding CXX object CMakeFiles/offboard_control_spin_tt.dir/src/examples/offboard/offboard_control_spin_tt.cpp.o[0m
[0.712s] [ 85%] Built target offboard_control_thrust_torque
[0.718s] [ 85%] Built target ament_cmake_python_copy_px4_ros_com
[0.728s] [ 95%] Built target offboard_control_spin_lsq
[1.598s] running egg_info
[1.683s] writing px4_ros_com.egg-info/PKG-INFO
[1.687s] writing dependency_links to px4_ros_com.egg-info/dependency_links.txt
[1.691s] writing top-level names to px4_ros_com.egg-info/top_level.txt
[1.956s] reading manifest file 'px4_ros_com.egg-info/SOURCES.txt'
[1.959s] writing manifest file 'px4_ros_com.egg-info/SOURCES.txt'
[2.106s] [ 95%] Built target ament_cmake_python_build_px4_ros_com_egg
[13.261s] [01m[K/home/pyro/ws_offboard_control/src/px4_ros_com/src/examples/offboard/offboard_control_spin_tt.cpp:[m[K In member function ‘[01m[Kvoid OffboardControl::controller_outerloop(double)[m[K’:
[13.261s] [01m[K/home/pyro/ws_offboard_control/src/px4_ros_com/src/examples/offboard/offboard_control_spin_tt.cpp:917:15:[m[K [01;31m[Kerror: [m[Kexpected primary-expression before ‘[01m[K;[m[K’ token
[13.261s]   917 |     a_des_z = [01;31m[K;[m[K
[13.261s]       |               [01;31m[K^[m[K
[13.277s] [01m[K/home/pyro/ws_offboard_control/src/px4_ros_com/src/examples/offboard/offboard_control_spin_tt.cpp:920:5:[m[K [01;31m[Kerror: [m[K‘[01m[Ka_des_world[m[K’ was not declared in this scope; did you mean ‘[01m[Ka_des_world_xy[m[K’?
[13.278s]   920 |     [01;31m[Ka_des_world[m[K = Eigen::Vector3d(a_des_world_xy(0), a_des_world_xy(1), a_des_z);
[13.278s]       |     [01;31m[K^~~~~~~~~~~[m[K
[13.278s]       |     [32m[Ka_des_world_xy[m[K
[17.952s] In file included from [01m[K/usr/include/eigen3/Eigen/Core:164[m[K,
[17.952s]                  from [01m[K/usr/include/eigen3/Eigen/Dense:1[m[K,
[17.953s]                  from [01m[K/home/pyro/ws_offboard_control/src/px4_ros_com/src/examples/offboard/offboard_control_spin_tt.cpp:61[m[K:
[17.956s] /usr/include/eigen3/Eigen/src/Core/AssignEvaluator.h: In instantiation of ‘[01m[Kvoid Eigen::internal::call_assignment_no_alias(Dst&, const Src&, const Func&) [with Dst = Eigen::Matrix<double, 2, 1>; Src = Eigen::Matrix<double, 3, 1>; Func = Eigen::internal::assign_op<double, double>][m[K’:
[17.956s] [01m[K/usr/include/eigen3/Eigen/src/Core/AssignEvaluator.h:858:27:[m[K   required from ‘[01m[Kvoid Eigen::internal::call_assignment(Dst&, const Src&, const Func&, typename Eigen::internal::enable_if<(! Eigen::internal::evaluator_assume_aliasing<Src>::value), void*>::type) [with Dst = Eigen::Matrix<double, 2, 1>; Src = Eigen::Matrix<double, 3, 1>; Func = Eigen::internal::assign_op<double, double>; typename Eigen::internal::enable_if<(! Eigen::internal::evaluator_assume_aliasing<Src>::value), void*>::type = void*; typename Eigen::internal::evaluator_traits<SrcXprType>::Shape = Eigen::DenseShape][m[K’
[17.956s] [01m[K/usr/include/eigen3/Eigen/src/Core/AssignEvaluator.h:836:18:[m[K   required from ‘[01m[Kvoid Eigen::internal::call_assignment(Dst&, const Src&) [with Dst = Eigen::Matrix<double, 2, 1>; Src = Eigen::Matrix<double, 3, 1>][m[K’
[17.957s] [01m[K/usr/include/eigen3/Eigen/src/Core/PlainObjectBase.h:779:32:[m[K   required from ‘[01m[KDerived& Eigen::PlainObjectBase<Derived>::_set(const Eigen::DenseBase<OtherDerived>&) [with OtherDerived = Eigen::Matrix<double, 3, 1>; Derived = Eigen::Matrix<double, 2, 1>][m[K’
[17.957s] [01m[K/usr/include/eigen3/Eigen/src/Core/Matrix.h:225:24:[m[K   required from ‘[01m[KEigen::Matrix<_Scalar, _Rows, _Cols, _Options, _MaxRows, _MaxCols>& Eigen::Matrix<_Scalar, _Rows, _Cols, _Options, _MaxRows, _MaxCols>::operator=(const Eigen::DenseBase<OtherDerived>&) [with OtherDerived = Eigen::Matrix<double, 3, 1>; _Scalar = double; int _Rows = 2; int _Cols = 1; int _Options = 0; int _MaxRows = 2; int _MaxCols = 1][m[K’
[17.957s] [01m[K/home/pyro/ws_offboard_control/src/px4_ros_com/src/examples/offboard/offboard_control_spin_tt.cpp:930:22:[m[K   required from here
[17.957s] [01m[K/usr/include/eigen3/Eigen/src/Core/util/StaticAssert.h:177:5:[m[K [01;31m[Kerror: [m[Kstatic assertion failed: YOU_MIXED_MATRICES_OF_DIFFERENT_SIZES
[17.957s]   175 |      [01;31m[K( \[m[K
[17.957s]       |      [01;31m[K~~~[m[K
[17.958s]   176 | [01;31m[K        (int(Eigen::internal::size_of_xpr_at_compile_time<TYPE0>::ret)==0 && int(Eigen::internal::size_of_xpr_at_compile_time<TYPE1>::ret)==0) \[m[K
[17.958s]       |         [01;31m[K~~~~~~~~~~~~~~~~~~~~~~~~~~~~~~~~~~~~~~~~~~~~~~~~~~~~~~~~~~~~~~~~~~~~~~~~~~~~~~~~~~~~~~~~~~~~~~~~~~~~~~~~~~~~~~~~~~~~~~~~~~~~~~~~~~~~~~~~[m[K
[17.958s]   177 | [01;31m[K    || (\[m[K
[17.958s]       |     [01;31m[K^~~~~[m[K
[17.958s]   178 | [01;31m[K          (int(TYPE0::RowsAtCompileTime)==Eigen::Dynamic \[m[K
[17.958s]       |           [01;31m[K~~~~~~~~~~~~~~~~~~~~~~~~~~~~~~~~~~~~~~~~~~~~~~~~[m[K
[17.958s]   179 | [01;31m[K        || int(TYPE1::RowsAtCompileTime)==Eigen::Dynamic \[m[K
[17.958s]       |         [01;31m[K~~~~~~~~~~~~~~~~~~~~~~~~~~~~~~~~~~~~~~~~~~~~~~~~~~[m[K
[17.958s]   180 | [01;31m[K        || int(TYPE0::RowsAtCompileTime)==int(TYPE1::RowsAtCompileTime)) \[m[K
[17.959s]       |         [01;31m[K~~~~~~~~~~~~~~~~~~~~~~~~~~~~~~~~~~~~~~~~~~~~~~~~~~~~~~~~~~~~~~~~~~[m[K
[17.959s]   181 | [01;31m[K      &&  (int(TYPE0::ColsAtCompileTime)==Eigen::Dynamic \[m[K
[17.959s]       |       [01;31m[K~~~~~~~~~~~~~~~~~~~~~~~~~~~~~~~~~~~~~~~~~~~~~~~~~~~~[m[K
[17.959s]   182 | [01;31m[K        || int(TYPE1::ColsAtCompileTime)==Eigen::Dynamic \[m[K
[17.959s]       |         [01;31m[K~~~~~~~~~~~~~~~~~~~~~~~~~~~~~~~~~~~~~~~~~~~~~~~~~~[m[K
[17.959s]   183 | [01;31m[K        || int(TYPE0::ColsAtCompileTime)==int(TYPE1::ColsAtCompileTime))\[m[K
[17.960s]       |         [01;31m[K~~~~~~~~~~~~~~~~~~~~~~~~~~~~~~~~~~~~~~~~~~~~~~~~~~~~~~~~~~~~~~~~~[m[K
[17.960s]   184 | [01;31m[K       ) \[m[K
[17.960s]       |        [01;31m[K~~~[m[K
[17.960s]   185 | [01;31m[K     )[m[K
[17.960s]       |      [01;31m[K~[m[K
[17.961s] [01m[K/usr/include/eigen3/Eigen/src/Core/util/StaticAssert.h:33:54:[m[K [01;36m[Knote: [m[Kin definition of macro ‘[01m[KEIGEN_STATIC_ASSERT[m[K’
[17.962s]    33 |     #define EIGEN_STATIC_ASSERT(X,MSG) static_assert([01;36m[KX[m[K,#MSG);
[17.962s]       |                                                      [01;36m[K^[m[K
[17.962s] [01m[K/usr/include/eigen3/Eigen/src/Core/util/StaticAssert.h:194:6:[m[K [01;36m[Knote: [m[Kin expansion of macro ‘[01m[KEIGEN_PREDICATE_SAME_MATRIX_SIZE[m[K’
[17.962s]   194 |      [01;36m[KEIGEN_PREDICATE_SAME_MATRIX_SIZE[m[K(TYPE0,TYPE1),\
[17.962s]       |      [01;36m[K^~~~~~~~~~~~~~~~~~~~~~~~~~~~~~~~[m[K
[17.962s] [01m[K/usr/include/eigen3/Eigen/src/Core/AssignEvaluator.h:887:3:[m[K [01;36m[Knote: [m[Kin expansion of macro ‘[01m[KEIGEN_STATIC_ASSERT_SAME_MATRIX_SIZE[m[K’
[17.963s]   887 |   [01;36m[KEIGEN_STATIC_ASSERT_SAME_MATRIX_SIZE[m[K(ActualDstTypeCleaned,Src)
[17.963s]       |   [01;36m[K^~~~~~~~~~~~~~~~~~~~~~~~~~~~~~~~~~~~[m[K
[17.963s] [01m[K/usr/include/eigen3/Eigen/src/Core/util/StaticAssert.h:177:5:[m[K [01;36m[Knote: [m[K‘[01m[K(((((int)Eigen::internal::size_of_xpr_at_compile_time<Eigen::Matrix<double, 2, 1> >::ret) == 0) && (((int)Eigen::internal::size_of_xpr_at_compile_time<Eigen::Matrix<double, 3, 1> >::ret) == 0)) || ((((((int)Eigen::Matrix<double, 2, 1>::RowsAtCompileTime) == ((int)Eigen::Dynamic)) || (((int)Eigen::Matrix<double, 3, 1>::RowsAtCompileTime) == ((int)Eigen::Dynamic))) || (((int)Eigen::Matrix<double, 2, 1>::RowsAtCompileTime) == ((int)Eigen::Matrix<double, 3, 1>::RowsAtCompileTime))) && (((((int)Eigen::Matrix<double, 2, 1>::ColsAtCompileTime) == ((int)Eigen::Dynamic)) || (((int)Eigen::Matrix<double, 3, 1>::ColsAtCompileTime) == ((int)Eigen::Dynamic))) || (((int)Eigen::Matrix<double, 2, 1>::ColsAtCompileTime) == ((int)Eigen::Matrix<double, 3, 1>::ColsAtCompileTime)))))[m[K’ evaluates to false
[17.963s]   175 |      [01;36m[K( \[m[K
[17.963s]       |      [01;36m[K~~~[m[K
[17.963s]   176 | [01;36m[K        (int(Eigen::internal::size_of_xpr_at_compile_time<TYPE0>::ret)==0 && int(Eigen::internal::size_of_xpr_at_compile_time<TYPE1>::ret)==0) \[m[K
[17.964s]       |         [01;36m[K~~~~~~~~~~~~~~~~~~~~~~~~~~~~~~~~~~~~~~~~~~~~~~~~~~~~~~~~~~~~~~~~~~~~~~~~~~~~~~~~~~~~~~~~~~~~~~~~~~~~~~~~~~~~~~~~~~~~~~~~~~~~~~~~~~~~~~~~[m[K
[17.964s]   177 | [01;36m[K    || (\[m[K
[17.965s]       |     [01;36m[K^~~~~[m[K
[17.965s]   178 | [01;36m[K          (int(TYPE0::RowsAtCompileTime)==Eigen::Dynamic \[m[K
[17.965s]       |           [01;36m[K~~~~~~~~~~~~~~~~~~~~~~~~~~~~~~~~~~~~~~~~~~~~~~~~[m[K
[17.966s]   179 | [01;36m[K        || int(TYPE1::RowsAtCompileTime)==Eigen::Dynamic \[m[K
[17.966s]       |         [01;36m[K~~~~~~~~~~~~~~~~~~~~~~~~~~~~~~~~~~~~~~~~~~~~~~~~~~[m[K
[17.967s]   180 | [01;36m[K        || int(TYPE0::RowsAtCompileTime)==int(TYPE1::RowsAtCompileTime)) \[m[K
[17.967s]       |         [01;36m[K~~~~~~~~~~~~~~~~~~~~~~~~~~~~~~~~~~~~~~~~~~~~~~~~~~~~~~~~~~~~~~~~~~[m[K
[17.968s]   181 | [01;36m[K      &&  (int(TYPE0::ColsAtCompileTime)==Eigen::Dynamic \[m[K
[17.968s]       |       [01;36m[K~~~~~~~~~~~~~~~~~~~~~~~~~~~~~~~~~~~~~~~~~~~~~~~~~~~~[m[K
[17.969s]   182 | [01;36m[K        || int(TYPE1::ColsAtCompileTime)==Eigen::Dynamic \[m[K
[17.969s]       |         [01;36m[K~~~~~~~~~~~~~~~~~~~~~~~~~~~~~~~~~~~~~~~~~~~~~~~~~~[m[K
[17.969s]   183 | [01;36m[K        || int(TYPE0::ColsAtCompileTime)==int(TYPE1::ColsAtCompileTime))\[m[K
[17.969s]       |         [01;36m[K~~~~~~~~~~~~~~~~~~~~~~~~~~~~~~~~~~~~~~~~~~~~~~~~~~~~~~~~~~~~~~~~~[m[K
[17.969s]   184 | [01;36m[K       ) \[m[K
[17.970s]       |        [01;36m[K~~~[m[K
[17.970s]   185 | [01;36m[K     )[m[K
[17.970s]       |      [01;36m[K~[m[K
[17.970s] [01m[K/usr/include/eigen3/Eigen/src/Core/util/StaticAssert.h:33:54:[m[K [01;36m[Knote: [m[Kin definition of macro ‘[01m[KEIGEN_STATIC_ASSERT[m[K’
[17.970s]    33 |     #define EIGEN_STATIC_ASSERT(X,MSG) static_assert([01;36m[KX[m[K,#MSG);
[17.970s]       |                                                      [01;36m[K^[m[K
[17.970s] [01m[K/usr/include/eigen3/Eigen/src/Core/util/StaticAssert.h:194:6:[m[K [01;36m[Knote: [m[Kin expansion of macro ‘[01m[KEIGEN_PREDICATE_SAME_MATRIX_SIZE[m[K’
[17.970s]   194 |      [01;36m[KEIGEN_PREDICATE_SAME_MATRIX_SIZE[m[K(TYPE0,TYPE1),\
[17.970s]       |      [01;36m[K^~~~~~~~~~~~~~~~~~~~~~~~~~~~~~~~[m[K
[17.970s] [01m[K/usr/include/eigen3/Eigen/src/Core/AssignEvaluator.h:887:3:[m[K [01;36m[Knote: [m[Kin expansion of macro ‘[01m[KEIGEN_STATIC_ASSERT_SAME_MATRIX_SIZE[m[K’
[17.971s]   887 |   [01;36m[KEIGEN_STATIC_ASSERT_SAME_MATRIX_SIZE[m[K(ActualDstTypeCleaned,Src)
[17.971s]       |   [01;36m[K^~~~~~~~~~~~~~~~~~~~~~~~~~~~~~~~~~~~[m[K
[40.609s] gmake[2]: *** [CMakeFiles/offboard_control_spin_tt.dir/build.make:76: CMakeFiles/offboard_control_spin_tt.dir/src/examples/offboard/offboard_control_spin_tt.cpp.o] Error 1
[40.610s] gmake[1]: *** [CMakeFiles/Makefile2:340: CMakeFiles/offboard_control_spin_tt.dir/all] Error 2
[40.610s] gmake: *** [Makefile:146: all] Error 2
[40.620s] Invoked command in '/home/pyro/ws_offboard_control/build/px4_ros_com' returned '2': CMAKE_PREFIX_PATH=/home/pyro/ws_offboard_control/install/px4_msgs:/home/pyro/ws_offboard_control/install/px4_ros_com:/opt/ros/humble LD_LIBRARY_PATH=/home/pyro/ws_offboard_control/install/px4_msgs/lib:/home/pyro/ws_offboard_control/install/px4_ros_com/lib:/opt/ros/humble/opt/rviz_ogre_vendor/lib:/opt/ros/humble/lib/x86_64-linux-gnu:/opt/ros/humble/lib /usr/bin/cmake --build /home/pyro/ws_offboard_control/build/px4_ros_com -- -j16 -l16
