[35m[1mConsolidate compiler generated dependencies of target offboard_control_tilt_axis[0m
[  0%] Built target ament_cmake_python_copy_px4_ros_com
[ 11%] Built target frame_transforms
[ 16%] [32mBuilding CXX object CMakeFiles/offboard_control_spin_tt.dir/src/examples/offboard/offboard_control_spin_tt.cpp.o[0m
[ 33%] Built target offboard_control_srv
[ 33%] [32mBuilding CXX object CMakeFiles/offboard_control_thrust_torque.dir/src/examples/offboard/offboard_control_thrust_torque.cpp.o[0m
[ 38%] [32mBuilding CXX object CMakeFiles/offboard_control.dir/src/examples/offboard/offboard_control.cpp.o[0m
[ 55%] [32mBuilding CXX object CMakeFiles/offboard_control_tilt_axis.dir/src/examples/offboard/offboard_control_tilt_axis.cpp.o[0m
[ 55%] Built target sensor_combined_listener
[ 72%] Built target vehicle_gps_position_listener
[ 77%] Built target debug_vect_advertiser
running egg_info
writing px4_ros_com.egg-info/PKG-INFO
writing dependency_links to px4_ros_com.egg-info/dependency_links.txt
writing top-level names to px4_ros_com.egg-info/top_level.txt
reading manifest file 'px4_ros_com.egg-info/SOURCES.txt'
writing manifest file 'px4_ros_com.egg-info/SOURCES.txt'
[ 77%] Built target ament_cmake_python_build_px4_ros_com_egg
gmake[2]: *** [CMakeFiles/offboard_control_thrust_torque.dir/build.make:76: CMakeFiles/offboard_control_thrust_torque.dir/src/examples/offboard/offboard_control_thrust_torque.cpp.o] Interrupt
gmake[2]: *** [CMakeFiles/offboard_control.dir/build.make:76: CMakeFiles/offboard_control.dir/src/examples/offboard/offboard_control.cpp.o] Interrupt
gmake[2]: *** [CMakeFiles/offboard_control_tilt_axis.dir/build.make:76: CMakeFiles/offboard_control_tilt_axis.dir/src/examples/offboard/offboard_control_tilt_axis.cpp.o] Interrupt
gmake[2]: *** [CMakeFiles/offboard_control_spin_tt.dir/build.make:76: CMakeFiles/offboard_control_spin_tt.dir/src/examples/offboard/offboard_control_spin_tt.cpp.o] Interrupt
gmake[1]: *** [CMakeFiles/Makefile2:364: CMakeFiles/offboard_control_tilt_axis.dir/all] Interrupt
gmake[1]: *** [CMakeFiles/Makefile2:260: CMakeFiles/offboard_control.dir/all] Interrupt
gmake[1]: *** [CMakeFiles/Makefile2:338: CMakeFiles/offboard_control_spin_tt.dir/all] Interrupt
gmake[1]: *** [CMakeFiles/Makefile2:312: CMakeFiles/offboard_control_thrust_torque.dir/all] Interrupt
gmake: *** [Makefile:146: all] Interrupt
