[0.260s] Invoking command in '/home/pyro/ws_offboard_control/build/px4_ros_com': CMAKE_PREFIX_PATH=/home/pyro/ws_offboard_control/install/px4_msgs:/home/pyro/ws_offboard_control/install/px4_ros_com:/opt/ros/humble LD_LIBRARY_PATH=/home/pyro/ws_offboard_control/install/px4_msgs/lib:/home/pyro/ws_offboard_control/install/px4_ros_com/lib:/opt/ros/humble/opt/rviz_ogre_vendor/lib:/opt/ros/humble/lib/x86_64-linux-gnu:/opt/ros/humble/lib /usr/bin/cmake --build /home/pyro/ws_offboard_control/build/px4_ros_com -- -j16 -l16
[0.611s] [35m[1mConsolidate compiler generated dependencies of target offboard_control_tilt_axis[0m
[0.643s] [  0%] Built target ament_cmake_python_copy_px4_ros_com
[0.655s] [ 11%] Built target frame_transforms
[0.723s] [ 16%] [32mBuilding CXX object CMakeFiles/offboard_control_spin_tt.dir/src/examples/offboard/offboard_control_spin_tt.cpp.o[0m
[0.726s] [ 33%] Built target offboard_control_srv
[0.726s] [ 33%] [32mBuilding CXX object CMakeFiles/offboard_control_thrust_torque.dir/src/examples/offboard/offboard_control_thrust_torque.cpp.o[0m
[0.727s] [ 38%] [32mBuilding CXX object CMakeFiles/offboard_control.dir/src/examples/offboard/offboard_control.cpp.o[0m
[0.730s] [ 55%] [32mBuilding CXX object CMakeFiles/offboard_control_tilt_axis.dir/src/examples/offboard/offboard_control_tilt_axis.cpp.o[0m
[0.730s] [ 55%] Built target sensor_combined_listener
[0.735s] [ 72%] Built target vehicle_gps_position_listener
[0.736s] [ 77%] Built target debug_vect_advertiser
[1.205s] running egg_info
[1.242s] writing px4_ros_com.egg-info/PKG-INFO
[1.243s] writing dependency_links to px4_ros_com.egg-info/dependency_links.txt
[1.247s] writing top-level names to px4_ros_com.egg-info/top_level.txt
[1.351s] reading manifest file 'px4_ros_com.egg-info/SOURCES.txt'
[1.355s] writing manifest file 'px4_ros_com.egg-info/SOURCES.txt'
[1.425s] [ 77%] Built target ament_cmake_python_build_px4_ros_com_egg
[227.682s] gmake[2]: *** [CMakeFiles/offboard_control_thrust_torque.dir/build.make:76: CMakeFiles/offboard_control_thrust_torque.dir/src/examples/offboard/offboard_control_thrust_torque.cpp.o] Interrupt
[227.688s] gmake[2]: *** [CMakeFiles/offboard_control.dir/build.make:76: CMakeFiles/offboard_control.dir/src/examples/offboard/offboard_control.cpp.o] Interrupt
[227.691s] gmake[2]: *** [CMakeFiles/offboard_control_tilt_axis.dir/build.make:76: CMakeFiles/offboard_control_tilt_axis.dir/src/examples/offboard/offboard_control_tilt_axis.cpp.o] Interrupt
[227.691s] gmake[2]: *** [CMakeFiles/offboard_control_spin_tt.dir/build.make:76: CMakeFiles/offboard_control_spin_tt.dir/src/examples/offboard/offboard_control_spin_tt.cpp.o] Interrupt
[227.692s] gmake[1]: *** [CMakeFiles/Makefile2:364: CMakeFiles/offboard_control_tilt_axis.dir/all] Interrupt
[227.692s] gmake[1]: *** [CMakeFiles/Makefile2:260: CMakeFiles/offboard_control.dir/all] Interrupt
[227.692s] gmake[1]: *** [CMakeFiles/Makefile2:338: CMakeFiles/offboard_control_spin_tt.dir/all] Interrupt
[227.692s] gmake[1]: *** [CMakeFiles/Makefile2:312: CMakeFiles/offboard_control_thrust_torque.dir/all] Interrupt
[227.692s] gmake: *** [Makefile:146: all] Interrupt
