[1.254s] DEBUG:colcon:Command line arguments: ['/usr/bin/colcon', 'build', '--packages-select', 'px4_ros_com']
[1.255s] DEBUG:colcon:Parsed command line arguments: Namespace(log_base=None, log_level=None, verb_name='build', build_base='build', install_base='install', merge_install=False, symlink_install=False, test_result_base=None, continue_on_error=False, executor='parallel', parallel_workers=16, event_handlers=None, ignore_user_meta=False, metas=['./colcon.meta'], base_paths=['.'], packages_ignore=None, packages_ignore_regex=None, paths=None, packages_up_to=None, packages_up_to_regex=None, packages_above=None, packages_above_and_dependencies=None, packages_above_depth=None, packages_select_by_dep=None, packages_skip_by_dep=None, packages_skip_up_to=None, packages_select_build_failed=False, packages_skip_build_finished=False, packages_select_test_failures=False, packages_skip_test_passed=False, packages_select=['px4_ros_com'], packages_skip=None, packages_select_regex=None, packages_skip_regex=None, packages_start=None, packages_end=None, allow_overriding=[], cmake_args=None, cmake_target=None, cmake_target_skip_unavailable=False, cmake_clean_cache=False, cmake_clean_first=False, cmake_force_configure=False, ament_cmake_args=None, catkin_cmake_args=None, catkin_skip_building_tests=False, mixin_files=None, mixin=None, verb_parser=<colcon_mixin.mixin.mixin_argument.MixinArgumentDecorator object at 0x7fc9b044f5b0>, verb_extension=<colcon_core.verb.build.BuildVerb object at 0x7fc9b044f040>, main=<bound method BuildVerb.main of <colcon_core.verb.build.BuildVerb object at 0x7fc9b044f040>>, mixin_verb=('build',))
[1.560s] Level 1:colcon.colcon_core.package_discovery:discover_packages(colcon_meta) check parameters
[1.562s] Level 1:colcon.colcon_core.package_discovery:discover_packages(recursive) check parameters
[1.563s] Level 1:colcon.colcon_core.package_discovery:discover_packages(ignore) check parameters
[1.563s] Level 1:colcon.colcon_core.package_discovery:discover_packages(path) check parameters
[1.563s] Level 1:colcon.colcon_core.package_discovery:discover_packages(colcon_meta) discover
[1.564s] Level 1:colcon.colcon_core.package_discovery:discover_packages(recursive) discover
[1.564s] INFO:colcon.colcon_core.package_discovery:Crawling recursively for packages in '/home/pyro/ws_offboard_control'
[1.565s] Level 1:colcon.colcon_core.package_identification:_identify(.) by extensions ['ignore', 'ignore_ament_install']
[1.566s] Level 1:colcon.colcon_core.package_identification:_identify(.) by extension 'ignore'
[1.566s] Level 1:colcon.colcon_core.package_identification:_identify(.) by extension 'ignore_ament_install'
[1.566s] Level 1:colcon.colcon_core.package_identification:_identify(.) by extensions ['colcon_pkg']
[1.567s] Level 1:colcon.colcon_core.package_identification:_identify(.) by extension 'colcon_pkg'
[1.567s] Level 1:colcon.colcon_core.package_identification:_identify(.) by extensions ['colcon_meta']
[1.567s] Level 1:colcon.colcon_core.package_identification:_identify(.) by extension 'colcon_meta'
[1.567s] Level 1:colcon.colcon_core.package_identification:_identify(.) by extensions ['ros']
[1.567s] Level 1:colcon.colcon_core.package_identification:_identify(.) by extension 'ros'
[1.664s] Level 1:colcon.colcon_core.package_identification:_identify(.) by extensions ['cmake', 'python']
[1.664s] Level 1:colcon.colcon_core.package_identification:_identify(.) by extension 'cmake'
[1.664s] Level 1:colcon.colcon_core.package_identification:_identify(.) by extension 'python'
[1.664s] Level 1:colcon.colcon_core.package_identification:_identify(.) by extensions ['python_setup_py']
[1.664s] Level 1:colcon.colcon_core.package_identification:_identify(.) by extension 'python_setup_py'
[1.665s] Level 1:colcon.colcon_core.package_identification:_identify(build) by extensions ['ignore', 'ignore_ament_install']
[1.665s] Level 1:colcon.colcon_core.package_identification:_identify(build) by extension 'ignore'
[1.665s] Level 1:colcon.colcon_core.package_identification:_identify(build) ignored
[1.666s] Level 1:colcon.colcon_core.package_identification:_identify(install) by extensions ['ignore', 'ignore_ament_install']
[1.667s] Level 1:colcon.colcon_core.package_identification:_identify(install) by extension 'ignore'
[1.667s] Level 1:colcon.colcon_core.package_identification:_identify(install) ignored
[1.668s] Level 1:colcon.colcon_core.package_identification:_identify(log) by extensions ['ignore', 'ignore_ament_install']
[1.668s] Level 1:colcon.colcon_core.package_identification:_identify(log) by extension 'ignore'
[1.669s] Level 1:colcon.colcon_core.package_identification:_identify(log) ignored
[1.669s] Level 1:colcon.colcon_core.package_identification:_identify(src) by extensions ['ignore', 'ignore_ament_install']
[1.669s] Level 1:colcon.colcon_core.package_identification:_identify(src) by extension 'ignore'
[1.669s] Level 1:colcon.colcon_core.package_identification:_identify(src) by extension 'ignore_ament_install'
[1.669s] Level 1:colcon.colcon_core.package_identification:_identify(src) by extensions ['colcon_pkg']
[1.669s] Level 1:colcon.colcon_core.package_identification:_identify(src) by extension 'colcon_pkg'
[1.670s] Level 1:colcon.colcon_core.package_identification:_identify(src) by extensions ['colcon_meta']
[1.670s] Level 1:colcon.colcon_core.package_identification:_identify(src) by extension 'colcon_meta'
[1.670s] Level 1:colcon.colcon_core.package_identification:_identify(src) by extensions ['ros']
[1.670s] Level 1:colcon.colcon_core.package_identification:_identify(src) by extension 'ros'
[1.670s] Level 1:colcon.colcon_core.package_identification:_identify(src) by extensions ['cmake', 'python']
[1.670s] Level 1:colcon.colcon_core.package_identification:_identify(src) by extension 'cmake'
[1.670s] Level 1:colcon.colcon_core.package_identification:_identify(src) by extension 'python'
[1.671s] Level 1:colcon.colcon_core.package_identification:_identify(src) by extensions ['python_setup_py']
[1.671s] Level 1:colcon.colcon_core.package_identification:_identify(src) by extension 'python_setup_py'
[1.678s] Level 1:colcon.colcon_core.package_identification:_identify(src/px4_msgs) by extensions ['ignore', 'ignore_ament_install']
[1.678s] Level 1:colcon.colcon_core.package_identification:_identify(src/px4_msgs) by extension 'ignore'
[1.679s] Level 1:colcon.colcon_core.package_identification:_identify(src/px4_msgs) by extension 'ignore_ament_install'
[1.679s] Level 1:colcon.colcon_core.package_identification:_identify(src/px4_msgs) by extensions ['colcon_pkg']
[1.679s] Level 1:colcon.colcon_core.package_identification:_identify(src/px4_msgs) by extension 'colcon_pkg'
[1.679s] Level 1:colcon.colcon_core.package_identification:_identify(src/px4_msgs) by extensions ['colcon_meta']
[1.679s] Level 1:colcon.colcon_core.package_identification:_identify(src/px4_msgs) by extension 'colcon_meta'
[1.679s] Level 1:colcon.colcon_core.package_identification:_identify(src/px4_msgs) by extensions ['ros']
[1.680s] Level 1:colcon.colcon_core.package_identification:_identify(src/px4_msgs) by extension 'ros'
[1.711s] DEBUG:colcon.colcon_core.package_identification:Package 'src/px4_msgs' with type 'ros.ament_cmake' and name 'px4_msgs'
[1.711s] Level 1:colcon.colcon_core.package_identification:_identify(src/px4_ros_com) by extensions ['ignore', 'ignore_ament_install']
[1.712s] Level 1:colcon.colcon_core.package_identification:_identify(src/px4_ros_com) by extension 'ignore'
[1.712s] Level 1:colcon.colcon_core.package_identification:_identify(src/px4_ros_com) by extension 'ignore_ament_install'
[1.712s] Level 1:colcon.colcon_core.package_identification:_identify(src/px4_ros_com) by extensions ['colcon_pkg']
[1.712s] Level 1:colcon.colcon_core.package_identification:_identify(src/px4_ros_com) by extension 'colcon_pkg'
[1.712s] Level 1:colcon.colcon_core.package_identification:_identify(src/px4_ros_com) by extensions ['colcon_meta']
[1.713s] Level 1:colcon.colcon_core.package_identification:_identify(src/px4_ros_com) by extension 'colcon_meta'
[1.713s] Level 1:colcon.colcon_core.package_identification:_identify(src/px4_ros_com) by extensions ['ros']
[1.713s] Level 1:colcon.colcon_core.package_identification:_identify(src/px4_ros_com) by extension 'ros'
[1.726s] DEBUG:colcon.colcon_core.package_identification:Package 'src/px4_ros_com' with type 'ros.ament_cmake' and name 'px4_ros_com'
[1.727s] Level 1:colcon.colcon_core.package_discovery:discover_packages(recursive) using defaults
[1.727s] Level 1:colcon.colcon_core.package_discovery:discover_packages(ignore) discover
[1.727s] Level 1:colcon.colcon_core.package_discovery:discover_packages(ignore) using defaults
[1.727s] Level 1:colcon.colcon_core.package_discovery:discover_packages(path) discover
[1.727s] Level 1:colcon.colcon_core.package_discovery:discover_packages(path) using defaults
[1.851s] INFO:colcon.colcon_core.package_selection:Skipping not selected package 'px4_msgs' in 'src/px4_msgs'
[1.854s] Level 1:colcon.colcon_core.package_discovery:discover_packages(prefix_path) check parameters
[1.854s] Level 1:colcon.colcon_core.package_discovery:discover_packages(prefix_path) discover
[1.870s] DEBUG:colcon.colcon_installed_package_information.package_discovery:Found 2 installed packages in /home/pyro/ws_offboard_control/install
[1.879s] DEBUG:colcon.colcon_installed_package_information.package_discovery:Found 271 installed packages in /opt/ros/humble
[1.884s] Level 1:colcon.colcon_core.package_discovery:discover_packages(prefix_path) using defaults
[2.189s] Level 5:colcon.colcon_core.verb:set package 'px4_ros_com' build argument 'cmake_args' from command line to 'None'
[2.190s] Level 5:colcon.colcon_core.verb:set package 'px4_ros_com' build argument 'cmake_target' from command line to 'None'
[2.190s] Level 5:colcon.colcon_core.verb:set package 'px4_ros_com' build argument 'cmake_target_skip_unavailable' from command line to 'False'
[2.190s] Level 5:colcon.colcon_core.verb:set package 'px4_ros_com' build argument 'cmake_clean_cache' from command line to 'False'
[2.190s] Level 5:colcon.colcon_core.verb:set package 'px4_ros_com' build argument 'cmake_clean_first' from command line to 'False'
[2.190s] Level 5:colcon.colcon_core.verb:set package 'px4_ros_com' build argument 'cmake_force_configure' from command line to 'False'
[2.190s] Level 5:colcon.colcon_core.verb:set package 'px4_ros_com' build argument 'ament_cmake_args' from command line to 'None'
[2.190s] Level 5:colcon.colcon_core.verb:set package 'px4_ros_com' build argument 'catkin_cmake_args' from command line to 'None'
[2.190s] Level 5:colcon.colcon_core.verb:set package 'px4_ros_com' build argument 'catkin_skip_building_tests' from command line to 'False'
[2.190s] DEBUG:colcon.colcon_core.verb:Building package 'px4_ros_com' with the following arguments: {'ament_cmake_args': None, 'build_base': '/home/pyro/ws_offboard_control/build/px4_ros_com', 'catkin_cmake_args': None, 'catkin_skip_building_tests': False, 'cmake_args': None, 'cmake_clean_cache': False, 'cmake_clean_first': False, 'cmake_force_configure': False, 'cmake_target': None, 'cmake_target_skip_unavailable': False, 'install_base': '/home/pyro/ws_offboard_control/install/px4_ros_com', 'merge_install': False, 'path': '/home/pyro/ws_offboard_control/src/px4_ros_com', 'symlink_install': False, 'test_result_base': None}
[2.191s] INFO:colcon.colcon_core.executor:Executing jobs using 'parallel' executor
[2.198s] DEBUG:colcon.colcon_parallel_executor.executor.parallel:run_until_complete
[2.199s] INFO:colcon.colcon_ros.task.ament_cmake.build:Building ROS package in '/home/pyro/ws_offboard_control/src/px4_ros_com' with build type 'ament_cmake'
[2.199s] INFO:colcon.colcon_cmake.task.cmake.build:Building CMake package in '/home/pyro/ws_offboard_control/src/px4_ros_com'
[2.220s] INFO:colcon.colcon_core.plugin_system:Skipping extension 'colcon_core.shell.bat': Not used on non-Windows systems
[2.221s] INFO:colcon.colcon_core.shell:Skip shell extension 'powershell' for command environment: Not usable outside of PowerShell
[2.221s] DEBUG:colcon.colcon_core.shell:Skip shell extension 'dsv' for command environment
[2.661s] DEBUG:colcon.colcon_core.event_handler.log_command:Invoking command in '/home/pyro/ws_offboard_control/build/px4_ros_com': CMAKE_PREFIX_PATH=/home/pyro/ws_offboard_control/install/px4_msgs:/home/pyro/ws_offboard_control/install/px4_ros_com:/opt/ros/humble LD_LIBRARY_PATH=/home/pyro/ws_offboard_control/install/px4_msgs/lib:/home/pyro/ws_offboard_control/install/px4_ros_com/lib:/opt/ros/humble/opt/rviz_ogre_vendor/lib:/opt/ros/humble/lib/x86_64-linux-gnu:/opt/ros/humble/lib /usr/bin/cmake --build /home/pyro/ws_offboard_control/build/px4_ros_com -- -j16 -l16
[57.404s] DEBUG:colcon.colcon_core.event_handler.log_command:Invoked command in '/home/pyro/ws_offboard_control/build/px4_ros_com' returned '0': CMAKE_PREFIX_PATH=/home/pyro/ws_offboard_control/install/px4_msgs:/home/pyro/ws_offboard_control/install/px4_ros_com:/opt/ros/humble LD_LIBRARY_PATH=/home/pyro/ws_offboard_control/install/px4_msgs/lib:/home/pyro/ws_offboard_control/install/px4_ros_com/lib:/opt/ros/humble/opt/rviz_ogre_vendor/lib:/opt/ros/humble/lib/x86_64-linux-gnu:/opt/ros/humble/lib /usr/bin/cmake --build /home/pyro/ws_offboard_control/build/px4_ros_com -- -j16 -l16
[57.449s] DEBUG:colcon.colcon_core.event_handler.log_command:Invoking command in '/home/pyro/ws_offboard_control/build/px4_ros_com': CMAKE_PREFIX_PATH=/home/pyro/ws_offboard_control/install/px4_msgs:/home/pyro/ws_offboard_control/install/px4_ros_com:/opt/ros/humble LD_LIBRARY_PATH=/home/pyro/ws_offboard_control/install/px4_msgs/lib:/home/pyro/ws_offboard_control/install/px4_ros_com/lib:/opt/ros/humble/opt/rviz_ogre_vendor/lib:/opt/ros/humble/lib/x86_64-linux-gnu:/opt/ros/humble/lib /usr/bin/cmake --install /home/pyro/ws_offboard_control/build/px4_ros_com
[59.051s] Level 1:colcon.colcon_core.environment:create_environment_scripts_only(px4_ros_com)
[59.052s] DEBUG:colcon.colcon_core.event_handler.log_command:Invoked command in '/home/pyro/ws_offboard_control/build/px4_ros_com' returned '0': CMAKE_PREFIX_PATH=/home/pyro/ws_offboard_control/install/px4_msgs:/home/pyro/ws_offboard_control/install/px4_ros_com:/opt/ros/humble LD_LIBRARY_PATH=/home/pyro/ws_offboard_control/install/px4_msgs/lib:/home/pyro/ws_offboard_control/install/px4_ros_com/lib:/opt/ros/humble/opt/rviz_ogre_vendor/lib:/opt/ros/humble/lib/x86_64-linux-gnu:/opt/ros/humble/lib /usr/bin/cmake --install /home/pyro/ws_offboard_control/build/px4_ros_com
[59.069s] Level 1:colcon.colcon_core.environment:checking '/home/pyro/ws_offboard_control/install/px4_ros_com' for CMake module files
[59.072s] Level 1:colcon.colcon_core.environment:checking '/home/pyro/ws_offboard_control/install/px4_ros_com' for CMake config files
[59.083s] Level 1:colcon.colcon_core.shell:create_environment_hook('px4_ros_com', 'cmake_prefix_path')
[59.084s] INFO:colcon.colcon_core.shell:Creating environment hook '/home/pyro/ws_offboard_control/install/px4_ros_com/share/px4_ros_com/hook/cmake_prefix_path.ps1'
[59.090s] INFO:colcon.colcon_core.shell:Creating environment descriptor '/home/pyro/ws_offboard_control/install/px4_ros_com/share/px4_ros_com/hook/cmake_prefix_path.dsv'
[59.092s] INFO:colcon.colcon_core.shell:Creating environment hook '/home/pyro/ws_offboard_control/install/px4_ros_com/share/px4_ros_com/hook/cmake_prefix_path.sh'
[59.098s] Level 1:colcon.colcon_core.environment:checking '/home/pyro/ws_offboard_control/install/px4_ros_com/lib'
[59.099s] Level 1:colcon.colcon_core.shell:create_environment_hook('px4_ros_com', 'ld_library_path_lib')
[59.099s] INFO:colcon.colcon_core.shell:Creating environment hook '/home/pyro/ws_offboard_control/install/px4_ros_com/share/px4_ros_com/hook/ld_library_path_lib.ps1'
[59.101s] INFO:colcon.colcon_core.shell:Creating environment descriptor '/home/pyro/ws_offboard_control/install/px4_ros_com/share/px4_ros_com/hook/ld_library_path_lib.dsv'
[59.102s] INFO:colcon.colcon_core.shell:Creating environment hook '/home/pyro/ws_offboard_control/install/px4_ros_com/share/px4_ros_com/hook/ld_library_path_lib.sh'
[59.106s] Level 1:colcon.colcon_core.environment:checking '/home/pyro/ws_offboard_control/install/px4_ros_com/bin'
[59.106s] Level 1:colcon.colcon_core.environment:checking '/home/pyro/ws_offboard_control/install/px4_ros_com/lib/pkgconfig/px4_ros_com.pc'
[59.108s] Level 1:colcon.colcon_core.environment:checking '/home/pyro/ws_offboard_control/install/px4_ros_com/lib/python3.10/site-packages'
[59.109s] Level 1:colcon.colcon_core.environment:checking '/home/pyro/ws_offboard_control/install/px4_ros_com/bin'
[59.110s] INFO:colcon.colcon_core.shell:Creating package script '/home/pyro/ws_offboard_control/install/px4_ros_com/share/px4_ros_com/package.ps1'
[59.113s] INFO:colcon.colcon_core.shell:Creating package descriptor '/home/pyro/ws_offboard_control/install/px4_ros_com/share/px4_ros_com/package.dsv'
[59.116s] INFO:colcon.colcon_core.shell:Creating package script '/home/pyro/ws_offboard_control/install/px4_ros_com/share/px4_ros_com/package.sh'
[59.122s] INFO:colcon.colcon_core.shell:Creating package script '/home/pyro/ws_offboard_control/install/px4_ros_com/share/px4_ros_com/package.bash'
[59.126s] INFO:colcon.colcon_core.shell:Creating package script '/home/pyro/ws_offboard_control/install/px4_ros_com/share/px4_ros_com/package.zsh'
[59.129s] Level 1:colcon.colcon_core.environment:create_file_with_runtime_dependencies(/home/pyro/ws_offboard_control/install/px4_ros_com/share/colcon-core/packages/px4_ros_com)
[59.132s] Level 1:colcon.colcon_core.environment:create_environment_scripts_only(px4_ros_com)
[59.133s] Level 1:colcon.colcon_core.environment:checking '/home/pyro/ws_offboard_control/install/px4_ros_com' for CMake module files
[59.136s] Level 1:colcon.colcon_core.environment:checking '/home/pyro/ws_offboard_control/install/px4_ros_com' for CMake config files
[59.138s] Level 1:colcon.colcon_core.shell:create_environment_hook('px4_ros_com', 'cmake_prefix_path')
[59.138s] INFO:colcon.colcon_core.shell:Creating environment hook '/home/pyro/ws_offboard_control/install/px4_ros_com/share/px4_ros_com/hook/cmake_prefix_path.ps1'
[59.140s] INFO:colcon.colcon_core.shell:Creating environment descriptor '/home/pyro/ws_offboard_control/install/px4_ros_com/share/px4_ros_com/hook/cmake_prefix_path.dsv'
[59.141s] INFO:colcon.colcon_core.shell:Creating environment hook '/home/pyro/ws_offboard_control/install/px4_ros_com/share/px4_ros_com/hook/cmake_prefix_path.sh'
[59.144s] Level 1:colcon.colcon_core.environment:checking '/home/pyro/ws_offboard_control/install/px4_ros_com/lib'
[59.145s] Level 1:colcon.colcon_core.shell:create_environment_hook('px4_ros_com', 'ld_library_path_lib')
[59.145s] INFO:colcon.colcon_core.shell:Creating environment hook '/home/pyro/ws_offboard_control/install/px4_ros_com/share/px4_ros_com/hook/ld_library_path_lib.ps1'
[59.147s] INFO:colcon.colcon_core.shell:Creating environment descriptor '/home/pyro/ws_offboard_control/install/px4_ros_com/share/px4_ros_com/hook/ld_library_path_lib.dsv'
[59.151s] INFO:colcon.colcon_core.shell:Creating environment hook '/home/pyro/ws_offboard_control/install/px4_ros_com/share/px4_ros_com/hook/ld_library_path_lib.sh'
[59.155s] Level 1:colcon.colcon_core.environment:checking '/home/pyro/ws_offboard_control/install/px4_ros_com/bin'
[59.156s] Level 1:colcon.colcon_core.environment:checking '/home/pyro/ws_offboard_control/install/px4_ros_com/lib/pkgconfig/px4_ros_com.pc'
[59.157s] Level 1:colcon.colcon_core.environment:checking '/home/pyro/ws_offboard_control/install/px4_ros_com/lib/python3.10/site-packages'
[59.157s] Level 1:colcon.colcon_core.environment:checking '/home/pyro/ws_offboard_control/install/px4_ros_com/bin'
[59.158s] INFO:colcon.colcon_core.shell:Creating package script '/home/pyro/ws_offboard_control/install/px4_ros_com/share/px4_ros_com/package.ps1'
[59.162s] INFO:colcon.colcon_core.shell:Creating package descriptor '/home/pyro/ws_offboard_control/install/px4_ros_com/share/px4_ros_com/package.dsv'
[59.163s] INFO:colcon.colcon_core.shell:Creating package script '/home/pyro/ws_offboard_control/install/px4_ros_com/share/px4_ros_com/package.sh'
[59.165s] INFO:colcon.colcon_core.shell:Creating package script '/home/pyro/ws_offboard_control/install/px4_ros_com/share/px4_ros_com/package.bash'
[59.166s] INFO:colcon.colcon_core.shell:Creating package script '/home/pyro/ws_offboard_control/install/px4_ros_com/share/px4_ros_com/package.zsh'
[59.168s] Level 1:colcon.colcon_core.environment:create_file_with_runtime_dependencies(/home/pyro/ws_offboard_control/install/px4_ros_com/share/colcon-core/packages/px4_ros_com)
[59.169s] DEBUG:colcon.colcon_parallel_executor.executor.parallel:closing loop
[59.170s] DEBUG:colcon.colcon_parallel_executor.executor.parallel:loop closed
[59.170s] DEBUG:colcon.colcon_parallel_executor.executor.parallel:run_until_complete finished with '0'
[59.170s] DEBUG:colcon.colcon_core.event_reactor:joining thread
[59.417s] INFO:colcon.colcon_core.plugin_system:Skipping extension 'colcon_notification.desktop_notification.notify_send': Could not find 'notify-send'
[59.417s] INFO:colcon.colcon_core.plugin_system:Skipping extension 'colcon_notification.desktop_notification.terminal_notifier': Not used on non-Darwin systems
[59.418s] INFO:colcon.colcon_core.plugin_system:Skipping extension 'colcon_notification.desktop_notification.win32': Not used on non-Windows systems
[59.418s] INFO:colcon.colcon_notification.desktop_notification:Sending desktop notification using 'notify2'
[59.437s] DEBUG:colcon.colcon_notification.desktop_notification.notify2:Failed to initialize notify2: org.freedesktop.DBus.Error.FileNotFound: Failed to connect to socket /run/user/1000/bus: No such file or directory
[59.437s] DEBUG:colcon.colcon_core.event_reactor:joined thread
[59.438s] INFO:colcon.colcon_core.shell:Creating prefix script '/home/pyro/ws_offboard_control/install/local_setup.ps1'
[59.454s] INFO:colcon.colcon_core.shell:Creating prefix util module '/home/pyro/ws_offboard_control/install/_local_setup_util_ps1.py'
[59.489s] INFO:colcon.colcon_core.shell:Creating prefix chain script '/home/pyro/ws_offboard_control/install/setup.ps1'
[59.497s] INFO:colcon.colcon_core.shell:Creating prefix script '/home/pyro/ws_offboard_control/install/local_setup.sh'
[59.502s] INFO:colcon.colcon_core.shell:Creating prefix util module '/home/pyro/ws_offboard_control/install/_local_setup_util_sh.py'
[59.540s] INFO:colcon.colcon_core.shell:Creating prefix chain script '/home/pyro/ws_offboard_control/install/setup.sh'
[59.551s] INFO:colcon.colcon_core.shell:Creating prefix script '/home/pyro/ws_offboard_control/install/local_setup.bash'
[59.563s] INFO:colcon.colcon_core.shell:Creating prefix chain script '/home/pyro/ws_offboard_control/install/setup.bash'
[59.575s] INFO:colcon.colcon_core.shell:Creating prefix script '/home/pyro/ws_offboard_control/install/local_setup.zsh'
[59.592s] INFO:colcon.colcon_core.shell:Creating prefix chain script '/home/pyro/ws_offboard_control/install/setup.zsh'
