[0.345s] Invoking command in '/home/pyro/ws_offboard_control/build/px4_ros_com': CMAKE_PREFIX_PATH=/home/pyro/ws_offboard_control/install/px4_msgs:/home/pyro/ws_offboard_control/install/px4_ros_com:/opt/ros/humble LD_LIBRARY_PATH=/home/pyro/ws_offboard_control/install/px4_msgs/lib:/home/pyro/ws_offboard_control/install/px4_ros_com/lib:/opt/ros/humble/opt/rviz_ogre_vendor/lib:/opt/ros/humble/lib/x86_64-linux-gnu:/opt/ros/humble/lib /usr/bin/cmake --build /home/pyro/ws_offboard_control/build/px4_ros_com -- -j16 -l16
[0.625s] [35m[1mConsolidate compiler generated dependencies of target offboard_control[0m
[0.634s] [35m[1mConsolidate compiler generated dependencies of target offboard_control_thrust_torque[0m
[0.688s] [  0%] Built target ament_cmake_python_copy_px4_ros_com
[0.691s] [ 14%] Built target frame_transforms
[0.713s] [ 21%] [32mBuilding CXX object CMakeFiles/offboard_control_thrust_torque.dir/src/examples/offboard/offboard_control_thrust_torque.cpp.o[0m
[0.714s] [ 50%] Built target vehicle_gps_position_listener
[0.715s] [ 50%] Built target offboard_control_srv
[0.717s] [ 64%] Built target sensor_combined_listener
[0.718s] [ 85%] Built target offboard_control
[0.718s] [ 92%] Built target debug_vect_advertiser
[1.379s] running egg_info
[1.433s] writing px4_ros_com.egg-info/PKG-INFO
[1.435s] writing dependency_links to px4_ros_com.egg-info/dependency_links.txt
[1.438s] writing top-level names to px4_ros_com.egg-info/top_level.txt
[1.620s] reading manifest file 'px4_ros_com.egg-info/SOURCES.txt'
[1.625s] writing manifest file 'px4_ros_com.egg-info/SOURCES.txt'
[1.762s] [ 92%] Built target ament_cmake_python_build_px4_ros_com_egg
[13.853s] [01m[K/home/pyro/ws_offboard_control/src/px4_ros_com/src/examples/offboard/offboard_control_thrust_torque.cpp:[m[K In member function ‘[01m[Kvoid OffboardControl::publish_vehicle_rates_setpoint()[m[K’:
[13.853s] [01m[K/home/pyro/ws_offboard_control/src/px4_ros_com/src/examples/offboard/offboard_control_thrust_torque.cpp:308:5:[m[K [01;31m[Kerror: [m[K‘[01m[Kvehicle_rates_setpoint_publisher_[m[K’ was not declared in this scope
[13.853s]   308 |     [01;31m[Kvehicle_rates_setpoint_publisher_[m[K->publish(msg);
[13.853s]       |     [01;31m[K^~~~~~~~~~~~~~~~~~~~~~~~~~~~~~~~~[m[K
[14.177s] [01m[K/home/pyro/ws_offboard_control/src/px4_ros_com/src/examples/offboard/offboard_control_thrust_torque.cpp:[m[K In member function ‘[01m[Kvoid OffboardControl::publish_vehicle_torque_setpoints()[m[K’:
[14.178s] [01m[K/home/pyro/ws_offboard_control/src/px4_ros_com/src/examples/offboard/offboard_control_thrust_torque.cpp:589:22:[m[K [01;31m[Kerror: [m[K‘[01m[Klast_dt_[m[K’ was not declared in this scope
[14.178s]   589 |         double dt = ([01;31m[Klast_dt_[m[K > 0.0) ? last_dt_ : (1.0/ctrl_rate_);
[14.178s]       |                      [01;31m[K^~~~~~~~[m[K
[27.381s] gmake[2]: *** [CMakeFiles/offboard_control_thrust_torque.dir/build.make:76: CMakeFiles/offboard_control_thrust_torque.dir/src/examples/offboard/offboard_control_thrust_torque.cpp.o] Error 1
[27.382s] gmake[1]: *** [CMakeFiles/Makefile2:308: CMakeFiles/offboard_control_thrust_torque.dir/all] Error 2
[27.383s] gmake: *** [Makefile:146: all] Error 2
[27.390s] Invoked command in '/home/pyro/ws_offboard_control/build/px4_ros_com' returned '2': CMAKE_PREFIX_PATH=/home/pyro/ws_offboard_control/install/px4_msgs:/home/pyro/ws_offboard_control/install/px4_ros_com:/opt/ros/humble LD_LIBRARY_PATH=/home/pyro/ws_offboard_control/install/px4_msgs/lib:/home/pyro/ws_offboard_control/install/px4_ros_com/lib:/opt/ros/humble/opt/rviz_ogre_vendor/lib:/opt/ros/humble/lib/x86_64-linux-gnu:/opt/ros/humble/lib /usr/bin/cmake --build /home/pyro/ws_offboard_control/build/px4_ros_com -- -j16 -l16
