[0.885s] DEBUG:colcon:Command line arguments: ['/usr/bin/colcon', 'build', '--packages-select', 'px4_ros_com']
[0.885s] DEBUG:colcon:Parsed command line arguments: Namespace(log_base=None, log_level=None, verb_name='build', build_base='build', install_base='install', merge_install=False, symlink_install=False, test_result_base=None, continue_on_error=False, executor='parallel', parallel_workers=16, event_handlers=None, ignore_user_meta=False, metas=['./colcon.meta'], base_paths=['.'], packages_ignore=None, packages_ignore_regex=None, paths=None, packages_up_to=None, packages_up_to_regex=None, packages_above=None, packages_above_and_dependencies=None, packages_above_depth=None, packages_select_by_dep=None, packages_skip_by_dep=None, packages_skip_up_to=None, packages_select_build_failed=False, packages_skip_build_finished=False, packages_select_test_failures=False, packages_skip_test_passed=False, packages_select=['px4_ros_com'], packages_skip=None, packages_select_regex=None, packages_skip_regex=None, packages_start=None, packages_end=None, allow_overriding=[], cmake_args=None, cmake_target=None, cmake_target_skip_unavailable=False, cmake_clean_cache=False, cmake_clean_first=False, cmake_force_configure=False, ament_cmake_args=None, catkin_cmake_args=None, catkin_skip_building_tests=False, mixin_files=None, mixin=None, verb_parser=<colcon_mixin.mixin.mixin_argument.MixinArgumentDecorator object at 0x76c0a8a53580>, verb_extension=<colcon_core.verb.build.BuildVerb object at 0x76c0a8a53010>, main=<bound method BuildVerb.main of <colcon_core.verb.build.BuildVerb object at 0x76c0a8a53010>>, mixin_verb=('build',))
[1.062s] Level 1:colcon.colcon_core.package_discovery:discover_packages(colcon_meta) check parameters
[1.062s] Level 1:colcon.colcon_core.package_discovery:discover_packages(recursive) check parameters
[1.063s] Level 1:colcon.colcon_core.package_discovery:discover_packages(ignore) check parameters
[1.063s] Level 1:colcon.colcon_core.package_discovery:discover_packages(path) check parameters
[1.063s] Level 1:colcon.colcon_core.package_discovery:discover_packages(colcon_meta) discover
[1.063s] Level 1:colcon.colcon_core.package_discovery:discover_packages(recursive) discover
[1.063s] INFO:colcon.colcon_core.package_discovery:Crawling recursively for packages in '/home/pyro/ws_offboard_control'
[1.064s] Level 1:colcon.colcon_core.package_identification:_identify(.) by extensions ['ignore', 'ignore_ament_install']
[1.064s] Level 1:colcon.colcon_core.package_identification:_identify(.) by extension 'ignore'
[1.064s] Level 1:colcon.colcon_core.package_identification:_identify(.) by extension 'ignore_ament_install'
[1.064s] Level 1:colcon.colcon_core.package_identification:_identify(.) by extensions ['colcon_pkg']
[1.064s] Level 1:colcon.colcon_core.package_identification:_identify(.) by extension 'colcon_pkg'
[1.064s] Level 1:colcon.colcon_core.package_identification:_identify(.) by extensions ['colcon_meta']
[1.064s] Level 1:colcon.colcon_core.package_identification:_identify(.) by extension 'colcon_meta'
[1.065s] Level 1:colcon.colcon_core.package_identification:_identify(.) by extensions ['ros']
[1.065s] Level 1:colcon.colcon_core.package_identification:_identify(.) by extension 'ros'
[1.109s] Level 1:colcon.colcon_core.package_identification:_identify(.) by extensions ['cmake', 'python']
[1.109s] Level 1:colcon.colcon_core.package_identification:_identify(.) by extension 'cmake'
[1.109s] Level 1:colcon.colcon_core.package_identification:_identify(.) by extension 'python'
[1.109s] Level 1:colcon.colcon_core.package_identification:_identify(.) by extensions ['python_setup_py']
[1.109s] Level 1:colcon.colcon_core.package_identification:_identify(.) by extension 'python_setup_py'
[1.110s] Level 1:colcon.colcon_core.package_identification:_identify(build) by extensions ['ignore', 'ignore_ament_install']
[1.110s] Level 1:colcon.colcon_core.package_identification:_identify(build) by extension 'ignore'
[1.110s] Level 1:colcon.colcon_core.package_identification:_identify(build) ignored
[1.110s] Level 1:colcon.colcon_core.package_identification:_identify(install) by extensions ['ignore', 'ignore_ament_install']
[1.110s] Level 1:colcon.colcon_core.package_identification:_identify(install) by extension 'ignore'
[1.111s] Level 1:colcon.colcon_core.package_identification:_identify(install) ignored
[1.111s] Level 1:colcon.colcon_core.package_identification:_identify(log) by extensions ['ignore', 'ignore_ament_install']
[1.111s] Level 1:colcon.colcon_core.package_identification:_identify(log) by extension 'ignore'
[1.111s] Level 1:colcon.colcon_core.package_identification:_identify(log) ignored
[1.112s] Level 1:colcon.colcon_core.package_identification:_identify(src) by extensions ['ignore', 'ignore_ament_install']
[1.112s] Level 1:colcon.colcon_core.package_identification:_identify(src) by extension 'ignore'
[1.112s] Level 1:colcon.colcon_core.package_identification:_identify(src) by extension 'ignore_ament_install'
[1.112s] Level 1:colcon.colcon_core.package_identification:_identify(src) by extensions ['colcon_pkg']
[1.112s] Level 1:colcon.colcon_core.package_identification:_identify(src) by extension 'colcon_pkg'
[1.113s] Level 1:colcon.colcon_core.package_identification:_identify(src) by extensions ['colcon_meta']
[1.113s] Level 1:colcon.colcon_core.package_identification:_identify(src) by extension 'colcon_meta'
[1.113s] Level 1:colcon.colcon_core.package_identification:_identify(src) by extensions ['ros']
[1.113s] Level 1:colcon.colcon_core.package_identification:_identify(src) by extension 'ros'
[1.113s] Level 1:colcon.colcon_core.package_identification:_identify(src) by extensions ['cmake', 'python']
[1.113s] Level 1:colcon.colcon_core.package_identification:_identify(src) by extension 'cmake'
[1.113s] Level 1:colcon.colcon_core.package_identification:_identify(src) by extension 'python'
[1.113s] Level 1:colcon.colcon_core.package_identification:_identify(src) by extensions ['python_setup_py']
[1.113s] Level 1:colcon.colcon_core.package_identification:_identify(src) by extension 'python_setup_py'
[1.114s] Level 1:colcon.colcon_core.package_identification:_identify(src/px4_msgs) by extensions ['ignore', 'ignore_ament_install']
[1.114s] Level 1:colcon.colcon_core.package_identification:_identify(src/px4_msgs) by extension 'ignore'
[1.114s] Level 1:colcon.colcon_core.package_identification:_identify(src/px4_msgs) by extension 'ignore_ament_install'
[1.114s] Level 1:colcon.colcon_core.package_identification:_identify(src/px4_msgs) by extensions ['colcon_pkg']
[1.114s] Level 1:colcon.colcon_core.package_identification:_identify(src/px4_msgs) by extension 'colcon_pkg'
[1.115s] Level 1:colcon.colcon_core.package_identification:_identify(src/px4_msgs) by extensions ['colcon_meta']
[1.115s] Level 1:colcon.colcon_core.package_identification:_identify(src/px4_msgs) by extension 'colcon_meta'
[1.115s] Level 1:colcon.colcon_core.package_identification:_identify(src/px4_msgs) by extensions ['ros']
[1.115s] Level 1:colcon.colcon_core.package_identification:_identify(src/px4_msgs) by extension 'ros'
[1.127s] DEBUG:colcon.colcon_core.package_identification:Package 'src/px4_msgs' with type 'ros.ament_cmake' and name 'px4_msgs'
[1.128s] Level 1:colcon.colcon_core.package_identification:_identify(src/px4_ros_com) by extensions ['ignore', 'ignore_ament_install']
[1.128s] Level 1:colcon.colcon_core.package_identification:_identify(src/px4_ros_com) by extension 'ignore'
[1.128s] Level 1:colcon.colcon_core.package_identification:_identify(src/px4_ros_com) by extension 'ignore_ament_install'
[1.128s] Level 1:colcon.colcon_core.package_identification:_identify(src/px4_ros_com) by extensions ['colcon_pkg']
[1.128s] Level 1:colcon.colcon_core.package_identification:_identify(src/px4_ros_com) by extension 'colcon_pkg'
[1.128s] Level 1:colcon.colcon_core.package_identification:_identify(src/px4_ros_com) by extensions ['colcon_meta']
[1.128s] Level 1:colcon.colcon_core.package_identification:_identify(src/px4_ros_com) by extension 'colcon_meta'
[1.129s] Level 1:colcon.colcon_core.package_identification:_identify(src/px4_ros_com) by extensions ['ros']
[1.129s] Level 1:colcon.colcon_core.package_identification:_identify(src/px4_ros_com) by extension 'ros'
[1.132s] DEBUG:colcon.colcon_core.package_identification:Package 'src/px4_ros_com' with type 'ros.ament_cmake' and name 'px4_ros_com'
[1.133s] Level 1:colcon.colcon_core.package_discovery:discover_packages(recursive) using defaults
[1.133s] Level 1:colcon.colcon_core.package_discovery:discover_packages(ignore) discover
[1.133s] Level 1:colcon.colcon_core.package_discovery:discover_packages(ignore) using defaults
[1.133s] Level 1:colcon.colcon_core.package_discovery:discover_packages(path) discover
[1.133s] Level 1:colcon.colcon_core.package_discovery:discover_packages(path) using defaults
[1.201s] INFO:colcon.colcon_core.package_selection:Skipping not selected package 'px4_msgs' in 'src/px4_msgs'
[1.203s] Level 1:colcon.colcon_core.package_discovery:discover_packages(prefix_path) check parameters
[1.203s] Level 1:colcon.colcon_core.package_discovery:discover_packages(prefix_path) discover
[1.216s] DEBUG:colcon.colcon_installed_package_information.package_discovery:Found 2 installed packages in /home/pyro/ws_offboard_control/install
[1.220s] DEBUG:colcon.colcon_installed_package_information.package_discovery:Found 271 installed packages in /opt/ros/humble
[1.223s] Level 1:colcon.colcon_core.package_discovery:discover_packages(prefix_path) using defaults
[1.390s] Level 5:colcon.colcon_core.verb:set package 'px4_ros_com' build argument 'cmake_args' from command line to 'None'
[1.391s] Level 5:colcon.colcon_core.verb:set package 'px4_ros_com' build argument 'cmake_target' from command line to 'None'
[1.391s] Level 5:colcon.colcon_core.verb:set package 'px4_ros_com' build argument 'cmake_target_skip_unavailable' from command line to 'False'
[1.391s] Level 5:colcon.colcon_core.verb:set package 'px4_ros_com' build argument 'cmake_clean_cache' from command line to 'False'
[1.391s] Level 5:colcon.colcon_core.verb:set package 'px4_ros_com' build argument 'cmake_clean_first' from command line to 'False'
[1.391s] Level 5:colcon.colcon_core.verb:set package 'px4_ros_com' build argument 'cmake_force_configure' from command line to 'False'
[1.391s] Level 5:colcon.colcon_core.verb:set package 'px4_ros_com' build argument 'ament_cmake_args' from command line to 'None'
[1.391s] Level 5:colcon.colcon_core.verb:set package 'px4_ros_com' build argument 'catkin_cmake_args' from command line to 'None'
[1.391s] Level 5:colcon.colcon_core.verb:set package 'px4_ros_com' build argument 'catkin_skip_building_tests' from command line to 'False'
[1.391s] DEBUG:colcon.colcon_core.verb:Building package 'px4_ros_com' with the following arguments: {'ament_cmake_args': None, 'build_base': '/home/pyro/ws_offboard_control/build/px4_ros_com', 'catkin_cmake_args': None, 'catkin_skip_building_tests': False, 'cmake_args': None, 'cmake_clean_cache': False, 'cmake_clean_first': False, 'cmake_force_configure': False, 'cmake_target': None, 'cmake_target_skip_unavailable': False, 'install_base': '/home/pyro/ws_offboard_control/install/px4_ros_com', 'merge_install': False, 'path': '/home/pyro/ws_offboard_control/src/px4_ros_com', 'symlink_install': False, 'test_result_base': None}
[1.392s] INFO:colcon.colcon_core.executor:Executing jobs using 'parallel' executor
[1.394s] DEBUG:colcon.colcon_parallel_executor.executor.parallel:run_until_complete
[1.395s] INFO:colcon.colcon_ros.task.ament_cmake.build:Building ROS package in '/home/pyro/ws_offboard_control/src/px4_ros_com' with build type 'ament_cmake'
[1.396s] INFO:colcon.colcon_cmake.task.cmake.build:Building CMake package in '/home/pyro/ws_offboard_control/src/px4_ros_com'
[1.413s] INFO:colcon.colcon_core.plugin_system:Skipping extension 'colcon_core.shell.bat': Not used on non-Windows systems
[1.414s] INFO:colcon.colcon_core.shell:Skip shell extension 'powershell' for command environment: Not usable outside of PowerShell
[1.414s] DEBUG:colcon.colcon_core.shell:Skip shell extension 'dsv' for command environment
[1.696s] DEBUG:colcon.colcon_core.event_handler.log_command:Invoking command in '/home/pyro/ws_offboard_control/build/px4_ros_com': CMAKE_PREFIX_PATH=/home/pyro/ws_offboard_control/install/px4_msgs:/home/pyro/ws_offboard_control/install/px4_ros_com:/opt/ros/humble LD_LIBRARY_PATH=/home/pyro/ws_offboard_control/install/px4_msgs/lib:/home/pyro/ws_offboard_control/install/px4_ros_com/lib:/opt/ros/humble/opt/rviz_ogre_vendor/lib:/opt/ros/humble/lib/x86_64-linux-gnu:/opt/ros/humble/lib /usr/bin/cmake --build /home/pyro/ws_offboard_control/build/px4_ros_com -- -j16 -l16
[59.827s] DEBUG:colcon.colcon_core.event_handler.log_command:Invoked command in '/home/pyro/ws_offboard_control/build/px4_ros_com' returned '0': CMAKE_PREFIX_PATH=/home/pyro/ws_offboard_control/install/px4_msgs:/home/pyro/ws_offboard_control/install/px4_ros_com:/opt/ros/humble LD_LIBRARY_PATH=/home/pyro/ws_offboard_control/install/px4_msgs/lib:/home/pyro/ws_offboard_control/install/px4_ros_com/lib:/opt/ros/humble/opt/rviz_ogre_vendor/lib:/opt/ros/humble/lib/x86_64-linux-gnu:/opt/ros/humble/lib /usr/bin/cmake --build /home/pyro/ws_offboard_control/build/px4_ros_com -- -j16 -l16
[59.862s] DEBUG:colcon.colcon_core.event_handler.log_command:Invoking command in '/home/pyro/ws_offboard_control/build/px4_ros_com': CMAKE_PREFIX_PATH=/home/pyro/ws_offboard_control/install/px4_msgs:/home/pyro/ws_offboard_control/install/px4_ros_com:/opt/ros/humble LD_LIBRARY_PATH=/home/pyro/ws_offboard_control/install/px4_msgs/lib:/home/pyro/ws_offboard_control/install/px4_ros_com/lib:/opt/ros/humble/opt/rviz_ogre_vendor/lib:/opt/ros/humble/lib/x86_64-linux-gnu:/opt/ros/humble/lib /usr/bin/cmake --install /home/pyro/ws_offboard_control/build/px4_ros_com
[60.099s] Level 1:colcon.colcon_core.environment:create_environment_scripts_only(px4_ros_com)
[60.101s] DEBUG:colcon.colcon_core.event_handler.log_command:Invoked command in '/home/pyro/ws_offboard_control/build/px4_ros_com' returned '0': CMAKE_PREFIX_PATH=/home/pyro/ws_offboard_control/install/px4_msgs:/home/pyro/ws_offboard_control/install/px4_ros_com:/opt/ros/humble LD_LIBRARY_PATH=/home/pyro/ws_offboard_control/install/px4_msgs/lib:/home/pyro/ws_offboard_control/install/px4_ros_com/lib:/opt/ros/humble/opt/rviz_ogre_vendor/lib:/opt/ros/humble/lib/x86_64-linux-gnu:/opt/ros/humble/lib /usr/bin/cmake --install /home/pyro/ws_offboard_control/build/px4_ros_com
[60.121s] Level 1:colcon.colcon_core.environment:checking '/home/pyro/ws_offboard_control/install/px4_ros_com' for CMake module files
[60.123s] Level 1:colcon.colcon_core.environment:checking '/home/pyro/ws_offboard_control/install/px4_ros_com' for CMake config files
[60.124s] Level 1:colcon.colcon_core.shell:create_environment_hook('px4_ros_com', 'cmake_prefix_path')
[60.125s] INFO:colcon.colcon_core.shell:Creating environment hook '/home/pyro/ws_offboard_control/install/px4_ros_com/share/px4_ros_com/hook/cmake_prefix_path.ps1'
[60.127s] INFO:colcon.colcon_core.shell:Creating environment descriptor '/home/pyro/ws_offboard_control/install/px4_ros_com/share/px4_ros_com/hook/cmake_prefix_path.dsv'
[60.129s] INFO:colcon.colcon_core.shell:Creating environment hook '/home/pyro/ws_offboard_control/install/px4_ros_com/share/px4_ros_com/hook/cmake_prefix_path.sh'
[60.134s] Level 1:colcon.colcon_core.environment:checking '/home/pyro/ws_offboard_control/install/px4_ros_com/lib'
[60.135s] Level 1:colcon.colcon_core.shell:create_environment_hook('px4_ros_com', 'ld_library_path_lib')
[60.136s] INFO:colcon.colcon_core.shell:Creating environment hook '/home/pyro/ws_offboard_control/install/px4_ros_com/share/px4_ros_com/hook/ld_library_path_lib.ps1'
[60.137s] INFO:colcon.colcon_core.shell:Creating environment descriptor '/home/pyro/ws_offboard_control/install/px4_ros_com/share/px4_ros_com/hook/ld_library_path_lib.dsv'
[60.139s] INFO:colcon.colcon_core.shell:Creating environment hook '/home/pyro/ws_offboard_control/install/px4_ros_com/share/px4_ros_com/hook/ld_library_path_lib.sh'
[60.140s] Level 1:colcon.colcon_core.environment:checking '/home/pyro/ws_offboard_control/install/px4_ros_com/bin'
[60.140s] Level 1:colcon.colcon_core.environment:checking '/home/pyro/ws_offboard_control/install/px4_ros_com/lib/pkgconfig/px4_ros_com.pc'
[60.141s] Level 1:colcon.colcon_core.environment:checking '/home/pyro/ws_offboard_control/install/px4_ros_com/lib/python3.10/site-packages'
[60.141s] Level 1:colcon.colcon_core.environment:checking '/home/pyro/ws_offboard_control/install/px4_ros_com/bin'
[60.142s] INFO:colcon.colcon_core.shell:Creating package script '/home/pyro/ws_offboard_control/install/px4_ros_com/share/px4_ros_com/package.ps1'
[60.144s] INFO:colcon.colcon_core.shell:Creating package descriptor '/home/pyro/ws_offboard_control/install/px4_ros_com/share/px4_ros_com/package.dsv'
[60.147s] INFO:colcon.colcon_core.shell:Creating package script '/home/pyro/ws_offboard_control/install/px4_ros_com/share/px4_ros_com/package.sh'
[60.151s] INFO:colcon.colcon_core.shell:Creating package script '/home/pyro/ws_offboard_control/install/px4_ros_com/share/px4_ros_com/package.bash'
[60.155s] INFO:colcon.colcon_core.shell:Creating package script '/home/pyro/ws_offboard_control/install/px4_ros_com/share/px4_ros_com/package.zsh'
[60.160s] Level 1:colcon.colcon_core.environment:create_file_with_runtime_dependencies(/home/pyro/ws_offboard_control/install/px4_ros_com/share/colcon-core/packages/px4_ros_com)
[60.163s] Level 1:colcon.colcon_core.environment:create_environment_scripts_only(px4_ros_com)
[60.167s] Level 1:colcon.colcon_core.environment:checking '/home/pyro/ws_offboard_control/install/px4_ros_com' for CMake module files
[60.171s] Level 1:colcon.colcon_core.environment:checking '/home/pyro/ws_offboard_control/install/px4_ros_com' for CMake config files
[60.173s] Level 1:colcon.colcon_core.shell:create_environment_hook('px4_ros_com', 'cmake_prefix_path')
[60.174s] INFO:colcon.colcon_core.shell:Creating environment hook '/home/pyro/ws_offboard_control/install/px4_ros_com/share/px4_ros_com/hook/cmake_prefix_path.ps1'
[60.176s] INFO:colcon.colcon_core.shell:Creating environment descriptor '/home/pyro/ws_offboard_control/install/px4_ros_com/share/px4_ros_com/hook/cmake_prefix_path.dsv'
[60.178s] INFO:colcon.colcon_core.shell:Creating environment hook '/home/pyro/ws_offboard_control/install/px4_ros_com/share/px4_ros_com/hook/cmake_prefix_path.sh'
[60.179s] Level 1:colcon.colcon_core.environment:checking '/home/pyro/ws_offboard_control/install/px4_ros_com/lib'
[60.180s] Level 1:colcon.colcon_core.shell:create_environment_hook('px4_ros_com', 'ld_library_path_lib')
[60.180s] INFO:colcon.colcon_core.shell:Creating environment hook '/home/pyro/ws_offboard_control/install/px4_ros_com/share/px4_ros_com/hook/ld_library_path_lib.ps1'
[60.181s] INFO:colcon.colcon_core.shell:Creating environment descriptor '/home/pyro/ws_offboard_control/install/px4_ros_com/share/px4_ros_com/hook/ld_library_path_lib.dsv'
[60.183s] INFO:colcon.colcon_core.shell:Creating environment hook '/home/pyro/ws_offboard_control/install/px4_ros_com/share/px4_ros_com/hook/ld_library_path_lib.sh'
[60.184s] Level 1:colcon.colcon_core.environment:checking '/home/pyro/ws_offboard_control/install/px4_ros_com/bin'
[60.185s] Level 1:colcon.colcon_core.environment:checking '/home/pyro/ws_offboard_control/install/px4_ros_com/lib/pkgconfig/px4_ros_com.pc'
[60.185s] Level 1:colcon.colcon_core.environment:checking '/home/pyro/ws_offboard_control/install/px4_ros_com/lib/python3.10/site-packages'
[60.186s] Level 1:colcon.colcon_core.environment:checking '/home/pyro/ws_offboard_control/install/px4_ros_com/bin'
[60.187s] INFO:colcon.colcon_core.shell:Creating package script '/home/pyro/ws_offboard_control/install/px4_ros_com/share/px4_ros_com/package.ps1'
[60.189s] INFO:colcon.colcon_core.shell:Creating package descriptor '/home/pyro/ws_offboard_control/install/px4_ros_com/share/px4_ros_com/package.dsv'
[60.190s] INFO:colcon.colcon_core.shell:Creating package script '/home/pyro/ws_offboard_control/install/px4_ros_com/share/px4_ros_com/package.sh'
[60.191s] INFO:colcon.colcon_core.shell:Creating package script '/home/pyro/ws_offboard_control/install/px4_ros_com/share/px4_ros_com/package.bash'
[60.193s] INFO:colcon.colcon_core.shell:Creating package script '/home/pyro/ws_offboard_control/install/px4_ros_com/share/px4_ros_com/package.zsh'
[60.194s] Level 1:colcon.colcon_core.environment:create_file_with_runtime_dependencies(/home/pyro/ws_offboard_control/install/px4_ros_com/share/colcon-core/packages/px4_ros_com)
[60.195s] DEBUG:colcon.colcon_parallel_executor.executor.parallel:closing loop
[60.197s] DEBUG:colcon.colcon_parallel_executor.executor.parallel:loop closed
[60.197s] DEBUG:colcon.colcon_parallel_executor.executor.parallel:run_until_complete finished with '0'
[60.197s] DEBUG:colcon.colcon_core.event_reactor:joining thread
[60.494s] INFO:colcon.colcon_core.plugin_system:Skipping extension 'colcon_notification.desktop_notification.notify_send': Could not find 'notify-send'
[60.494s] INFO:colcon.colcon_core.plugin_system:Skipping extension 'colcon_notification.desktop_notification.terminal_notifier': Not used on non-Darwin systems
[60.494s] INFO:colcon.colcon_core.plugin_system:Skipping extension 'colcon_notification.desktop_notification.win32': Not used on non-Windows systems
[60.494s] INFO:colcon.colcon_notification.desktop_notification:Sending desktop notification using 'notify2'
[60.498s] DEBUG:colcon.colcon_notification.desktop_notification.notify2:Failed to initialize notify2: org.freedesktop.DBus.Error.FileNotFound: Failed to connect to socket /run/user/1000/bus: No such file or directory
[60.498s] DEBUG:colcon.colcon_core.event_reactor:joined thread
[60.499s] INFO:colcon.colcon_core.shell:Creating prefix script '/home/pyro/ws_offboard_control/install/local_setup.ps1'
[60.503s] INFO:colcon.colcon_core.shell:Creating prefix util module '/home/pyro/ws_offboard_control/install/_local_setup_util_ps1.py'
[60.508s] INFO:colcon.colcon_core.shell:Creating prefix chain script '/home/pyro/ws_offboard_control/install/setup.ps1'
[60.511s] INFO:colcon.colcon_core.shell:Creating prefix script '/home/pyro/ws_offboard_control/install/local_setup.sh'
[60.514s] INFO:colcon.colcon_core.shell:Creating prefix util module '/home/pyro/ws_offboard_control/install/_local_setup_util_sh.py'
[60.516s] INFO:colcon.colcon_core.shell:Creating prefix chain script '/home/pyro/ws_offboard_control/install/setup.sh'
[60.520s] INFO:colcon.colcon_core.shell:Creating prefix script '/home/pyro/ws_offboard_control/install/local_setup.bash'
[60.523s] INFO:colcon.colcon_core.shell:Creating prefix chain script '/home/pyro/ws_offboard_control/install/setup.bash'
[60.526s] INFO:colcon.colcon_core.shell:Creating prefix script '/home/pyro/ws_offboard_control/install/local_setup.zsh'
[60.529s] INFO:colcon.colcon_core.shell:Creating prefix chain script '/home/pyro/ws_offboard_control/install/setup.zsh'
