[0.666s] DEBUG:colcon:Command line arguments: ['/usr/bin/colcon', 'build', '--packages-select', 'px4_ros_com']
[0.666s] DEBUG:colcon:Parsed command line arguments: Namespace(log_base=None, log_level=None, verb_name='build', build_base='build', install_base='install', merge_install=False, symlink_install=False, test_result_base=None, continue_on_error=False, executor='parallel', parallel_workers=16, event_handlers=None, ignore_user_meta=False, metas=['./colcon.meta'], base_paths=['.'], packages_ignore=None, packages_ignore_regex=None, paths=None, packages_up_to=None, packages_up_to_regex=None, packages_above=None, packages_above_and_dependencies=None, packages_above_depth=None, packages_select_by_dep=None, packages_skip_by_dep=None, packages_skip_up_to=None, packages_select_build_failed=False, packages_skip_build_finished=False, packages_select_test_failures=False, packages_skip_test_passed=False, packages_select=['px4_ros_com'], packages_skip=None, packages_select_regex=None, packages_skip_regex=None, packages_start=None, packages_end=None, allow_overriding=[], cmake_args=None, cmake_target=None, cmake_target_skip_unavailable=False, cmake_clean_cache=False, cmake_clean_first=False, cmake_force_configure=False, ament_cmake_args=None, catkin_cmake_args=None, catkin_skip_building_tests=False, mixin_files=None, mixin=None, verb_parser=<colcon_mixin.mixin.mixin_argument.MixinArgumentDecorator object at 0x78d617a4f280>, verb_extension=<colcon_core.verb.build.BuildVerb object at 0x78d617a4ed10>, main=<bound method BuildVerb.main of <colcon_core.verb.build.BuildVerb object at 0x78d617a4ed10>>, mixin_verb=('build',))
[0.816s] Level 1:colcon.colcon_core.package_discovery:discover_packages(colcon_meta) check parameters
[0.816s] Level 1:colcon.colcon_core.package_discovery:discover_packages(recursive) check parameters
[0.816s] Level 1:colcon.colcon_core.package_discovery:discover_packages(ignore) check parameters
[0.817s] Level 1:colcon.colcon_core.package_discovery:discover_packages(path) check parameters
[0.817s] Level 1:colcon.colcon_core.package_discovery:discover_packages(colcon_meta) discover
[0.818s] Level 1:colcon.colcon_core.package_discovery:discover_packages(recursive) discover
[0.818s] INFO:colcon.colcon_core.package_discovery:Crawling recursively for packages in '/home/pyro/ws_offboard_control'
[0.818s] Level 1:colcon.colcon_core.package_identification:_identify(.) by extensions ['ignore', 'ignore_ament_install']
[0.819s] Level 1:colcon.colcon_core.package_identification:_identify(.) by extension 'ignore'
[0.819s] Level 1:colcon.colcon_core.package_identification:_identify(.) by extension 'ignore_ament_install'
[0.819s] Level 1:colcon.colcon_core.package_identification:_identify(.) by extensions ['colcon_pkg']
[0.819s] Level 1:colcon.colcon_core.package_identification:_identify(.) by extension 'colcon_pkg'
[0.819s] Level 1:colcon.colcon_core.package_identification:_identify(.) by extensions ['colcon_meta']
[0.819s] Level 1:colcon.colcon_core.package_identification:_identify(.) by extension 'colcon_meta'
[0.819s] Level 1:colcon.colcon_core.package_identification:_identify(.) by extensions ['ros']
[0.819s] Level 1:colcon.colcon_core.package_identification:_identify(.) by extension 'ros'
[0.876s] Level 1:colcon.colcon_core.package_identification:_identify(.) by extensions ['cmake', 'python']
[0.876s] Level 1:colcon.colcon_core.package_identification:_identify(.) by extension 'cmake'
[0.876s] Level 1:colcon.colcon_core.package_identification:_identify(.) by extension 'python'
[0.876s] Level 1:colcon.colcon_core.package_identification:_identify(.) by extensions ['python_setup_py']
[0.876s] Level 1:colcon.colcon_core.package_identification:_identify(.) by extension 'python_setup_py'
[0.877s] Level 1:colcon.colcon_core.package_identification:_identify(__pycache__) by extensions ['ignore', 'ignore_ament_install']
[0.877s] Level 1:colcon.colcon_core.package_identification:_identify(__pycache__) by extension 'ignore'
[0.877s] Level 1:colcon.colcon_core.package_identification:_identify(__pycache__) by extension 'ignore_ament_install'
[0.877s] Level 1:colcon.colcon_core.package_identification:_identify(__pycache__) by extensions ['colcon_pkg']
[0.877s] Level 1:colcon.colcon_core.package_identification:_identify(__pycache__) by extension 'colcon_pkg'
[0.878s] Level 1:colcon.colcon_core.package_identification:_identify(__pycache__) by extensions ['colcon_meta']
[0.878s] Level 1:colcon.colcon_core.package_identification:_identify(__pycache__) by extension 'colcon_meta'
[0.878s] Level 1:colcon.colcon_core.package_identification:_identify(__pycache__) by extensions ['ros']
[0.878s] Level 1:colcon.colcon_core.package_identification:_identify(__pycache__) by extension 'ros'
[0.878s] Level 1:colcon.colcon_core.package_identification:_identify(__pycache__) by extensions ['cmake', 'python']
[0.878s] Level 1:colcon.colcon_core.package_identification:_identify(__pycache__) by extension 'cmake'
[0.878s] Level 1:colcon.colcon_core.package_identification:_identify(__pycache__) by extension 'python'
[0.878s] Level 1:colcon.colcon_core.package_identification:_identify(__pycache__) by extensions ['python_setup_py']
[0.878s] Level 1:colcon.colcon_core.package_identification:_identify(__pycache__) by extension 'python_setup_py'
[0.879s] Level 1:colcon.colcon_core.package_identification:_identify(build) by extensions ['ignore', 'ignore_ament_install']
[0.879s] Level 1:colcon.colcon_core.package_identification:_identify(build) by extension 'ignore'
[0.879s] Level 1:colcon.colcon_core.package_identification:_identify(build) ignored
[0.879s] Level 1:colcon.colcon_core.package_identification:_identify(flight_data) by extensions ['ignore', 'ignore_ament_install']
[0.880s] Level 1:colcon.colcon_core.package_identification:_identify(flight_data) by extension 'ignore'
[0.880s] Level 1:colcon.colcon_core.package_identification:_identify(flight_data) by extension 'ignore_ament_install'
[0.880s] Level 1:colcon.colcon_core.package_identification:_identify(flight_data) by extensions ['colcon_pkg']
[0.880s] Level 1:colcon.colcon_core.package_identification:_identify(flight_data) by extension 'colcon_pkg'
[0.880s] Level 1:colcon.colcon_core.package_identification:_identify(flight_data) by extensions ['colcon_meta']
[0.880s] Level 1:colcon.colcon_core.package_identification:_identify(flight_data) by extension 'colcon_meta'
[0.880s] Level 1:colcon.colcon_core.package_identification:_identify(flight_data) by extensions ['ros']
[0.881s] Level 1:colcon.colcon_core.package_identification:_identify(flight_data) by extension 'ros'
[0.881s] Level 1:colcon.colcon_core.package_identification:_identify(flight_data) by extensions ['cmake', 'python']
[0.881s] Level 1:colcon.colcon_core.package_identification:_identify(flight_data) by extension 'cmake'
[0.881s] Level 1:colcon.colcon_core.package_identification:_identify(flight_data) by extension 'python'
[0.881s] Level 1:colcon.colcon_core.package_identification:_identify(flight_data) by extensions ['python_setup_py']
[0.882s] Level 1:colcon.colcon_core.package_identification:_identify(flight_data) by extension 'python_setup_py'
[0.882s] Level 1:colcon.colcon_core.package_identification:_identify(flight_data/config) by extensions ['ignore', 'ignore_ament_install']
[0.883s] Level 1:colcon.colcon_core.package_identification:_identify(flight_data/config) by extension 'ignore'
[0.883s] Level 1:colcon.colcon_core.package_identification:_identify(flight_data/config) by extension 'ignore_ament_install'
[0.884s] Level 1:colcon.colcon_core.package_identification:_identify(flight_data/config) by extensions ['colcon_pkg']
[0.884s] Level 1:colcon.colcon_core.package_identification:_identify(flight_data/config) by extension 'colcon_pkg'
[0.884s] Level 1:colcon.colcon_core.package_identification:_identify(flight_data/config) by extensions ['colcon_meta']
[0.884s] Level 1:colcon.colcon_core.package_identification:_identify(flight_data/config) by extension 'colcon_meta'
[0.884s] Level 1:colcon.colcon_core.package_identification:_identify(flight_data/config) by extensions ['ros']
[0.884s] Level 1:colcon.colcon_core.package_identification:_identify(flight_data/config) by extension 'ros'
[0.885s] Level 1:colcon.colcon_core.package_identification:_identify(flight_data/config) by extensions ['cmake', 'python']
[0.885s] Level 1:colcon.colcon_core.package_identification:_identify(flight_data/config) by extension 'cmake'
[0.885s] Level 1:colcon.colcon_core.package_identification:_identify(flight_data/config) by extension 'python'
[0.885s] Level 1:colcon.colcon_core.package_identification:_identify(flight_data/config) by extensions ['python_setup_py']
[0.885s] Level 1:colcon.colcon_core.package_identification:_identify(flight_data/config) by extension 'python_setup_py'
[0.886s] Level 1:colcon.colcon_core.package_identification:_identify(flight_data/logs) by extensions ['ignore', 'ignore_ament_install']
[0.886s] Level 1:colcon.colcon_core.package_identification:_identify(flight_data/logs) by extension 'ignore'
[0.886s] Level 1:colcon.colcon_core.package_identification:_identify(flight_data/logs) by extension 'ignore_ament_install'
[0.888s] Level 1:colcon.colcon_core.package_identification:_identify(flight_data/logs) by extensions ['colcon_pkg']
[0.888s] Level 1:colcon.colcon_core.package_identification:_identify(flight_data/logs) by extension 'colcon_pkg'
[0.888s] Level 1:colcon.colcon_core.package_identification:_identify(flight_data/logs) by extensions ['colcon_meta']
[0.888s] Level 1:colcon.colcon_core.package_identification:_identify(flight_data/logs) by extension 'colcon_meta'
[0.889s] Level 1:colcon.colcon_core.package_identification:_identify(flight_data/logs) by extensions ['ros']
[0.889s] Level 1:colcon.colcon_core.package_identification:_identify(flight_data/logs) by extension 'ros'
[0.889s] Level 1:colcon.colcon_core.package_identification:_identify(flight_data/logs) by extensions ['cmake', 'python']
[0.889s] Level 1:colcon.colcon_core.package_identification:_identify(flight_data/logs) by extension 'cmake'
[0.889s] Level 1:colcon.colcon_core.package_identification:_identify(flight_data/logs) by extension 'python'
[0.889s] Level 1:colcon.colcon_core.package_identification:_identify(flight_data/logs) by extensions ['python_setup_py']
[0.889s] Level 1:colcon.colcon_core.package_identification:_identify(flight_data/logs) by extension 'python_setup_py'
[0.890s] Level 1:colcon.colcon_core.package_identification:_identify(flight_data/outputs) by extensions ['ignore', 'ignore_ament_install']
[0.891s] Level 1:colcon.colcon_core.package_identification:_identify(flight_data/outputs) by extension 'ignore'
[0.892s] Level 1:colcon.colcon_core.package_identification:_identify(flight_data/outputs) by extension 'ignore_ament_install'
[0.892s] Level 1:colcon.colcon_core.package_identification:_identify(flight_data/outputs) by extensions ['colcon_pkg']
[0.893s] Level 1:colcon.colcon_core.package_identification:_identify(flight_data/outputs) by extension 'colcon_pkg'
[0.893s] Level 1:colcon.colcon_core.package_identification:_identify(flight_data/outputs) by extensions ['colcon_meta']
[0.893s] Level 1:colcon.colcon_core.package_identification:_identify(flight_data/outputs) by extension 'colcon_meta'
[0.893s] Level 1:colcon.colcon_core.package_identification:_identify(flight_data/outputs) by extensions ['ros']
[0.893s] Level 1:colcon.colcon_core.package_identification:_identify(flight_data/outputs) by extension 'ros'
[0.893s] Level 1:colcon.colcon_core.package_identification:_identify(flight_data/outputs) by extensions ['cmake', 'python']
[0.893s] Level 1:colcon.colcon_core.package_identification:_identify(flight_data/outputs) by extension 'cmake'
[0.894s] Level 1:colcon.colcon_core.package_identification:_identify(flight_data/outputs) by extension 'python'
[0.894s] Level 1:colcon.colcon_core.package_identification:_identify(flight_data/outputs) by extensions ['python_setup_py']
[0.894s] Level 1:colcon.colcon_core.package_identification:_identify(flight_data/outputs) by extension 'python_setup_py'
[0.894s] Level 1:colcon.colcon_core.package_identification:_identify(flight_data/scripts) by extensions ['ignore', 'ignore_ament_install']
[0.895s] Level 1:colcon.colcon_core.package_identification:_identify(flight_data/scripts) by extension 'ignore'
[0.895s] Level 1:colcon.colcon_core.package_identification:_identify(flight_data/scripts) by extension 'ignore_ament_install'
[0.895s] Level 1:colcon.colcon_core.package_identification:_identify(flight_data/scripts) by extensions ['colcon_pkg']
[0.895s] Level 1:colcon.colcon_core.package_identification:_identify(flight_data/scripts) by extension 'colcon_pkg'
[0.896s] Level 1:colcon.colcon_core.package_identification:_identify(flight_data/scripts) by extensions ['colcon_meta']
[0.896s] Level 1:colcon.colcon_core.package_identification:_identify(flight_data/scripts) by extension 'colcon_meta'
[0.896s] Level 1:colcon.colcon_core.package_identification:_identify(flight_data/scripts) by extensions ['ros']
[0.896s] Level 1:colcon.colcon_core.package_identification:_identify(flight_data/scripts) by extension 'ros'
[0.896s] Level 1:colcon.colcon_core.package_identification:_identify(flight_data/scripts) by extensions ['cmake', 'python']
[0.896s] Level 1:colcon.colcon_core.package_identification:_identify(flight_data/scripts) by extension 'cmake'
[0.896s] Level 1:colcon.colcon_core.package_identification:_identify(flight_data/scripts) by extension 'python'
[0.897s] Level 1:colcon.colcon_core.package_identification:_identify(flight_data/scripts) by extensions ['python_setup_py']
[0.897s] Level 1:colcon.colcon_core.package_identification:_identify(flight_data/scripts) by extension 'python_setup_py'
[0.897s] Level 1:colcon.colcon_core.package_identification:_identify(flight_data/{logs,scripts,outputs}) by extensions ['ignore', 'ignore_ament_install']
[0.897s] Level 1:colcon.colcon_core.package_identification:_identify(flight_data/{logs,scripts,outputs}) by extension 'ignore'
[0.898s] Level 1:colcon.colcon_core.package_identification:_identify(flight_data/{logs,scripts,outputs}) by extension 'ignore_ament_install'
[0.898s] Level 1:colcon.colcon_core.package_identification:_identify(flight_data/{logs,scripts,outputs}) by extensions ['colcon_pkg']
[0.898s] Level 1:colcon.colcon_core.package_identification:_identify(flight_data/{logs,scripts,outputs}) by extension 'colcon_pkg'
[0.898s] Level 1:colcon.colcon_core.package_identification:_identify(flight_data/{logs,scripts,outputs}) by extensions ['colcon_meta']
[0.898s] Level 1:colcon.colcon_core.package_identification:_identify(flight_data/{logs,scripts,outputs}) by extension 'colcon_meta'
[0.898s] Level 1:colcon.colcon_core.package_identification:_identify(flight_data/{logs,scripts,outputs}) by extensions ['ros']
[0.898s] Level 1:colcon.colcon_core.package_identification:_identify(flight_data/{logs,scripts,outputs}) by extension 'ros'
[0.898s] Level 1:colcon.colcon_core.package_identification:_identify(flight_data/{logs,scripts,outputs}) by extensions ['cmake', 'python']
[0.899s] Level 1:colcon.colcon_core.package_identification:_identify(flight_data/{logs,scripts,outputs}) by extension 'cmake'
[0.899s] Level 1:colcon.colcon_core.package_identification:_identify(flight_data/{logs,scripts,outputs}) by extension 'python'
[0.899s] Level 1:colcon.colcon_core.package_identification:_identify(flight_data/{logs,scripts,outputs}) by extensions ['python_setup_py']
[0.899s] Level 1:colcon.colcon_core.package_identification:_identify(flight_data/{logs,scripts,outputs}) by extension 'python_setup_py'
[0.899s] Level 1:colcon.colcon_core.package_identification:_identify(install) by extensions ['ignore', 'ignore_ament_install']
[0.899s] Level 1:colcon.colcon_core.package_identification:_identify(install) by extension 'ignore'
[0.899s] Level 1:colcon.colcon_core.package_identification:_identify(install) ignored
[0.901s] Level 1:colcon.colcon_core.package_identification:_identify(log) by extensions ['ignore', 'ignore_ament_install']
[0.901s] Level 1:colcon.colcon_core.package_identification:_identify(log) by extension 'ignore'
[0.901s] Level 1:colcon.colcon_core.package_identification:_identify(log) ignored
[0.901s] Level 1:colcon.colcon_core.package_identification:_identify(src) by extensions ['ignore', 'ignore_ament_install']
[0.902s] Level 1:colcon.colcon_core.package_identification:_identify(src) by extension 'ignore'
[0.902s] Level 1:colcon.colcon_core.package_identification:_identify(src) by extension 'ignore_ament_install'
[0.903s] Level 1:colcon.colcon_core.package_identification:_identify(src) by extensions ['colcon_pkg']
[0.904s] Level 1:colcon.colcon_core.package_identification:_identify(src) by extension 'colcon_pkg'
[0.904s] Level 1:colcon.colcon_core.package_identification:_identify(src) by extensions ['colcon_meta']
[0.904s] Level 1:colcon.colcon_core.package_identification:_identify(src) by extension 'colcon_meta'
[0.905s] Level 1:colcon.colcon_core.package_identification:_identify(src) by extensions ['ros']
[0.905s] Level 1:colcon.colcon_core.package_identification:_identify(src) by extension 'ros'
[0.907s] Level 1:colcon.colcon_core.package_identification:_identify(src) by extensions ['cmake', 'python']
[0.907s] Level 1:colcon.colcon_core.package_identification:_identify(src) by extension 'cmake'
[0.907s] Level 1:colcon.colcon_core.package_identification:_identify(src) by extension 'python'
[0.908s] Level 1:colcon.colcon_core.package_identification:_identify(src) by extensions ['python_setup_py']
[0.909s] Level 1:colcon.colcon_core.package_identification:_identify(src) by extension 'python_setup_py'
[0.909s] Level 1:colcon.colcon_core.package_identification:_identify(src/px4_msgs) by extensions ['ignore', 'ignore_ament_install']
[0.910s] Level 1:colcon.colcon_core.package_identification:_identify(src/px4_msgs) by extension 'ignore'
[0.911s] Level 1:colcon.colcon_core.package_identification:_identify(src/px4_msgs) by extension 'ignore_ament_install'
[0.911s] Level 1:colcon.colcon_core.package_identification:_identify(src/px4_msgs) by extensions ['colcon_pkg']
[0.911s] Level 1:colcon.colcon_core.package_identification:_identify(src/px4_msgs) by extension 'colcon_pkg'
[0.911s] Level 1:colcon.colcon_core.package_identification:_identify(src/px4_msgs) by extensions ['colcon_meta']
[0.911s] Level 1:colcon.colcon_core.package_identification:_identify(src/px4_msgs) by extension 'colcon_meta'
[0.911s] Level 1:colcon.colcon_core.package_identification:_identify(src/px4_msgs) by extensions ['ros']
[0.912s] Level 1:colcon.colcon_core.package_identification:_identify(src/px4_msgs) by extension 'ros'
[0.921s] DEBUG:colcon.colcon_core.package_identification:Package 'src/px4_msgs' with type 'ros.ament_cmake' and name 'px4_msgs'
[0.921s] Level 1:colcon.colcon_core.package_identification:_identify(src/px4_ros_com) by extensions ['ignore', 'ignore_ament_install']
[0.921s] Level 1:colcon.colcon_core.package_identification:_identify(src/px4_ros_com) by extension 'ignore'
[0.921s] Level 1:colcon.colcon_core.package_identification:_identify(src/px4_ros_com) by extension 'ignore_ament_install'
[0.921s] Level 1:colcon.colcon_core.package_identification:_identify(src/px4_ros_com) by extensions ['colcon_pkg']
[0.922s] Level 1:colcon.colcon_core.package_identification:_identify(src/px4_ros_com) by extension 'colcon_pkg'
[0.922s] Level 1:colcon.colcon_core.package_identification:_identify(src/px4_ros_com) by extensions ['colcon_meta']
[0.922s] Level 1:colcon.colcon_core.package_identification:_identify(src/px4_ros_com) by extension 'colcon_meta'
[0.922s] Level 1:colcon.colcon_core.package_identification:_identify(src/px4_ros_com) by extensions ['ros']
[0.922s] Level 1:colcon.colcon_core.package_identification:_identify(src/px4_ros_com) by extension 'ros'
[0.927s] DEBUG:colcon.colcon_core.package_identification:Package 'src/px4_ros_com' with type 'ros.ament_cmake' and name 'px4_ros_com'
[0.927s] Level 1:colcon.colcon_core.package_discovery:discover_packages(recursive) using defaults
[0.928s] Level 1:colcon.colcon_core.package_discovery:discover_packages(ignore) discover
[0.928s] Level 1:colcon.colcon_core.package_discovery:discover_packages(ignore) using defaults
[0.929s] Level 1:colcon.colcon_core.package_discovery:discover_packages(path) discover
[0.929s] Level 1:colcon.colcon_core.package_discovery:discover_packages(path) using defaults
[1.012s] INFO:colcon.colcon_core.package_selection:Skipping not selected package 'px4_msgs' in 'src/px4_msgs'
[1.013s] Level 1:colcon.colcon_core.package_discovery:discover_packages(prefix_path) check parameters
[1.013s] Level 1:colcon.colcon_core.package_discovery:discover_packages(prefix_path) discover
[1.023s] DEBUG:colcon.colcon_installed_package_information.package_discovery:Found 271 installed packages in /opt/ros/humble
[1.025s] Level 1:colcon.colcon_core.package_discovery:discover_packages(prefix_path) using defaults
[1.137s] Level 5:colcon.colcon_core.verb:set package 'px4_ros_com' build argument 'cmake_args' from command line to 'None'
[1.137s] Level 5:colcon.colcon_core.verb:set package 'px4_ros_com' build argument 'cmake_target' from command line to 'None'
[1.137s] Level 5:colcon.colcon_core.verb:set package 'px4_ros_com' build argument 'cmake_target_skip_unavailable' from command line to 'False'
[1.137s] Level 5:colcon.colcon_core.verb:set package 'px4_ros_com' build argument 'cmake_clean_cache' from command line to 'False'
[1.137s] Level 5:colcon.colcon_core.verb:set package 'px4_ros_com' build argument 'cmake_clean_first' from command line to 'False'
[1.137s] Level 5:colcon.colcon_core.verb:set package 'px4_ros_com' build argument 'cmake_force_configure' from command line to 'False'
[1.138s] Level 5:colcon.colcon_core.verb:set package 'px4_ros_com' build argument 'ament_cmake_args' from command line to 'None'
[1.138s] Level 5:colcon.colcon_core.verb:set package 'px4_ros_com' build argument 'catkin_cmake_args' from command line to 'None'
[1.138s] Level 5:colcon.colcon_core.verb:set package 'px4_ros_com' build argument 'catkin_skip_building_tests' from command line to 'False'
[1.139s] DEBUG:colcon.colcon_core.verb:Building package 'px4_ros_com' with the following arguments: {'ament_cmake_args': None, 'build_base': '/home/pyro/ws_offboard_control/build/px4_ros_com', 'catkin_cmake_args': None, 'catkin_skip_building_tests': False, 'cmake_args': None, 'cmake_clean_cache': False, 'cmake_clean_first': False, 'cmake_force_configure': False, 'cmake_target': None, 'cmake_target_skip_unavailable': False, 'install_base': '/home/pyro/ws_offboard_control/install/px4_ros_com', 'merge_install': False, 'path': '/home/pyro/ws_offboard_control/src/px4_ros_com', 'symlink_install': False, 'test_result_base': None}
[1.140s] INFO:colcon.colcon_core.executor:Executing jobs using 'parallel' executor
[1.143s] DEBUG:colcon.colcon_parallel_executor.executor.parallel:run_until_complete
[1.145s] INFO:colcon.colcon_ros.task.ament_cmake.build:Building ROS package in '/home/pyro/ws_offboard_control/src/px4_ros_com' with build type 'ament_cmake'
[1.146s] INFO:colcon.colcon_cmake.task.cmake.build:Building CMake package in '/home/pyro/ws_offboard_control/src/px4_ros_com'
[1.159s] INFO:colcon.colcon_core.plugin_system:Skipping extension 'colcon_core.shell.bat': Not used on non-Windows systems
[1.160s] INFO:colcon.colcon_core.shell:Skip shell extension 'powershell' for command environment: Not usable outside of PowerShell
[1.160s] DEBUG:colcon.colcon_core.shell:Skip shell extension 'dsv' for command environment
[1.510s] DEBUG:colcon.colcon_core.event_handler.log_command:Invoking command in '/home/pyro/ws_offboard_control/build/px4_ros_com': AMENT_PREFIX_PATH=/home/pyro/ws_offboard_control/install/px4_msgs:${AMENT_PREFIX_PATH} CMAKE_PREFIX_PATH=/home/pyro/ws_offboard_control/install/px4_msgs:/opt/ros/humble LD_LIBRARY_PATH=/home/pyro/ws_offboard_control/install/px4_msgs/lib:${LD_LIBRARY_PATH} PYTHONPATH=/home/pyro/ws_offboard_control/install/px4_msgs/local/lib/python3.10/dist-packages:${PYTHONPATH} /usr/bin/cmake --build /home/pyro/ws_offboard_control/build/px4_ros_com -- -j16 -l16
[90.874s] DEBUG:colcon.colcon_core.event_handler.log_command:Invoked command in '/home/pyro/ws_offboard_control/build/px4_ros_com' returned '0': AMENT_PREFIX_PATH=/home/pyro/ws_offboard_control/install/px4_msgs:${AMENT_PREFIX_PATH} CMAKE_PREFIX_PATH=/home/pyro/ws_offboard_control/install/px4_msgs:/opt/ros/humble LD_LIBRARY_PATH=/home/pyro/ws_offboard_control/install/px4_msgs/lib:${LD_LIBRARY_PATH} PYTHONPATH=/home/pyro/ws_offboard_control/install/px4_msgs/local/lib/python3.10/dist-packages:${PYTHONPATH} /usr/bin/cmake --build /home/pyro/ws_offboard_control/build/px4_ros_com -- -j16 -l16
[90.911s] DEBUG:colcon.colcon_core.event_handler.log_command:Invoking command in '/home/pyro/ws_offboard_control/build/px4_ros_com': AMENT_PREFIX_PATH=/home/pyro/ws_offboard_control/install/px4_msgs:${AMENT_PREFIX_PATH} CMAKE_PREFIX_PATH=/home/pyro/ws_offboard_control/install/px4_msgs:/opt/ros/humble LD_LIBRARY_PATH=/home/pyro/ws_offboard_control/install/px4_msgs/lib:${LD_LIBRARY_PATH} PYTHONPATH=/home/pyro/ws_offboard_control/install/px4_msgs/local/lib/python3.10/dist-packages:${PYTHONPATH} /usr/bin/cmake --install /home/pyro/ws_offboard_control/build/px4_ros_com
[91.192s] Level 1:colcon.colcon_core.environment:create_environment_scripts_only(px4_ros_com)
[91.195s] DEBUG:colcon.colcon_core.event_handler.log_command:Invoked command in '/home/pyro/ws_offboard_control/build/px4_ros_com' returned '0': AMENT_PREFIX_PATH=/home/pyro/ws_offboard_control/install/px4_msgs:${AMENT_PREFIX_PATH} CMAKE_PREFIX_PATH=/home/pyro/ws_offboard_control/install/px4_msgs:/opt/ros/humble LD_LIBRARY_PATH=/home/pyro/ws_offboard_control/install/px4_msgs/lib:${LD_LIBRARY_PATH} PYTHONPATH=/home/pyro/ws_offboard_control/install/px4_msgs/local/lib/python3.10/dist-packages:${PYTHONPATH} /usr/bin/cmake --install /home/pyro/ws_offboard_control/build/px4_ros_com
[91.210s] Level 1:colcon.colcon_core.environment:checking '/home/pyro/ws_offboard_control/install/px4_ros_com' for CMake module files
[91.212s] Level 1:colcon.colcon_core.environment:checking '/home/pyro/ws_offboard_control/install/px4_ros_com' for CMake config files
[91.212s] Level 1:colcon.colcon_core.shell:create_environment_hook('px4_ros_com', 'cmake_prefix_path')
[91.213s] INFO:colcon.colcon_core.shell:Creating environment hook '/home/pyro/ws_offboard_control/install/px4_ros_com/share/px4_ros_com/hook/cmake_prefix_path.ps1'
[91.216s] INFO:colcon.colcon_core.shell:Creating environment descriptor '/home/pyro/ws_offboard_control/install/px4_ros_com/share/px4_ros_com/hook/cmake_prefix_path.dsv'
[91.218s] INFO:colcon.colcon_core.shell:Creating environment hook '/home/pyro/ws_offboard_control/install/px4_ros_com/share/px4_ros_com/hook/cmake_prefix_path.sh'
[91.219s] Level 1:colcon.colcon_core.environment:checking '/home/pyro/ws_offboard_control/install/px4_ros_com/lib'
[91.220s] Level 1:colcon.colcon_core.shell:create_environment_hook('px4_ros_com', 'ld_library_path_lib')
[91.221s] INFO:colcon.colcon_core.shell:Creating environment hook '/home/pyro/ws_offboard_control/install/px4_ros_com/share/px4_ros_com/hook/ld_library_path_lib.ps1'
[91.223s] INFO:colcon.colcon_core.shell:Creating environment descriptor '/home/pyro/ws_offboard_control/install/px4_ros_com/share/px4_ros_com/hook/ld_library_path_lib.dsv'
[91.224s] INFO:colcon.colcon_core.shell:Creating environment hook '/home/pyro/ws_offboard_control/install/px4_ros_com/share/px4_ros_com/hook/ld_library_path_lib.sh'
[91.226s] Level 1:colcon.colcon_core.environment:checking '/home/pyro/ws_offboard_control/install/px4_ros_com/bin'
[91.226s] Level 1:colcon.colcon_core.environment:checking '/home/pyro/ws_offboard_control/install/px4_ros_com/lib/pkgconfig/px4_ros_com.pc'
[91.227s] Level 1:colcon.colcon_core.environment:checking '/home/pyro/ws_offboard_control/install/px4_ros_com/lib/python3.10/site-packages'
[91.228s] Level 1:colcon.colcon_core.environment:checking '/home/pyro/ws_offboard_control/install/px4_ros_com/bin'
[91.228s] INFO:colcon.colcon_core.shell:Creating package script '/home/pyro/ws_offboard_control/install/px4_ros_com/share/px4_ros_com/package.ps1'
[91.230s] INFO:colcon.colcon_core.shell:Creating package descriptor '/home/pyro/ws_offboard_control/install/px4_ros_com/share/px4_ros_com/package.dsv'
[91.231s] INFO:colcon.colcon_core.shell:Creating package script '/home/pyro/ws_offboard_control/install/px4_ros_com/share/px4_ros_com/package.sh'
[91.232s] INFO:colcon.colcon_core.shell:Creating package script '/home/pyro/ws_offboard_control/install/px4_ros_com/share/px4_ros_com/package.bash'
[91.236s] INFO:colcon.colcon_core.shell:Creating package script '/home/pyro/ws_offboard_control/install/px4_ros_com/share/px4_ros_com/package.zsh'
[91.238s] Level 1:colcon.colcon_core.environment:create_file_with_runtime_dependencies(/home/pyro/ws_offboard_control/install/px4_ros_com/share/colcon-core/packages/px4_ros_com)
[91.240s] Level 1:colcon.colcon_core.environment:create_environment_scripts_only(px4_ros_com)
[91.241s] Level 1:colcon.colcon_core.environment:checking '/home/pyro/ws_offboard_control/install/px4_ros_com' for CMake module files
[91.242s] Level 1:colcon.colcon_core.environment:checking '/home/pyro/ws_offboard_control/install/px4_ros_com' for CMake config files
[91.244s] Level 1:colcon.colcon_core.shell:create_environment_hook('px4_ros_com', 'cmake_prefix_path')
[91.245s] INFO:colcon.colcon_core.shell:Creating environment hook '/home/pyro/ws_offboard_control/install/px4_ros_com/share/px4_ros_com/hook/cmake_prefix_path.ps1'
[91.246s] INFO:colcon.colcon_core.shell:Creating environment descriptor '/home/pyro/ws_offboard_control/install/px4_ros_com/share/px4_ros_com/hook/cmake_prefix_path.dsv'
[91.247s] INFO:colcon.colcon_core.shell:Creating environment hook '/home/pyro/ws_offboard_control/install/px4_ros_com/share/px4_ros_com/hook/cmake_prefix_path.sh'
[91.249s] Level 1:colcon.colcon_core.environment:checking '/home/pyro/ws_offboard_control/install/px4_ros_com/lib'
[91.250s] Level 1:colcon.colcon_core.shell:create_environment_hook('px4_ros_com', 'ld_library_path_lib')
[91.252s] INFO:colcon.colcon_core.shell:Creating environment hook '/home/pyro/ws_offboard_control/install/px4_ros_com/share/px4_ros_com/hook/ld_library_path_lib.ps1'
[91.254s] INFO:colcon.colcon_core.shell:Creating environment descriptor '/home/pyro/ws_offboard_control/install/px4_ros_com/share/px4_ros_com/hook/ld_library_path_lib.dsv'
[91.255s] INFO:colcon.colcon_core.shell:Creating environment hook '/home/pyro/ws_offboard_control/install/px4_ros_com/share/px4_ros_com/hook/ld_library_path_lib.sh'
[91.256s] Level 1:colcon.colcon_core.environment:checking '/home/pyro/ws_offboard_control/install/px4_ros_com/bin'
[91.256s] Level 1:colcon.colcon_core.environment:checking '/home/pyro/ws_offboard_control/install/px4_ros_com/lib/pkgconfig/px4_ros_com.pc'
[91.257s] Level 1:colcon.colcon_core.environment:checking '/home/pyro/ws_offboard_control/install/px4_ros_com/lib/python3.10/site-packages'
[91.257s] Level 1:colcon.colcon_core.environment:checking '/home/pyro/ws_offboard_control/install/px4_ros_com/bin'
[91.258s] INFO:colcon.colcon_core.shell:Creating package script '/home/pyro/ws_offboard_control/install/px4_ros_com/share/px4_ros_com/package.ps1'
[91.261s] INFO:colcon.colcon_core.shell:Creating package descriptor '/home/pyro/ws_offboard_control/install/px4_ros_com/share/px4_ros_com/package.dsv'
[91.263s] INFO:colcon.colcon_core.shell:Creating package script '/home/pyro/ws_offboard_control/install/px4_ros_com/share/px4_ros_com/package.sh'
[91.265s] INFO:colcon.colcon_core.shell:Creating package script '/home/pyro/ws_offboard_control/install/px4_ros_com/share/px4_ros_com/package.bash'
[91.266s] INFO:colcon.colcon_core.shell:Creating package script '/home/pyro/ws_offboard_control/install/px4_ros_com/share/px4_ros_com/package.zsh'
[91.267s] Level 1:colcon.colcon_core.environment:create_file_with_runtime_dependencies(/home/pyro/ws_offboard_control/install/px4_ros_com/share/colcon-core/packages/px4_ros_com)
[91.268s] DEBUG:colcon.colcon_parallel_executor.executor.parallel:closing loop
[91.269s] DEBUG:colcon.colcon_parallel_executor.executor.parallel:loop closed
[91.269s] DEBUG:colcon.colcon_parallel_executor.executor.parallel:run_until_complete finished with '0'
[91.269s] DEBUG:colcon.colcon_core.event_reactor:joining thread
[91.437s] INFO:colcon.colcon_core.plugin_system:Skipping extension 'colcon_notification.desktop_notification.notify_send': Could not find 'notify-send'
[91.438s] INFO:colcon.colcon_core.plugin_system:Skipping extension 'colcon_notification.desktop_notification.terminal_notifier': Not used on non-Darwin systems
[91.438s] INFO:colcon.colcon_core.plugin_system:Skipping extension 'colcon_notification.desktop_notification.win32': Not used on non-Windows systems
[91.438s] INFO:colcon.colcon_notification.desktop_notification:Sending desktop notification using 'notify2'
[91.439s] DEBUG:colcon.colcon_notification.desktop_notification.notify2:Failed to initialize notify2: org.freedesktop.DBus.Error.FileNotFound: Failed to connect to socket /run/user/1000/bus: No such file or directory
[91.439s] DEBUG:colcon.colcon_core.event_reactor:joined thread
[91.441s] INFO:colcon.colcon_core.shell:Creating prefix script '/home/pyro/ws_offboard_control/install/local_setup.ps1'
[91.445s] INFO:colcon.colcon_core.shell:Creating prefix util module '/home/pyro/ws_offboard_control/install/_local_setup_util_ps1.py'
[91.447s] INFO:colcon.colcon_core.shell:Creating prefix chain script '/home/pyro/ws_offboard_control/install/setup.ps1'
[91.450s] INFO:colcon.colcon_core.shell:Creating prefix script '/home/pyro/ws_offboard_control/install/local_setup.sh'
[91.451s] INFO:colcon.colcon_core.shell:Creating prefix util module '/home/pyro/ws_offboard_control/install/_local_setup_util_sh.py'
[91.453s] INFO:colcon.colcon_core.shell:Creating prefix chain script '/home/pyro/ws_offboard_control/install/setup.sh'
[91.456s] INFO:colcon.colcon_core.shell:Creating prefix script '/home/pyro/ws_offboard_control/install/local_setup.bash'
[91.458s] INFO:colcon.colcon_core.shell:Creating prefix chain script '/home/pyro/ws_offboard_control/install/setup.bash'
[91.463s] INFO:colcon.colcon_core.shell:Creating prefix script '/home/pyro/ws_offboard_control/install/local_setup.zsh'
[91.465s] INFO:colcon.colcon_core.shell:Creating prefix chain script '/home/pyro/ws_offboard_control/install/setup.zsh'
