[0.337s] Invoking command in '/home/pyro/ws_offboard_control/build/px4_ros_com': CMAKE_PREFIX_PATH=/home/pyro/ws_offboard_control/install/px4_msgs:/home/pyro/ws_offboard_control/install/px4_ros_com:/opt/ros/humble LD_LIBRARY_PATH=/home/pyro/ws_offboard_control/install/px4_msgs/lib:/home/pyro/ws_offboard_control/install/px4_ros_com/lib:/opt/ros/humble/opt/rviz_ogre_vendor/lib:/opt/ros/humble/lib/x86_64-linux-gnu:/opt/ros/humble/lib /usr/bin/cmake --build /home/pyro/ws_offboard_control/build/px4_ros_com -- -j16 -l16
[0.601s] [35m[1mConsolidate compiler generated dependencies of target offboard_control[0m
[0.645s] [ 16%] Built target offboard_control_srv
[0.660s] [ 33%] Built target debug_vect_advertiser
[0.661s] [ 50%] Built target frame_transforms
[0.664s] [ 66%] Built target sensor_combined_listener
[0.666s] [ 83%] Built target vehicle_gps_position_listener
[0.675s] [ 83%] Built target ament_cmake_python_copy_px4_ros_com
[0.683s] [ 91%] [32mBuilding CXX object CMakeFiles/offboard_control.dir/src/examples/offboard/offboard_control.cpp.o[0m
[1.570s] running egg_info
[1.642s] writing px4_ros_com.egg-info/PKG-INFO
[1.644s] writing dependency_links to px4_ros_com.egg-info/dependency_links.txt
[1.645s] writing top-level names to px4_ros_com.egg-info/top_level.txt
[1.810s] reading manifest file 'px4_ros_com.egg-info/SOURCES.txt'
[1.813s] writing manifest file 'px4_ros_com.egg-info/SOURCES.txt'
[1.950s] [ 91%] Built target ament_cmake_python_build_px4_ros_com_egg
[16.613s] [01m[K/home/pyro/ws_offboard_control/src/px4_ros_com/src/examples/offboard/offboard_control.cpp:[m[K In lambda function:
[16.614s] [01m[K/home/pyro/ws_offboard_control/src/px4_ros_com/src/examples/offboard/offboard_control.cpp:104:77:[m[K [01;31m[Kerror: [m[K‘[01m[Klast_time_[m[K’ was not declared in this scope
[16.614s]   104 |                         double dt_sec = std::chrono::duration<double>(now - [01;31m[Klast_time_[m[K).count();
[16.614s]       |                                                                             [01;31m[K^~~~~~~~~~[m[K
[17.542s] [01m[K/home/pyro/ws_offboard_control/src/px4_ros_com/src/examples/offboard/offboard_control.cpp:[m[K In member function ‘[01m[Kvoid OffboardControl::calculate_control_commands(double)[m[K’:
[17.542s] [01m[K/home/pyro/ws_offboard_control/src/px4_ros_com/src/examples/offboard/offboard_control.cpp:459:57:[m[K [01;35m[Kwarning: [m[Kunused parameter ‘[01m[Kdt[m[K’ [[01;35m[K]8;;https://gcc.gnu.org/onlinedocs/gcc/Warning-Options.html#index-Wunused-parameter-Wunused-parameter]8;;[m[K]
[17.542s]   459 | void OffboardControl::calculate_control_commands([01;35m[Kdouble dt[m[K)
[17.543s]       |                                                  [01;35m[K~~~~~~~^~[m[K
[36.321s] gmake[2]: *** [CMakeFiles/offboard_control.dir/build.make:76: CMakeFiles/offboard_control.dir/src/examples/offboard/offboard_control.cpp.o] Error 1
[36.322s] gmake[1]: *** [CMakeFiles/Makefile2:254: CMakeFiles/offboard_control.dir/all] Error 2
[36.324s] gmake: *** [Makefile:146: all] Error 2
[36.333s] Invoked command in '/home/pyro/ws_offboard_control/build/px4_ros_com' returned '2': CMAKE_PREFIX_PATH=/home/pyro/ws_offboard_control/install/px4_msgs:/home/pyro/ws_offboard_control/install/px4_ros_com:/opt/ros/humble LD_LIBRARY_PATH=/home/pyro/ws_offboard_control/install/px4_msgs/lib:/home/pyro/ws_offboard_control/install/px4_ros_com/lib:/opt/ros/humble/opt/rviz_ogre_vendor/lib:/opt/ros/humble/lib/x86_64-linux-gnu:/opt/ros/humble/lib /usr/bin/cmake --build /home/pyro/ws_offboard_control/build/px4_ros_com -- -j16 -l16
