[ 10%] Built target frame_transforms
[ 30%] Built target offboard_control_thrust_torque
[ 30%] Built target debug_vect_advertiser
[ 40%] Built target sensor_combined_listener
[ 50%] Built target offboard_control_srv
[ 60%] Built target offboard_control_spin_lsq
[ 80%] Built target vehicle_gps_position_listener
[ 80%] Built target offboard_control
[ 90%] Built target offboard_control_tilt_axis
[100%] Built target offboard_control_spin_tt
[100%] Built target ament_cmake_python_copy_px4_ros_com
Traceback (most recent call last):
  File "/home/pyro/ws_offboard_control/build/px4_ros_com/ament_cmake_python/px4_ros_com/setup.py", line 4, in <module>
    setup(
  File "/home/pyro/.local/lib/python3.10/site-packages/setuptools/__init__.py", line 117, in setup
    return distutils.core.setup(**attrs)
  File "/home/pyro/.local/lib/python3.10/site-packages/setuptools/_distutils/core.py", line 148, in setup
    _setup_distribution = dist = klass(attrs)
  File "/home/pyro/.local/lib/python3.10/site-packages/setuptools/dist.py", line 323, in __init__
    _Distribution.__init__(self, dist_attrs)
  File "/home/pyro/.local/lib/python3.10/site-packages/setuptools/_distutils/dist.py", line 309, in __init__
    self.finalize_options()
  File "/home/pyro/.local/lib/python3.10/site-packages/setuptools/dist.py", line 782, in finalize_options
    defined = metadata.entry_points(group=group)
  File "/usr/lib/python3.10/importlib/metadata/__init__.py", line 1021, in entry_points
    return SelectableGroups.load(eps).select(**params)
  File "/usr/lib/python3.10/importlib/metadata/__init__.py", line 459, in load
    ordered = sorted(eps, key=by_group)
  File "/usr/lib/python3.10/importlib/metadata/__init__.py", line 1019, in <genexpr>
    dist.entry_points for dist in unique(distributions())
  File "/usr/lib/python3.10/importlib/metadata/__init__.py", line 631, in entry_points
    return EntryPoints._from_text_for(self.read_text('entry_points.txt'), self)
  File "/usr/lib/python3.10/importlib/metadata/__init__.py", line 927, in read_text
    return self._path.joinpath(filename).read_text(encoding='utf-8')
  File "/usr/lib/python3.10/pathlib.py", line 1134, in read_text
    with self.open(mode='r', encoding=encoding, errors=errors) as f:
  File "/usr/lib/python3.10/pathlib.py", line 1119, in open
    return self._accessor.open(self, mode, buffering, encoding, errors,
  File "/usr/lib/python3.10/codecs.py", line 309, in __init__
    def __init__(self, errors='strict'):
KeyboardInterrupt
gmake[2]: *** [CMakeFiles/ament_cmake_python_build_px4_ros_com_egg.dir/build.make:70: CMakeFiles/ament_cmake_python_build_px4_ros_com_egg] Interrupt
gmake[1]: *** [CMakeFiles/Makefile2:444: CMakeFiles/ament_cmake_python_build_px4_ros_com_egg.dir/all] Interrupt
gmake: *** [Makefile:146: all] Interrupt
