[35m[1mConsolidate compiler generated dependencies of target offboard_control_spin_tt[0m
[ 30%] Built target sensor_combined_listener
[ 30%] Built target debug_vect_advertiser
[ 30%] Built target vehicle_gps_position_listener
[ 60%] Built target offboard_control_thrust_torque
[ 60%] Built target frame_transforms
[ 60%] Built target offboard_control_spin_lsq
[ 70%] Built target offboard_control_tilt_axis
[ 80%] Built target offboard_control_srv
[ 90%] Built target offboard_control
[ 90%] Built target ament_cmake_python_copy_px4_ros_com
[ 95%] [32mBuilding CXX object CMakeFiles/offboard_control_spin_tt.dir/src/examples/offboard/offboard_control_spin_tt.cpp.o[0m
running egg_info
writing px4_ros_com.egg-info/PKG-INFO
writing dependency_links to px4_ros_com.egg-info/dependency_links.txt
writing top-level names to px4_ros_com.egg-info/top_level.txt
reading manifest file 'px4_ros_com.egg-info/SOURCES.txt'
writing manifest file 'px4_ros_com.egg-info/SOURCES.txt'
[ 95%] Built target ament_cmake_python_build_px4_ros_com_egg
[01m[K/home/pyro/ws_offboard_control/src/px4_ros_com/src/examples/offboard/offboard_control_spin_tt.cpp:[m[K In member function ‘[01m[Kvoid OffboardControl::log_data(double)[m[K’:
[01m[K/home/pyro/ws_offboard_control/src/px4_ros_com/src/examples/offboard/offboard_control_spin_tt.cpp:342:31:[m[K [01;31m[Kerror: [m[K‘[01m[Know_s[m[K’ was not declared in this scope; did you mean ‘[01m[Know[m[K’?
  342 |             log_start_time_ = [01;31m[Know_s[m[K;
      |                               [01;31m[K^~~~~[m[K
      |                               [32m[Know[m[K
[01m[K/home/pyro/ws_offboard_control/src/px4_ros_com/src/examples/offboard/offboard_control_spin_tt.cpp:343:13:[m[K [01;31m[Kerror: [m[K‘[01m[Klast_log_ts_[m[K’ was not declared in this scope
  343 |             [01;31m[Klast_log_ts_[m[K = -1.0; // reset throttle to log immediately
      |             [01;31m[K^~~~~~~~~~~~[m[K
gmake[2]: *** [CMakeFiles/offboard_control_spin_tt.dir/build.make:76: CMakeFiles/offboard_control_spin_tt.dir/src/examples/offboard/offboard_control_spin_tt.cpp.o] Error 1
gmake[1]: *** [CMakeFiles/Makefile2:340: CMakeFiles/offboard_control_spin_tt.dir/all] Error 2
gmake: *** [Makefile:146: all] Error 2
