[0.301s] Invoking command in '/home/pyro/ws_offboard_control/build/px4_ros_com': CMAKE_PREFIX_PATH=/home/pyro/ws_offboard_control/install/px4_msgs:/home/pyro/ws_offboard_control/install/px4_ros_com:/opt/ros/humble LD_LIBRARY_PATH=/home/pyro/ws_offboard_control/install/px4_msgs/lib:/home/pyro/ws_offboard_control/install/px4_ros_com/lib:/opt/ros/humble/opt/rviz_ogre_vendor/lib:/opt/ros/humble/lib/x86_64-linux-gnu:/opt/ros/humble/lib /usr/bin/cmake --build /home/pyro/ws_offboard_control/build/px4_ros_com -- -j16 -l16
[0.465s] [35m[1mConsolidate compiler generated dependencies of target offboard_control_spin_tt[0m
[0.492s] [ 30%] Built target sensor_combined_listener
[0.492s] [ 30%] Built target debug_vect_advertiser
[0.493s] [ 30%] Built target vehicle_gps_position_listener
[0.494s] [ 60%] Built target offboard_control_thrust_torque
[0.494s] [ 60%] Built target frame_transforms
[0.495s] [ 60%] Built target offboard_control_spin_lsq
[0.505s] [ 70%] Built target offboard_control_tilt_axis
[0.510s] [ 80%] Built target offboard_control_srv
[0.511s] [ 90%] Built target offboard_control
[0.517s] [ 90%] Built target ament_cmake_python_copy_px4_ros_com
[0.522s] [ 95%] [32mBuilding CXX object CMakeFiles/offboard_control_spin_tt.dir/src/examples/offboard/offboard_control_spin_tt.cpp.o[0m
[0.984s] running egg_info
[1.015s] writing px4_ros_com.egg-info/PKG-INFO
[1.017s] writing dependency_links to px4_ros_com.egg-info/dependency_links.txt
[1.017s] writing top-level names to px4_ros_com.egg-info/top_level.txt
[1.103s] reading manifest file 'px4_ros_com.egg-info/SOURCES.txt'
[1.105s] writing manifest file 'px4_ros_com.egg-info/SOURCES.txt'
[1.170s] [ 95%] Built target ament_cmake_python_build_px4_ros_com_egg
[8.939s] [01m[K/home/pyro/ws_offboard_control/src/px4_ros_com/src/examples/offboard/offboard_control_spin_tt.cpp:[m[K In member function ‘[01m[Kvoid OffboardControl::log_data(double)[m[K’:
[8.939s] [01m[K/home/pyro/ws_offboard_control/src/px4_ros_com/src/examples/offboard/offboard_control_spin_tt.cpp:342:31:[m[K [01;31m[Kerror: [m[K‘[01m[Know_s[m[K’ was not declared in this scope; did you mean ‘[01m[Know[m[K’?
[8.939s]   342 |             log_start_time_ = [01;31m[Know_s[m[K;
[8.939s]       |                               [01;31m[K^~~~~[m[K
[8.939s]       |                               [32m[Know[m[K
[8.953s] [01m[K/home/pyro/ws_offboard_control/src/px4_ros_com/src/examples/offboard/offboard_control_spin_tt.cpp:343:13:[m[K [01;31m[Kerror: [m[K‘[01m[Klast_log_ts_[m[K’ was not declared in this scope
[8.954s]   343 |             [01;31m[Klast_log_ts_[m[K = -1.0; // reset throttle to log immediately
[8.954s]       |             [01;31m[K^~~~~~~~~~~~[m[K
[30.493s] gmake[2]: *** [CMakeFiles/offboard_control_spin_tt.dir/build.make:76: CMakeFiles/offboard_control_spin_tt.dir/src/examples/offboard/offboard_control_spin_tt.cpp.o] Error 1
[30.494s] gmake[1]: *** [CMakeFiles/Makefile2:340: CMakeFiles/offboard_control_spin_tt.dir/all] Error 2
[30.494s] gmake: *** [Makefile:146: all] Error 2
[30.501s] Invoked command in '/home/pyro/ws_offboard_control/build/px4_ros_com' returned '2': CMAKE_PREFIX_PATH=/home/pyro/ws_offboard_control/install/px4_msgs:/home/pyro/ws_offboard_control/install/px4_ros_com:/opt/ros/humble LD_LIBRARY_PATH=/home/pyro/ws_offboard_control/install/px4_msgs/lib:/home/pyro/ws_offboard_control/install/px4_ros_com/lib:/opt/ros/humble/opt/rviz_ogre_vendor/lib:/opt/ros/humble/lib/x86_64-linux-gnu:/opt/ros/humble/lib /usr/bin/cmake --build /home/pyro/ws_offboard_control/build/px4_ros_com -- -j16 -l16
