[0.418s] Invoking command in '/home/pyro/ws_offboard_control/build/px4_ros_com': CMAKE_PREFIX_PATH=/home/pyro/ws_offboard_control/install/px4_msgs:/home/pyro/ws_offboard_control/install/px4_ros_com:/opt/ros/humble LD_LIBRARY_PATH=/home/pyro/ws_offboard_control/install/px4_msgs/lib:/home/pyro/ws_offboard_control/install/px4_ros_com/lib:/opt/ros/humble/opt/rviz_ogre_vendor/lib:/opt/ros/humble/lib/x86_64-linux-gnu:/opt/ros/humble/lib /usr/bin/cmake --build /home/pyro/ws_offboard_control/build/px4_ros_com -- -j16 -l16
[0.792s] [35m[1mConsolidate compiler generated dependencies of target offboard_control[0m
[0.841s] [ 16%] Built target frame_transforms
[0.841s] [ 16%] Built target ament_cmake_python_copy_px4_ros_com
[0.867s] [ 33%] Built target offboard_control_srv
[0.869s] [ 41%] [32mBuilding CXX object CMakeFiles/offboard_control.dir/src/examples/offboard/offboard_control.cpp.o[0m
[0.870s] [ 58%] Built target sensor_combined_listener
[0.872s] [ 75%] Built target debug_vect_advertiser
[0.879s] [ 91%] Built target vehicle_gps_position_listener
[1.568s] running egg_info
[1.636s] writing px4_ros_com.egg-info/PKG-INFO
[1.638s] writing dependency_links to px4_ros_com.egg-info/dependency_links.txt
[1.641s] writing top-level names to px4_ros_com.egg-info/top_level.txt
[1.837s] reading manifest file 'px4_ros_com.egg-info/SOURCES.txt'
[1.840s] writing manifest file 'px4_ros_com.egg-info/SOURCES.txt'
[1.951s] [ 91%] Built target ament_cmake_python_build_px4_ros_com_egg
[13.115s] [01m[K/home/pyro/ws_offboard_control/src/px4_ros_com/src/examples/offboard/offboard_control.cpp:[m[K In constructor ‘[01m[KOffboardControl::OffboardControl()[m[K’:
[13.115s] [01m[K/home/pyro/ws_offboard_control/src/px4_ros_com/src/examples/offboard/offboard_control.cpp:100:17:[m[K [01;31m[Kerror: [m[K‘[01m[Klast_time_[m[K’ was not declared in this scope
[13.116s]   100 |                 [01;31m[Klast_time_[m[K = std::chrono::steady_clock::now();
[13.116s]       |                 [01;31m[K^~~~~~~~~~[m[K
[13.116s] [01m[K/home/pyro/ws_offboard_control/src/px4_ros_com/src/examples/offboard/offboard_control.cpp:[m[K In lambda function:
[13.116s] [01m[K/home/pyro/ws_offboard_control/src/px4_ros_com/src/examples/offboard/offboard_control.cpp:104:77:[m[K [01;31m[Kerror: [m[K‘[01m[Klast_time_[m[K’ is not captured
[13.116s]   104 |                         double dt_sec = std::chrono::duration<double>(now - [01;31m[Klast_time_[m[K).count();
[13.116s]       |                                                                             [01;31m[K^~~~~~~~~~[m[K
[13.116s] [01m[K/home/pyro/ws_offboard_control/src/px4_ros_com/src/examples/offboard/offboard_control.cpp:101:44:[m[K [01;36m[Knote: [m[Kthe lambda has no capture-default
[13.117s]   101 |                 auto timer_callback = [this[01;36m[K][m[K() -> void {
[13.117s]       |                                            [01;36m[K^[m[K
[13.117s] [01m[K/home/pyro/ws_offboard_control/src/px4_ros_com/src/examples/offboard/offboard_control.cpp:100:17:[m[K [01;36m[Knote: [m[K‘[01m[K<typeprefixerror>last_time_[m[K’ declared here
[13.117s]   100 |                 [01;36m[Klast_time_[m[K = std::chrono::steady_clock::now();
[13.117s]       |                 [01;36m[K^~~~~~~~~~[m[K
[13.117s] [01m[K/home/pyro/ws_offboard_control/src/px4_ros_com/src/examples/offboard/offboard_control.cpp:105:25:[m[K [01;31m[Kerror: [m[K‘[01m[Klast_time_[m[K’ is not captured
[13.117s]   105 |                         [01;31m[Klast_time_[m[K = now;
[13.117s]       |                         [01;31m[K^~~~~~~~~~[m[K
[13.118s] [01m[K/home/pyro/ws_offboard_control/src/px4_ros_com/src/examples/offboard/offboard_control.cpp:101:44:[m[K [01;36m[Knote: [m[Kthe lambda has no capture-default
[13.118s]   101 |                 auto timer_callback = [this[01;36m[K][m[K() -> void {
[13.118s]       |                                            [01;36m[K^[m[K
[13.118s] [01m[K/home/pyro/ws_offboard_control/src/px4_ros_com/src/examples/offboard/offboard_control.cpp:100:17:[m[K [01;36m[Knote: [m[K‘[01m[K<typeprefixerror>last_time_[m[K’ declared here
[13.118s]   100 |                 [01;36m[Klast_time_[m[K = std::chrono::steady_clock::now();
[13.118s]       |                 [01;36m[K^~~~~~~~~~[m[K
[14.499s] [01m[K/home/pyro/ws_offboard_control/src/px4_ros_com/src/examples/offboard/offboard_control.cpp:[m[K In member function ‘[01m[Kvoid OffboardControl::publish_vehicle_torque_setpoints()[m[K’:
[14.499s] [01m[K/home/pyro/ws_offboard_control/src/px4_ros_com/src/examples/offboard/offboard_control.cpp:362:59:[m[K [01;31m[Kerror: [m[K‘[01m[Kdt_sec[m[K’ was not declared in this scope
[14.499s]   362 |         rate_error_dot = (rate_error - prev_rate_error) / [01;31m[Kdt_sec[m[K;
[14.499s]       |                                                           [01;31m[K^~~~~~[m[K
[14.509s] [01m[K/home/pyro/ws_offboard_control/src/px4_ros_com/src/examples/offboard/offboard_control.cpp:[m[K In member function ‘[01m[Kvoid OffboardControl::calculate_control_commands(double)[m[K’:
[14.510s] [01m[K/home/pyro/ws_offboard_control/src/px4_ros_com/src/examples/offboard/offboard_control.cpp:458:57:[m[K [01;35m[Kwarning: [m[Kunused parameter ‘[01m[Kdt[m[K’ [[01;35m[K]8;;https://gcc.gnu.org/onlinedocs/gcc/Warning-Options.html#index-Wunused-parameter-Wunused-parameter]8;;[m[K]
[14.510s]   458 | void OffboardControl::calculate_control_commands([01;35m[Kdouble dt[m[K)
[14.510s]       |                                                  [01;35m[K~~~~~~~^~[m[K
[32.465s] gmake[2]: *** [CMakeFiles/offboard_control.dir/build.make:76: CMakeFiles/offboard_control.dir/src/examples/offboard/offboard_control.cpp.o] Error 1
[32.466s] gmake[1]: *** [CMakeFiles/Makefile2:254: CMakeFiles/offboard_control.dir/all] Error 2
[32.467s] gmake: *** [Makefile:146: all] Error 2
[32.476s] Invoked command in '/home/pyro/ws_offboard_control/build/px4_ros_com' returned '2': CMAKE_PREFIX_PATH=/home/pyro/ws_offboard_control/install/px4_msgs:/home/pyro/ws_offboard_control/install/px4_ros_com:/opt/ros/humble LD_LIBRARY_PATH=/home/pyro/ws_offboard_control/install/px4_msgs/lib:/home/pyro/ws_offboard_control/install/px4_ros_com/lib:/opt/ros/humble/opt/rviz_ogre_vendor/lib:/opt/ros/humble/lib/x86_64-linux-gnu:/opt/ros/humble/lib /usr/bin/cmake --build /home/pyro/ws_offboard_control/build/px4_ros_com -- -j16 -l16
