[0.257s] Invoking command in '/home/pyro/ws_offboard_control/build/px4_ros_com': CMAKE_PREFIX_PATH=/home/pyro/ws_offboard_control/install/px4_msgs:/home/pyro/ws_offboard_control/install/px4_ros_com:/opt/ros/humble LD_LIBRARY_PATH=/home/pyro/ws_offboard_control/install/px4_msgs/lib:/home/pyro/ws_offboard_control/install/px4_ros_com/lib:/opt/ros/humble/opt/rviz_ogre_vendor/lib:/opt/ros/humble/lib/x86_64-linux-gnu:/opt/ros/humble/lib /usr/bin/cmake --build /home/pyro/ws_offboard_control/build/px4_ros_com -- -j16 -l16
[0.447s] [35m[1mConsolidate compiler generated dependencies of target offboard_control_spin_tt[0m
[0.481s] [  0%] Built target ament_cmake_python_copy_px4_ros_com
[0.486s] [ 10%] Built target frame_transforms
[0.551s] [ 40%] Built target sensor_combined_listener
[0.551s] [ 40%] Built target debug_vect_advertiser
[0.551s] [ 40%] [32mBuilding CXX object CMakeFiles/offboard_control_spin_tt.dir/src/examples/offboard/offboard_control_spin_tt.cpp.o[0m
[0.551s] [ 55%] Built target offboard_control_srv
[0.552s] [ 55%] Built target vehicle_gps_position_listener
[0.553s] [ 65%] Built target offboard_control
[0.553s] [ 75%] Built target offboard_control_spin_lsq
[0.553s] [ 85%] Built target offboard_control_tilt_axis
[0.557s] [ 95%] Built target offboard_control_thrust_torque
[0.917s] running egg_info
[0.957s] writing px4_ros_com.egg-info/PKG-INFO
[0.959s] writing dependency_links to px4_ros_com.egg-info/dependency_links.txt
[0.960s] writing top-level names to px4_ros_com.egg-info/top_level.txt
[1.088s] reading manifest file 'px4_ros_com.egg-info/SOURCES.txt'
[1.093s] writing manifest file 'px4_ros_com.egg-info/SOURCES.txt'
[1.185s] [ 95%] Built target ament_cmake_python_build_px4_ros_com_egg
[44.115s] [100%] [32m[1mLinking CXX executable offboard_control_spin_tt[0m
[46.439s] [100%] Built target offboard_control_spin_tt
[46.478s] Invoked command in '/home/pyro/ws_offboard_control/build/px4_ros_com' returned '0': CMAKE_PREFIX_PATH=/home/pyro/ws_offboard_control/install/px4_msgs:/home/pyro/ws_offboard_control/install/px4_ros_com:/opt/ros/humble LD_LIBRARY_PATH=/home/pyro/ws_offboard_control/install/px4_msgs/lib:/home/pyro/ws_offboard_control/install/px4_ros_com/lib:/opt/ros/humble/opt/rviz_ogre_vendor/lib:/opt/ros/humble/lib/x86_64-linux-gnu:/opt/ros/humble/lib /usr/bin/cmake --build /home/pyro/ws_offboard_control/build/px4_ros_com -- -j16 -l16
[46.502s] Invoking command in '/home/pyro/ws_offboard_control/build/px4_ros_com': CMAKE_PREFIX_PATH=/home/pyro/ws_offboard_control/install/px4_msgs:/home/pyro/ws_offboard_control/install/px4_ros_com:/opt/ros/humble LD_LIBRARY_PATH=/home/pyro/ws_offboard_control/install/px4_msgs/lib:/home/pyro/ws_offboard_control/install/px4_ros_com/lib:/opt/ros/humble/opt/rviz_ogre_vendor/lib:/opt/ros/humble/lib/x86_64-linux-gnu:/opt/ros/humble/lib /usr/bin/cmake --install /home/pyro/ws_offboard_control/build/px4_ros_com
[46.541s] -- Install configuration: ""
[46.547s] -- Up-to-date: /home/pyro/ws_offboard_control/install/px4_ros_com/lib/px4_ros_com/sensor_combined_listener
[46.549s] -- Up-to-date: /home/pyro/ws_offboard_control/install/px4_ros_com/lib/px4_ros_com/vehicle_gps_position_listener
[46.552s] -- Up-to-date: /home/pyro/ws_offboard_control/install/px4_ros_com/lib/px4_ros_com/debug_vect_advertiser
[46.554s] -- Up-to-date: /home/pyro/ws_offboard_control/install/px4_ros_com/lib/px4_ros_com/offboard_control
[46.556s] -- Up-to-date: /home/pyro/ws_offboard_control/install/px4_ros_com/lib/px4_ros_com/offboard_control_srv
[46.558s] -- Up-to-date: /home/pyro/ws_offboard_control/install/px4_ros_com/lib/px4_ros_com/offboard_control_thrust_torque
[46.561s] -- Installing: /home/pyro/ws_offboard_control/install/px4_ros_com/lib/px4_ros_com/offboard_control_spin_tt
[46.600s] -- Set runtime path of "/home/pyro/ws_offboard_control/install/px4_ros_com/lib/px4_ros_com/offboard_control_spin_tt" to ""
[46.602s] -- Up-to-date: /home/pyro/ws_offboard_control/install/px4_ros_com/lib/px4_ros_com/offboard_control_tilt_axis
[46.605s] -- Up-to-date: /home/pyro/ws_offboard_control/install/px4_ros_com/lib/px4_ros_com/offboard_control_spin_lsq
[46.606s] -- Up-to-date: /home/pyro/ws_offboard_control/install/px4_ros_com/share/px4_ros_com/environment/library_path.sh
[46.608s] -- Up-to-date: /home/pyro/ws_offboard_control/install/px4_ros_com/share/px4_ros_com/environment/library_path.dsv
[46.608s] -- Up-to-date: /home/pyro/ws_offboard_control/install/px4_ros_com/include/px4_ros_com
[46.608s] -- Up-to-date: /home/pyro/ws_offboard_control/install/px4_ros_com/include/px4_ros_com/frame_transforms.h
[46.610s] -- Up-to-date: /home/pyro/ws_offboard_control/install/px4_ros_com/lib/libframe_transforms.so
[46.611s] -- Up-to-date: /home/pyro/ws_offboard_control/install/px4_ros_com/share/px4_ros_com//launch
[46.611s] -- Up-to-date: /home/pyro/ws_offboard_control/install/px4_ros_com/share/px4_ros_com//launch/sensor_combined_listener.launch.py
[46.612s] -- Up-to-date: /home/pyro/ws_offboard_control/install/px4_ros_com/share/px4_ros_com//launch/offboard_control_launch.yaml
[46.612s] -- Up-to-date: /home/pyro/ws_offboard_control/install/px4_ros_com/share/px4_ros_com//test
[46.613s] -- Up-to-date: /home/pyro/ws_offboard_control/install/px4_ros_com/share/px4_ros_com//test/test_output.py
[46.613s] -- Up-to-date: /home/pyro/ws_offboard_control/install/px4_ros_com/share/px4_ros_com//test/pipeline_io_test.py
[46.613s] -- Up-to-date: /home/pyro/ws_offboard_control/install/px4_ros_com/share/px4_ros_com//test/test_input.py
[46.614s] -- Up-to-date: /home/pyro/ws_offboard_control/install/px4_ros_com/share/px4_ros_com//test/__init__.py
[46.614s] -- Up-to-date: /home/pyro/ws_offboard_control/install/px4_ros_com/share/px4_ros_com/environment/pythonpath.sh
[46.614s] -- Up-to-date: /home/pyro/ws_offboard_control/install/px4_ros_com/share/px4_ros_com/environment/pythonpath.dsv
[46.614s] -- Up-to-date: /home/pyro/ws_offboard_control/install/px4_ros_com/local/lib/python3.10/dist-packages/px4_ros_com-0.1.0-py3.10.egg-info
[46.615s] -- Installing: /home/pyro/ws_offboard_control/install/px4_ros_com/local/lib/python3.10/dist-packages/px4_ros_com-0.1.0-py3.10.egg-info/dependency_links.txt
[46.615s] -- Installing: /home/pyro/ws_offboard_control/install/px4_ros_com/local/lib/python3.10/dist-packages/px4_ros_com-0.1.0-py3.10.egg-info/SOURCES.txt
[46.615s] -- Installing: /home/pyro/ws_offboard_control/install/px4_ros_com/local/lib/python3.10/dist-packages/px4_ros_com-0.1.0-py3.10.egg-info/PKG-INFO
[46.616s] -- Installing: /home/pyro/ws_offboard_control/install/px4_ros_com/local/lib/python3.10/dist-packages/px4_ros_com-0.1.0-py3.10.egg-info/top_level.txt
[46.617s] -- Up-to-date: /home/pyro/ws_offboard_control/install/px4_ros_com/local/lib/python3.10/dist-packages/px4_ros_com
[46.618s] -- Up-to-date: /home/pyro/ws_offboard_control/install/px4_ros_com/local/lib/python3.10/dist-packages/px4_ros_com/__init__.py
[46.618s] -- Up-to-date: /home/pyro/ws_offboard_control/install/px4_ros_com/local/lib/python3.10/dist-packages/px4_ros_com/module_to_import.py
[46.707s] Listing '/home/pyro/ws_offboard_control/install/px4_ros_com/local/lib/python3.10/dist-packages/px4_ros_com'...
[46.717s] -- Up-to-date: /home/pyro/ws_offboard_control/install/px4_ros_com/lib/px4_ros_com/offboard_control.py
[46.717s] -- Up-to-date: /home/pyro/ws_offboard_control/install/px4_ros_com/share/ament_index/resource_index/package_run_dependencies/px4_ros_com
[46.718s] -- Up-to-date: /home/pyro/ws_offboard_control/install/px4_ros_com/share/ament_index/resource_index/parent_prefix_path/px4_ros_com
[46.718s] -- Up-to-date: /home/pyro/ws_offboard_control/install/px4_ros_com/share/px4_ros_com/environment/ament_prefix_path.sh
[46.719s] -- Up-to-date: /home/pyro/ws_offboard_control/install/px4_ros_com/share/px4_ros_com/environment/ament_prefix_path.dsv
[46.719s] -- Up-to-date: /home/pyro/ws_offboard_control/install/px4_ros_com/share/px4_ros_com/environment/path.sh
[46.719s] -- Up-to-date: /home/pyro/ws_offboard_control/install/px4_ros_com/share/px4_ros_com/environment/path.dsv
[46.719s] -- Up-to-date: /home/pyro/ws_offboard_control/install/px4_ros_com/share/px4_ros_com/local_setup.bash
[46.720s] -- Up-to-date: /home/pyro/ws_offboard_control/install/px4_ros_com/share/px4_ros_com/local_setup.sh
[46.720s] -- Up-to-date: /home/pyro/ws_offboard_control/install/px4_ros_com/share/px4_ros_com/local_setup.zsh
[46.721s] -- Up-to-date: /home/pyro/ws_offboard_control/install/px4_ros_com/share/px4_ros_com/local_setup.dsv
[46.721s] -- Installing: /home/pyro/ws_offboard_control/install/px4_ros_com/share/px4_ros_com/package.dsv
[46.721s] -- Up-to-date: /home/pyro/ws_offboard_control/install/px4_ros_com/share/ament_index/resource_index/packages/px4_ros_com
[46.721s] -- Up-to-date: /home/pyro/ws_offboard_control/install/px4_ros_com/share/px4_ros_com/cmake/export_frame_transformsExport.cmake
[46.722s] -- Up-to-date: /home/pyro/ws_offboard_control/install/px4_ros_com/share/px4_ros_com/cmake/export_frame_transformsExport-noconfig.cmake
[46.722s] -- Up-to-date: /home/pyro/ws_offboard_control/install/px4_ros_com/share/px4_ros_com/cmake/ament_cmake_export_dependencies-extras.cmake
[46.723s] -- Up-to-date: /home/pyro/ws_offboard_control/install/px4_ros_com/share/px4_ros_com/cmake/ament_cmake_export_targets-extras.cmake
[46.723s] -- Up-to-date: /home/pyro/ws_offboard_control/install/px4_ros_com/share/px4_ros_com/cmake/ament_cmake_export_include_directories-extras.cmake
[46.723s] -- Up-to-date: /home/pyro/ws_offboard_control/install/px4_ros_com/share/px4_ros_com/cmake/ament_cmake_export_libraries-extras.cmake
[46.724s] -- Up-to-date: /home/pyro/ws_offboard_control/install/px4_ros_com/share/px4_ros_com/cmake/px4_ros_comConfig.cmake
[46.724s] -- Up-to-date: /home/pyro/ws_offboard_control/install/px4_ros_com/share/px4_ros_com/cmake/px4_ros_comConfig-version.cmake
[46.724s] -- Up-to-date: /home/pyro/ws_offboard_control/install/px4_ros_com/share/px4_ros_com/package.xml
[46.730s] Invoked command in '/home/pyro/ws_offboard_control/build/px4_ros_com' returned '0': CMAKE_PREFIX_PATH=/home/pyro/ws_offboard_control/install/px4_msgs:/home/pyro/ws_offboard_control/install/px4_ros_com:/opt/ros/humble LD_LIBRARY_PATH=/home/pyro/ws_offboard_control/install/px4_msgs/lib:/home/pyro/ws_offboard_control/install/px4_ros_com/lib:/opt/ros/humble/opt/rviz_ogre_vendor/lib:/opt/ros/humble/lib/x86_64-linux-gnu:/opt/ros/humble/lib /usr/bin/cmake --install /home/pyro/ws_offboard_control/build/px4_ros_com
