[0.454s] DEBUG:colcon:Command line arguments: ['/usr/bin/colcon', 'build', '--packages-select', 'px4_ros_com']
[0.454s] DEBUG:colcon:Parsed command line arguments: Namespace(log_base=None, log_level=None, verb_name='build', build_base='build', install_base='install', merge_install=False, symlink_install=False, test_result_base=None, continue_on_error=False, executor='parallel', parallel_workers=16, event_handlers=None, ignore_user_meta=False, metas=['./colcon.meta'], base_paths=['.'], packages_ignore=None, packages_ignore_regex=None, paths=None, packages_up_to=None, packages_up_to_regex=None, packages_above=None, packages_above_and_dependencies=None, packages_above_depth=None, packages_select_by_dep=None, packages_skip_by_dep=None, packages_skip_up_to=None, packages_select_build_failed=False, packages_skip_build_finished=False, packages_select_test_failures=False, packages_skip_test_passed=False, packages_select=['px4_ros_com'], packages_skip=None, packages_select_regex=None, packages_skip_regex=None, packages_start=None, packages_end=None, allow_overriding=[], cmake_args=None, cmake_target=None, cmake_target_skip_unavailable=False, cmake_clean_cache=False, cmake_clean_first=False, cmake_force_configure=False, ament_cmake_args=None, catkin_cmake_args=None, catkin_skip_building_tests=False, mixin_files=None, mixin=None, verb_parser=<colcon_mixin.mixin.mixin_argument.MixinArgumentDecorator object at 0x707fc784f340>, verb_extension=<colcon_core.verb.build.BuildVerb object at 0x707fc784edd0>, main=<bound method BuildVerb.main of <colcon_core.verb.build.BuildVerb object at 0x707fc784edd0>>, mixin_verb=('build',))
[0.536s] Level 1:colcon.colcon_core.package_discovery:discover_packages(colcon_meta) check parameters
[0.537s] Level 1:colcon.colcon_core.package_discovery:discover_packages(recursive) check parameters
[0.537s] Level 1:colcon.colcon_core.package_discovery:discover_packages(ignore) check parameters
[0.537s] Level 1:colcon.colcon_core.package_discovery:discover_packages(path) check parameters
[0.537s] Level 1:colcon.colcon_core.package_discovery:discover_packages(colcon_meta) discover
[0.537s] Level 1:colcon.colcon_core.package_discovery:discover_packages(recursive) discover
[0.537s] INFO:colcon.colcon_core.package_discovery:Crawling recursively for packages in '/home/pyro/ws_offboard_control'
[0.538s] Level 1:colcon.colcon_core.package_identification:_identify(.) by extensions ['ignore', 'ignore_ament_install']
[0.538s] Level 1:colcon.colcon_core.package_identification:_identify(.) by extension 'ignore'
[0.538s] Level 1:colcon.colcon_core.package_identification:_identify(.) by extension 'ignore_ament_install'
[0.538s] Level 1:colcon.colcon_core.package_identification:_identify(.) by extensions ['colcon_pkg']
[0.538s] Level 1:colcon.colcon_core.package_identification:_identify(.) by extension 'colcon_pkg'
[0.539s] Level 1:colcon.colcon_core.package_identification:_identify(.) by extensions ['colcon_meta']
[0.539s] Level 1:colcon.colcon_core.package_identification:_identify(.) by extension 'colcon_meta'
[0.539s] Level 1:colcon.colcon_core.package_identification:_identify(.) by extensions ['ros']
[0.539s] Level 1:colcon.colcon_core.package_identification:_identify(.) by extension 'ros'
[0.571s] Level 1:colcon.colcon_core.package_identification:_identify(.) by extensions ['cmake', 'python']
[0.571s] Level 1:colcon.colcon_core.package_identification:_identify(.) by extension 'cmake'
[0.571s] Level 1:colcon.colcon_core.package_identification:_identify(.) by extension 'python'
[0.571s] Level 1:colcon.colcon_core.package_identification:_identify(.) by extensions ['python_setup_py']
[0.571s] Level 1:colcon.colcon_core.package_identification:_identify(.) by extension 'python_setup_py'
[0.571s] Level 1:colcon.colcon_core.package_identification:_identify(__pycache__) by extensions ['ignore', 'ignore_ament_install']
[0.571s] Level 1:colcon.colcon_core.package_identification:_identify(__pycache__) by extension 'ignore'
[0.571s] Level 1:colcon.colcon_core.package_identification:_identify(__pycache__) by extension 'ignore_ament_install'
[0.572s] Level 1:colcon.colcon_core.package_identification:_identify(__pycache__) by extensions ['colcon_pkg']
[0.572s] Level 1:colcon.colcon_core.package_identification:_identify(__pycache__) by extension 'colcon_pkg'
[0.572s] Level 1:colcon.colcon_core.package_identification:_identify(__pycache__) by extensions ['colcon_meta']
[0.572s] Level 1:colcon.colcon_core.package_identification:_identify(__pycache__) by extension 'colcon_meta'
[0.572s] Level 1:colcon.colcon_core.package_identification:_identify(__pycache__) by extensions ['ros']
[0.572s] Level 1:colcon.colcon_core.package_identification:_identify(__pycache__) by extension 'ros'
[0.572s] Level 1:colcon.colcon_core.package_identification:_identify(__pycache__) by extensions ['cmake', 'python']
[0.572s] Level 1:colcon.colcon_core.package_identification:_identify(__pycache__) by extension 'cmake'
[0.572s] Level 1:colcon.colcon_core.package_identification:_identify(__pycache__) by extension 'python'
[0.572s] Level 1:colcon.colcon_core.package_identification:_identify(__pycache__) by extensions ['python_setup_py']
[0.572s] Level 1:colcon.colcon_core.package_identification:_identify(__pycache__) by extension 'python_setup_py'
[0.572s] Level 1:colcon.colcon_core.package_identification:_identify(build) by extensions ['ignore', 'ignore_ament_install']
[0.572s] Level 1:colcon.colcon_core.package_identification:_identify(build) by extension 'ignore'
[0.572s] Level 1:colcon.colcon_core.package_identification:_identify(build) ignored
[0.573s] Level 1:colcon.colcon_core.package_identification:_identify(flight_data) by extensions ['ignore', 'ignore_ament_install']
[0.573s] Level 1:colcon.colcon_core.package_identification:_identify(flight_data) by extension 'ignore'
[0.573s] Level 1:colcon.colcon_core.package_identification:_identify(flight_data) by extension 'ignore_ament_install'
[0.573s] Level 1:colcon.colcon_core.package_identification:_identify(flight_data) by extensions ['colcon_pkg']
[0.573s] Level 1:colcon.colcon_core.package_identification:_identify(flight_data) by extension 'colcon_pkg'
[0.573s] Level 1:colcon.colcon_core.package_identification:_identify(flight_data) by extensions ['colcon_meta']
[0.573s] Level 1:colcon.colcon_core.package_identification:_identify(flight_data) by extension 'colcon_meta'
[0.573s] Level 1:colcon.colcon_core.package_identification:_identify(flight_data) by extensions ['ros']
[0.573s] Level 1:colcon.colcon_core.package_identification:_identify(flight_data) by extension 'ros'
[0.573s] Level 1:colcon.colcon_core.package_identification:_identify(flight_data) by extensions ['cmake', 'python']
[0.573s] Level 1:colcon.colcon_core.package_identification:_identify(flight_data) by extension 'cmake'
[0.573s] Level 1:colcon.colcon_core.package_identification:_identify(flight_data) by extension 'python'
[0.573s] Level 1:colcon.colcon_core.package_identification:_identify(flight_data) by extensions ['python_setup_py']
[0.573s] Level 1:colcon.colcon_core.package_identification:_identify(flight_data) by extension 'python_setup_py'
[0.574s] Level 1:colcon.colcon_core.package_identification:_identify(flight_data/config) by extensions ['ignore', 'ignore_ament_install']
[0.574s] Level 1:colcon.colcon_core.package_identification:_identify(flight_data/config) by extension 'ignore'
[0.574s] Level 1:colcon.colcon_core.package_identification:_identify(flight_data/config) by extension 'ignore_ament_install'
[0.574s] Level 1:colcon.colcon_core.package_identification:_identify(flight_data/config) by extensions ['colcon_pkg']
[0.574s] Level 1:colcon.colcon_core.package_identification:_identify(flight_data/config) by extension 'colcon_pkg'
[0.574s] Level 1:colcon.colcon_core.package_identification:_identify(flight_data/config) by extensions ['colcon_meta']
[0.574s] Level 1:colcon.colcon_core.package_identification:_identify(flight_data/config) by extension 'colcon_meta'
[0.575s] Level 1:colcon.colcon_core.package_identification:_identify(flight_data/config) by extensions ['ros']
[0.575s] Level 1:colcon.colcon_core.package_identification:_identify(flight_data/config) by extension 'ros'
[0.575s] Level 1:colcon.colcon_core.package_identification:_identify(flight_data/config) by extensions ['cmake', 'python']
[0.575s] Level 1:colcon.colcon_core.package_identification:_identify(flight_data/config) by extension 'cmake'
[0.575s] Level 1:colcon.colcon_core.package_identification:_identify(flight_data/config) by extension 'python'
[0.575s] Level 1:colcon.colcon_core.package_identification:_identify(flight_data/config) by extensions ['python_setup_py']
[0.575s] Level 1:colcon.colcon_core.package_identification:_identify(flight_data/config) by extension 'python_setup_py'
[0.575s] Level 1:colcon.colcon_core.package_identification:_identify(flight_data/logs) by extensions ['ignore', 'ignore_ament_install']
[0.575s] Level 1:colcon.colcon_core.package_identification:_identify(flight_data/logs) by extension 'ignore'
[0.575s] Level 1:colcon.colcon_core.package_identification:_identify(flight_data/logs) by extension 'ignore_ament_install'
[0.575s] Level 1:colcon.colcon_core.package_identification:_identify(flight_data/logs) by extensions ['colcon_pkg']
[0.575s] Level 1:colcon.colcon_core.package_identification:_identify(flight_data/logs) by extension 'colcon_pkg'
[0.575s] Level 1:colcon.colcon_core.package_identification:_identify(flight_data/logs) by extensions ['colcon_meta']
[0.575s] Level 1:colcon.colcon_core.package_identification:_identify(flight_data/logs) by extension 'colcon_meta'
[0.575s] Level 1:colcon.colcon_core.package_identification:_identify(flight_data/logs) by extensions ['ros']
[0.576s] Level 1:colcon.colcon_core.package_identification:_identify(flight_data/logs) by extension 'ros'
[0.576s] Level 1:colcon.colcon_core.package_identification:_identify(flight_data/logs) by extensions ['cmake', 'python']
[0.576s] Level 1:colcon.colcon_core.package_identification:_identify(flight_data/logs) by extension 'cmake'
[0.576s] Level 1:colcon.colcon_core.package_identification:_identify(flight_data/logs) by extension 'python'
[0.576s] Level 1:colcon.colcon_core.package_identification:_identify(flight_data/logs) by extensions ['python_setup_py']
[0.576s] Level 1:colcon.colcon_core.package_identification:_identify(flight_data/logs) by extension 'python_setup_py'
[0.576s] Level 1:colcon.colcon_core.package_identification:_identify(flight_data/outputs) by extensions ['ignore', 'ignore_ament_install']
[0.576s] Level 1:colcon.colcon_core.package_identification:_identify(flight_data/outputs) by extension 'ignore'
[0.576s] Level 1:colcon.colcon_core.package_identification:_identify(flight_data/outputs) by extension 'ignore_ament_install'
[0.576s] Level 1:colcon.colcon_core.package_identification:_identify(flight_data/outputs) by extensions ['colcon_pkg']
[0.576s] Level 1:colcon.colcon_core.package_identification:_identify(flight_data/outputs) by extension 'colcon_pkg'
[0.576s] Level 1:colcon.colcon_core.package_identification:_identify(flight_data/outputs) by extensions ['colcon_meta']
[0.576s] Level 1:colcon.colcon_core.package_identification:_identify(flight_data/outputs) by extension 'colcon_meta'
[0.576s] Level 1:colcon.colcon_core.package_identification:_identify(flight_data/outputs) by extensions ['ros']
[0.576s] Level 1:colcon.colcon_core.package_identification:_identify(flight_data/outputs) by extension 'ros'
[0.576s] Level 1:colcon.colcon_core.package_identification:_identify(flight_data/outputs) by extensions ['cmake', 'python']
[0.576s] Level 1:colcon.colcon_core.package_identification:_identify(flight_data/outputs) by extension 'cmake'
[0.576s] Level 1:colcon.colcon_core.package_identification:_identify(flight_data/outputs) by extension 'python'
[0.577s] Level 1:colcon.colcon_core.package_identification:_identify(flight_data/outputs) by extensions ['python_setup_py']
[0.577s] Level 1:colcon.colcon_core.package_identification:_identify(flight_data/outputs) by extension 'python_setup_py'
[0.577s] Level 1:colcon.colcon_core.package_identification:_identify(flight_data/scripts) by extensions ['ignore', 'ignore_ament_install']
[0.577s] Level 1:colcon.colcon_core.package_identification:_identify(flight_data/scripts) by extension 'ignore'
[0.577s] Level 1:colcon.colcon_core.package_identification:_identify(flight_data/scripts) by extension 'ignore_ament_install'
[0.577s] Level 1:colcon.colcon_core.package_identification:_identify(flight_data/scripts) by extensions ['colcon_pkg']
[0.577s] Level 1:colcon.colcon_core.package_identification:_identify(flight_data/scripts) by extension 'colcon_pkg'
[0.577s] Level 1:colcon.colcon_core.package_identification:_identify(flight_data/scripts) by extensions ['colcon_meta']
[0.577s] Level 1:colcon.colcon_core.package_identification:_identify(flight_data/scripts) by extension 'colcon_meta'
[0.577s] Level 1:colcon.colcon_core.package_identification:_identify(flight_data/scripts) by extensions ['ros']
[0.577s] Level 1:colcon.colcon_core.package_identification:_identify(flight_data/scripts) by extension 'ros'
[0.577s] Level 1:colcon.colcon_core.package_identification:_identify(flight_data/scripts) by extensions ['cmake', 'python']
[0.577s] Level 1:colcon.colcon_core.package_identification:_identify(flight_data/scripts) by extension 'cmake'
[0.577s] Level 1:colcon.colcon_core.package_identification:_identify(flight_data/scripts) by extension 'python'
[0.577s] Level 1:colcon.colcon_core.package_identification:_identify(flight_data/scripts) by extensions ['python_setup_py']
[0.577s] Level 1:colcon.colcon_core.package_identification:_identify(flight_data/scripts) by extension 'python_setup_py'
[0.578s] Level 1:colcon.colcon_core.package_identification:_identify(flight_data/scripts/__pycache__) by extensions ['ignore', 'ignore_ament_install']
[0.578s] Level 1:colcon.colcon_core.package_identification:_identify(flight_data/scripts/__pycache__) by extension 'ignore'
[0.578s] Level 1:colcon.colcon_core.package_identification:_identify(flight_data/scripts/__pycache__) by extension 'ignore_ament_install'
[0.578s] Level 1:colcon.colcon_core.package_identification:_identify(flight_data/scripts/__pycache__) by extensions ['colcon_pkg']
[0.578s] Level 1:colcon.colcon_core.package_identification:_identify(flight_data/scripts/__pycache__) by extension 'colcon_pkg'
[0.578s] Level 1:colcon.colcon_core.package_identification:_identify(flight_data/scripts/__pycache__) by extensions ['colcon_meta']
[0.578s] Level 1:colcon.colcon_core.package_identification:_identify(flight_data/scripts/__pycache__) by extension 'colcon_meta'
[0.578s] Level 1:colcon.colcon_core.package_identification:_identify(flight_data/scripts/__pycache__) by extensions ['ros']
[0.578s] Level 1:colcon.colcon_core.package_identification:_identify(flight_data/scripts/__pycache__) by extension 'ros'
[0.578s] Level 1:colcon.colcon_core.package_identification:_identify(flight_data/scripts/__pycache__) by extensions ['cmake', 'python']
[0.578s] Level 1:colcon.colcon_core.package_identification:_identify(flight_data/scripts/__pycache__) by extension 'cmake'
[0.578s] Level 1:colcon.colcon_core.package_identification:_identify(flight_data/scripts/__pycache__) by extension 'python'
[0.578s] Level 1:colcon.colcon_core.package_identification:_identify(flight_data/scripts/__pycache__) by extensions ['python_setup_py']
[0.578s] Level 1:colcon.colcon_core.package_identification:_identify(flight_data/scripts/__pycache__) by extension 'python_setup_py'
[0.578s] Level 1:colcon.colcon_core.package_identification:_identify(flight_data/{logs,scripts,outputs}) by extensions ['ignore', 'ignore_ament_install']
[0.578s] Level 1:colcon.colcon_core.package_identification:_identify(flight_data/{logs,scripts,outputs}) by extension 'ignore'
[0.579s] Level 1:colcon.colcon_core.package_identification:_identify(flight_data/{logs,scripts,outputs}) by extension 'ignore_ament_install'
[0.579s] Level 1:colcon.colcon_core.package_identification:_identify(flight_data/{logs,scripts,outputs}) by extensions ['colcon_pkg']
[0.579s] Level 1:colcon.colcon_core.package_identification:_identify(flight_data/{logs,scripts,outputs}) by extension 'colcon_pkg'
[0.579s] Level 1:colcon.colcon_core.package_identification:_identify(flight_data/{logs,scripts,outputs}) by extensions ['colcon_meta']
[0.579s] Level 1:colcon.colcon_core.package_identification:_identify(flight_data/{logs,scripts,outputs}) by extension 'colcon_meta'
[0.579s] Level 1:colcon.colcon_core.package_identification:_identify(flight_data/{logs,scripts,outputs}) by extensions ['ros']
[0.579s] Level 1:colcon.colcon_core.package_identification:_identify(flight_data/{logs,scripts,outputs}) by extension 'ros'
[0.579s] Level 1:colcon.colcon_core.package_identification:_identify(flight_data/{logs,scripts,outputs}) by extensions ['cmake', 'python']
[0.579s] Level 1:colcon.colcon_core.package_identification:_identify(flight_data/{logs,scripts,outputs}) by extension 'cmake'
[0.579s] Level 1:colcon.colcon_core.package_identification:_identify(flight_data/{logs,scripts,outputs}) by extension 'python'
[0.579s] Level 1:colcon.colcon_core.package_identification:_identify(flight_data/{logs,scripts,outputs}) by extensions ['python_setup_py']
[0.579s] Level 1:colcon.colcon_core.package_identification:_identify(flight_data/{logs,scripts,outputs}) by extension 'python_setup_py'
[0.579s] Level 1:colcon.colcon_core.package_identification:_identify(install) by extensions ['ignore', 'ignore_ament_install']
[0.580s] Level 1:colcon.colcon_core.package_identification:_identify(install) by extension 'ignore'
[0.580s] Level 1:colcon.colcon_core.package_identification:_identify(install) ignored
[0.580s] Level 1:colcon.colcon_core.package_identification:_identify(log) by extensions ['ignore', 'ignore_ament_install']
[0.580s] Level 1:colcon.colcon_core.package_identification:_identify(log) by extension 'ignore'
[0.580s] Level 1:colcon.colcon_core.package_identification:_identify(log) ignored
[0.581s] Level 1:colcon.colcon_core.package_identification:_identify(src) by extensions ['ignore', 'ignore_ament_install']
[0.581s] Level 1:colcon.colcon_core.package_identification:_identify(src) by extension 'ignore'
[0.581s] Level 1:colcon.colcon_core.package_identification:_identify(src) by extension 'ignore_ament_install'
[0.581s] Level 1:colcon.colcon_core.package_identification:_identify(src) by extensions ['colcon_pkg']
[0.581s] Level 1:colcon.colcon_core.package_identification:_identify(src) by extension 'colcon_pkg'
[0.581s] Level 1:colcon.colcon_core.package_identification:_identify(src) by extensions ['colcon_meta']
[0.581s] Level 1:colcon.colcon_core.package_identification:_identify(src) by extension 'colcon_meta'
[0.581s] Level 1:colcon.colcon_core.package_identification:_identify(src) by extensions ['ros']
[0.581s] Level 1:colcon.colcon_core.package_identification:_identify(src) by extension 'ros'
[0.581s] Level 1:colcon.colcon_core.package_identification:_identify(src) by extensions ['cmake', 'python']
[0.581s] Level 1:colcon.colcon_core.package_identification:_identify(src) by extension 'cmake'
[0.581s] Level 1:colcon.colcon_core.package_identification:_identify(src) by extension 'python'
[0.581s] Level 1:colcon.colcon_core.package_identification:_identify(src) by extensions ['python_setup_py']
[0.581s] Level 1:colcon.colcon_core.package_identification:_identify(src) by extension 'python_setup_py'
[0.582s] Level 1:colcon.colcon_core.package_identification:_identify(src/px4_msgs) by extensions ['ignore', 'ignore_ament_install']
[0.582s] Level 1:colcon.colcon_core.package_identification:_identify(src/px4_msgs) by extension 'ignore'
[0.582s] Level 1:colcon.colcon_core.package_identification:_identify(src/px4_msgs) by extension 'ignore_ament_install'
[0.582s] Level 1:colcon.colcon_core.package_identification:_identify(src/px4_msgs) by extensions ['colcon_pkg']
[0.582s] Level 1:colcon.colcon_core.package_identification:_identify(src/px4_msgs) by extension 'colcon_pkg'
[0.582s] Level 1:colcon.colcon_core.package_identification:_identify(src/px4_msgs) by extensions ['colcon_meta']
[0.582s] Level 1:colcon.colcon_core.package_identification:_identify(src/px4_msgs) by extension 'colcon_meta'
[0.583s] Level 1:colcon.colcon_core.package_identification:_identify(src/px4_msgs) by extensions ['ros']
[0.583s] Level 1:colcon.colcon_core.package_identification:_identify(src/px4_msgs) by extension 'ros'
[0.589s] DEBUG:colcon.colcon_core.package_identification:Package 'src/px4_msgs' with type 'ros.ament_cmake' and name 'px4_msgs'
[0.589s] Level 1:colcon.colcon_core.package_identification:_identify(src/px4_ros_com) by extensions ['ignore', 'ignore_ament_install']
[0.589s] Level 1:colcon.colcon_core.package_identification:_identify(src/px4_ros_com) by extension 'ignore'
[0.589s] Level 1:colcon.colcon_core.package_identification:_identify(src/px4_ros_com) by extension 'ignore_ament_install'
[0.590s] Level 1:colcon.colcon_core.package_identification:_identify(src/px4_ros_com) by extensions ['colcon_pkg']
[0.590s] Level 1:colcon.colcon_core.package_identification:_identify(src/px4_ros_com) by extension 'colcon_pkg'
[0.590s] Level 1:colcon.colcon_core.package_identification:_identify(src/px4_ros_com) by extensions ['colcon_meta']
[0.590s] Level 1:colcon.colcon_core.package_identification:_identify(src/px4_ros_com) by extension 'colcon_meta'
[0.590s] Level 1:colcon.colcon_core.package_identification:_identify(src/px4_ros_com) by extensions ['ros']
[0.590s] Level 1:colcon.colcon_core.package_identification:_identify(src/px4_ros_com) by extension 'ros'
[0.593s] DEBUG:colcon.colcon_core.package_identification:Package 'src/px4_ros_com' with type 'ros.ament_cmake' and name 'px4_ros_com'
[0.593s] Level 1:colcon.colcon_core.package_discovery:discover_packages(recursive) using defaults
[0.593s] Level 1:colcon.colcon_core.package_discovery:discover_packages(ignore) discover
[0.593s] Level 1:colcon.colcon_core.package_discovery:discover_packages(ignore) using defaults
[0.593s] Level 1:colcon.colcon_core.package_discovery:discover_packages(path) discover
[0.593s] Level 1:colcon.colcon_core.package_discovery:discover_packages(path) using defaults
[0.636s] INFO:colcon.colcon_core.package_selection:Skipping not selected package 'px4_msgs' in 'src/px4_msgs'
[0.636s] Level 1:colcon.colcon_core.package_discovery:discover_packages(prefix_path) check parameters
[0.636s] Level 1:colcon.colcon_core.package_discovery:discover_packages(prefix_path) discover
[0.641s] DEBUG:colcon.colcon_installed_package_information.package_discovery:Found 271 installed packages in /opt/ros/humble
[0.643s] Level 1:colcon.colcon_core.package_discovery:discover_packages(prefix_path) using defaults
[0.721s] Level 5:colcon.colcon_core.verb:set package 'px4_ros_com' build argument 'cmake_args' from command line to 'None'
[0.721s] Level 5:colcon.colcon_core.verb:set package 'px4_ros_com' build argument 'cmake_target' from command line to 'None'
[0.721s] Level 5:colcon.colcon_core.verb:set package 'px4_ros_com' build argument 'cmake_target_skip_unavailable' from command line to 'False'
[0.721s] Level 5:colcon.colcon_core.verb:set package 'px4_ros_com' build argument 'cmake_clean_cache' from command line to 'False'
[0.721s] Level 5:colcon.colcon_core.verb:set package 'px4_ros_com' build argument 'cmake_clean_first' from command line to 'False'
[0.721s] Level 5:colcon.colcon_core.verb:set package 'px4_ros_com' build argument 'cmake_force_configure' from command line to 'False'
[0.721s] Level 5:colcon.colcon_core.verb:set package 'px4_ros_com' build argument 'ament_cmake_args' from command line to 'None'
[0.721s] Level 5:colcon.colcon_core.verb:set package 'px4_ros_com' build argument 'catkin_cmake_args' from command line to 'None'
[0.721s] Level 5:colcon.colcon_core.verb:set package 'px4_ros_com' build argument 'catkin_skip_building_tests' from command line to 'False'
[0.721s] DEBUG:colcon.colcon_core.verb:Building package 'px4_ros_com' with the following arguments: {'ament_cmake_args': None, 'build_base': '/home/pyro/ws_offboard_control/build/px4_ros_com', 'catkin_cmake_args': None, 'catkin_skip_building_tests': False, 'cmake_args': None, 'cmake_clean_cache': False, 'cmake_clean_first': False, 'cmake_force_configure': False, 'cmake_target': None, 'cmake_target_skip_unavailable': False, 'install_base': '/home/pyro/ws_offboard_control/install/px4_ros_com', 'merge_install': False, 'path': '/home/pyro/ws_offboard_control/src/px4_ros_com', 'symlink_install': False, 'test_result_base': None}
[0.721s] INFO:colcon.colcon_core.executor:Executing jobs using 'parallel' executor
[0.723s] DEBUG:colcon.colcon_parallel_executor.executor.parallel:run_until_complete
[0.724s] INFO:colcon.colcon_ros.task.ament_cmake.build:Building ROS package in '/home/pyro/ws_offboard_control/src/px4_ros_com' with build type 'ament_cmake'
[0.724s] INFO:colcon.colcon_cmake.task.cmake.build:Building CMake package in '/home/pyro/ws_offboard_control/src/px4_ros_com'
[0.729s] INFO:colcon.colcon_core.plugin_system:Skipping extension 'colcon_core.shell.bat': Not used on non-Windows systems
[0.729s] INFO:colcon.colcon_core.shell:Skip shell extension 'powershell' for command environment: Not usable outside of PowerShell
[0.729s] DEBUG:colcon.colcon_core.shell:Skip shell extension 'dsv' for command environment
[0.909s] DEBUG:colcon.colcon_core.event_handler.log_command:Invoking command in '/home/pyro/ws_offboard_control/build/px4_ros_com': AMENT_PREFIX_PATH=/home/pyro/ws_offboard_control/install/px4_msgs:${AMENT_PREFIX_PATH} CMAKE_PREFIX_PATH=/home/pyro/ws_offboard_control/install/px4_msgs:/opt/ros/humble LD_LIBRARY_PATH=/home/pyro/ws_offboard_control/install/px4_msgs/lib:${LD_LIBRARY_PATH} PYTHONPATH=/home/pyro/ws_offboard_control/install/px4_msgs/local/lib/python3.10/dist-packages:${PYTHONPATH} /usr/bin/cmake --build /home/pyro/ws_offboard_control/build/px4_ros_com -- -j16 -l16
[1.702s] DEBUG:colcon.colcon_core.event_handler.log_command:Invoked command in '/home/pyro/ws_offboard_control/build/px4_ros_com' returned '0': AMENT_PREFIX_PATH=/home/pyro/ws_offboard_control/install/px4_msgs:${AMENT_PREFIX_PATH} CMAKE_PREFIX_PATH=/home/pyro/ws_offboard_control/install/px4_msgs:/opt/ros/humble LD_LIBRARY_PATH=/home/pyro/ws_offboard_control/install/px4_msgs/lib:${LD_LIBRARY_PATH} PYTHONPATH=/home/pyro/ws_offboard_control/install/px4_msgs/local/lib/python3.10/dist-packages:${PYTHONPATH} /usr/bin/cmake --build /home/pyro/ws_offboard_control/build/px4_ros_com -- -j16 -l16
[1.727s] DEBUG:colcon.colcon_core.event_handler.log_command:Invoking command in '/home/pyro/ws_offboard_control/build/px4_ros_com': AMENT_PREFIX_PATH=/home/pyro/ws_offboard_control/install/px4_msgs:${AMENT_PREFIX_PATH} CMAKE_PREFIX_PATH=/home/pyro/ws_offboard_control/install/px4_msgs:/opt/ros/humble LD_LIBRARY_PATH=/home/pyro/ws_offboard_control/install/px4_msgs/lib:${LD_LIBRARY_PATH} PYTHONPATH=/home/pyro/ws_offboard_control/install/px4_msgs/local/lib/python3.10/dist-packages:${PYTHONPATH} /usr/bin/cmake --install /home/pyro/ws_offboard_control/build/px4_ros_com
[1.842s] Level 1:colcon.colcon_core.environment:create_environment_scripts_only(px4_ros_com)
[1.843s] DEBUG:colcon.colcon_core.event_handler.log_command:Invoked command in '/home/pyro/ws_offboard_control/build/px4_ros_com' returned '0': AMENT_PREFIX_PATH=/home/pyro/ws_offboard_control/install/px4_msgs:${AMENT_PREFIX_PATH} CMAKE_PREFIX_PATH=/home/pyro/ws_offboard_control/install/px4_msgs:/opt/ros/humble LD_LIBRARY_PATH=/home/pyro/ws_offboard_control/install/px4_msgs/lib:${LD_LIBRARY_PATH} PYTHONPATH=/home/pyro/ws_offboard_control/install/px4_msgs/local/lib/python3.10/dist-packages:${PYTHONPATH} /usr/bin/cmake --install /home/pyro/ws_offboard_control/build/px4_ros_com
[1.847s] Level 1:colcon.colcon_core.environment:checking '/home/pyro/ws_offboard_control/install/px4_ros_com' for CMake module files
[1.848s] Level 1:colcon.colcon_core.environment:checking '/home/pyro/ws_offboard_control/install/px4_ros_com' for CMake config files
[1.849s] Level 1:colcon.colcon_core.shell:create_environment_hook('px4_ros_com', 'cmake_prefix_path')
[1.849s] INFO:colcon.colcon_core.shell:Creating environment hook '/home/pyro/ws_offboard_control/install/px4_ros_com/share/px4_ros_com/hook/cmake_prefix_path.ps1'
[1.850s] INFO:colcon.colcon_core.shell:Creating environment descriptor '/home/pyro/ws_offboard_control/install/px4_ros_com/share/px4_ros_com/hook/cmake_prefix_path.dsv'
[1.851s] INFO:colcon.colcon_core.shell:Creating environment hook '/home/pyro/ws_offboard_control/install/px4_ros_com/share/px4_ros_com/hook/cmake_prefix_path.sh'
[1.854s] Level 1:colcon.colcon_core.environment:checking '/home/pyro/ws_offboard_control/install/px4_ros_com/lib'
[1.854s] Level 1:colcon.colcon_core.shell:create_environment_hook('px4_ros_com', 'ld_library_path_lib')
[1.855s] INFO:colcon.colcon_core.shell:Creating environment hook '/home/pyro/ws_offboard_control/install/px4_ros_com/share/px4_ros_com/hook/ld_library_path_lib.ps1'
[1.857s] INFO:colcon.colcon_core.shell:Creating environment descriptor '/home/pyro/ws_offboard_control/install/px4_ros_com/share/px4_ros_com/hook/ld_library_path_lib.dsv'
[1.858s] INFO:colcon.colcon_core.shell:Creating environment hook '/home/pyro/ws_offboard_control/install/px4_ros_com/share/px4_ros_com/hook/ld_library_path_lib.sh'
[1.859s] Level 1:colcon.colcon_core.environment:checking '/home/pyro/ws_offboard_control/install/px4_ros_com/bin'
[1.860s] Level 1:colcon.colcon_core.environment:checking '/home/pyro/ws_offboard_control/install/px4_ros_com/lib/pkgconfig/px4_ros_com.pc'
[1.860s] Level 1:colcon.colcon_core.environment:checking '/home/pyro/ws_offboard_control/install/px4_ros_com/lib/python3.10/site-packages'
[1.861s] Level 1:colcon.colcon_core.environment:checking '/home/pyro/ws_offboard_control/install/px4_ros_com/bin'
[1.861s] INFO:colcon.colcon_core.shell:Creating package script '/home/pyro/ws_offboard_control/install/px4_ros_com/share/px4_ros_com/package.ps1'
[1.862s] INFO:colcon.colcon_core.shell:Creating package descriptor '/home/pyro/ws_offboard_control/install/px4_ros_com/share/px4_ros_com/package.dsv'
[1.864s] INFO:colcon.colcon_core.shell:Creating package script '/home/pyro/ws_offboard_control/install/px4_ros_com/share/px4_ros_com/package.sh'
[1.865s] INFO:colcon.colcon_core.shell:Creating package script '/home/pyro/ws_offboard_control/install/px4_ros_com/share/px4_ros_com/package.bash'
[1.866s] INFO:colcon.colcon_core.shell:Creating package script '/home/pyro/ws_offboard_control/install/px4_ros_com/share/px4_ros_com/package.zsh'
[1.868s] Level 1:colcon.colcon_core.environment:create_file_with_runtime_dependencies(/home/pyro/ws_offboard_control/install/px4_ros_com/share/colcon-core/packages/px4_ros_com)
[1.870s] Level 1:colcon.colcon_core.environment:create_environment_scripts_only(px4_ros_com)
[1.870s] Level 1:colcon.colcon_core.environment:checking '/home/pyro/ws_offboard_control/install/px4_ros_com' for CMake module files
[1.871s] Level 1:colcon.colcon_core.environment:checking '/home/pyro/ws_offboard_control/install/px4_ros_com' for CMake config files
[1.873s] Level 1:colcon.colcon_core.shell:create_environment_hook('px4_ros_com', 'cmake_prefix_path')
[1.873s] INFO:colcon.colcon_core.shell:Creating environment hook '/home/pyro/ws_offboard_control/install/px4_ros_com/share/px4_ros_com/hook/cmake_prefix_path.ps1'
[1.874s] INFO:colcon.colcon_core.shell:Creating environment descriptor '/home/pyro/ws_offboard_control/install/px4_ros_com/share/px4_ros_com/hook/cmake_prefix_path.dsv'
[1.875s] INFO:colcon.colcon_core.shell:Creating environment hook '/home/pyro/ws_offboard_control/install/px4_ros_com/share/px4_ros_com/hook/cmake_prefix_path.sh'
[1.876s] Level 1:colcon.colcon_core.environment:checking '/home/pyro/ws_offboard_control/install/px4_ros_com/lib'
[1.876s] Level 1:colcon.colcon_core.shell:create_environment_hook('px4_ros_com', 'ld_library_path_lib')
[1.877s] INFO:colcon.colcon_core.shell:Creating environment hook '/home/pyro/ws_offboard_control/install/px4_ros_com/share/px4_ros_com/hook/ld_library_path_lib.ps1'
[1.878s] INFO:colcon.colcon_core.shell:Creating environment descriptor '/home/pyro/ws_offboard_control/install/px4_ros_com/share/px4_ros_com/hook/ld_library_path_lib.dsv'
[1.878s] INFO:colcon.colcon_core.shell:Creating environment hook '/home/pyro/ws_offboard_control/install/px4_ros_com/share/px4_ros_com/hook/ld_library_path_lib.sh'
[1.879s] Level 1:colcon.colcon_core.environment:checking '/home/pyro/ws_offboard_control/install/px4_ros_com/bin'
[1.880s] Level 1:colcon.colcon_core.environment:checking '/home/pyro/ws_offboard_control/install/px4_ros_com/lib/pkgconfig/px4_ros_com.pc'
[1.880s] Level 1:colcon.colcon_core.environment:checking '/home/pyro/ws_offboard_control/install/px4_ros_com/lib/python3.10/site-packages'
[1.881s] Level 1:colcon.colcon_core.environment:checking '/home/pyro/ws_offboard_control/install/px4_ros_com/bin'
[1.881s] INFO:colcon.colcon_core.shell:Creating package script '/home/pyro/ws_offboard_control/install/px4_ros_com/share/px4_ros_com/package.ps1'
[1.882s] INFO:colcon.colcon_core.shell:Creating package descriptor '/home/pyro/ws_offboard_control/install/px4_ros_com/share/px4_ros_com/package.dsv'
[1.883s] INFO:colcon.colcon_core.shell:Creating package script '/home/pyro/ws_offboard_control/install/px4_ros_com/share/px4_ros_com/package.sh'
[1.884s] INFO:colcon.colcon_core.shell:Creating package script '/home/pyro/ws_offboard_control/install/px4_ros_com/share/px4_ros_com/package.bash'
[1.885s] INFO:colcon.colcon_core.shell:Creating package script '/home/pyro/ws_offboard_control/install/px4_ros_com/share/px4_ros_com/package.zsh'
[1.886s] Level 1:colcon.colcon_core.environment:create_file_with_runtime_dependencies(/home/pyro/ws_offboard_control/install/px4_ros_com/share/colcon-core/packages/px4_ros_com)
[1.887s] DEBUG:colcon.colcon_parallel_executor.executor.parallel:closing loop
[1.888s] DEBUG:colcon.colcon_parallel_executor.executor.parallel:loop closed
[1.889s] DEBUG:colcon.colcon_parallel_executor.executor.parallel:run_until_complete finished with '0'
[1.889s] DEBUG:colcon.colcon_core.event_reactor:joining thread
[1.991s] INFO:colcon.colcon_core.plugin_system:Skipping extension 'colcon_notification.desktop_notification.notify_send': Could not find 'notify-send'
[1.991s] INFO:colcon.colcon_core.plugin_system:Skipping extension 'colcon_notification.desktop_notification.terminal_notifier': Not used on non-Darwin systems
[1.991s] INFO:colcon.colcon_core.plugin_system:Skipping extension 'colcon_notification.desktop_notification.win32': Not used on non-Windows systems
[1.991s] INFO:colcon.colcon_notification.desktop_notification:Sending desktop notification using 'notify2'
[1.991s] DEBUG:colcon.colcon_notification.desktop_notification.notify2:Failed to initialize notify2: org.freedesktop.DBus.Error.FileNotFound: Failed to connect to socket /run/user/1000/bus: No such file or directory
[1.992s] DEBUG:colcon.colcon_core.event_reactor:joined thread
[1.992s] INFO:colcon.colcon_core.shell:Creating prefix script '/home/pyro/ws_offboard_control/install/local_setup.ps1'
[1.993s] INFO:colcon.colcon_core.shell:Creating prefix util module '/home/pyro/ws_offboard_control/install/_local_setup_util_ps1.py'
[1.995s] INFO:colcon.colcon_core.shell:Creating prefix chain script '/home/pyro/ws_offboard_control/install/setup.ps1'
[1.997s] INFO:colcon.colcon_core.shell:Creating prefix script '/home/pyro/ws_offboard_control/install/local_setup.sh'
[1.998s] INFO:colcon.colcon_core.shell:Creating prefix util module '/home/pyro/ws_offboard_control/install/_local_setup_util_sh.py'
[1.999s] INFO:colcon.colcon_core.shell:Creating prefix chain script '/home/pyro/ws_offboard_control/install/setup.sh'
[2.001s] INFO:colcon.colcon_core.shell:Creating prefix script '/home/pyro/ws_offboard_control/install/local_setup.bash'
[2.002s] INFO:colcon.colcon_core.shell:Creating prefix chain script '/home/pyro/ws_offboard_control/install/setup.bash'
[2.004s] INFO:colcon.colcon_core.shell:Creating prefix script '/home/pyro/ws_offboard_control/install/local_setup.zsh'
[2.005s] INFO:colcon.colcon_core.shell:Creating prefix chain script '/home/pyro/ws_offboard_control/install/setup.zsh'
