[0.373s] Invoking command in '/home/pyro/ws_offboard_control/build/px4_ros_com': CMAKE_PREFIX_PATH=/home/pyro/ws_offboard_control/install/px4_msgs:/home/pyro/ws_offboard_control/install/px4_ros_com:/opt/ros/humble LD_LIBRARY_PATH=/home/pyro/ws_offboard_control/install/px4_msgs/lib:/home/pyro/ws_offboard_control/install/px4_ros_com/lib:/opt/ros/humble/opt/rviz_ogre_vendor/lib:/opt/ros/humble/lib/x86_64-linux-gnu:/opt/ros/humble/lib /usr/bin/cmake --build /home/pyro/ws_offboard_control/build/px4_ros_com -- -j16 -l16
[0.558s] [35m[1mConsolidate compiler generated dependencies of target offboard_control_spin_tt[0m
[0.588s] [ 12%] Built target frame_transforms
[0.589s] [ 25%] Built target debug_vect_advertiser
[0.591s] [ 37%] Built target vehicle_gps_position_listener
[0.591s] [ 50%] Built target offboard_control_thrust_torque
[0.592s] [ 62%] Built target offboard_control_srv
[0.595s] [ 75%] Built target sensor_combined_listener
[0.603s] [ 87%] Built target offboard_control
[0.606s] [ 87%] Built target ament_cmake_python_copy_px4_ros_com
[0.619s] [ 93%] [32mBuilding CXX object CMakeFiles/offboard_control_spin_tt.dir/src/examples/offboard/offboard_control_spin_tt.cpp.o[0m
[1.191s] running egg_info
[1.234s] writing px4_ros_com.egg-info/PKG-INFO
[1.235s] writing dependency_links to px4_ros_com.egg-info/dependency_links.txt
[1.236s] writing top-level names to px4_ros_com.egg-info/top_level.txt
[1.341s] reading manifest file 'px4_ros_com.egg-info/SOURCES.txt'
[1.343s] writing manifest file 'px4_ros_com.egg-info/SOURCES.txt'
[1.440s] [ 93%] Built target ament_cmake_python_build_px4_ros_com_egg
[60.698s] [100%] [32m[1mLinking CXX executable offboard_control_spin_tt[0m
[63.378s] [100%] Built target offboard_control_spin_tt
[63.412s] Invoked command in '/home/pyro/ws_offboard_control/build/px4_ros_com' returned '0': CMAKE_PREFIX_PATH=/home/pyro/ws_offboard_control/install/px4_msgs:/home/pyro/ws_offboard_control/install/px4_ros_com:/opt/ros/humble LD_LIBRARY_PATH=/home/pyro/ws_offboard_control/install/px4_msgs/lib:/home/pyro/ws_offboard_control/install/px4_ros_com/lib:/opt/ros/humble/opt/rviz_ogre_vendor/lib:/opt/ros/humble/lib/x86_64-linux-gnu:/opt/ros/humble/lib /usr/bin/cmake --build /home/pyro/ws_offboard_control/build/px4_ros_com -- -j16 -l16
[63.437s] Invoking command in '/home/pyro/ws_offboard_control/build/px4_ros_com': CMAKE_PREFIX_PATH=/home/pyro/ws_offboard_control/install/px4_msgs:/home/pyro/ws_offboard_control/install/px4_ros_com:/opt/ros/humble LD_LIBRARY_PATH=/home/pyro/ws_offboard_control/install/px4_msgs/lib:/home/pyro/ws_offboard_control/install/px4_ros_com/lib:/opt/ros/humble/opt/rviz_ogre_vendor/lib:/opt/ros/humble/lib/x86_64-linux-gnu:/opt/ros/humble/lib /usr/bin/cmake --install /home/pyro/ws_offboard_control/build/px4_ros_com
[63.462s] -- Install configuration: ""
[63.465s] -- Up-to-date: /home/pyro/ws_offboard_control/install/px4_ros_com/lib/px4_ros_com/sensor_combined_listener
[63.468s] -- Up-to-date: /home/pyro/ws_offboard_control/install/px4_ros_com/lib/px4_ros_com/vehicle_gps_position_listener
[63.469s] -- Up-to-date: /home/pyro/ws_offboard_control/install/px4_ros_com/lib/px4_ros_com/debug_vect_advertiser
[63.471s] -- Up-to-date: /home/pyro/ws_offboard_control/install/px4_ros_com/lib/px4_ros_com/offboard_control
[63.473s] -- Up-to-date: /home/pyro/ws_offboard_control/install/px4_ros_com/lib/px4_ros_com/offboard_control_srv
[63.475s] -- Up-to-date: /home/pyro/ws_offboard_control/install/px4_ros_com/lib/px4_ros_com/offboard_control_thrust_torque
[63.476s] -- Installing: /home/pyro/ws_offboard_control/install/px4_ros_com/lib/px4_ros_com/offboard_control_spin_tt
[63.634s] -- Set runtime path of "/home/pyro/ws_offboard_control/install/px4_ros_com/lib/px4_ros_com/offboard_control_spin_tt" to ""
[63.634s] -- Up-to-date: /home/pyro/ws_offboard_control/install/px4_ros_com/share/px4_ros_com/environment/library_path.sh
[63.635s] -- Up-to-date: /home/pyro/ws_offboard_control/install/px4_ros_com/share/px4_ros_com/environment/library_path.dsv
[63.635s] -- Up-to-date: /home/pyro/ws_offboard_control/install/px4_ros_com/include/px4_ros_com
[63.635s] -- Up-to-date: /home/pyro/ws_offboard_control/install/px4_ros_com/include/px4_ros_com/frame_transforms.h
[63.636s] -- Up-to-date: /home/pyro/ws_offboard_control/install/px4_ros_com/lib/libframe_transforms.so
[63.636s] -- Up-to-date: /home/pyro/ws_offboard_control/install/px4_ros_com/share/px4_ros_com//launch
[63.637s] -- Up-to-date: /home/pyro/ws_offboard_control/install/px4_ros_com/share/px4_ros_com//launch/sensor_combined_listener.launch.py
[63.637s] -- Up-to-date: /home/pyro/ws_offboard_control/install/px4_ros_com/share/px4_ros_com//launch/offboard_control_launch.yaml
[63.638s] -- Up-to-date: /home/pyro/ws_offboard_control/install/px4_ros_com/share/px4_ros_com//test
[63.638s] -- Up-to-date: /home/pyro/ws_offboard_control/install/px4_ros_com/share/px4_ros_com//test/test_output.py
[63.638s] -- Up-to-date: /home/pyro/ws_offboard_control/install/px4_ros_com/share/px4_ros_com//test/pipeline_io_test.py
[63.638s] -- Up-to-date: /home/pyro/ws_offboard_control/install/px4_ros_com/share/px4_ros_com//test/test_input.py
[63.639s] -- Up-to-date: /home/pyro/ws_offboard_control/install/px4_ros_com/share/px4_ros_com//test/__init__.py
[63.639s] -- Up-to-date: /home/pyro/ws_offboard_control/install/px4_ros_com/share/px4_ros_com/environment/pythonpath.sh
[63.639s] -- Up-to-date: /home/pyro/ws_offboard_control/install/px4_ros_com/share/px4_ros_com/environment/pythonpath.dsv
[63.639s] -- Up-to-date: /home/pyro/ws_offboard_control/install/px4_ros_com/local/lib/python3.10/dist-packages/px4_ros_com-0.1.0-py3.10.egg-info
[63.639s] -- Installing: /home/pyro/ws_offboard_control/install/px4_ros_com/local/lib/python3.10/dist-packages/px4_ros_com-0.1.0-py3.10.egg-info/dependency_links.txt
[63.639s] -- Installing: /home/pyro/ws_offboard_control/install/px4_ros_com/local/lib/python3.10/dist-packages/px4_ros_com-0.1.0-py3.10.egg-info/SOURCES.txt
[63.640s] -- Installing: /home/pyro/ws_offboard_control/install/px4_ros_com/local/lib/python3.10/dist-packages/px4_ros_com-0.1.0-py3.10.egg-info/PKG-INFO
[63.640s] -- Installing: /home/pyro/ws_offboard_control/install/px4_ros_com/local/lib/python3.10/dist-packages/px4_ros_com-0.1.0-py3.10.egg-info/top_level.txt
[63.641s] -- Up-to-date: /home/pyro/ws_offboard_control/install/px4_ros_com/local/lib/python3.10/dist-packages/px4_ros_com
[63.642s] -- Up-to-date: /home/pyro/ws_offboard_control/install/px4_ros_com/local/lib/python3.10/dist-packages/px4_ros_com/__init__.py
[63.642s] -- Up-to-date: /home/pyro/ws_offboard_control/install/px4_ros_com/local/lib/python3.10/dist-packages/px4_ros_com/module_to_import.py
[63.716s] Listing '/home/pyro/ws_offboard_control/install/px4_ros_com/local/lib/python3.10/dist-packages/px4_ros_com'...
[63.726s] -- Up-to-date: /home/pyro/ws_offboard_control/install/px4_ros_com/lib/px4_ros_com/offboard_control.py
[63.727s] -- Up-to-date: /home/pyro/ws_offboard_control/install/px4_ros_com/share/ament_index/resource_index/package_run_dependencies/px4_ros_com
[63.727s] -- Up-to-date: /home/pyro/ws_offboard_control/install/px4_ros_com/share/ament_index/resource_index/parent_prefix_path/px4_ros_com
[63.727s] -- Up-to-date: /home/pyro/ws_offboard_control/install/px4_ros_com/share/px4_ros_com/environment/ament_prefix_path.sh
[63.728s] -- Up-to-date: /home/pyro/ws_offboard_control/install/px4_ros_com/share/px4_ros_com/environment/ament_prefix_path.dsv
[63.728s] -- Up-to-date: /home/pyro/ws_offboard_control/install/px4_ros_com/share/px4_ros_com/environment/path.sh
[63.728s] -- Up-to-date: /home/pyro/ws_offboard_control/install/px4_ros_com/share/px4_ros_com/environment/path.dsv
[63.728s] -- Up-to-date: /home/pyro/ws_offboard_control/install/px4_ros_com/share/px4_ros_com/local_setup.bash
[63.728s] -- Up-to-date: /home/pyro/ws_offboard_control/install/px4_ros_com/share/px4_ros_com/local_setup.sh
[63.729s] -- Up-to-date: /home/pyro/ws_offboard_control/install/px4_ros_com/share/px4_ros_com/local_setup.zsh
[63.729s] -- Up-to-date: /home/pyro/ws_offboard_control/install/px4_ros_com/share/px4_ros_com/local_setup.dsv
[63.729s] -- Installing: /home/pyro/ws_offboard_control/install/px4_ros_com/share/px4_ros_com/package.dsv
[63.730s] -- Up-to-date: /home/pyro/ws_offboard_control/install/px4_ros_com/share/ament_index/resource_index/packages/px4_ros_com
[63.731s] -- Up-to-date: /home/pyro/ws_offboard_control/install/px4_ros_com/share/px4_ros_com/cmake/export_frame_transformsExport.cmake
[63.731s] -- Up-to-date: /home/pyro/ws_offboard_control/install/px4_ros_com/share/px4_ros_com/cmake/export_frame_transformsExport-noconfig.cmake
[63.732s] -- Up-to-date: /home/pyro/ws_offboard_control/install/px4_ros_com/share/px4_ros_com/cmake/ament_cmake_export_dependencies-extras.cmake
[63.732s] -- Up-to-date: /home/pyro/ws_offboard_control/install/px4_ros_com/share/px4_ros_com/cmake/ament_cmake_export_targets-extras.cmake
[63.732s] -- Up-to-date: /home/pyro/ws_offboard_control/install/px4_ros_com/share/px4_ros_com/cmake/ament_cmake_export_include_directories-extras.cmake
[63.732s] -- Up-to-date: /home/pyro/ws_offboard_control/install/px4_ros_com/share/px4_ros_com/cmake/ament_cmake_export_libraries-extras.cmake
[63.732s] -- Up-to-date: /home/pyro/ws_offboard_control/install/px4_ros_com/share/px4_ros_com/cmake/px4_ros_comConfig.cmake
[63.733s] -- Up-to-date: /home/pyro/ws_offboard_control/install/px4_ros_com/share/px4_ros_com/cmake/px4_ros_comConfig-version.cmake
[63.733s] -- Up-to-date: /home/pyro/ws_offboard_control/install/px4_ros_com/share/px4_ros_com/package.xml
[63.738s] Invoked command in '/home/pyro/ws_offboard_control/build/px4_ros_com' returned '0': CMAKE_PREFIX_PATH=/home/pyro/ws_offboard_control/install/px4_msgs:/home/pyro/ws_offboard_control/install/px4_ros_com:/opt/ros/humble LD_LIBRARY_PATH=/home/pyro/ws_offboard_control/install/px4_msgs/lib:/home/pyro/ws_offboard_control/install/px4_ros_com/lib:/opt/ros/humble/opt/rviz_ogre_vendor/lib:/opt/ros/humble/lib/x86_64-linux-gnu:/opt/ros/humble/lib /usr/bin/cmake --install /home/pyro/ws_offboard_control/build/px4_ros_com
