[35m[1mConsolidate compiler generated dependencies of target offboard_control[0m
[ 16%] Built target frame_transforms
[ 33%] Built target sensor_combined_listener
[ 50%] Built target vehicle_gps_position_listener
[ 66%] Built target offboard_control_srv
[ 83%] Built target debug_vect_advertiser
[ 91%] Built target ament_cmake_python_copy_px4_ros_com
[ 91%] [32mBuilding CXX object CMakeFiles/offboard_control.dir/src/examples/offboard/offboard_control.cpp.o[0m
running egg_info
writing px4_ros_com.egg-info/PKG-INFO
writing dependency_links to px4_ros_com.egg-info/dependency_links.txt
writing top-level names to px4_ros_com.egg-info/top_level.txt
reading manifest file 'px4_ros_com.egg-info/SOURCES.txt'
writing manifest file 'px4_ros_com.egg-info/SOURCES.txt'
[ 91%] Built target ament_cmake_python_build_px4_ros_com_egg
[01m[K/home/pyro/ws_offboard_control/src/px4_ros_com/src/examples/offboard/offboard_control.cpp:[m[K In member function ‘[01m[Kvoid OffboardControl::publish_vehicle_rates_setpoint()[m[K’:
[01m[K/home/pyro/ws_offboard_control/src/px4_ros_com/src/examples/offboard/offboard_control.cpp:277:31:[m[K [01;31m[Kerror: [m[K‘[01m[Kthrust_magnitude_[m[K’ was not declared in this scope
  277 |         msg.thrust_body[2] = -[01;31m[Kthrust_magnitude_[m[K; // Downward thrust (negative for upward)
      |                               [01;31m[K^~~~~~~~~~~~~~~~~[m[K
gmake[2]: *** [CMakeFiles/offboard_control.dir/build.make:76: CMakeFiles/offboard_control.dir/src/examples/offboard/offboard_control.cpp.o] Error 1
gmake[1]: *** [CMakeFiles/Makefile2:254: CMakeFiles/offboard_control.dir/all] Error 2
gmake: *** [Makefile:146: all] Error 2
