[0.355s] Invoking command in '/home/pyro/ws_offboard_control/build/px4_ros_com': AMENT_PREFIX_PATH=/home/pyro/ws_offboard_control/install/px4_msgs:${AMENT_PREFIX_PATH} CMAKE_PREFIX_PATH=/home/pyro/ws_offboard_control/install/px4_msgs:/opt/ros/humble LD_LIBRARY_PATH=/home/pyro/ws_offboard_control/install/px4_msgs/lib:${LD_LIBRARY_PATH} PYTHONPATH=/home/pyro/ws_offboard_control/install/px4_msgs/local/lib/python3.10/dist-packages:${PYTHONPATH} /usr/bin/cmake --build /home/pyro/ws_offboard_control/build/px4_ros_com -- -j16 -l16
[0.523s] [35m[1mConsolidate compiler generated dependencies of target offboard_control[0m
[0.562s] [ 16%] Built target frame_transforms
[0.570s] [ 33%] Built target sensor_combined_listener
[0.571s] [ 50%] Built target vehicle_gps_position_listener
[0.572s] [ 66%] Built target offboard_control_srv
[0.572s] [ 83%] Built target debug_vect_advertiser
[0.599s] [ 91%] Built target ament_cmake_python_copy_px4_ros_com
[0.599s] [ 91%] [32mBuilding CXX object CMakeFiles/offboard_control.dir/src/examples/offboard/offboard_control.cpp.o[0m
[1.339s] running egg_info
[1.383s] writing px4_ros_com.egg-info/PKG-INFO
[1.384s] writing dependency_links to px4_ros_com.egg-info/dependency_links.txt
[1.385s] writing top-level names to px4_ros_com.egg-info/top_level.txt
[1.552s] reading manifest file 'px4_ros_com.egg-info/SOURCES.txt'
[1.557s] writing manifest file 'px4_ros_com.egg-info/SOURCES.txt'
[1.708s] [ 91%] Built target ament_cmake_python_build_px4_ros_com_egg
[10.834s] [01m[K/home/pyro/ws_offboard_control/src/px4_ros_com/src/examples/offboard/offboard_control.cpp:[m[K In member function ‘[01m[Kvoid OffboardControl::publish_vehicle_rates_setpoint()[m[K’:
[10.834s] [01m[K/home/pyro/ws_offboard_control/src/px4_ros_com/src/examples/offboard/offboard_control.cpp:277:31:[m[K [01;31m[Kerror: [m[K‘[01m[Kthrust_magnitude_[m[K’ was not declared in this scope
[10.834s]   277 |         msg.thrust_body[2] = -[01;31m[Kthrust_magnitude_[m[K; // Downward thrust (negative for upward)
[10.834s]       |                               [01;31m[K^~~~~~~~~~~~~~~~~[m[K
[28.037s] gmake[2]: *** [CMakeFiles/offboard_control.dir/build.make:76: CMakeFiles/offboard_control.dir/src/examples/offboard/offboard_control.cpp.o] Error 1
[28.038s] gmake[1]: *** [CMakeFiles/Makefile2:254: CMakeFiles/offboard_control.dir/all] Error 2
[28.038s] gmake: *** [Makefile:146: all] Error 2
[28.053s] Invoked command in '/home/pyro/ws_offboard_control/build/px4_ros_com' returned '2': AMENT_PREFIX_PATH=/home/pyro/ws_offboard_control/install/px4_msgs:${AMENT_PREFIX_PATH} CMAKE_PREFIX_PATH=/home/pyro/ws_offboard_control/install/px4_msgs:/opt/ros/humble LD_LIBRARY_PATH=/home/pyro/ws_offboard_control/install/px4_msgs/lib:${LD_LIBRARY_PATH} PYTHONPATH=/home/pyro/ws_offboard_control/install/px4_msgs/local/lib/python3.10/dist-packages:${PYTHONPATH} /usr/bin/cmake --build /home/pyro/ws_offboard_control/build/px4_ros_com -- -j16 -l16
