[0.185s] Invoking command in '/home/pyro/ws_offboard_control/build/px4_ros_com': CMAKE_PREFIX_PATH=/home/pyro/ws_offboard_control/install/px4_msgs:/home/pyro/ws_offboard_control/install/px4_ros_com:/opt/ros/humble LD_LIBRARY_PATH=/home/pyro/ws_offboard_control/install/px4_msgs/lib:/home/pyro/ws_offboard_control/install/px4_ros_com/lib:/opt/ros/humble/opt/rviz_ogre_vendor/lib:/opt/ros/humble/lib/x86_64-linux-gnu:/opt/ros/humble/lib /usr/bin/cmake --build /home/pyro/ws_offboard_control/build/px4_ros_com -- -j16 -l16
[0.470s] [35m[1mConsolidate compiler generated dependencies of target offboard_control_thrust_torque[0m
[0.506s] [  0%] Built target ament_cmake_python_copy_px4_ros_com
[0.510s] [ 35%] Built target offboard_control_srv
[0.510s] [ 50%] Built target vehicle_gps_position_listener
[0.510s] [ 57%] Built target sensor_combined_listener
[0.510s] [ 57%] Built target debug_vect_advertiser
[0.510s] [ 71%] Built target offboard_control
[0.513s] [ 85%] Built target frame_transforms
[0.530s] [ 92%] [32mBuilding CXX object CMakeFiles/offboard_control_thrust_torque.dir/src/examples/offboard/offboard_control_thrust_torque.cpp.o[0m
[0.884s] running egg_info
[0.908s] writing px4_ros_com.egg-info/PKG-INFO
[0.910s] writing dependency_links to px4_ros_com.egg-info/dependency_links.txt
[0.911s] writing top-level names to px4_ros_com.egg-info/top_level.txt
[1.003s] reading manifest file 'px4_ros_com.egg-info/SOURCES.txt'
[1.005s] writing manifest file 'px4_ros_com.egg-info/SOURCES.txt'
[1.077s] [ 92%] Built target ament_cmake_python_build_px4_ros_com_egg
[12.917s] gmake[2]: *** wait: No child processes.  Stop.
[12.918s] gmake[2]: *** Waiting for unfinished jobs....
[12.918s] gmake[2]: *** wait: No child processes.  Stop.
[12.918s] gmake[1]: *** [CMakeFiles/Makefile2:308: CMakeFiles/offboard_control_thrust_torque.dir/all] Error 2
[12.919s] gmake: *** [Makefile:146: all] Interrupt
[13.088s] Invoked command in '/home/pyro/ws_offboard_control/build/px4_ros_com' returned '-2': CMAKE_PREFIX_PATH=/home/pyro/ws_offboard_control/install/px4_msgs:/home/pyro/ws_offboard_control/install/px4_ros_com:/opt/ros/humble LD_LIBRARY_PATH=/home/pyro/ws_offboard_control/install/px4_msgs/lib:/home/pyro/ws_offboard_control/install/px4_ros_com/lib:/opt/ros/humble/opt/rviz_ogre_vendor/lib:/opt/ros/humble/lib/x86_64-linux-gnu:/opt/ros/humble/lib /usr/bin/cmake --build /home/pyro/ws_offboard_control/build/px4_ros_com -- -j16 -l16
