[35m[1mConsolidate compiler generated dependencies of target offboard_control_spin_tt[0m
[ 10%] Built target offboard_control
[ 30%] Built target offboard_control_srv
[ 30%] Built target offboard_control_tilt_axis
[ 40%] Built target frame_transforms
[ 40%] Built target ament_cmake_python_copy_px4_ros_com
[ 50%] Built target vehicle_gps_position_listener
[ 60%] Built target debug_vect_advertiser
[ 80%] Built target offboard_control_thrust_torque
[ 80%] Built target offboard_control_spin_lsq
[ 90%] Built target sensor_combined_listener
[ 95%] [32mBuilding CXX object CMakeFiles/offboard_control_spin_tt.dir/src/examples/offboard/offboard_control_spin_tt.cpp.o[0m
running egg_info
writing px4_ros_com.egg-info/PKG-INFO
writing dependency_links to px4_ros_com.egg-info/dependency_links.txt
writing top-level names to px4_ros_com.egg-info/top_level.txt
reading manifest file 'px4_ros_com.egg-info/SOURCES.txt'
writing manifest file 'px4_ros_com.egg-info/SOURCES.txt'
[ 95%] Built target ament_cmake_python_build_px4_ros_com_egg
[01m[K/home/pyro/ws_offboard_control/src/px4_ros_com/src/examples/offboard/offboard_control_spin_tt.cpp:[m[K In member function ‘[01m[Kvoid OffboardControl::controller_outerloop(double)[m[K’:
[01m[K/home/pyro/ws_offboard_control/src/px4_ros_com/src/examples/offboard/offboard_control_spin_tt.cpp:360:5:[m[K [01;31m[Kerror: [m[K‘[01m[Kvel_xy_filt_[m[K’ was not declared in this scope
  360 |     [01;31m[Kvel_xy_filt_[m[K = (1.0 - vel_lpf_alpha_) * vel_xy_filt_ + vel_lpf_alpha_ * vel_xy_raw;
      |     [01;31m[K^~~~~~~~~~~~[m[K
[01m[K/home/pyro/ws_offboard_control/src/px4_ros_com/src/examples/offboard/offboard_control_spin_tt.cpp:360:27:[m[K [01;31m[Kerror: [m[K‘[01m[Kvel_lpf_alpha_[m[K’ was not declared in this scope
  360 |     vel_xy_filt_ = (1.0 - [01;31m[Kvel_lpf_alpha_[m[K) * vel_xy_filt_ + vel_lpf_alpha_ * vel_xy_raw;
      |                           [01;31m[K^~~~~~~~~~~~~~[m[K
[01m[K/home/pyro/ws_offboard_control/src/px4_ros_com/src/examples/offboard/offboard_control_spin_tt.cpp:397:43:[m[K [01;31m[Kerror: [m[K‘[01m[Ka_des_prev_xy_[m[K’ was not declared in this scope
  397 |         double delta = a_des_body_xy(i) - [01;31m[Ka_des_prev_xy_[m[K(i);
      |                                           [01;31m[K^~~~~~~~~~~~~~[m[K
[01m[K/home/pyro/ws_offboard_control/src/px4_ros_com/src/examples/offboard/offboard_control_spin_tt.cpp:398:23:[m[K [01;31m[Kerror: [m[K‘[01m[Kmax_xy_acc_step_[m[K’ was not declared in this scope
  398 |         limit(delta, -[01;31m[Kmax_xy_acc_step_[m[K, max_xy_acc_step_);
      |                       [01;31m[K^~~~~~~~~~~~~~~~[m[K
[01m[K/home/pyro/ws_offboard_control/src/px4_ros_com/src/examples/offboard/offboard_control_spin_tt.cpp:401:5:[m[K [01;31m[Kerror: [m[K‘[01m[Ka_des_prev_xy_[m[K’ was not declared in this scope
  401 |     [01;31m[Ka_des_prev_xy_[m[K = a_des_body_xy;
      |     [01;31m[K^~~~~~~~~~~~~~[m[K
[01m[K/home/pyro/ws_offboard_control/src/px4_ros_com/src/examples/offboard/offboard_control_spin_tt.cpp:[m[K In member function ‘[01m[Kvoid OffboardControl::initializeController()[m[K’:
[01m[K/home/pyro/ws_offboard_control/src/px4_ros_com/src/examples/offboard/offboard_control_spin_tt.cpp:824:5:[m[K [01;31m[Kerror: [m[K‘[01m[Ka_des_prev_xy_[m[K’ was not declared in this scope
  824 |     [01;31m[Ka_des_prev_xy_[m[K.setZero();
      |     [01;31m[K^~~~~~~~~~~~~~[m[K
gmake[2]: *** [CMakeFiles/offboard_control_spin_tt.dir/build.make:76: CMakeFiles/offboard_control_spin_tt.dir/src/examples/offboard/offboard_control_spin_tt.cpp.o] Error 1
gmake[1]: *** [CMakeFiles/Makefile2:340: CMakeFiles/offboard_control_spin_tt.dir/all] Error 2
gmake: *** [Makefile:146: all] Error 2
