[0.298s] Invoking command in '/home/pyro/ws_offboard_control/build/px4_ros_com': CMAKE_PREFIX_PATH=/home/pyro/ws_offboard_control/install/px4_msgs:/home/pyro/ws_offboard_control/install/px4_ros_com:/opt/ros/humble LD_LIBRARY_PATH=/home/pyro/ws_offboard_control/install/px4_msgs/lib:/home/pyro/ws_offboard_control/install/px4_ros_com/lib:/opt/ros/humble/opt/rviz_ogre_vendor/lib:/opt/ros/humble/lib/x86_64-linux-gnu:/opt/ros/humble/lib /usr/bin/cmake --build /home/pyro/ws_offboard_control/build/px4_ros_com -- -j16 -l16
[0.541s] [35m[1mConsolidate compiler generated dependencies of target offboard_control_spin_tt[0m
[0.585s] [ 10%] Built target offboard_control
[0.591s] [ 30%] Built target offboard_control_srv
[0.591s] [ 30%] Built target offboard_control_tilt_axis
[0.595s] [ 40%] Built target frame_transforms
[0.596s] [ 40%] Built target ament_cmake_python_copy_px4_ros_com
[0.597s] [ 50%] Built target vehicle_gps_position_listener
[0.598s] [ 60%] Built target debug_vect_advertiser
[0.600s] [ 80%] Built target offboard_control_thrust_torque
[0.600s] [ 80%] Built target offboard_control_spin_lsq
[0.601s] [ 90%] Built target sensor_combined_listener
[0.614s] [ 95%] [32mBuilding CXX object CMakeFiles/offboard_control_spin_tt.dir/src/examples/offboard/offboard_control_spin_tt.cpp.o[0m
[1.250s] running egg_info
[1.297s] writing px4_ros_com.egg-info/PKG-INFO
[1.302s] writing dependency_links to px4_ros_com.egg-info/dependency_links.txt
[1.304s] writing top-level names to px4_ros_com.egg-info/top_level.txt
[1.425s] reading manifest file 'px4_ros_com.egg-info/SOURCES.txt'
[1.428s] writing manifest file 'px4_ros_com.egg-info/SOURCES.txt'
[1.538s] [ 95%] Built target ament_cmake_python_build_px4_ros_com_egg
[15.973s] [01m[K/home/pyro/ws_offboard_control/src/px4_ros_com/src/examples/offboard/offboard_control_spin_tt.cpp:[m[K In member function ‘[01m[Kvoid OffboardControl::controller_outerloop(double)[m[K’:
[15.973s] [01m[K/home/pyro/ws_offboard_control/src/px4_ros_com/src/examples/offboard/offboard_control_spin_tt.cpp:360:5:[m[K [01;31m[Kerror: [m[K‘[01m[Kvel_xy_filt_[m[K’ was not declared in this scope
[15.973s]   360 |     [01;31m[Kvel_xy_filt_[m[K = (1.0 - vel_lpf_alpha_) * vel_xy_filt_ + vel_lpf_alpha_ * vel_xy_raw;
[15.974s]       |     [01;31m[K^~~~~~~~~~~~[m[K
[15.990s] [01m[K/home/pyro/ws_offboard_control/src/px4_ros_com/src/examples/offboard/offboard_control_spin_tt.cpp:360:27:[m[K [01;31m[Kerror: [m[K‘[01m[Kvel_lpf_alpha_[m[K’ was not declared in this scope
[15.990s]   360 |     vel_xy_filt_ = (1.0 - [01;31m[Kvel_lpf_alpha_[m[K) * vel_xy_filt_ + vel_lpf_alpha_ * vel_xy_raw;
[15.990s]       |                           [01;31m[K^~~~~~~~~~~~~~[m[K
[16.115s] [01m[K/home/pyro/ws_offboard_control/src/px4_ros_com/src/examples/offboard/offboard_control_spin_tt.cpp:397:43:[m[K [01;31m[Kerror: [m[K‘[01m[Ka_des_prev_xy_[m[K’ was not declared in this scope
[16.115s]   397 |         double delta = a_des_body_xy(i) - [01;31m[Ka_des_prev_xy_[m[K(i);
[16.115s]       |                                           [01;31m[K^~~~~~~~~~~~~~[m[K
[16.140s] [01m[K/home/pyro/ws_offboard_control/src/px4_ros_com/src/examples/offboard/offboard_control_spin_tt.cpp:398:23:[m[K [01;31m[Kerror: [m[K‘[01m[Kmax_xy_acc_step_[m[K’ was not declared in this scope
[16.140s]   398 |         limit(delta, -[01;31m[Kmax_xy_acc_step_[m[K, max_xy_acc_step_);
[16.141s]       |                       [01;31m[K^~~~~~~~~~~~~~~~[m[K
[16.162s] [01m[K/home/pyro/ws_offboard_control/src/px4_ros_com/src/examples/offboard/offboard_control_spin_tt.cpp:401:5:[m[K [01;31m[Kerror: [m[K‘[01m[Ka_des_prev_xy_[m[K’ was not declared in this scope
[16.162s]   401 |     [01;31m[Ka_des_prev_xy_[m[K = a_des_body_xy;
[16.162s]       |     [01;31m[K^~~~~~~~~~~~~~[m[K
[16.534s] [01m[K/home/pyro/ws_offboard_control/src/px4_ros_com/src/examples/offboard/offboard_control_spin_tt.cpp:[m[K In member function ‘[01m[Kvoid OffboardControl::initializeController()[m[K’:
[16.534s] [01m[K/home/pyro/ws_offboard_control/src/px4_ros_com/src/examples/offboard/offboard_control_spin_tt.cpp:824:5:[m[K [01;31m[Kerror: [m[K‘[01m[Ka_des_prev_xy_[m[K’ was not declared in this scope
[16.534s]   824 |     [01;31m[Ka_des_prev_xy_[m[K.setZero();
[16.534s]       |     [01;31m[K^~~~~~~~~~~~~~[m[K
[44.606s] gmake[2]: *** [CMakeFiles/offboard_control_spin_tt.dir/build.make:76: CMakeFiles/offboard_control_spin_tt.dir/src/examples/offboard/offboard_control_spin_tt.cpp.o] Error 1
[44.606s] gmake[1]: *** [CMakeFiles/Makefile2:340: CMakeFiles/offboard_control_spin_tt.dir/all] Error 2
[44.607s] gmake: *** [Makefile:146: all] Error 2
[44.613s] Invoked command in '/home/pyro/ws_offboard_control/build/px4_ros_com' returned '2': CMAKE_PREFIX_PATH=/home/pyro/ws_offboard_control/install/px4_msgs:/home/pyro/ws_offboard_control/install/px4_ros_com:/opt/ros/humble LD_LIBRARY_PATH=/home/pyro/ws_offboard_control/install/px4_msgs/lib:/home/pyro/ws_offboard_control/install/px4_ros_com/lib:/opt/ros/humble/opt/rviz_ogre_vendor/lib:/opt/ros/humble/lib/x86_64-linux-gnu:/opt/ros/humble/lib /usr/bin/cmake --build /home/pyro/ws_offboard_control/build/px4_ros_com -- -j16 -l16
