[0.422s] Invoking command in '/home/pyro/ws_offboard_control/build/px4_ros_com': AMENT_PREFIX_PATH=/home/pyro/ws_offboard_control/install/px4_msgs:${AMENT_PREFIX_PATH} CMAKE_PREFIX_PATH=/home/pyro/ws_offboard_control/install/px4_msgs:/opt/ros/humble LD_LIBRARY_PATH=/home/pyro/ws_offboard_control/install/px4_msgs/lib:${LD_LIBRARY_PATH} PYTHONPATH=/home/pyro/ws_offboard_control/install/px4_msgs/local/lib/python3.10/dist-packages:${PYTHONPATH} /usr/bin/cmake --build /home/pyro/ws_offboard_control/build/px4_ros_com -- -j16 -l16
[0.630s] [ 10%] Built target offboard_control
[0.630s] [ 20%] Built target offboard_control_spin_lsq
[0.630s] [ 40%] Built target debug_vect_advertiser
[0.630s] [ 40%] Built target offboard_control_thrust_torque
[0.630s] [ 50%] Built target sensor_combined_listener
[0.635s] [ 70%] Built target offboard_control_srv
[0.637s] [ 70%] Built target frame_transforms
[0.638s] [ 85%] Built target vehicle_gps_position_listener
[0.639s] [ 90%] Built target offboard_control_spin_tt
[0.643s] [100%] Built target offboard_control_tilt_axis
[0.654s] [100%] Built target ament_cmake_python_copy_px4_ros_com
[1.369s] running egg_info
[1.417s] writing px4_ros_com.egg-info/PKG-INFO
[1.419s] writing dependency_links to px4_ros_com.egg-info/dependency_links.txt
[1.420s] writing top-level names to px4_ros_com.egg-info/top_level.txt
[1.563s] reading manifest file 'px4_ros_com.egg-info/SOURCES.txt'
[1.567s] writing manifest file 'px4_ros_com.egg-info/SOURCES.txt'
[1.683s] [100%] Built target ament_cmake_python_build_px4_ros_com_egg
[1.722s] Invoked command in '/home/pyro/ws_offboard_control/build/px4_ros_com' returned '0': AMENT_PREFIX_PATH=/home/pyro/ws_offboard_control/install/px4_msgs:${AMENT_PREFIX_PATH} CMAKE_PREFIX_PATH=/home/pyro/ws_offboard_control/install/px4_msgs:/opt/ros/humble LD_LIBRARY_PATH=/home/pyro/ws_offboard_control/install/px4_msgs/lib:${LD_LIBRARY_PATH} PYTHONPATH=/home/pyro/ws_offboard_control/install/px4_msgs/local/lib/python3.10/dist-packages:${PYTHONPATH} /usr/bin/cmake --build /home/pyro/ws_offboard_control/build/px4_ros_com -- -j16 -l16
[1.758s] Invoking command in '/home/pyro/ws_offboard_control/build/px4_ros_com': AMENT_PREFIX_PATH=/home/pyro/ws_offboard_control/install/px4_msgs:${AMENT_PREFIX_PATH} CMAKE_PREFIX_PATH=/home/pyro/ws_offboard_control/install/px4_msgs:/opt/ros/humble LD_LIBRARY_PATH=/home/pyro/ws_offboard_control/install/px4_msgs/lib:${LD_LIBRARY_PATH} PYTHONPATH=/home/pyro/ws_offboard_control/install/px4_msgs/local/lib/python3.10/dist-packages:${PYTHONPATH} /usr/bin/cmake --install /home/pyro/ws_offboard_control/build/px4_ros_com
[1.785s] -- Install configuration: ""
[1.789s] -- Up-to-date: /home/pyro/ws_offboard_control/install/px4_ros_com/lib/px4_ros_com/sensor_combined_listener
[1.790s] -- Up-to-date: /home/pyro/ws_offboard_control/install/px4_ros_com/lib/px4_ros_com/vehicle_gps_position_listener
[1.790s] -- Up-to-date: /home/pyro/ws_offboard_control/install/px4_ros_com/lib/px4_ros_com/debug_vect_advertiser
[1.790s] -- Up-to-date: /home/pyro/ws_offboard_control/install/px4_ros_com/lib/px4_ros_com/offboard_control
[1.791s] -- Up-to-date: /home/pyro/ws_offboard_control/install/px4_ros_com/lib/px4_ros_com/offboard_control_srv
[1.792s] -- Up-to-date: /home/pyro/ws_offboard_control/install/px4_ros_com/lib/px4_ros_com/offboard_control_thrust_torque
[1.793s] -- Up-to-date: /home/pyro/ws_offboard_control/install/px4_ros_com/lib/px4_ros_com/offboard_control_spin_tt
[1.795s] -- Up-to-date: /home/pyro/ws_offboard_control/install/px4_ros_com/lib/px4_ros_com/offboard_control_tilt_axis
[1.795s] -- Up-to-date: /home/pyro/ws_offboard_control/install/px4_ros_com/lib/px4_ros_com/offboard_control_spin_lsq
[1.797s] -- Up-to-date: /home/pyro/ws_offboard_control/install/px4_ros_com/share/px4_ros_com/environment/library_path.sh
[1.797s] -- Up-to-date: /home/pyro/ws_offboard_control/install/px4_ros_com/share/px4_ros_com/environment/library_path.dsv
[1.797s] -- Up-to-date: /home/pyro/ws_offboard_control/install/px4_ros_com/include/px4_ros_com
[1.797s] -- Up-to-date: /home/pyro/ws_offboard_control/install/px4_ros_com/include/px4_ros_com/frame_transforms.h
[1.801s] -- Up-to-date: /home/pyro/ws_offboard_control/install/px4_ros_com/lib/libframe_transforms.so
[1.805s] -- Up-to-date: /home/pyro/ws_offboard_control/install/px4_ros_com/share/px4_ros_com//launch
[1.806s] -- Up-to-date: /home/pyro/ws_offboard_control/install/px4_ros_com/share/px4_ros_com//launch/sensor_combined_listener.launch.py
[1.807s] -- Up-to-date: /home/pyro/ws_offboard_control/install/px4_ros_com/share/px4_ros_com//launch/offboard_control_launch.yaml
[1.808s] -- Up-to-date: /home/pyro/ws_offboard_control/install/px4_ros_com/share/px4_ros_com//test
[1.809s] -- Up-to-date: /home/pyro/ws_offboard_control/install/px4_ros_com/share/px4_ros_com//test/test_output.py
[1.809s] -- Up-to-date: /home/pyro/ws_offboard_control/install/px4_ros_com/share/px4_ros_com//test/pipeline_io_test.py
[1.810s] -- Up-to-date: /home/pyro/ws_offboard_control/install/px4_ros_com/share/px4_ros_com//test/test_input.py
[1.810s] -- Up-to-date: /home/pyro/ws_offboard_control/install/px4_ros_com/share/px4_ros_com//test/__init__.py
[1.810s] -- Up-to-date: /home/pyro/ws_offboard_control/install/px4_ros_com/share/px4_ros_com/environment/pythonpath.sh
[1.810s] -- Up-to-date: /home/pyro/ws_offboard_control/install/px4_ros_com/share/px4_ros_com/environment/pythonpath.dsv
[1.810s] -- Up-to-date: /home/pyro/ws_offboard_control/install/px4_ros_com/local/lib/python3.10/dist-packages/px4_ros_com-0.1.0-py3.10.egg-info
[1.810s] -- Installing: /home/pyro/ws_offboard_control/install/px4_ros_com/local/lib/python3.10/dist-packages/px4_ros_com-0.1.0-py3.10.egg-info/dependency_links.txt
[1.810s] -- Installing: /home/pyro/ws_offboard_control/install/px4_ros_com/local/lib/python3.10/dist-packages/px4_ros_com-0.1.0-py3.10.egg-info/SOURCES.txt
[1.810s] -- Installing: /home/pyro/ws_offboard_control/install/px4_ros_com/local/lib/python3.10/dist-packages/px4_ros_com-0.1.0-py3.10.egg-info/PKG-INFO
[1.810s] -- Installing: /home/pyro/ws_offboard_control/install/px4_ros_com/local/lib/python3.10/dist-packages/px4_ros_com-0.1.0-py3.10.egg-info/top_level.txt
[1.810s] -- Up-to-date: /home/pyro/ws_offboard_control/install/px4_ros_com/local/lib/python3.10/dist-packages/px4_ros_com
[1.811s] -- Up-to-date: /home/pyro/ws_offboard_control/install/px4_ros_com/local/lib/python3.10/dist-packages/px4_ros_com/__init__.py
[1.811s] -- Up-to-date: /home/pyro/ws_offboard_control/install/px4_ros_com/local/lib/python3.10/dist-packages/px4_ros_com/module_to_import.py
[1.912s] Listing '/home/pyro/ws_offboard_control/install/px4_ros_com/local/lib/python3.10/dist-packages/px4_ros_com'...
[1.927s] -- Up-to-date: /home/pyro/ws_offboard_control/install/px4_ros_com/lib/px4_ros_com/offboard_control.py
[1.927s] -- Up-to-date: /home/pyro/ws_offboard_control/install/px4_ros_com/share/ament_index/resource_index/package_run_dependencies/px4_ros_com
[1.927s] -- Up-to-date: /home/pyro/ws_offboard_control/install/px4_ros_com/share/ament_index/resource_index/parent_prefix_path/px4_ros_com
[1.928s] -- Up-to-date: /home/pyro/ws_offboard_control/install/px4_ros_com/share/px4_ros_com/environment/ament_prefix_path.sh
[1.929s] -- Up-to-date: /home/pyro/ws_offboard_control/install/px4_ros_com/share/px4_ros_com/environment/ament_prefix_path.dsv
[1.929s] -- Up-to-date: /home/pyro/ws_offboard_control/install/px4_ros_com/share/px4_ros_com/environment/path.sh
[1.929s] -- Up-to-date: /home/pyro/ws_offboard_control/install/px4_ros_com/share/px4_ros_com/environment/path.dsv
[1.929s] -- Up-to-date: /home/pyro/ws_offboard_control/install/px4_ros_com/share/px4_ros_com/local_setup.bash
[1.929s] -- Up-to-date: /home/pyro/ws_offboard_control/install/px4_ros_com/share/px4_ros_com/local_setup.sh
[1.929s] -- Up-to-date: /home/pyro/ws_offboard_control/install/px4_ros_com/share/px4_ros_com/local_setup.zsh
[1.929s] -- Up-to-date: /home/pyro/ws_offboard_control/install/px4_ros_com/share/px4_ros_com/local_setup.dsv
[1.929s] -- Installing: /home/pyro/ws_offboard_control/install/px4_ros_com/share/px4_ros_com/package.dsv
[1.929s] -- Up-to-date: /home/pyro/ws_offboard_control/install/px4_ros_com/share/ament_index/resource_index/packages/px4_ros_com
[1.929s] -- Up-to-date: /home/pyro/ws_offboard_control/install/px4_ros_com/share/px4_ros_com/cmake/export_frame_transformsExport.cmake
[1.929s] -- Up-to-date: /home/pyro/ws_offboard_control/install/px4_ros_com/share/px4_ros_com/cmake/export_frame_transformsExport-noconfig.cmake
[1.930s] -- Up-to-date: /home/pyro/ws_offboard_control/install/px4_ros_com/share/px4_ros_com/cmake/ament_cmake_export_dependencies-extras.cmake
[1.930s] -- Up-to-date: /home/pyro/ws_offboard_control/install/px4_ros_com/share/px4_ros_com/cmake/ament_cmake_export_targets-extras.cmake
[1.930s] -- Up-to-date: /home/pyro/ws_offboard_control/install/px4_ros_com/share/px4_ros_com/cmake/ament_cmake_export_include_directories-extras.cmake
[1.930s] -- Up-to-date: /home/pyro/ws_offboard_control/install/px4_ros_com/share/px4_ros_com/cmake/ament_cmake_export_libraries-extras.cmake
[1.930s] -- Up-to-date: /home/pyro/ws_offboard_control/install/px4_ros_com/share/px4_ros_com/cmake/px4_ros_comConfig.cmake
[1.930s] -- Up-to-date: /home/pyro/ws_offboard_control/install/px4_ros_com/share/px4_ros_com/cmake/px4_ros_comConfig-version.cmake
[1.930s] -- Up-to-date: /home/pyro/ws_offboard_control/install/px4_ros_com/share/px4_ros_com/package.xml
[1.935s] Invoked command in '/home/pyro/ws_offboard_control/build/px4_ros_com' returned '0': AMENT_PREFIX_PATH=/home/pyro/ws_offboard_control/install/px4_msgs:${AMENT_PREFIX_PATH} CMAKE_PREFIX_PATH=/home/pyro/ws_offboard_control/install/px4_msgs:/opt/ros/humble LD_LIBRARY_PATH=/home/pyro/ws_offboard_control/install/px4_msgs/lib:${LD_LIBRARY_PATH} PYTHONPATH=/home/pyro/ws_offboard_control/install/px4_msgs/local/lib/python3.10/dist-packages:${PYTHONPATH} /usr/bin/cmake --install /home/pyro/ws_offboard_control/build/px4_ros_com
