[0.483s] DEBUG:colcon:Command line arguments: ['/usr/bin/colcon', 'build', '--packages-select', 'px4_ros_com']
[0.483s] DEBUG:colcon:Parsed command line arguments: Namespace(log_base=None, log_level=None, verb_name='build', build_base='build', install_base='install', merge_install=False, symlink_install=False, test_result_base=None, continue_on_error=False, executor='parallel', parallel_workers=16, event_handlers=None, ignore_user_meta=False, metas=['./colcon.meta'], base_paths=['.'], packages_ignore=None, packages_ignore_regex=None, paths=None, packages_up_to=None, packages_up_to_regex=None, packages_above=None, packages_above_and_dependencies=None, packages_above_depth=None, packages_select_by_dep=None, packages_skip_by_dep=None, packages_skip_up_to=None, packages_select_build_failed=False, packages_skip_build_finished=False, packages_select_test_failures=False, packages_skip_test_passed=False, packages_select=['px4_ros_com'], packages_skip=None, packages_select_regex=None, packages_skip_regex=None, packages_start=None, packages_end=None, allow_overriding=[], cmake_args=None, cmake_target=None, cmake_target_skip_unavailable=False, cmake_clean_cache=False, cmake_clean_first=False, cmake_force_configure=False, ament_cmake_args=None, catkin_cmake_args=None, catkin_skip_building_tests=False, mixin_files=None, mixin=None, verb_parser=<colcon_mixin.mixin.mixin_argument.MixinArgumentDecorator object at 0x7b9ab2947580>, verb_extension=<colcon_core.verb.build.BuildVerb object at 0x7b9ab2947010>, main=<bound method BuildVerb.main of <colcon_core.verb.build.BuildVerb object at 0x7b9ab2947010>>, mixin_verb=('build',))
[0.589s] Level 1:colcon.colcon_core.package_discovery:discover_packages(colcon_meta) check parameters
[0.589s] Level 1:colcon.colcon_core.package_discovery:discover_packages(recursive) check parameters
[0.589s] Level 1:colcon.colcon_core.package_discovery:discover_packages(ignore) check parameters
[0.590s] Level 1:colcon.colcon_core.package_discovery:discover_packages(path) check parameters
[0.590s] Level 1:colcon.colcon_core.package_discovery:discover_packages(colcon_meta) discover
[0.590s] Level 1:colcon.colcon_core.package_discovery:discover_packages(recursive) discover
[0.590s] INFO:colcon.colcon_core.package_discovery:Crawling recursively for packages in '/home/pyro/ws_offboard_control'
[0.590s] Level 1:colcon.colcon_core.package_identification:_identify(.) by extensions ['ignore', 'ignore_ament_install']
[0.590s] Level 1:colcon.colcon_core.package_identification:_identify(.) by extension 'ignore'
[0.591s] Level 1:colcon.colcon_core.package_identification:_identify(.) by extension 'ignore_ament_install'
[0.591s] Level 1:colcon.colcon_core.package_identification:_identify(.) by extensions ['colcon_pkg']
[0.591s] Level 1:colcon.colcon_core.package_identification:_identify(.) by extension 'colcon_pkg'
[0.591s] Level 1:colcon.colcon_core.package_identification:_identify(.) by extensions ['colcon_meta']
[0.591s] Level 1:colcon.colcon_core.package_identification:_identify(.) by extension 'colcon_meta'
[0.591s] Level 1:colcon.colcon_core.package_identification:_identify(.) by extensions ['ros']
[0.591s] Level 1:colcon.colcon_core.package_identification:_identify(.) by extension 'ros'
[0.631s] Level 1:colcon.colcon_core.package_identification:_identify(.) by extensions ['cmake', 'python']
[0.631s] Level 1:colcon.colcon_core.package_identification:_identify(.) by extension 'cmake'
[0.631s] Level 1:colcon.colcon_core.package_identification:_identify(.) by extension 'python'
[0.631s] Level 1:colcon.colcon_core.package_identification:_identify(.) by extensions ['python_setup_py']
[0.631s] Level 1:colcon.colcon_core.package_identification:_identify(.) by extension 'python_setup_py'
[0.632s] Level 1:colcon.colcon_core.package_identification:_identify(build) by extensions ['ignore', 'ignore_ament_install']
[0.632s] Level 1:colcon.colcon_core.package_identification:_identify(build) by extension 'ignore'
[0.633s] Level 1:colcon.colcon_core.package_identification:_identify(build) ignored
[0.634s] Level 1:colcon.colcon_core.package_identification:_identify(install) by extensions ['ignore', 'ignore_ament_install']
[0.634s] Level 1:colcon.colcon_core.package_identification:_identify(install) by extension 'ignore'
[0.634s] Level 1:colcon.colcon_core.package_identification:_identify(install) ignored
[0.635s] Level 1:colcon.colcon_core.package_identification:_identify(log) by extensions ['ignore', 'ignore_ament_install']
[0.635s] Level 1:colcon.colcon_core.package_identification:_identify(log) by extension 'ignore'
[0.635s] Level 1:colcon.colcon_core.package_identification:_identify(log) ignored
[0.636s] Level 1:colcon.colcon_core.package_identification:_identify(src) by extensions ['ignore', 'ignore_ament_install']
[0.636s] Level 1:colcon.colcon_core.package_identification:_identify(src) by extension 'ignore'
[0.636s] Level 1:colcon.colcon_core.package_identification:_identify(src) by extension 'ignore_ament_install'
[0.637s] Level 1:colcon.colcon_core.package_identification:_identify(src) by extensions ['colcon_pkg']
[0.637s] Level 1:colcon.colcon_core.package_identification:_identify(src) by extension 'colcon_pkg'
[0.637s] Level 1:colcon.colcon_core.package_identification:_identify(src) by extensions ['colcon_meta']
[0.637s] Level 1:colcon.colcon_core.package_identification:_identify(src) by extension 'colcon_meta'
[0.637s] Level 1:colcon.colcon_core.package_identification:_identify(src) by extensions ['ros']
[0.638s] Level 1:colcon.colcon_core.package_identification:_identify(src) by extension 'ros'
[0.638s] Level 1:colcon.colcon_core.package_identification:_identify(src) by extensions ['cmake', 'python']
[0.638s] Level 1:colcon.colcon_core.package_identification:_identify(src) by extension 'cmake'
[0.638s] Level 1:colcon.colcon_core.package_identification:_identify(src) by extension 'python'
[0.639s] Level 1:colcon.colcon_core.package_identification:_identify(src) by extensions ['python_setup_py']
[0.639s] Level 1:colcon.colcon_core.package_identification:_identify(src) by extension 'python_setup_py'
[0.639s] Level 1:colcon.colcon_core.package_identification:_identify(src/px4_msgs) by extensions ['ignore', 'ignore_ament_install']
[0.640s] Level 1:colcon.colcon_core.package_identification:_identify(src/px4_msgs) by extension 'ignore'
[0.640s] Level 1:colcon.colcon_core.package_identification:_identify(src/px4_msgs) by extension 'ignore_ament_install'
[0.640s] Level 1:colcon.colcon_core.package_identification:_identify(src/px4_msgs) by extensions ['colcon_pkg']
[0.640s] Level 1:colcon.colcon_core.package_identification:_identify(src/px4_msgs) by extension 'colcon_pkg'
[0.640s] Level 1:colcon.colcon_core.package_identification:_identify(src/px4_msgs) by extensions ['colcon_meta']
[0.640s] Level 1:colcon.colcon_core.package_identification:_identify(src/px4_msgs) by extension 'colcon_meta'
[0.640s] Level 1:colcon.colcon_core.package_identification:_identify(src/px4_msgs) by extensions ['ros']
[0.641s] Level 1:colcon.colcon_core.package_identification:_identify(src/px4_msgs) by extension 'ros'
[0.649s] DEBUG:colcon.colcon_core.package_identification:Package 'src/px4_msgs' with type 'ros.ament_cmake' and name 'px4_msgs'
[0.651s] Level 1:colcon.colcon_core.package_identification:_identify(src/px4_ros_com) by extensions ['ignore', 'ignore_ament_install']
[0.651s] Level 1:colcon.colcon_core.package_identification:_identify(src/px4_ros_com) by extension 'ignore'
[0.652s] Level 1:colcon.colcon_core.package_identification:_identify(src/px4_ros_com) by extension 'ignore_ament_install'
[0.652s] Level 1:colcon.colcon_core.package_identification:_identify(src/px4_ros_com) by extensions ['colcon_pkg']
[0.652s] Level 1:colcon.colcon_core.package_identification:_identify(src/px4_ros_com) by extension 'colcon_pkg'
[0.652s] Level 1:colcon.colcon_core.package_identification:_identify(src/px4_ros_com) by extensions ['colcon_meta']
[0.653s] Level 1:colcon.colcon_core.package_identification:_identify(src/px4_ros_com) by extension 'colcon_meta'
[0.653s] Level 1:colcon.colcon_core.package_identification:_identify(src/px4_ros_com) by extensions ['ros']
[0.653s] Level 1:colcon.colcon_core.package_identification:_identify(src/px4_ros_com) by extension 'ros'
[0.656s] DEBUG:colcon.colcon_core.package_identification:Package 'src/px4_ros_com' with type 'ros.ament_cmake' and name 'px4_ros_com'
[0.656s] Level 1:colcon.colcon_core.package_discovery:discover_packages(recursive) using defaults
[0.656s] Level 1:colcon.colcon_core.package_discovery:discover_packages(ignore) discover
[0.657s] Level 1:colcon.colcon_core.package_discovery:discover_packages(ignore) using defaults
[0.657s] Level 1:colcon.colcon_core.package_discovery:discover_packages(path) discover
[0.657s] Level 1:colcon.colcon_core.package_discovery:discover_packages(path) using defaults
[0.710s] INFO:colcon.colcon_core.package_selection:Skipping not selected package 'px4_msgs' in 'src/px4_msgs'
[0.711s] Level 1:colcon.colcon_core.package_discovery:discover_packages(prefix_path) check parameters
[0.711s] Level 1:colcon.colcon_core.package_discovery:discover_packages(prefix_path) discover
[0.718s] DEBUG:colcon.colcon_installed_package_information.package_discovery:Found 2 installed packages in /home/pyro/ws_offboard_control/install
[0.719s] DEBUG:colcon.colcon_installed_package_information.package_discovery:Found 1 installed packages in /home/pyro/install
[0.722s] DEBUG:colcon.colcon_installed_package_information.package_discovery:Found 271 installed packages in /opt/ros/humble
[0.725s] Level 1:colcon.colcon_core.package_discovery:discover_packages(prefix_path) using defaults
[0.813s] Level 5:colcon.colcon_core.verb:set package 'px4_ros_com' build argument 'cmake_args' from command line to 'None'
[0.813s] Level 5:colcon.colcon_core.verb:set package 'px4_ros_com' build argument 'cmake_target' from command line to 'None'
[0.813s] Level 5:colcon.colcon_core.verb:set package 'px4_ros_com' build argument 'cmake_target_skip_unavailable' from command line to 'False'
[0.814s] Level 5:colcon.colcon_core.verb:set package 'px4_ros_com' build argument 'cmake_clean_cache' from command line to 'False'
[0.814s] Level 5:colcon.colcon_core.verb:set package 'px4_ros_com' build argument 'cmake_clean_first' from command line to 'False'
[0.814s] Level 5:colcon.colcon_core.verb:set package 'px4_ros_com' build argument 'cmake_force_configure' from command line to 'False'
[0.814s] Level 5:colcon.colcon_core.verb:set package 'px4_ros_com' build argument 'ament_cmake_args' from command line to 'None'
[0.814s] Level 5:colcon.colcon_core.verb:set package 'px4_ros_com' build argument 'catkin_cmake_args' from command line to 'None'
[0.814s] Level 5:colcon.colcon_core.verb:set package 'px4_ros_com' build argument 'catkin_skip_building_tests' from command line to 'False'
[0.814s] DEBUG:colcon.colcon_core.verb:Building package 'px4_ros_com' with the following arguments: {'ament_cmake_args': None, 'build_base': '/home/pyro/ws_offboard_control/build/px4_ros_com', 'catkin_cmake_args': None, 'catkin_skip_building_tests': False, 'cmake_args': None, 'cmake_clean_cache': False, 'cmake_clean_first': False, 'cmake_force_configure': False, 'cmake_target': None, 'cmake_target_skip_unavailable': False, 'install_base': '/home/pyro/ws_offboard_control/install/px4_ros_com', 'merge_install': False, 'path': '/home/pyro/ws_offboard_control/src/px4_ros_com', 'symlink_install': False, 'test_result_base': None}
[0.814s] INFO:colcon.colcon_core.executor:Executing jobs using 'parallel' executor
[0.817s] DEBUG:colcon.colcon_parallel_executor.executor.parallel:run_until_complete
[0.817s] INFO:colcon.colcon_ros.task.ament_cmake.build:Building ROS package in '/home/pyro/ws_offboard_control/src/px4_ros_com' with build type 'ament_cmake'
[0.818s] INFO:colcon.colcon_cmake.task.cmake.build:Building CMake package in '/home/pyro/ws_offboard_control/src/px4_ros_com'
[0.823s] INFO:colcon.colcon_core.plugin_system:Skipping extension 'colcon_core.shell.bat': Not used on non-Windows systems
[0.824s] INFO:colcon.colcon_core.shell:Skip shell extension 'powershell' for command environment: Not usable outside of PowerShell
[0.824s] DEBUG:colcon.colcon_core.shell:Skip shell extension 'dsv' for command environment
[1.080s] DEBUG:colcon.colcon_core.event_handler.log_command:Invoking command in '/home/pyro/ws_offboard_control/build/px4_ros_com': CMAKE_PREFIX_PATH=/home/pyro/ws_offboard_control/install/px4_msgs:/home/pyro/ws_offboard_control/install/px4_ros_com:/opt/ros/humble LD_LIBRARY_PATH=/home/pyro/ws_offboard_control/install/px4_msgs/lib:/home/pyro/ws_offboard_control/install/px4_ros_com/lib:/opt/ros/humble/opt/rviz_ogre_vendor/lib:/opt/ros/humble/lib/x86_64-linux-gnu:/opt/ros/humble/lib /usr/bin/cmake --build /home/pyro/ws_offboard_control/build/px4_ros_com -- -j16 -l16
[69.482s] DEBUG:colcon.colcon_core.event_handler.log_command:Invoked command in '/home/pyro/ws_offboard_control/build/px4_ros_com' returned '0': CMAKE_PREFIX_PATH=/home/pyro/ws_offboard_control/install/px4_msgs:/home/pyro/ws_offboard_control/install/px4_ros_com:/opt/ros/humble LD_LIBRARY_PATH=/home/pyro/ws_offboard_control/install/px4_msgs/lib:/home/pyro/ws_offboard_control/install/px4_ros_com/lib:/opt/ros/humble/opt/rviz_ogre_vendor/lib:/opt/ros/humble/lib/x86_64-linux-gnu:/opt/ros/humble/lib /usr/bin/cmake --build /home/pyro/ws_offboard_control/build/px4_ros_com -- -j16 -l16
[69.527s] DEBUG:colcon.colcon_core.event_handler.log_command:Invoking command in '/home/pyro/ws_offboard_control/build/px4_ros_com': CMAKE_PREFIX_PATH=/home/pyro/ws_offboard_control/install/px4_msgs:/home/pyro/ws_offboard_control/install/px4_ros_com:/opt/ros/humble LD_LIBRARY_PATH=/home/pyro/ws_offboard_control/install/px4_msgs/lib:/home/pyro/ws_offboard_control/install/px4_ros_com/lib:/opt/ros/humble/opt/rviz_ogre_vendor/lib:/opt/ros/humble/lib/x86_64-linux-gnu:/opt/ros/humble/lib /usr/bin/cmake --install /home/pyro/ws_offboard_control/build/px4_ros_com
[69.786s] Level 1:colcon.colcon_core.environment:create_environment_scripts_only(px4_ros_com)
[69.791s] DEBUG:colcon.colcon_core.event_handler.log_command:Invoked command in '/home/pyro/ws_offboard_control/build/px4_ros_com' returned '0': CMAKE_PREFIX_PATH=/home/pyro/ws_offboard_control/install/px4_msgs:/home/pyro/ws_offboard_control/install/px4_ros_com:/opt/ros/humble LD_LIBRARY_PATH=/home/pyro/ws_offboard_control/install/px4_msgs/lib:/home/pyro/ws_offboard_control/install/px4_ros_com/lib:/opt/ros/humble/opt/rviz_ogre_vendor/lib:/opt/ros/humble/lib/x86_64-linux-gnu:/opt/ros/humble/lib /usr/bin/cmake --install /home/pyro/ws_offboard_control/build/px4_ros_com
[69.797s] Level 1:colcon.colcon_core.environment:checking '/home/pyro/ws_offboard_control/install/px4_ros_com' for CMake module files
[69.800s] Level 1:colcon.colcon_core.environment:checking '/home/pyro/ws_offboard_control/install/px4_ros_com' for CMake config files
[69.805s] Level 1:colcon.colcon_core.shell:create_environment_hook('px4_ros_com', 'cmake_prefix_path')
[69.807s] INFO:colcon.colcon_core.shell:Creating environment hook '/home/pyro/ws_offboard_control/install/px4_ros_com/share/px4_ros_com/hook/cmake_prefix_path.ps1'
[69.809s] INFO:colcon.colcon_core.shell:Creating environment descriptor '/home/pyro/ws_offboard_control/install/px4_ros_com/share/px4_ros_com/hook/cmake_prefix_path.dsv'
[69.812s] INFO:colcon.colcon_core.shell:Creating environment hook '/home/pyro/ws_offboard_control/install/px4_ros_com/share/px4_ros_com/hook/cmake_prefix_path.sh'
[69.816s] Level 1:colcon.colcon_core.environment:checking '/home/pyro/ws_offboard_control/install/px4_ros_com/lib'
[69.817s] Level 1:colcon.colcon_core.shell:create_environment_hook('px4_ros_com', 'ld_library_path_lib')
[69.818s] INFO:colcon.colcon_core.shell:Creating environment hook '/home/pyro/ws_offboard_control/install/px4_ros_com/share/px4_ros_com/hook/ld_library_path_lib.ps1'
[69.820s] INFO:colcon.colcon_core.shell:Creating environment descriptor '/home/pyro/ws_offboard_control/install/px4_ros_com/share/px4_ros_com/hook/ld_library_path_lib.dsv'
[69.824s] INFO:colcon.colcon_core.shell:Creating environment hook '/home/pyro/ws_offboard_control/install/px4_ros_com/share/px4_ros_com/hook/ld_library_path_lib.sh'
[69.830s] Level 1:colcon.colcon_core.environment:checking '/home/pyro/ws_offboard_control/install/px4_ros_com/bin'
[69.831s] Level 1:colcon.colcon_core.environment:checking '/home/pyro/ws_offboard_control/install/px4_ros_com/lib/pkgconfig/px4_ros_com.pc'
[69.831s] Level 1:colcon.colcon_core.environment:checking '/home/pyro/ws_offboard_control/install/px4_ros_com/lib/python3.10/site-packages'
[69.832s] Level 1:colcon.colcon_core.environment:checking '/home/pyro/ws_offboard_control/install/px4_ros_com/bin'
[69.833s] INFO:colcon.colcon_core.shell:Creating package script '/home/pyro/ws_offboard_control/install/px4_ros_com/share/px4_ros_com/package.ps1'
[69.837s] INFO:colcon.colcon_core.shell:Creating package descriptor '/home/pyro/ws_offboard_control/install/px4_ros_com/share/px4_ros_com/package.dsv'
[69.839s] INFO:colcon.colcon_core.shell:Creating package script '/home/pyro/ws_offboard_control/install/px4_ros_com/share/px4_ros_com/package.sh'
[69.842s] INFO:colcon.colcon_core.shell:Creating package script '/home/pyro/ws_offboard_control/install/px4_ros_com/share/px4_ros_com/package.bash'
[69.849s] INFO:colcon.colcon_core.shell:Creating package script '/home/pyro/ws_offboard_control/install/px4_ros_com/share/px4_ros_com/package.zsh'
[69.854s] Level 1:colcon.colcon_core.environment:create_file_with_runtime_dependencies(/home/pyro/ws_offboard_control/install/px4_ros_com/share/colcon-core/packages/px4_ros_com)
[69.855s] Level 1:colcon.colcon_core.environment:create_environment_scripts_only(px4_ros_com)
[69.856s] Level 1:colcon.colcon_core.environment:checking '/home/pyro/ws_offboard_control/install/px4_ros_com' for CMake module files
[69.861s] Level 1:colcon.colcon_core.environment:checking '/home/pyro/ws_offboard_control/install/px4_ros_com' for CMake config files
[69.863s] Level 1:colcon.colcon_core.shell:create_environment_hook('px4_ros_com', 'cmake_prefix_path')
[69.864s] INFO:colcon.colcon_core.shell:Creating environment hook '/home/pyro/ws_offboard_control/install/px4_ros_com/share/px4_ros_com/hook/cmake_prefix_path.ps1'
[69.868s] INFO:colcon.colcon_core.shell:Creating environment descriptor '/home/pyro/ws_offboard_control/install/px4_ros_com/share/px4_ros_com/hook/cmake_prefix_path.dsv'
[69.870s] INFO:colcon.colcon_core.shell:Creating environment hook '/home/pyro/ws_offboard_control/install/px4_ros_com/share/px4_ros_com/hook/cmake_prefix_path.sh'
[69.873s] Level 1:colcon.colcon_core.environment:checking '/home/pyro/ws_offboard_control/install/px4_ros_com/lib'
[69.873s] Level 1:colcon.colcon_core.shell:create_environment_hook('px4_ros_com', 'ld_library_path_lib')
[69.874s] INFO:colcon.colcon_core.shell:Creating environment hook '/home/pyro/ws_offboard_control/install/px4_ros_com/share/px4_ros_com/hook/ld_library_path_lib.ps1'
[69.876s] INFO:colcon.colcon_core.shell:Creating environment descriptor '/home/pyro/ws_offboard_control/install/px4_ros_com/share/px4_ros_com/hook/ld_library_path_lib.dsv'
[69.877s] INFO:colcon.colcon_core.shell:Creating environment hook '/home/pyro/ws_offboard_control/install/px4_ros_com/share/px4_ros_com/hook/ld_library_path_lib.sh'
[69.879s] Level 1:colcon.colcon_core.environment:checking '/home/pyro/ws_offboard_control/install/px4_ros_com/bin'
[69.880s] Level 1:colcon.colcon_core.environment:checking '/home/pyro/ws_offboard_control/install/px4_ros_com/lib/pkgconfig/px4_ros_com.pc'
[69.881s] Level 1:colcon.colcon_core.environment:checking '/home/pyro/ws_offboard_control/install/px4_ros_com/lib/python3.10/site-packages'
[69.881s] Level 1:colcon.colcon_core.environment:checking '/home/pyro/ws_offboard_control/install/px4_ros_com/bin'
[69.882s] INFO:colcon.colcon_core.shell:Creating package script '/home/pyro/ws_offboard_control/install/px4_ros_com/share/px4_ros_com/package.ps1'
[69.885s] INFO:colcon.colcon_core.shell:Creating package descriptor '/home/pyro/ws_offboard_control/install/px4_ros_com/share/px4_ros_com/package.dsv'
[69.887s] INFO:colcon.colcon_core.shell:Creating package script '/home/pyro/ws_offboard_control/install/px4_ros_com/share/px4_ros_com/package.sh'
[69.889s] INFO:colcon.colcon_core.shell:Creating package script '/home/pyro/ws_offboard_control/install/px4_ros_com/share/px4_ros_com/package.bash'
[69.893s] INFO:colcon.colcon_core.shell:Creating package script '/home/pyro/ws_offboard_control/install/px4_ros_com/share/px4_ros_com/package.zsh'
[69.895s] Level 1:colcon.colcon_core.environment:create_file_with_runtime_dependencies(/home/pyro/ws_offboard_control/install/px4_ros_com/share/colcon-core/packages/px4_ros_com)
[69.896s] DEBUG:colcon.colcon_parallel_executor.executor.parallel:closing loop
[69.898s] DEBUG:colcon.colcon_parallel_executor.executor.parallel:loop closed
[69.898s] DEBUG:colcon.colcon_parallel_executor.executor.parallel:run_until_complete finished with '0'
[69.900s] DEBUG:colcon.colcon_core.event_reactor:joining thread
[70.090s] INFO:colcon.colcon_core.plugin_system:Skipping extension 'colcon_notification.desktop_notification.notify_send': Could not find 'notify-send'
[70.091s] INFO:colcon.colcon_core.plugin_system:Skipping extension 'colcon_notification.desktop_notification.terminal_notifier': Not used on non-Darwin systems
[70.091s] INFO:colcon.colcon_core.plugin_system:Skipping extension 'colcon_notification.desktop_notification.win32': Not used on non-Windows systems
[70.091s] INFO:colcon.colcon_notification.desktop_notification:Sending desktop notification using 'notify2'
[70.091s] DEBUG:colcon.colcon_notification.desktop_notification.notify2:Failed to initialize notify2: org.freedesktop.DBus.Error.FileNotFound: Failed to connect to socket /run/user/1000/bus: No such file or directory
[70.092s] DEBUG:colcon.colcon_core.event_reactor:joined thread
[70.093s] INFO:colcon.colcon_core.shell:Creating prefix script '/home/pyro/ws_offboard_control/install/local_setup.ps1'
[70.095s] INFO:colcon.colcon_core.shell:Creating prefix util module '/home/pyro/ws_offboard_control/install/_local_setup_util_ps1.py'
[70.098s] INFO:colcon.colcon_core.shell:Creating prefix chain script '/home/pyro/ws_offboard_control/install/setup.ps1'
[70.101s] INFO:colcon.colcon_core.shell:Creating prefix script '/home/pyro/ws_offboard_control/install/local_setup.sh'
[70.103s] INFO:colcon.colcon_core.shell:Creating prefix util module '/home/pyro/ws_offboard_control/install/_local_setup_util_sh.py'
[70.106s] INFO:colcon.colcon_core.shell:Creating prefix chain script '/home/pyro/ws_offboard_control/install/setup.sh'
[70.110s] INFO:colcon.colcon_core.shell:Creating prefix script '/home/pyro/ws_offboard_control/install/local_setup.bash'
[70.112s] INFO:colcon.colcon_core.shell:Creating prefix chain script '/home/pyro/ws_offboard_control/install/setup.bash'
[70.116s] INFO:colcon.colcon_core.shell:Creating prefix script '/home/pyro/ws_offboard_control/install/local_setup.zsh'
[70.119s] INFO:colcon.colcon_core.shell:Creating prefix chain script '/home/pyro/ws_offboard_control/install/setup.zsh'
