[0.228s] Invoking command in '/home/pyro/ws_offboard_control/build/px4_ros_com': CMAKE_PREFIX_PATH=/home/pyro/ws_offboard_control/install/px4_msgs:/home/pyro/ws_offboard_control/install/px4_ros_com:/opt/ros/humble LD_LIBRARY_PATH=/home/pyro/ws_offboard_control/install/px4_msgs/lib:/home/pyro/ws_offboard_control/install/px4_ros_com/lib:/opt/ros/humble/opt/rviz_ogre_vendor/lib:/opt/ros/humble/lib/x86_64-linux-gnu:/opt/ros/humble/lib /usr/bin/cmake --build /home/pyro/ws_offboard_control/build/px4_ros_com -- -j16 -l16
[0.485s] [35m[1mConsolidate compiler generated dependencies of target offboard_control_spin_tt[0m
[0.544s] [ 10%] Built target frame_transforms
[0.552s] [ 10%] Built target ament_cmake_python_copy_px4_ros_com
[0.567s] [ 15%] [32mBuilding CXX object CMakeFiles/offboard_control_spin_tt.dir/src/examples/offboard/offboard_control_spin_tt.cpp.o[0m
[0.571s] [ 25%] Built target offboard_control_srv
[0.572s] [ 35%] Built target vehicle_gps_position_listener
[0.572s] [ 50%] Built target debug_vect_advertiser
[0.572s] [ 55%] Built target sensor_combined_listener
[0.572s] [ 65%] Built target offboard_control_thrust_torque
[0.574s] [ 75%] Built target offboard_control
[0.577s] [ 95%] Built target offboard_control_tilt_axis
[0.577s] [ 95%] Built target offboard_control_spin_lsq
[1.015s] running egg_info
[1.044s] writing px4_ros_com.egg-info/PKG-INFO
[1.045s] writing dependency_links to px4_ros_com.egg-info/dependency_links.txt
[1.045s] writing top-level names to px4_ros_com.egg-info/top_level.txt
[1.129s] reading manifest file 'px4_ros_com.egg-info/SOURCES.txt'
[1.131s] writing manifest file 'px4_ros_com.egg-info/SOURCES.txt'
[1.197s] [ 95%] Built target ament_cmake_python_build_px4_ros_com_egg
[9.042s] [01m[K/home/pyro/ws_offboard_control/src/px4_ros_com/src/examples/offboard/offboard_control_spin_tt.cpp:[m[K In member function ‘[01m[Kvoid OffboardControl::log_data(double)[m[K’:
[9.042s] [01m[K/home/pyro/ws_offboard_control/src/px4_ros_com/src/examples/offboard/offboard_control_spin_tt.cpp:295:26:[m[K [01;35m[Kwarning: [m[Kunused parameter ‘[01m[Kdt[m[K’ [[01;35m[K]8;;https://gcc.gnu.org/onlinedocs/gcc/Warning-Options.html#index-Wunused-parameter-Wunused-parameter]8;;[m[K]
[9.042s]   295 |     void log_data([01;35m[Kdouble dt[m[K) {
[9.042s]       |                   [01;35m[K~~~~~~~^~[m[K
[9.501s] [01m[K/home/pyro/ws_offboard_control/src/px4_ros_com/src/examples/offboard/offboard_control_spin_tt.cpp:[m[K In member function ‘[01m[Kvoid OffboardControl::timer_callback()[m[K’:
[9.501s] [01m[K/home/pyro/ws_offboard_control/src/px4_ros_com/src/examples/offboard/offboard_control_spin_tt.cpp:1155:9:[m[K [01;31m[Kerror: [m[Kjump to case label
[9.501s]  1155 |         [01;31m[Kdefault[m[K:
[9.501s]       |         [01;31m[K^~~~~~~[m[K
[9.501s] [01m[K/home/pyro/ws_offboard_control/src/px4_ros_com/src/examples/offboard/offboard_control_spin_tt.cpp:1145:14:[m[K [01;36m[Knote: [m[K  crosses initialization of ‘[01m[Kstd::chrono::duration<long int, std::ratio<1, 1000000000> > elapsed[m[K’
[9.501s]  1145 |         auto [01;36m[Kelapsed[m[K = std::chrono::steady_clock::now() - arm_start_time;
[9.501s]       |              [01;36m[K^~~~~~~[m[K
[22.333s] gmake[2]: *** [CMakeFiles/offboard_control_spin_tt.dir/build.make:76: CMakeFiles/offboard_control_spin_tt.dir/src/examples/offboard/offboard_control_spin_tt.cpp.o] Error 1
[22.334s] gmake[1]: *** [CMakeFiles/Makefile2:340: CMakeFiles/offboard_control_spin_tt.dir/all] Error 2
[22.334s] gmake: *** [Makefile:146: all] Error 2
[22.341s] Invoked command in '/home/pyro/ws_offboard_control/build/px4_ros_com' returned '2': CMAKE_PREFIX_PATH=/home/pyro/ws_offboard_control/install/px4_msgs:/home/pyro/ws_offboard_control/install/px4_ros_com:/opt/ros/humble LD_LIBRARY_PATH=/home/pyro/ws_offboard_control/install/px4_msgs/lib:/home/pyro/ws_offboard_control/install/px4_ros_com/lib:/opt/ros/humble/opt/rviz_ogre_vendor/lib:/opt/ros/humble/lib/x86_64-linux-gnu:/opt/ros/humble/lib /usr/bin/cmake --build /home/pyro/ws_offboard_control/build/px4_ros_com -- -j16 -l16
