[ 10%] Built target sensor_combined_listener
[ 20%] Built target frame_transforms
[ 30%] Built target offboard_control_srv
[ 40%] Built target offboard_control_thrust_torque
[ 50%] Built target debug_vect_advertiser
[ 65%] Built target vehicle_gps_position_listener
[ 70%] Built target offboard_control
[ 75%] Built target ament_cmake_python_copy_px4_ros_com
[ 80%] Built target offboard_control_tilt_axis
[ 90%] Built target offboard_control_spin_tt
[100%] Built target offboard_control_spin_lsq
running egg_info
writing px4_ros_com.egg-info/PKG-INFO
writing dependency_links to px4_ros_com.egg-info/dependency_links.txt
writing top-level names to px4_ros_com.egg-info/top_level.txt
reading manifest file 'px4_ros_com.egg-info/SOURCES.txt'
writing manifest file 'px4_ros_com.egg-info/SOURCES.txt'
gmake[2]: *** [CMakeFiles/ament_cmake_python_build_px4_ros_com_egg.dir/build.make:70: CMakeFiles/ament_cmake_python_build_px4_ros_com_egg] Interrupt
gmake[1]: *** [CMakeFiles/Makefile2:444: CMakeFiles/ament_cmake_python_build_px4_ros_com_egg.dir/all] Interrupt
gmake: *** [Makefile:146: all] Interrupt
