[0.397s] Invoking command in '/home/pyro/ws_offboard_control/build/px4_ros_com': AMENT_PREFIX_PATH=/home/pyro/ws_offboard_control/install/px4_msgs:${AMENT_PREFIX_PATH} CMAKE_PREFIX_PATH=/home/pyro/ws_offboard_control/install/px4_msgs:/opt/ros/humble LD_LIBRARY_PATH=/home/pyro/ws_offboard_control/install/px4_msgs/lib:${LD_LIBRARY_PATH} PYTHONPATH=/home/pyro/ws_offboard_control/install/px4_msgs/local/lib/python3.10/dist-packages:${PYTHONPATH} /usr/bin/cmake --build /home/pyro/ws_offboard_control/build/px4_ros_com -- -j16 -l16
[0.644s] [ 10%] Built target sensor_combined_listener
[0.646s] [ 20%] Built target frame_transforms
[0.647s] [ 30%] Built target offboard_control_srv
[0.647s] [ 40%] Built target offboard_control_thrust_torque
[0.659s] [ 50%] Built target debug_vect_advertiser
[0.666s] [ 65%] Built target vehicle_gps_position_listener
[0.666s] [ 70%] Built target offboard_control
[0.675s] [ 75%] Built target ament_cmake_python_copy_px4_ros_com
[0.675s] [ 80%] Built target offboard_control_tilt_axis
[0.677s] [ 90%] Built target offboard_control_spin_tt
[0.687s] [100%] Built target offboard_control_spin_lsq
[1.540s] running egg_info
[1.646s] writing px4_ros_com.egg-info/PKG-INFO
[1.646s] writing dependency_links to px4_ros_com.egg-info/dependency_links.txt
[1.647s] writing top-level names to px4_ros_com.egg-info/top_level.txt
[1.863s] reading manifest file 'px4_ros_com.egg-info/SOURCES.txt'
[1.867s] writing manifest file 'px4_ros_com.egg-info/SOURCES.txt'
[1.957s] gmake[2]: *** [CMakeFiles/ament_cmake_python_build_px4_ros_com_egg.dir/build.make:70: CMakeFiles/ament_cmake_python_build_px4_ros_com_egg] Interrupt
[1.958s] gmake[1]: *** [CMakeFiles/Makefile2:444: CMakeFiles/ament_cmake_python_build_px4_ros_com_egg.dir/all] Interrupt
[1.959s] gmake: *** [Makefile:146: all] Interrupt
[1.966s] Invoked command in '/home/pyro/ws_offboard_control/build/px4_ros_com' returned '-2': AMENT_PREFIX_PATH=/home/pyro/ws_offboard_control/install/px4_msgs:${AMENT_PREFIX_PATH} CMAKE_PREFIX_PATH=/home/pyro/ws_offboard_control/install/px4_msgs:/opt/ros/humble LD_LIBRARY_PATH=/home/pyro/ws_offboard_control/install/px4_msgs/lib:${LD_LIBRARY_PATH} PYTHONPATH=/home/pyro/ws_offboard_control/install/px4_msgs/local/lib/python3.10/dist-packages:${PYTHONPATH} /usr/bin/cmake --build /home/pyro/ws_offboard_control/build/px4_ros_com -- -j16 -l16
