[0.321s] Invoking command in '/home/pyro/ws_offboard_control/build/px4_ros_com': CMAKE_PREFIX_PATH=/home/pyro/ws_offboard_control/install/px4_msgs:/home/pyro/ws_offboard_control/install/px4_ros_com:/opt/ros/humble LD_LIBRARY_PATH=/home/pyro/ws_offboard_control/install/px4_msgs/lib:/home/pyro/ws_offboard_control/install/px4_ros_com/lib:/opt/ros/humble/opt/rviz_ogre_vendor/lib:/opt/ros/humble/lib/x86_64-linux-gnu:/opt/ros/humble/lib /usr/bin/cmake --build /home/pyro/ws_offboard_control/build/px4_ros_com -- -j16 -l16
[0.563s] [35m[1mConsolidate compiler generated dependencies of target offboard_control_tilt_axis[0m
[0.605s] [ 10%] Built target sensor_combined_listener
[0.619s] [ 20%] Built target frame_transforms
[0.619s] [ 30%] Built target debug_vect_advertiser
[0.622s] [ 30%] Built target ament_cmake_python_copy_px4_ros_com
[0.623s] [ 40%] Built target offboard_control
[0.634s] [ 50%] Built target offboard_control_thrust_torque
[0.636s] [ 65%] Built target offboard_control_srv
[0.636s] [ 70%] Built target vehicle_gps_position_listener
[0.642s] [ 80%] Built target offboard_control_spin_tt
[0.644s] [ 85%] [32mBuilding CXX object CMakeFiles/offboard_control_tilt_axis.dir/src/examples/offboard/offboard_control_tilt_axis.cpp.o[0m
[0.645s] [ 95%] Built target offboard_control_spin_lsq
[1.387s] running egg_info
[1.448s] writing px4_ros_com.egg-info/PKG-INFO
[1.450s] writing dependency_links to px4_ros_com.egg-info/dependency_links.txt
[1.451s] writing top-level names to px4_ros_com.egg-info/top_level.txt
[1.621s] reading manifest file 'px4_ros_com.egg-info/SOURCES.txt'
[1.624s] writing manifest file 'px4_ros_com.egg-info/SOURCES.txt'
[1.735s] [ 95%] Built target ament_cmake_python_build_px4_ros_com_egg
[55.181s] [100%] [32m[1mLinking CXX executable offboard_control_tilt_axis[0m
[57.942s] [100%] Built target offboard_control_tilt_axis
[57.981s] Invoked command in '/home/pyro/ws_offboard_control/build/px4_ros_com' returned '0': CMAKE_PREFIX_PATH=/home/pyro/ws_offboard_control/install/px4_msgs:/home/pyro/ws_offboard_control/install/px4_ros_com:/opt/ros/humble LD_LIBRARY_PATH=/home/pyro/ws_offboard_control/install/px4_msgs/lib:/home/pyro/ws_offboard_control/install/px4_ros_com/lib:/opt/ros/humble/opt/rviz_ogre_vendor/lib:/opt/ros/humble/lib/x86_64-linux-gnu:/opt/ros/humble/lib /usr/bin/cmake --build /home/pyro/ws_offboard_control/build/px4_ros_com -- -j16 -l16
[58.011s] Invoking command in '/home/pyro/ws_offboard_control/build/px4_ros_com': CMAKE_PREFIX_PATH=/home/pyro/ws_offboard_control/install/px4_msgs:/home/pyro/ws_offboard_control/install/px4_ros_com:/opt/ros/humble LD_LIBRARY_PATH=/home/pyro/ws_offboard_control/install/px4_msgs/lib:/home/pyro/ws_offboard_control/install/px4_ros_com/lib:/opt/ros/humble/opt/rviz_ogre_vendor/lib:/opt/ros/humble/lib/x86_64-linux-gnu:/opt/ros/humble/lib /usr/bin/cmake --install /home/pyro/ws_offboard_control/build/px4_ros_com
[58.034s] -- Install configuration: ""
[58.034s] -- Up-to-date: /home/pyro/ws_offboard_control/install/px4_ros_com/lib/px4_ros_com/sensor_combined_listener
[58.035s] -- Up-to-date: /home/pyro/ws_offboard_control/install/px4_ros_com/lib/px4_ros_com/vehicle_gps_position_listener
[58.036s] -- Up-to-date: /home/pyro/ws_offboard_control/install/px4_ros_com/lib/px4_ros_com/debug_vect_advertiser
[58.037s] -- Up-to-date: /home/pyro/ws_offboard_control/install/px4_ros_com/lib/px4_ros_com/offboard_control
[58.039s] -- Up-to-date: /home/pyro/ws_offboard_control/install/px4_ros_com/lib/px4_ros_com/offboard_control_srv
[58.042s] -- Up-to-date: /home/pyro/ws_offboard_control/install/px4_ros_com/lib/px4_ros_com/offboard_control_thrust_torque
[58.044s] -- Up-to-date: /home/pyro/ws_offboard_control/install/px4_ros_com/lib/px4_ros_com/offboard_control_spin_tt
[58.045s] -- Installing: /home/pyro/ws_offboard_control/install/px4_ros_com/lib/px4_ros_com/offboard_control_tilt_axis
[58.107s] -- Set runtime path of "/home/pyro/ws_offboard_control/install/px4_ros_com/lib/px4_ros_com/offboard_control_tilt_axis" to ""
[58.108s] -- Up-to-date: /home/pyro/ws_offboard_control/install/px4_ros_com/lib/px4_ros_com/offboard_control_spin_lsq
[58.109s] -- Up-to-date: /home/pyro/ws_offboard_control/install/px4_ros_com/share/px4_ros_com/environment/library_path.sh
[58.109s] -- Up-to-date: /home/pyro/ws_offboard_control/install/px4_ros_com/share/px4_ros_com/environment/library_path.dsv
[58.110s] -- Up-to-date: /home/pyro/ws_offboard_control/install/px4_ros_com/include/px4_ros_com
[58.110s] -- Up-to-date: /home/pyro/ws_offboard_control/install/px4_ros_com/include/px4_ros_com/frame_transforms.h
[58.111s] -- Up-to-date: /home/pyro/ws_offboard_control/install/px4_ros_com/lib/libframe_transforms.so
[58.111s] -- Up-to-date: /home/pyro/ws_offboard_control/install/px4_ros_com/share/px4_ros_com//launch
[58.112s] -- Up-to-date: /home/pyro/ws_offboard_control/install/px4_ros_com/share/px4_ros_com//launch/sensor_combined_listener.launch.py
[58.112s] -- Up-to-date: /home/pyro/ws_offboard_control/install/px4_ros_com/share/px4_ros_com//launch/offboard_control_launch.yaml
[58.112s] -- Up-to-date: /home/pyro/ws_offboard_control/install/px4_ros_com/share/px4_ros_com//test
[58.112s] -- Up-to-date: /home/pyro/ws_offboard_control/install/px4_ros_com/share/px4_ros_com//test/test_output.py
[58.113s] -- Up-to-date: /home/pyro/ws_offboard_control/install/px4_ros_com/share/px4_ros_com//test/pipeline_io_test.py
[58.113s] -- Up-to-date: /home/pyro/ws_offboard_control/install/px4_ros_com/share/px4_ros_com//test/test_input.py
[58.113s] -- Up-to-date: /home/pyro/ws_offboard_control/install/px4_ros_com/share/px4_ros_com//test/__init__.py
[58.113s] -- Up-to-date: /home/pyro/ws_offboard_control/install/px4_ros_com/share/px4_ros_com/environment/pythonpath.sh
[58.114s] -- Up-to-date: /home/pyro/ws_offboard_control/install/px4_ros_com/share/px4_ros_com/environment/pythonpath.dsv
[58.114s] -- Up-to-date: /home/pyro/ws_offboard_control/install/px4_ros_com/local/lib/python3.10/dist-packages/px4_ros_com-0.1.0-py3.10.egg-info
[58.114s] -- Installing: /home/pyro/ws_offboard_control/install/px4_ros_com/local/lib/python3.10/dist-packages/px4_ros_com-0.1.0-py3.10.egg-info/dependency_links.txt
[58.114s] -- Installing: /home/pyro/ws_offboard_control/install/px4_ros_com/local/lib/python3.10/dist-packages/px4_ros_com-0.1.0-py3.10.egg-info/SOURCES.txt
[58.114s] -- Installing: /home/pyro/ws_offboard_control/install/px4_ros_com/local/lib/python3.10/dist-packages/px4_ros_com-0.1.0-py3.10.egg-info/PKG-INFO
[58.115s] -- Installing: /home/pyro/ws_offboard_control/install/px4_ros_com/local/lib/python3.10/dist-packages/px4_ros_com-0.1.0-py3.10.egg-info/top_level.txt
[58.115s] -- Up-to-date: /home/pyro/ws_offboard_control/install/px4_ros_com/local/lib/python3.10/dist-packages/px4_ros_com
[58.116s] -- Up-to-date: /home/pyro/ws_offboard_control/install/px4_ros_com/local/lib/python3.10/dist-packages/px4_ros_com/__init__.py
[58.116s] -- Up-to-date: /home/pyro/ws_offboard_control/install/px4_ros_com/local/lib/python3.10/dist-packages/px4_ros_com/module_to_import.py
[58.202s] Listing '/home/pyro/ws_offboard_control/install/px4_ros_com/local/lib/python3.10/dist-packages/px4_ros_com'...
[58.214s] -- Up-to-date: /home/pyro/ws_offboard_control/install/px4_ros_com/lib/px4_ros_com/offboard_control.py
[58.215s] -- Up-to-date: /home/pyro/ws_offboard_control/install/px4_ros_com/share/ament_index/resource_index/package_run_dependencies/px4_ros_com
[58.215s] -- Up-to-date: /home/pyro/ws_offboard_control/install/px4_ros_com/share/ament_index/resource_index/parent_prefix_path/px4_ros_com
[58.215s] -- Up-to-date: /home/pyro/ws_offboard_control/install/px4_ros_com/share/px4_ros_com/environment/ament_prefix_path.sh
[58.216s] -- Up-to-date: /home/pyro/ws_offboard_control/install/px4_ros_com/share/px4_ros_com/environment/ament_prefix_path.dsv
[58.216s] -- Up-to-date: /home/pyro/ws_offboard_control/install/px4_ros_com/share/px4_ros_com/environment/path.sh
[58.216s] -- Up-to-date: /home/pyro/ws_offboard_control/install/px4_ros_com/share/px4_ros_com/environment/path.dsv
[58.217s] -- Up-to-date: /home/pyro/ws_offboard_control/install/px4_ros_com/share/px4_ros_com/local_setup.bash
[58.217s] -- Up-to-date: /home/pyro/ws_offboard_control/install/px4_ros_com/share/px4_ros_com/local_setup.sh
[58.218s] -- Up-to-date: /home/pyro/ws_offboard_control/install/px4_ros_com/share/px4_ros_com/local_setup.zsh
[58.219s] -- Up-to-date: /home/pyro/ws_offboard_control/install/px4_ros_com/share/px4_ros_com/local_setup.dsv
[58.219s] -- Installing: /home/pyro/ws_offboard_control/install/px4_ros_com/share/px4_ros_com/package.dsv
[58.219s] -- Up-to-date: /home/pyro/ws_offboard_control/install/px4_ros_com/share/ament_index/resource_index/packages/px4_ros_com
[58.219s] -- Up-to-date: /home/pyro/ws_offboard_control/install/px4_ros_com/share/px4_ros_com/cmake/export_frame_transformsExport.cmake
[58.220s] -- Up-to-date: /home/pyro/ws_offboard_control/install/px4_ros_com/share/px4_ros_com/cmake/export_frame_transformsExport-noconfig.cmake
[58.220s] -- Up-to-date: /home/pyro/ws_offboard_control/install/px4_ros_com/share/px4_ros_com/cmake/ament_cmake_export_dependencies-extras.cmake
[58.220s] -- Up-to-date: /home/pyro/ws_offboard_control/install/px4_ros_com/share/px4_ros_com/cmake/ament_cmake_export_targets-extras.cmake
[58.220s] -- Up-to-date: /home/pyro/ws_offboard_control/install/px4_ros_com/share/px4_ros_com/cmake/ament_cmake_export_include_directories-extras.cmake
[58.220s] -- Up-to-date: /home/pyro/ws_offboard_control/install/px4_ros_com/share/px4_ros_com/cmake/ament_cmake_export_libraries-extras.cmake
[58.220s] -- Up-to-date: /home/pyro/ws_offboard_control/install/px4_ros_com/share/px4_ros_com/cmake/px4_ros_comConfig.cmake
[58.220s] -- Up-to-date: /home/pyro/ws_offboard_control/install/px4_ros_com/share/px4_ros_com/cmake/px4_ros_comConfig-version.cmake
[58.221s] -- Up-to-date: /home/pyro/ws_offboard_control/install/px4_ros_com/share/px4_ros_com/package.xml
[58.226s] Invoked command in '/home/pyro/ws_offboard_control/build/px4_ros_com' returned '0': CMAKE_PREFIX_PATH=/home/pyro/ws_offboard_control/install/px4_msgs:/home/pyro/ws_offboard_control/install/px4_ros_com:/opt/ros/humble LD_LIBRARY_PATH=/home/pyro/ws_offboard_control/install/px4_msgs/lib:/home/pyro/ws_offboard_control/install/px4_ros_com/lib:/opt/ros/humble/opt/rviz_ogre_vendor/lib:/opt/ros/humble/lib/x86_64-linux-gnu:/opt/ros/humble/lib /usr/bin/cmake --install /home/pyro/ws_offboard_control/build/px4_ros_com
