[0.266s] Invoking command in '/home/pyro/ws_offboard_control/build/px4_ros_com': AMENT_PREFIX_PATH=/home/pyro/ws_offboard_control/install/px4_msgs:${AMENT_PREFIX_PATH} CMAKE_PREFIX_PATH=/home/pyro/ws_offboard_control/install/px4_msgs:/opt/ros/humble LD_LIBRARY_PATH=/home/pyro/ws_offboard_control/install/px4_msgs/lib:${LD_LIBRARY_PATH} PYTHONPATH=/home/pyro/ws_offboard_control/install/px4_msgs/local/lib/python3.10/dist-packages:${PYTHONPATH} /usr/bin/cmake --build /home/pyro/ws_offboard_control/build/px4_ros_com -- -j16 -l16
[0.527s] [  0%] Built target ament_cmake_python_copy_px4_ros_com
[0.528s] [ 10%] Built target frame_transforms
[0.590s] [ 20%] Built target debug_vect_advertiser
[0.592s] [ 30%] Built target vehicle_gps_position_listener
[0.593s] [ 40%] Built target sensor_combined_listener
[0.593s] [ 50%] Built target offboard_control_srv
[0.596s] [ 60%] Built target offboard_control_spin_tt
[0.597s] [ 70%] Built target offboard_control_thrust_torque
[0.597s] [ 80%] Built target offboard_control_tilt_axis
[0.599s] [ 90%] Built target offboard_control
[0.604s] [100%] Built target offboard_control_spin_lsq
[1.049s] running egg_info
[1.094s] writing px4_ros_com.egg-info/PKG-INFO
[1.096s] writing dependency_links to px4_ros_com.egg-info/dependency_links.txt
[1.096s] writing top-level names to px4_ros_com.egg-info/top_level.txt
[1.229s] reading manifest file 'px4_ros_com.egg-info/SOURCES.txt'
[1.233s] writing manifest file 'px4_ros_com.egg-info/SOURCES.txt'
[1.337s] [100%] Built target ament_cmake_python_build_px4_ros_com_egg
[1.378s] Invoked command in '/home/pyro/ws_offboard_control/build/px4_ros_com' returned '0': AMENT_PREFIX_PATH=/home/pyro/ws_offboard_control/install/px4_msgs:${AMENT_PREFIX_PATH} CMAKE_PREFIX_PATH=/home/pyro/ws_offboard_control/install/px4_msgs:/opt/ros/humble LD_LIBRARY_PATH=/home/pyro/ws_offboard_control/install/px4_msgs/lib:${LD_LIBRARY_PATH} PYTHONPATH=/home/pyro/ws_offboard_control/install/px4_msgs/local/lib/python3.10/dist-packages:${PYTHONPATH} /usr/bin/cmake --build /home/pyro/ws_offboard_control/build/px4_ros_com -- -j16 -l16
[1.409s] Invoking command in '/home/pyro/ws_offboard_control/build/px4_ros_com': AMENT_PREFIX_PATH=/home/pyro/ws_offboard_control/install/px4_msgs:${AMENT_PREFIX_PATH} CMAKE_PREFIX_PATH=/home/pyro/ws_offboard_control/install/px4_msgs:/opt/ros/humble LD_LIBRARY_PATH=/home/pyro/ws_offboard_control/install/px4_msgs/lib:${LD_LIBRARY_PATH} PYTHONPATH=/home/pyro/ws_offboard_control/install/px4_msgs/local/lib/python3.10/dist-packages:${PYTHONPATH} /usr/bin/cmake --install /home/pyro/ws_offboard_control/build/px4_ros_com
[1.437s] -- Install configuration: ""
[1.441s] -- Up-to-date: /home/pyro/ws_offboard_control/install/px4_ros_com/lib/px4_ros_com/sensor_combined_listener
[1.444s] -- Up-to-date: /home/pyro/ws_offboard_control/install/px4_ros_com/lib/px4_ros_com/vehicle_gps_position_listener
[1.447s] -- Up-to-date: /home/pyro/ws_offboard_control/install/px4_ros_com/lib/px4_ros_com/debug_vect_advertiser
[1.450s] -- Up-to-date: /home/pyro/ws_offboard_control/install/px4_ros_com/lib/px4_ros_com/offboard_control
[1.452s] -- Up-to-date: /home/pyro/ws_offboard_control/install/px4_ros_com/lib/px4_ros_com/offboard_control_srv
[1.454s] -- Up-to-date: /home/pyro/ws_offboard_control/install/px4_ros_com/lib/px4_ros_com/offboard_control_thrust_torque
[1.458s] -- Up-to-date: /home/pyro/ws_offboard_control/install/px4_ros_com/lib/px4_ros_com/offboard_control_spin_tt
[1.461s] -- Up-to-date: /home/pyro/ws_offboard_control/install/px4_ros_com/lib/px4_ros_com/offboard_control_tilt_axis
[1.463s] -- Up-to-date: /home/pyro/ws_offboard_control/install/px4_ros_com/lib/px4_ros_com/offboard_control_spin_lsq
[1.463s] -- Up-to-date: /home/pyro/ws_offboard_control/install/px4_ros_com/share/px4_ros_com/environment/library_path.sh
[1.464s] -- Up-to-date: /home/pyro/ws_offboard_control/install/px4_ros_com/share/px4_ros_com/environment/library_path.dsv
[1.464s] -- Up-to-date: /home/pyro/ws_offboard_control/install/px4_ros_com/include/px4_ros_com
[1.464s] -- Up-to-date: /home/pyro/ws_offboard_control/install/px4_ros_com/include/px4_ros_com/frame_transforms.h
[1.467s] -- Up-to-date: /home/pyro/ws_offboard_control/install/px4_ros_com/lib/libframe_transforms.so
[1.468s] -- Up-to-date: /home/pyro/ws_offboard_control/install/px4_ros_com/share/px4_ros_com//launch
[1.469s] -- Up-to-date: /home/pyro/ws_offboard_control/install/px4_ros_com/share/px4_ros_com//launch/sensor_combined_listener.launch.py
[1.469s] -- Up-to-date: /home/pyro/ws_offboard_control/install/px4_ros_com/share/px4_ros_com//launch/offboard_control_launch.yaml
[1.469s] -- Up-to-date: /home/pyro/ws_offboard_control/install/px4_ros_com/share/px4_ros_com//test
[1.470s] -- Up-to-date: /home/pyro/ws_offboard_control/install/px4_ros_com/share/px4_ros_com//test/test_output.py
[1.470s] -- Up-to-date: /home/pyro/ws_offboard_control/install/px4_ros_com/share/px4_ros_com//test/pipeline_io_test.py
[1.470s] -- Up-to-date: /home/pyro/ws_offboard_control/install/px4_ros_com/share/px4_ros_com//test/test_input.py
[1.471s] -- Up-to-date: /home/pyro/ws_offboard_control/install/px4_ros_com/share/px4_ros_com//test/__init__.py
[1.471s] -- Up-to-date: /home/pyro/ws_offboard_control/install/px4_ros_com/share/px4_ros_com/environment/pythonpath.sh
[1.472s] -- Up-to-date: /home/pyro/ws_offboard_control/install/px4_ros_com/share/px4_ros_com/environment/pythonpath.dsv
[1.472s] -- Up-to-date: /home/pyro/ws_offboard_control/install/px4_ros_com/local/lib/python3.10/dist-packages/px4_ros_com-0.1.0-py3.10.egg-info
[1.473s] -- Installing: /home/pyro/ws_offboard_control/install/px4_ros_com/local/lib/python3.10/dist-packages/px4_ros_com-0.1.0-py3.10.egg-info/dependency_links.txt
[1.473s] -- Installing: /home/pyro/ws_offboard_control/install/px4_ros_com/local/lib/python3.10/dist-packages/px4_ros_com-0.1.0-py3.10.egg-info/SOURCES.txt
[1.475s] -- Installing: /home/pyro/ws_offboard_control/install/px4_ros_com/local/lib/python3.10/dist-packages/px4_ros_com-0.1.0-py3.10.egg-info/PKG-INFO
[1.476s] -- Installing: /home/pyro/ws_offboard_control/install/px4_ros_com/local/lib/python3.10/dist-packages/px4_ros_com-0.1.0-py3.10.egg-info/top_level.txt
[1.476s] -- Up-to-date: /home/pyro/ws_offboard_control/install/px4_ros_com/local/lib/python3.10/dist-packages/px4_ros_com
[1.476s] -- Up-to-date: /home/pyro/ws_offboard_control/install/px4_ros_com/local/lib/python3.10/dist-packages/px4_ros_com/__init__.py
[1.476s] -- Up-to-date: /home/pyro/ws_offboard_control/install/px4_ros_com/local/lib/python3.10/dist-packages/px4_ros_com/module_to_import.py
[1.574s] Listing '/home/pyro/ws_offboard_control/install/px4_ros_com/local/lib/python3.10/dist-packages/px4_ros_com'...
[1.591s] -- Up-to-date: /home/pyro/ws_offboard_control/install/px4_ros_com/lib/px4_ros_com/offboard_control.py
[1.592s] -- Up-to-date: /home/pyro/ws_offboard_control/install/px4_ros_com/share/ament_index/resource_index/package_run_dependencies/px4_ros_com
[1.592s] -- Up-to-date: /home/pyro/ws_offboard_control/install/px4_ros_com/share/ament_index/resource_index/parent_prefix_path/px4_ros_com
[1.592s] -- Up-to-date: /home/pyro/ws_offboard_control/install/px4_ros_com/share/px4_ros_com/environment/ament_prefix_path.sh
[1.593s] -- Up-to-date: /home/pyro/ws_offboard_control/install/px4_ros_com/share/px4_ros_com/environment/ament_prefix_path.dsv
[1.593s] -- Up-to-date: /home/pyro/ws_offboard_control/install/px4_ros_com/share/px4_ros_com/environment/path.sh
[1.593s] -- Up-to-date: /home/pyro/ws_offboard_control/install/px4_ros_com/share/px4_ros_com/environment/path.dsv
[1.593s] -- Up-to-date: /home/pyro/ws_offboard_control/install/px4_ros_com/share/px4_ros_com/local_setup.bash
[1.593s] -- Up-to-date: /home/pyro/ws_offboard_control/install/px4_ros_com/share/px4_ros_com/local_setup.sh
[1.593s] -- Up-to-date: /home/pyro/ws_offboard_control/install/px4_ros_com/share/px4_ros_com/local_setup.zsh
[1.594s] -- Up-to-date: /home/pyro/ws_offboard_control/install/px4_ros_com/share/px4_ros_com/local_setup.dsv
[1.594s] -- Installing: /home/pyro/ws_offboard_control/install/px4_ros_com/share/px4_ros_com/package.dsv
[1.595s] -- Up-to-date: /home/pyro/ws_offboard_control/install/px4_ros_com/share/ament_index/resource_index/packages/px4_ros_com
[1.596s] -- Up-to-date: /home/pyro/ws_offboard_control/install/px4_ros_com/share/px4_ros_com/cmake/export_frame_transformsExport.cmake
[1.597s] -- Up-to-date: /home/pyro/ws_offboard_control/install/px4_ros_com/share/px4_ros_com/cmake/export_frame_transformsExport-noconfig.cmake
[1.598s] -- Up-to-date: /home/pyro/ws_offboard_control/install/px4_ros_com/share/px4_ros_com/cmake/ament_cmake_export_dependencies-extras.cmake
[1.598s] -- Up-to-date: /home/pyro/ws_offboard_control/install/px4_ros_com/share/px4_ros_com/cmake/ament_cmake_export_targets-extras.cmake
[1.598s] -- Up-to-date: /home/pyro/ws_offboard_control/install/px4_ros_com/share/px4_ros_com/cmake/ament_cmake_export_include_directories-extras.cmake
[1.599s] -- Up-to-date: /home/pyro/ws_offboard_control/install/px4_ros_com/share/px4_ros_com/cmake/ament_cmake_export_libraries-extras.cmake
[1.599s] -- Up-to-date: /home/pyro/ws_offboard_control/install/px4_ros_com/share/px4_ros_com/cmake/px4_ros_comConfig.cmake
[1.599s] -- Up-to-date: /home/pyro/ws_offboard_control/install/px4_ros_com/share/px4_ros_com/cmake/px4_ros_comConfig-version.cmake
[1.599s] -- Up-to-date: /home/pyro/ws_offboard_control/install/px4_ros_com/share/px4_ros_com/package.xml
[1.604s] Invoked command in '/home/pyro/ws_offboard_control/build/px4_ros_com' returned '0': AMENT_PREFIX_PATH=/home/pyro/ws_offboard_control/install/px4_msgs:${AMENT_PREFIX_PATH} CMAKE_PREFIX_PATH=/home/pyro/ws_offboard_control/install/px4_msgs:/opt/ros/humble LD_LIBRARY_PATH=/home/pyro/ws_offboard_control/install/px4_msgs/lib:${LD_LIBRARY_PATH} PYTHONPATH=/home/pyro/ws_offboard_control/install/px4_msgs/local/lib/python3.10/dist-packages:${PYTHONPATH} /usr/bin/cmake --install /home/pyro/ws_offboard_control/build/px4_ros_com
