[35m[1mConsolidate compiler generated dependencies of target offboard_control_tilt_axis[0m
[ 20%] Built target frame_transforms
[ 20%] Built target sensor_combined_listener
[ 35%] Built target debug_vect_advertiser
[ 40%] Built target offboard_control_srv
[ 50%] Built target vehicle_gps_position_listener
[ 70%] Built target offboard_control_spin_tt
[ 70%] Built target offboard_control_spin_lsq
[ 90%] Built target offboard_control_thrust_torque
[ 90%] Built target offboard_control
[ 95%] [32mBuilding CXX object CMakeFiles/offboard_control_tilt_axis.dir/src/examples/offboard/offboard_control_tilt_axis.cpp.o[0m
[ 95%] Built target ament_cmake_python_copy_px4_ros_com
running egg_info
writing px4_ros_com.egg-info/PKG-INFO
writing dependency_links to px4_ros_com.egg-info/dependency_links.txt
writing top-level names to px4_ros_com.egg-info/top_level.txt
reading manifest file 'px4_ros_com.egg-info/SOURCES.txt'
writing manifest file 'px4_ros_com.egg-info/SOURCES.txt'
[ 95%] Built target ament_cmake_python_build_px4_ros_com_egg
[01m[K/home/pyro/ws_offboard_control/src/px4_ros_com/src/examples/offboard/offboard_control_tilt_axis.cpp:[m[K In member function ‘[01m[Kvoid OffboardControl::controller_innerloop(double)[m[K’:
[01m[K/home/pyro/ws_offboard_control/src/px4_ros_com/src/examples/offboard/offboard_control_tilt_axis.cpp:445:9:[m[K [01;31m[Kerror: [m[K‘[01m[Kspin_torque_ramp_time_[m[K’ was not declared in this scope; did you mean ‘[01m[Kspin_torque_cmd_[m[K’?
  445 |     if ([01;31m[Kspin_torque_ramp_time_[m[K > 1e-3) {
      |         [01;31m[K^~~~~~~~~~~~~~~~~~~~~~[m[K
      |         [32m[Kspin_torque_cmd_[m[K
[01m[K/home/pyro/ws_offboard_control/src/px4_ros_com/src/examples/offboard/offboard_control_tilt_axis.cpp:446:9:[m[K [01;31m[Kerror: [m[K‘[01m[Kspin_time_accum_[m[K’ was not declared in this scope
  446 |         [01;31m[Kspin_time_accum_[m[K += dt;
      |         [01;31m[K^~~~~~~~~~~~~~~~[m[K
gmake[2]: *** [CMakeFiles/offboard_control_tilt_axis.dir/build.make:76: CMakeFiles/offboard_control_tilt_axis.dir/src/examples/offboard/offboard_control_tilt_axis.cpp.o] Error 1
gmake[1]: *** [CMakeFiles/Makefile2:366: CMakeFiles/offboard_control_tilt_axis.dir/all] Error 2
gmake: *** [Makefile:146: all] Error 2
