[0.312s] Invoking command in '/home/pyro/ws_offboard_control/build/px4_ros_com': CMAKE_PREFIX_PATH=/home/pyro/ws_offboard_control/install/px4_msgs:/home/pyro/ws_offboard_control/install/px4_ros_com:/opt/ros/humble LD_LIBRARY_PATH=/home/pyro/ws_offboard_control/install/px4_msgs/lib:/home/pyro/ws_offboard_control/install/px4_ros_com/lib:/opt/ros/humble/opt/rviz_ogre_vendor/lib:/opt/ros/humble/lib/x86_64-linux-gnu:/opt/ros/humble/lib /usr/bin/cmake --build /home/pyro/ws_offboard_control/build/px4_ros_com -- -j16 -l16
[0.473s] [35m[1mConsolidate compiler generated dependencies of target offboard_control_spin_tt[0m
[0.509s] [ 10%] Built target frame_transforms
[0.510s] [ 25%] Built target vehicle_gps_position_listener
[0.510s] [ 30%] Built target debug_vect_advertiser
[0.510s] [ 40%] Built target sensor_combined_listener
[0.519s] [ 50%] Built target offboard_control_srv
[0.519s] [ 60%] Built target offboard_control_thrust_torque
[0.519s] [ 80%] Built target offboard_control
[0.519s] [ 80%] Built target offboard_control_spin_lsq
[0.521s] [ 90%] Built target offboard_control_tilt_axis
[0.532s] [ 90%] Built target ament_cmake_python_copy_px4_ros_com
[0.540s] [ 95%] [32mBuilding CXX object CMakeFiles/offboard_control_spin_tt.dir/src/examples/offboard/offboard_control_spin_tt.cpp.o[0m
[1.054s] running egg_info
[1.104s] writing px4_ros_com.egg-info/PKG-INFO
[1.105s] writing dependency_links to px4_ros_com.egg-info/dependency_links.txt
[1.106s] writing top-level names to px4_ros_com.egg-info/top_level.txt
[1.216s] reading manifest file 'px4_ros_com.egg-info/SOURCES.txt'
[1.219s] writing manifest file 'px4_ros_com.egg-info/SOURCES.txt'
[1.297s] [ 95%] Built target ament_cmake_python_build_px4_ros_com_egg
[9.944s] [01m[K/home/pyro/ws_offboard_control/src/px4_ros_com/src/examples/offboard/offboard_control_spin_tt.cpp:[m[K In member function ‘[01m[Kvoid OffboardControl::controller_innerloop(double)[m[K’:
[9.944s] [01m[K/home/pyro/ws_offboard_control/src/px4_ros_com/src/examples/offboard/offboard_control_spin_tt.cpp:464:12:[m[K [01;31m[Kerror: [m[Kconflicting declaration ‘[01m[Kdouble q[m[K’
[9.944s]   464 |     double [01;31m[Kq[m[K = omega_b(1);
[9.944s]       |            [01;31m[K^[m[K
[9.945s] [01m[K/home/pyro/ws_offboard_control/src/px4_ros_com/src/examples/offboard/offboard_control_spin_tt.cpp:447:24:[m[K [01;36m[Knote: [m[Kprevious declaration as ‘[01m[KEigen::Quaterniond q[m[K’
[9.945s]   447 |     Eigen::Quaterniond [01;36m[Kq[m[K(current_attitude_->q[0], current_attitude_->q[1],
[9.945s]       |                        [01;36m[K^[m[K
[9.966s] [01m[K/home/pyro/ws_offboard_control/src/px4_ros_com/src/examples/offboard/offboard_control_spin_tt.cpp:474:60:[m[K [01;31m[Kerror: [m[Kno match for ‘[01m[Koperator*[m[K’ (operand types are ‘[01m[Kdouble[m[K’ and ‘[01m[KEigen::Quaterniond[m[K’ {aka ‘[01m[KEigen::Quaternion<double>[m[K’})
[9.966s]   474 |     desired_body_rates_(1) = Kp_att_ * pitch_err - [32m[KKd_att_[m[K [01;31m[K*[m[K [34m[Kq[m[K;
[9.966s]       |                                                    [32m[K~~~~~~~[m[K [01;31m[K^[m[K [34m[K~[m[K
[9.967s]       |                                                    [32m[K|[m[K         [34m[K|[m[K
[9.968s]       |                                                    [32m[Kdouble[m[K    [34m[KEigen::Quaterniond {aka Eigen::Quaternion<double>}[m[K
[9.968s] In file included from [01m[K/usr/include/c++/11/mutex:39[m[K,
[9.968s]                  from [01m[K/usr/include/c++/11/future:38[m[K,
[9.968s]                  from [01m[K/opt/ros/humble/include/rclcpp/rclcpp/executors.hpp:18[m[K,
[9.969s]                  from [01m[K/opt/ros/humble/include/rclcpp/rclcpp/rclcpp.hpp:155[m[K,
[9.969s]                  from [01m[K/home/pyro/ws_offboard_control/src/px4_ros_com/src/examples/offboard/offboard_control_spin_tt.cpp:52[m[K:
[9.969s] [01m[K/usr/include/c++/11/chrono:691:7:[m[K [01;36m[Knote: [m[Kcandidate: ‘[01m[Ktemplate<class _Rep1, class _Period, class _Rep2> constexpr std::chrono::duration<std::chrono::__common_rep_t<_Rep1, _Rep2>, _Period> std::chrono::operator*(const std::chrono::duration<_Rep1, _Period1>&, const _Rep2&)[m[K’
[9.969s]   691 |       [01;36m[Koperator[m[K*(const duration<_Rep1, _Period>& __d, const _Rep2& __s)
[9.969s]       |       [01;36m[K^~~~~~~~[m[K
[9.969s] [01m[K/usr/include/c++/11/chrono:691:7:[m[K [01;36m[Knote: [m[K  template argument deduction/substitution failed:
[9.969s] [01m[K/home/pyro/ws_offboard_control/src/px4_ros_com/src/examples/offboard/offboard_control_spin_tt.cpp:474:62:[m[K [01;36m[Knote: [m[K  mismatched types ‘[01m[Kconst std::chrono::duration<_Rep1, _Period1>[m[K’ and ‘[01m[Kdouble[m[K’
[9.969s]   474 |     desired_body_rates_(1) = Kp_att_ * pitch_err - Kd_att_ * [01;36m[Kq[m[K;
[9.969s]       |                                                              [01;36m[K^[m[K
[9.970s] In file included from [01m[K/usr/include/c++/11/mutex:39[m[K,
[9.970s]                  from [01m[K/usr/include/c++/11/future:38[m[K,
[9.970s]                  from [01m[K/opt/ros/humble/include/rclcpp/rclcpp/executors.hpp:18[m[K,
[9.970s]                  from [01m[K/opt/ros/humble/include/rclcpp/rclcpp/rclcpp.hpp:155[m[K,
[9.970s]                  from [01m[K/home/pyro/ws_offboard_control/src/px4_ros_com/src/examples/offboard/offboard_control_spin_tt.cpp:52[m[K:
[9.970s] [01m[K/usr/include/c++/11/chrono:700:7:[m[K [01;36m[Knote: [m[Kcandidate: ‘[01m[Ktemplate<class _Rep1, class _Rep2, class _Period> constexpr std::chrono::duration<std::chrono::__common_rep_t<_Rep2, _Rep1>, _Period> std::chrono::operator*(const _Rep1&, const std::chrono::duration<_Rep, _Period>&)[m[K’
[9.970s]   700 |       [01;36m[Koperator[m[K*(const _Rep1& __s, const duration<_Rep2, _Period>& __d)
[9.970s]       |       [01;36m[K^~~~~~~~[m[K
[9.970s] [01m[K/usr/include/c++/11/chrono:700:7:[m[K [01;36m[Knote: [m[K  template argument deduction/substitution failed:
[9.970s] [01m[K/home/pyro/ws_offboard_control/src/px4_ros_com/src/examples/offboard/offboard_control_spin_tt.cpp:474:62:[m[K [01;36m[Knote: [m[K  ‘[01m[KEigen::Quaterniond[m[K’ {aka ‘[01m[KEigen::Quaternion<double>[m[K’} is not derived from ‘[01m[Kconst std::chrono::duration<_Rep, _Period>[m[K’
[9.971s]   474 |     desired_body_rates_(1) = Kp_att_ * pitch_err - Kd_att_ * [01;36m[Kq[m[K;
[9.971s]       |                                                              [01;36m[K^[m[K
[9.971s] In file included from [01m[K/usr/include/eigen3/Eigen/Geometry:40[m[K,
[9.971s]                  from [01m[K/usr/include/eigen3/Eigen/Dense:6[m[K,
[9.971s]                  from [01m[K/home/pyro/ws_offboard_control/src/px4_ros_com/src/examples/offboard/offboard_control_spin_tt.cpp:60[m[K:
[9.971s] [01m[K/usr/include/eigen3/Eigen/src/Geometry/RotationBase.h:76:49:[m[K [01;36m[Knote: [m[Kcandidate: ‘[01m[Ktemplate<class OtherDerived> Eigen::RotationBase<Eigen::Quaternion<double>, 3>::RotationMatrixType Eigen::operator*(const Eigen::EigenBase<Derived>&, const Eigen::Quaternion<double>&)[m[K’
[9.971s]    76 |     EIGEN_DEVICE_FUNC inline RotationMatrixType [01;36m[Koperator[m[K*(const EigenBase<OtherDerived>& l, const Derived& r)
[9.971s]       |                                                 [01;36m[K^~~~~~~~[m[K
[9.971s] [01m[K/usr/include/eigen3/Eigen/src/Geometry/RotationBase.h:76:49:[m[K [01;36m[Knote: [m[K  template argument deduction/substitution failed:
[9.972s] [01m[K/home/pyro/ws_offboard_control/src/px4_ros_com/src/examples/offboard/offboard_control_spin_tt.cpp:474:62:[m[K [01;36m[Knote: [m[K  mismatched types ‘[01m[Kconst Eigen::EigenBase<Derived>[m[K’ and ‘[01m[Kdouble[m[K’
[9.972s]   474 |     desired_body_rates_(1) = Kp_att_ * pitch_err - Kd_att_ * [01;36m[Kq[m[K;
[9.972s]       |                                                              [01;36m[K^[m[K
[9.972s] In file included from [01m[K/usr/include/eigen3/Eigen/Core:326[m[K,
[9.972s]                  from [01m[K/usr/include/eigen3/Eigen/Dense:1[m[K,
[9.972s]                  from [01m[K/home/pyro/ws_offboard_control/src/px4_ros_com/src/examples/offboard/offboard_control_spin_tt.cpp:60[m[K:
[9.973s] [01m[K/usr/include/eigen3/Eigen/src/Core/PermutationMatrix.h:515:1:[m[K [01;36m[Knote: [m[Kcandidate: ‘[01m[Ktemplate<class MatrixDerived, class PermutationDerived> const Eigen::Product<MatrixDerived, PermutationDerived, 2> Eigen::operator*(const Eigen::MatrixBase<Derived>&, const Eigen::PermutationBase<PermutationDerived>&)[m[K’
[9.973s]   515 | [01;36m[Koperator[m[K*(const MatrixBase<MatrixDerived> &matrix,
[9.973s]       | [01;36m[K^~~~~~~~[m[K
[9.973s] [01m[K/usr/include/eigen3/Eigen/src/Core/PermutationMatrix.h:515:1:[m[K [01;36m[Knote: [m[K  template argument deduction/substitution failed:
[9.973s] [01m[K/home/pyro/ws_offboard_control/src/px4_ros_com/src/examples/offboard/offboard_control_spin_tt.cpp:474:62:[m[K [01;36m[Knote: [m[K  mismatched types ‘[01m[Kconst Eigen::MatrixBase<Derived>[m[K’ and ‘[01m[Kdouble[m[K’
[9.973s]   474 |     desired_body_rates_(1) = Kp_att_ * pitch_err - Kd_att_ * [01;36m[Kq[m[K;
[9.973s]       |                                                              [01;36m[K^[m[K
[9.973s] In file included from [01m[K/usr/include/eigen3/Eigen/Core:326[m[K,
[9.974s]                  from [01m[K/usr/include/eigen3/Eigen/Dense:1[m[K,
[9.974s]                  from [01m[K/home/pyro/ws_offboard_control/src/px4_ros_com/src/examples/offboard/offboard_control_spin_tt.cpp:60[m[K:
[9.974s] [01m[K/usr/include/eigen3/Eigen/src/Core/PermutationMatrix.h:527:1:[m[K [01;36m[Knote: [m[Kcandidate: ‘[01m[Ktemplate<class PermutationDerived, class MatrixDerived> const Eigen::Product<MatrixDerived, PermutationDerived, 2> Eigen::operator*(const Eigen::PermutationBase<PermutationDerived>&, const Eigen::MatrixBase<U>&)[m[K’
[9.974s]   527 | [01;36m[Koperator[m[K*(const PermutationBase<PermutationDerived> &permutation,
[9.974s]       | [01;36m[K^~~~~~~~[m[K
[9.974s] [01m[K/usr/include/eigen3/Eigen/src/Core/PermutationMatrix.h:527:1:[m[K [01;36m[Knote: [m[K  template argument deduction/substitution failed:
[9.974s] [01m[K/home/pyro/ws_offboard_control/src/px4_ros_com/src/examples/offboard/offboard_control_spin_tt.cpp:474:62:[m[K [01;36m[Knote: [m[K  mismatched types ‘[01m[Kconst Eigen::PermutationBase<PermutationDerived>[m[K’ and ‘[01m[Kdouble[m[K’
[9.974s]   474 |     desired_body_rates_(1) = Kp_att_ * pitch_err - Kd_att_ * [01;36m[Kq[m[K;
[9.974s]       |                                                              [01;36m[K^[m[K
[9.975s] In file included from [01m[K/usr/include/eigen3/Eigen/Core:327[m[K,
[9.975s]                  from [01m[K/usr/include/eigen3/Eigen/Dense:1[m[K,
[9.975s]                  from [01m[K/home/pyro/ws_offboard_control/src/px4_ros_com/src/examples/offboard/offboard_control_spin_tt.cpp:60[m[K:
[9.975s] [01m[K/usr/include/eigen3/Eigen/src/Core/Transpositions.h:313:1:[m[K [01;36m[Knote: [m[Kcandidate: ‘[01m[Ktemplate<class MatrixDerived, class TranspositionsDerived> const Eigen::Product<MatrixDerived, PermutationDerived, 2> Eigen::operator*(const Eigen::MatrixBase<Derived>&, const Eigen::TranspositionsBase<TranspositionsDerived>&)[m[K’
[9.975s]   313 | [01;36m[Koperator[m[K*(const MatrixBase<MatrixDerived> &matrix,
[9.975s]       | [01;36m[K^~~~~~~~[m[K
[9.975s] [01m[K/usr/include/eigen3/Eigen/src/Core/Transpositions.h:313:1:[m[K [01;36m[Knote: [m[K  template argument deduction/substitution failed:
[9.975s] [01m[K/home/pyro/ws_offboard_control/src/px4_ros_com/src/examples/offboard/offboard_control_spin_tt.cpp:474:62:[m[K [01;36m[Knote: [m[K  mismatched types ‘[01m[Kconst Eigen::MatrixBase<Derived>[m[K’ and ‘[01m[Kdouble[m[K’
[9.975s]   474 |     desired_body_rates_(1) = Kp_att_ * pitch_err - Kd_att_ * [01;36m[Kq[m[K;
[9.975s]       |                                                              [01;36m[K^[m[K
[9.975s] In file included from [01m[K/usr/include/eigen3/Eigen/Core:327[m[K,
[9.976s]                  from [01m[K/usr/include/eigen3/Eigen/Dense:1[m[K,
[9.976s]                  from [01m[K/home/pyro/ws_offboard_control/src/px4_ros_com/src/examples/offboard/offboard_control_spin_tt.cpp:60[m[K:
[9.976s] [01m[K/usr/include/eigen3/Eigen/src/Core/Transpositions.h:325:1:[m[K [01;36m[Knote: [m[Kcandidate: ‘[01m[Ktemplate<class TranspositionsDerived, class MatrixDerived> const Eigen::Product<MatrixDerived, PermutationDerived, 2> Eigen::operator*(const Eigen::TranspositionsBase<TranspositionsDerived>&, const Eigen::MatrixBase<U>&)[m[K’
[9.976s]   325 | [01;36m[Koperator[m[K*(const TranspositionsBase<TranspositionsDerived> &transpositions,
[9.976s]       | [01;36m[K^~~~~~~~[m[K
[9.976s] [01m[K/usr/include/eigen3/Eigen/src/Core/Transpositions.h:325:1:[m[K [01;36m[Knote: [m[K  template argument deduction/substitution failed:
[9.977s] [01m[K/home/pyro/ws_offboard_control/src/px4_ros_com/src/examples/offboard/offboard_control_spin_tt.cpp:474:62:[m[K [01;36m[Knote: [m[K  mismatched types ‘[01m[Kconst Eigen::TranspositionsBase<TranspositionsDerived>[m[K’ and ‘[01m[Kdouble[m[K’
[9.977s]   474 |     desired_body_rates_(1) = Kp_att_ * pitch_err - Kd_att_ * [01;36m[Kq[m[K;
[9.977s]       |                                                              [01;36m[K^[m[K
[9.977s] In file included from [01m[K/usr/include/eigen3/Eigen/Householder:24[m[K,
[9.977s]                  from [01m[K/usr/include/eigen3/Eigen/QR:15[m[K,
[9.977s]                  from [01m[K/usr/include/eigen3/Eigen/Dense:4[m[K,
[9.977s]                  from [01m[K/home/pyro/ws_offboard_control/src/px4_ros_com/src/examples/offboard/offboard_control_spin_tt.cpp:60[m[K:
[9.977s] [01m[K/usr/include/eigen3/Eigen/src/Householder/HouseholderSequence.h:513:99:[m[K [01;36m[Knote: [m[Kcandidate: ‘[01m[Ktemplate<class OtherDerived, class VectorsType, class CoeffsType, int Side> typename Eigen::internal::matrix_type_times_scalar_type<typename VectorsType::Scalar, OtherDerived>::Type Eigen::operator*(const Eigen::MatrixBase<Derived>&, const Eigen::HouseholderSequence<VectorsType, CoeffsType, Side>&)[m[K’
[9.978s]   513 | typename internal::matrix_type_times_scalar_type<typename VectorsType::Scalar,OtherDerived>::Type [01;36m[Koperator[m[K*(const MatrixBase<OtherDerived>& other, const HouseholderSequence<VectorsType,CoeffsType,Side>& h)
[9.978s]       |                                                                                                   [01;36m[K^~~~~~~~[m[K
[9.978s] [01m[K/usr/include/eigen3/Eigen/src/Householder/HouseholderSequence.h:513:99:[m[K [01;36m[Knote: [m[K  template argument deduction/substitution failed:
[9.978s] [01m[K/home/pyro/ws_offboard_control/src/px4_ros_com/src/examples/offboard/offboard_control_spin_tt.cpp:474:62:[m[K [01;36m[Knote: [m[K  mismatched types ‘[01m[Kconst Eigen::MatrixBase<Derived>[m[K’ and ‘[01m[Kdouble[m[K’
[9.978s]   474 |     desired_body_rates_(1) = Kp_att_ * pitch_err - Kd_att_ * [01;36m[Kq[m[K;
[9.978s]       |                                                              [01;36m[K^[m[K
[9.978s] In file included from [01m[K/usr/include/eigen3/Eigen/Geometry:46[m[K,
[9.978s]                  from [01m[K/usr/include/eigen3/Eigen/Dense:6[m[K,
[9.979s]                  from [01m[K/home/pyro/ws_offboard_control/src/px4_ros_com/src/examples/offboard/offboard_control_spin_tt.cpp:60[m[K:
[9.979s] [01m[K/usr/include/eigen3/Eigen/src/Geometry/Scaling.h:135:1:[m[K [01;36m[Knote: [m[Kcandidate: ‘[01m[Ktemplate<class Derived, class Scalar> Eigen::CwiseBinaryOp<Eigen::internal::scalar_product_op<typename Eigen::internal::traits<T>::Scalar, Scalar>, const Derived, const typename Eigen::internal::plain_constant_type<Expr, Scalar>::type> Eigen::operator*(const Eigen::MatrixBase<Derived>&, const Eigen::UniformScaling<Scalar>&)[m[K’
[9.979s]   135 | [01;36m[Koperator[m[K*(const MatrixBase<Derived>& matrix, const UniformScaling<Scalar>& s)
[9.979s]       | [01;36m[K^~~~~~~~[m[K
[9.979s] [01m[K/usr/include/eigen3/Eigen/src/Geometry/Scaling.h:135:1:[m[K [01;36m[Knote: [m[K  template argument deduction/substitution failed:
[9.979s] [01m[K/home/pyro/ws_offboard_control/src/px4_ros_com/src/examples/offboard/offboard_control_spin_tt.cpp:474:62:[m[K [01;36m[Knote: [m[K  mismatched types ‘[01m[Kconst Eigen::MatrixBase<Derived>[m[K’ and ‘[01m[Kdouble[m[K’
[9.979s]   474 |     desired_body_rates_(1) = Kp_att_ * pitch_err - Kd_att_ * [01;36m[Kq[m[K;
[9.979s]       |                                                              [01;36m[K^[m[K
[9.980s] In file included from [01m[K/usr/include/eigen3/Eigen/Geometry:40[m[K,
[9.980s]                  from [01m[K/usr/include/eigen3/Eigen/Dense:6[m[K,
[9.980s]                  from [01m[K/home/pyro/ws_offboard_control/src/px4_ros_com/src/examples/offboard/offboard_control_spin_tt.cpp:60[m[K:
[9.980s] [01m[K/usr/include/eigen3/Eigen/src/Geometry/RotationBase.h:80:66:[m[K [01;36m[Knote: [m[Kcandidate: ‘[01m[KEigen::Transform<double, 3, 2> Eigen::operator*(const Eigen::DiagonalMatrix<double, 3>&, const Eigen::Quaternion<double>&)[m[K’
[9.980s]    80 |     EIGEN_DEVICE_FUNC friend inline Transform<Scalar,Dim,Affine> [01;36m[Koperator[m[K*(const DiagonalMatrix<Scalar,Dim>& l, const Derived& r)
[9.980s]       |                                                                  [01;36m[K^~~~~~~~[m[K
[9.980s] [01m[K/usr/include/eigen3/Eigen/src/Geometry/RotationBase.h:80:110:[m[K [01;36m[Knote: [m[K  no known conversion for argument 1 from ‘[01m[Kdouble[m[K’ to ‘[01m[Kconst Eigen::DiagonalMatrix<double, 3>&[m[K’
[9.981s]    80 |     EIGEN_DEVICE_FUNC friend inline Transform<Scalar,Dim,Affine> operator*([01;36m[Kconst DiagonalMatrix<Scalar,Dim>& l[m[K, const Derived& r)
[9.981s]       |                                                                            [01;36m[K~~~~~~~~~~~~~~~~~~~~~~~~~~~~~~~~~~^[m[K
[10.127s] [01m[K/home/pyro/ws_offboard_control/src/px4_ros_com/src/examples/offboard/offboard_control_spin_tt.cpp:465:12:[m[K [01;35m[Kwarning: [m[Kunused variable ‘[01m[Kr[m[K’ [[01;35m[K]8;;https://gcc.gnu.org/onlinedocs/gcc/Warning-Options.html#index-Wunused-variable-Wunused-variable]8;;[m[K]
[10.127s]   465 |     double [01;35m[Kr[m[K = omega_b(2);
[10.127s]       |            [01;35m[K^[m[K
[25.253s] gmake[2]: *** [CMakeFiles/offboard_control_spin_tt.dir/build.make:76: CMakeFiles/offboard_control_spin_tt.dir/src/examples/offboard/offboard_control_spin_tt.cpp.o] Error 1
[25.253s] gmake[1]: *** [CMakeFiles/Makefile2:340: CMakeFiles/offboard_control_spin_tt.dir/all] Error 2
[25.254s] gmake: *** [Makefile:146: all] Error 2
[25.261s] Invoked command in '/home/pyro/ws_offboard_control/build/px4_ros_com' returned '2': CMAKE_PREFIX_PATH=/home/pyro/ws_offboard_control/install/px4_msgs:/home/pyro/ws_offboard_control/install/px4_ros_com:/opt/ros/humble LD_LIBRARY_PATH=/home/pyro/ws_offboard_control/install/px4_msgs/lib:/home/pyro/ws_offboard_control/install/px4_ros_com/lib:/opt/ros/humble/opt/rviz_ogre_vendor/lib:/opt/ros/humble/lib/x86_64-linux-gnu:/opt/ros/humble/lib /usr/bin/cmake --build /home/pyro/ws_offboard_control/build/px4_ros_com -- -j16 -l16
