[0.409s] Invoking command in '/home/pyro/ws_offboard_control/build/px4_ros_com': CMAKE_PREFIX_PATH=/home/pyro/ws_offboard_control/install/px4_msgs:/home/pyro/ws_offboard_control/install/px4_ros_com:/opt/ros/humble LD_LIBRARY_PATH=/home/pyro/ws_offboard_control/install/px4_msgs/lib:/home/pyro/ws_offboard_control/install/px4_ros_com/lib:/opt/ros/humble/opt/rviz_ogre_vendor/lib:/opt/ros/humble/lib/x86_64-linux-gnu:/opt/ros/humble/lib /usr/bin/cmake --build /home/pyro/ws_offboard_control/build/px4_ros_com -- -j16 -l16
[0.919s] [35m[1mConsolidate compiler generated dependencies of target offboard_control_thrust_torque[0m
[0.970s] [  0%] Built target ament_cmake_python_copy_px4_ros_com
[0.975s] [ 14%] Built target frame_transforms
[1.006s] [ 42%] Built target offboard_control_srv
[1.006s] [ 42%] Built target vehicle_gps_position_listener
[1.010s] [ 57%] Built target sensor_combined_listener
[1.011s] [ 64%] [32mBuilding CXX object CMakeFiles/offboard_control_thrust_torque.dir/src/examples/offboard/offboard_control_thrust_torque.cpp.o[0m
[1.011s] [ 78%] Built target offboard_control
[1.011s] [ 92%] Built target debug_vect_advertiser
[1.625s] running egg_info
[1.679s] writing px4_ros_com.egg-info/PKG-INFO
[1.681s] writing dependency_links to px4_ros_com.egg-info/dependency_links.txt
[1.681s] writing top-level names to px4_ros_com.egg-info/top_level.txt
[1.842s] reading manifest file 'px4_ros_com.egg-info/SOURCES.txt'
[1.846s] writing manifest file 'px4_ros_com.egg-info/SOURCES.txt'
[1.978s] [ 92%] Built target ament_cmake_python_build_px4_ros_com_egg
[13.262s] [01m[K/home/pyro/ws_offboard_control/src/px4_ros_com/src/examples/offboard/offboard_control_thrust_torque.cpp:[m[K In member function ‘[01m[Kvoid OffboardControl::controller_outerloop()[m[K’:
[13.262s] [01m[K/home/pyro/ws_offboard_control/src/px4_ros_com/src/examples/offboard/offboard_control_thrust_torque.cpp:333:15:[m[K [01;31m[Kerror: [m[Kno matching function for call to ‘[01m[KOffboardControl::integrator(double&, double&, double)[m[K’
[13.263s]   333 |     [01;31m[Kintegrator(pos_err_z, pos_err_int_z_, 5.0)[m[K;
[13.263s]       |     [01;31m[K~~~~~~~~~~^~~~~~~~~~~~~~~~~~~~~~~~~~~~~~~~[m[K
[13.263s] [01m[K/home/pyro/ws_offboard_control/src/px4_ros_com/src/examples/offboard/offboard_control_thrust_torque.cpp:217:10:[m[K [01;36m[Knote: [m[Kcandidate: ‘[01m[Kvoid OffboardControl::integrator(const double&, double&, double, double)[m[K’
[13.263s]   217 |     void [01;36m[Kintegrator[m[K(const double &input, double& output, const double dt, const double max);
[13.263s]       |          [01;36m[K^~~~~~~~~~[m[K
[13.263s] [01m[K/home/pyro/ws_offboard_control/src/px4_ros_com/src/examples/offboard/offboard_control_thrust_torque.cpp:217:10:[m[K [01;36m[Knote: [m[K  candidate expects 4 arguments, 3 provided
[31.032s] gmake[2]: *** [CMakeFiles/offboard_control_thrust_torque.dir/build.make:76: CMakeFiles/offboard_control_thrust_torque.dir/src/examples/offboard/offboard_control_thrust_torque.cpp.o] Error 1
[31.038s] gmake[1]: *** [CMakeFiles/Makefile2:308: CMakeFiles/offboard_control_thrust_torque.dir/all] Error 2
[31.038s] gmake: *** [Makefile:146: all] Error 2
[31.129s] Invoked command in '/home/pyro/ws_offboard_control/build/px4_ros_com' returned '2': CMAKE_PREFIX_PATH=/home/pyro/ws_offboard_control/install/px4_msgs:/home/pyro/ws_offboard_control/install/px4_ros_com:/opt/ros/humble LD_LIBRARY_PATH=/home/pyro/ws_offboard_control/install/px4_msgs/lib:/home/pyro/ws_offboard_control/install/px4_ros_com/lib:/opt/ros/humble/opt/rviz_ogre_vendor/lib:/opt/ros/humble/lib/x86_64-linux-gnu:/opt/ros/humble/lib /usr/bin/cmake --build /home/pyro/ws_offboard_control/build/px4_ros_com -- -j16 -l16
