[0.287s] Invoking command in '/home/pyro/ws_offboard_control/build/px4_ros_com': CMAKE_PREFIX_PATH=/home/pyro/ws_offboard_control/install/px4_msgs:/home/pyro/ws_offboard_control/install/px4_ros_com:/opt/ros/humble LD_LIBRARY_PATH=/home/pyro/ws_offboard_control/install/px4_msgs/lib:/home/pyro/ws_offboard_control/install/px4_ros_com/lib:/opt/ros/humble/opt/rviz_ogre_vendor/lib:/opt/ros/humble/lib/x86_64-linux-gnu:/opt/ros/humble/lib /usr/bin/cmake --build /home/pyro/ws_offboard_control/build/px4_ros_com -- -j16 -l16
[0.489s] [35m[1mConsolidate compiler generated dependencies of target offboard_control[0m
[0.517s] [ 16%] Built target frame_transforms
[0.526s] [ 33%] Built target vehicle_gps_position_listener
[0.526s] [ 50%] Built target sensor_combined_listener
[0.529s] [ 66%] Built target offboard_control_srv
[0.542s] [ 83%] Built target debug_vect_advertiser
[0.565s] [ 83%] Built target ament_cmake_python_copy_px4_ros_com
[0.582s] [ 91%] [32mBuilding CXX object CMakeFiles/offboard_control.dir/src/examples/offboard/offboard_control.cpp.o[0m
[1.338s] running egg_info
[1.397s] writing px4_ros_com.egg-info/PKG-INFO
[1.400s] writing dependency_links to px4_ros_com.egg-info/dependency_links.txt
[1.402s] writing top-level names to px4_ros_com.egg-info/top_level.txt
[1.619s] reading manifest file 'px4_ros_com.egg-info/SOURCES.txt'
[1.623s] writing manifest file 'px4_ros_com.egg-info/SOURCES.txt'
[1.739s] [ 91%] Built target ament_cmake_python_build_px4_ros_com_egg
[11.923s] [01m[K/home/pyro/ws_offboard_control/src/px4_ros_com/src/examples/offboard/offboard_control.cpp:130:27:[m[K [01;31m[Kerror: [m[K‘[01m[KVehicleThrustSetpoint[m[K’ was not declared in this scope
[11.923s]   130 |         rclcpp::Publisher<[01;31m[KVehicleThrustSetpoint[m[K>::SharedPtr vehicle_thrust_publisher;
[11.923s]       |                           [01;31m[K^~~~~~~~~~~~~~~~~~~~~[m[K
[11.923s] [01m[K/home/pyro/ws_offboard_control/src/px4_ros_com/src/examples/offboard/offboard_control.cpp:130:48:[m[K [01;31m[Kerror: [m[Ktemplate argument 1 is invalid
[11.923s]   130 |         rclcpp::Publisher<VehicleThrustSetpoint[01;31m[K>[m[K::SharedPtr vehicle_thrust_publisher;
[11.923s]       |                                                [01;31m[K^[m[K
[11.924s] [01m[K/home/pyro/ws_offboard_control/src/px4_ros_com/src/examples/offboard/offboard_control.cpp:130:51:[m[K [01;31m[Kerror: [m[Kexpected ‘[01m[K;[m[K’ at end of member declaration
[11.924s]   130 |         rclcpp::Publisher<VehicleThrustSetpoint>::[01;31m[KSharedPtr[m[K vehicle_thrust_publisher;
[11.924s]       |                                                   [01;31m[K^~~~~~~~~[m[K
[11.924s]       |                                                            [32m[K;[m[K
[11.931s] [01m[K/home/pyro/ws_offboard_control/src/px4_ros_com/src/examples/offboard/offboard_control.cpp:130:61:[m[K [01;31m[Kerror: [m[K‘[01m[Kvehicle_thrust_publisher[m[K’ does not name a type
[11.931s]   130 |         rclcpp::Publisher<VehicleThrustSetpoint>::SharedPtr [01;31m[Kvehicle_thrust_publisher[m[K;
[11.932s]       |                                                             [01;31m[K^~~~~~~~~~~~~~~~~~~~~~~~[m[K
[11.952s] [01m[K/home/pyro/ws_offboard_control/src/px4_ros_com/src/examples/offboard/offboard_control.cpp:131:27:[m[K [01;31m[Kerror: [m[K‘[01m[KVehicleTorqueSetpoint[m[K’ was not declared in this scope
[11.953s]   131 |         rclcpp::Publisher<[01;31m[KVehicleTorqueSetpoint[m[K>::SharedPtr vehicle_torque_publisher;
[11.953s]       |                           [01;31m[K^~~~~~~~~~~~~~~~~~~~~[m[K
[11.953s] [01m[K/home/pyro/ws_offboard_control/src/px4_ros_com/src/examples/offboard/offboard_control.cpp:131:48:[m[K [01;31m[Kerror: [m[Ktemplate argument 1 is invalid
[11.953s]   131 |         rclcpp::Publisher<VehicleTorqueSetpoint[01;31m[K>[m[K::SharedPtr vehicle_torque_publisher;
[11.953s]       |                                                [01;31m[K^[m[K
[11.953s] [01m[K/home/pyro/ws_offboard_control/src/px4_ros_com/src/examples/offboard/offboard_control.cpp:131:51:[m[K [01;31m[Kerror: [m[Kexpected ‘[01m[K;[m[K’ at end of member declaration
[11.953s]   131 |         rclcpp::Publisher<VehicleTorqueSetpoint>::[01;31m[KSharedPtr[m[K vehicle_torque_publisher;
[11.953s]       |                                                   [01;31m[K^~~~~~~~~[m[K
[11.953s]       |                                                            [32m[K;[m[K
[11.954s] [01m[K/home/pyro/ws_offboard_control/src/px4_ros_com/src/examples/offboard/offboard_control.cpp:131:51:[m[K [01;31m[Kerror: [m[Kredeclaration of ‘[01m[Kint OffboardControl::SharedPtr[m[K’
[11.954s] [01m[K/home/pyro/ws_offboard_control/src/px4_ros_com/src/examples/offboard/offboard_control.cpp:130:51:[m[K [01;36m[Knote: [m[Kprevious declaration ‘[01m[Kint OffboardControl::SharedPtr[m[K’
[11.954s]   130 |         rclcpp::Publisher<VehicleThrustSetpoint>::[01;36m[KSharedPtr[m[K vehicle_thrust_publisher;
[11.954s]       |                                                   [01;36m[K^~~~~~~~~[m[K
[11.961s] [01m[K/home/pyro/ws_offboard_control/src/px4_ros_com/src/examples/offboard/offboard_control.cpp:131:61:[m[K [01;31m[Kerror: [m[K‘[01m[Kvehicle_torque_publisher[m[K’ does not name a type
[11.961s]   131 |         rclcpp::Publisher<VehicleTorqueSetpoint>::SharedPtr [01;31m[Kvehicle_torque_publisher[m[K;
[11.961s]       |                                                             [01;31m[K^~~~~~~~~~~~~~~~~~~~~~~~[m[K
[12.738s] [01m[K/home/pyro/ws_offboard_control/src/px4_ros_com/src/examples/offboard/offboard_control.cpp:[m[K In constructor ‘[01m[KOffboardControl::OffboardControl()[m[K’:
[12.738s] [01m[K/home/pyro/ws_offboard_control/src/px4_ros_com/src/examples/offboard/offboard_control.cpp:70:17:[m[K [01;31m[Kerror: [m[K‘[01m[Kvehicle_thrust_publisher[m[K’ was not declared in this scope; did you mean ‘[01m[Kvehicle_command_publisher_[m[K’?
[12.738s]    70 |                 [01;31m[Kvehicle_thrust_publisher[m[K = this->create_publisher<VehicleThrustSetpoint>("/fmu/in/vehicle_thrust_setpoint", 10);
[12.738s]       |                 [01;31m[K^~~~~~~~~~~~~~~~~~~~~~~~[m[K
[12.738s]       |                 [32m[Kvehicle_command_publisher_[m[K
[12.764s] [01m[K/home/pyro/ws_offboard_control/src/px4_ros_com/src/examples/offboard/offboard_control.cpp:70:67:[m[K [01;31m[Kerror: [m[K‘[01m[KVehicleThrustSetpoint[m[K’ was not declared in this scope
[12.764s]    70 |                 vehicle_thrust_publisher = this->create_publisher<[01;31m[KVehicleThrustSetpoint[m[K>("/fmu/in/vehicle_thrust_setpoint", 10);
[12.765s]       |                                                                   [01;31m[K^~~~~~~~~~~~~~~~~~~~~[m[K
[12.765s] [01m[K/home/pyro/ws_offboard_control/src/px4_ros_com/src/examples/offboard/offboard_control.cpp:70:89:[m[K [01;31m[Kerror: [m[Kno matching function for call to ‘[01m[KOffboardControl::create_publisher<<expression error> >(const char [32], int)[m[K’
[12.765s]    70 |                 vehicle_thrust_publisher = [01;31m[Kthis->create_publisher<VehicleThrustSetpoint>("/fmu/in/vehicle_thrust_setpoint", 10)[m[K;
[12.765s]       |                                            [01;31m[K~~~~~~~~~~~~~~~~~~~~~~~~~~~~~~~~~~~~~~~~~~~~~^~~~~~~~~~~~~~~~~~~~~~~~~~~~~~~~~~~~~~~[m[K
[12.765s] In file included from [01m[K/opt/ros/humble/include/rclcpp/rclcpp/node.hpp:1321[m[K,
[12.765s]                  from [01m[K/opt/ros/humble/include/rclcpp/rclcpp/executors/single_threaded_executor.hpp:28[m[K,
[12.765s]                  from [01m[K/opt/ros/humble/include/rclcpp/rclcpp/executors.hpp:22[m[K,
[12.765s]                  from [01m[K/opt/ros/humble/include/rclcpp/rclcpp/rclcpp.hpp:155[m[K,
[12.765s]                  from [01m[K/home/pyro/ws_offboard_control/src/px4_ros_com/src/examples/offboard/offboard_control.cpp:49[m[K:
[12.766s] [01m[K/opt/ros/humble/include/rclcpp/rclcpp/node_impl.hpp:73:1:[m[K [01;36m[Knote: [m[Kcandidate: ‘[01m[Ktemplate<class MessageT, class AllocatorT, class PublisherT> std::shared_ptr<PublisherT> rclcpp::Node::create_publisher(const string&, const rclcpp::QoS&, const rclcpp::PublisherOptionsWithAllocator<AllocatorT>&)[m[K’
[12.766s]    73 | [01;36m[KNode[m[K::create_publisher(
[12.766s]       | [01;36m[K^~~~[m[K
[12.766s] [01m[K/opt/ros/humble/include/rclcpp/rclcpp/node_impl.hpp:73:1:[m[K [01;36m[Knote: [m[K  template argument deduction/substitution failed:
[12.766s] [01m[K/home/pyro/ws_offboard_control/src/px4_ros_com/src/examples/offboard/offboard_control.cpp:70:89:[m[K [01;31m[Kerror: [m[Ktemplate argument 1 is invalid
[12.766s]    70 |                 vehicle_thrust_publisher = [01;31m[Kthis->create_publisher<VehicleThrustSetpoint>("/fmu/in/vehicle_thrust_setpoint", 10)[m[K;
[12.766s]       |                                            [01;31m[K~~~~~~~~~~~~~~~~~~~~~~~~~~~~~~~~~~~~~~~~~~~~~^~~~~~~~~~~~~~~~~~~~~~~~~~~~~~~~~~~~~~~[m[K
[12.784s] [01m[K/home/pyro/ws_offboard_control/src/px4_ros_com/src/examples/offboard/offboard_control.cpp:71:17:[m[K [01;31m[Kerror: [m[K‘[01m[Kvehicle_torque_publisher[m[K’ was not declared in this scope; did you mean ‘[01m[Kvehicle_command_publisher_[m[K’?
[12.785s]    71 |                 [01;31m[Kvehicle_torque_publisher[m[K = this->create_publisher<VehicleTorqueSetpoint>("/fmu/in/vehicle_torque_setpoint", 10);
[12.785s]       |                 [01;31m[K^~~~~~~~~~~~~~~~~~~~~~~~[m[K
[12.785s]       |                 [32m[Kvehicle_command_publisher_[m[K
[12.813s] [01m[K/home/pyro/ws_offboard_control/src/px4_ros_com/src/examples/offboard/offboard_control.cpp:71:67:[m[K [01;31m[Kerror: [m[K‘[01m[KVehicleTorqueSetpoint[m[K’ was not declared in this scope
[12.814s]    71 |                 vehicle_torque_publisher = this->create_publisher<[01;31m[KVehicleTorqueSetpoint[m[K>("/fmu/in/vehicle_torque_setpoint", 10);
[12.814s]       |                                                                   [01;31m[K^~~~~~~~~~~~~~~~~~~~~[m[K
[12.814s] [01m[K/home/pyro/ws_offboard_control/src/px4_ros_com/src/examples/offboard/offboard_control.cpp:71:89:[m[K [01;31m[Kerror: [m[Kno matching function for call to ‘[01m[KOffboardControl::create_publisher<<expression error> >(const char [32], int)[m[K’
[12.814s]    71 |                 vehicle_torque_publisher = [01;31m[Kthis->create_publisher<VehicleTorqueSetpoint>("/fmu/in/vehicle_torque_setpoint", 10)[m[K;
[12.814s]       |                                            [01;31m[K~~~~~~~~~~~~~~~~~~~~~~~~~~~~~~~~~~~~~~~~~~~~~^~~~~~~~~~~~~~~~~~~~~~~~~~~~~~~~~~~~~~~[m[K
[12.814s] In file included from [01m[K/opt/ros/humble/include/rclcpp/rclcpp/node.hpp:1321[m[K,
[12.815s]                  from [01m[K/opt/ros/humble/include/rclcpp/rclcpp/executors/single_threaded_executor.hpp:28[m[K,
[12.815s]                  from [01m[K/opt/ros/humble/include/rclcpp/rclcpp/executors.hpp:22[m[K,
[12.815s]                  from [01m[K/opt/ros/humble/include/rclcpp/rclcpp/rclcpp.hpp:155[m[K,
[12.815s]                  from [01m[K/home/pyro/ws_offboard_control/src/px4_ros_com/src/examples/offboard/offboard_control.cpp:49[m[K:
[12.815s] [01m[K/opt/ros/humble/include/rclcpp/rclcpp/node_impl.hpp:73:1:[m[K [01;36m[Knote: [m[Kcandidate: ‘[01m[Ktemplate<class MessageT, class AllocatorT, class PublisherT> std::shared_ptr<PublisherT> rclcpp::Node::create_publisher(const string&, const rclcpp::QoS&, const rclcpp::PublisherOptionsWithAllocator<AllocatorT>&)[m[K’
[12.815s]    73 | [01;36m[KNode[m[K::create_publisher(
[12.815s]       | [01;36m[K^~~~[m[K
[12.815s] [01m[K/opt/ros/humble/include/rclcpp/rclcpp/node_impl.hpp:73:1:[m[K [01;36m[Knote: [m[K  template argument deduction/substitution failed:
[12.815s] [01m[K/home/pyro/ws_offboard_control/src/px4_ros_com/src/examples/offboard/offboard_control.cpp:71:89:[m[K [01;31m[Kerror: [m[Ktemplate argument 1 is invalid
[12.815s]    71 |                 vehicle_torque_publisher = [01;31m[Kthis->create_publisher<VehicleTorqueSetpoint>("/fmu/in/vehicle_torque_setpoint", 10)[m[K;
[12.815s]       |                                            [01;31m[K~~~~~~~~~~~~~~~~~~~~~~~~~~~~~~~~~~~~~~~~~~~~~^~~~~~~~~~~~~~~~~~~~~~~~~~~~~~~~~~~~~~~[m[K
[12.866s] [01m[K/home/pyro/ws_offboard_control/src/px4_ros_com/src/examples/offboard/offboard_control.cpp:[m[K In lambda function:
[12.866s] [01m[K/home/pyro/ws_offboard_control/src/px4_ros_com/src/examples/offboard/offboard_control.cpp:115:25:[m[K [01;31m[Kerror: [m[K‘[01m[Kpublish_vehicle_torque_setpoints[m[K’ was not declared in this scope; did you mean ‘[01m[Kpublish_vehicle_thrust_setpoints[m[K’?
[12.866s]   115 |                         [01;31m[Kpublish_vehicle_torque_setpoints[m[K();
[12.866s]       |                         [01;31m[K^~~~~~~~~~~~~~~~~~~~~~~~~~~~~~~~[m[K
[12.866s]       |                         [32m[Kpublish_vehicle_thrust_setpoints[m[K
[12.892s] [01m[K/home/pyro/ws_offboard_control/src/px4_ros_com/src/examples/offboard/offboard_control.cpp:[m[K At global scope:
[12.892s] [01m[K/home/pyro/ws_offboard_control/src/px4_ros_com/src/examples/offboard/offboard_control.cpp:267:6:[m[K [01;31m[Kerror: [m[Kno declaration matches ‘[01m[Kvoid OffboardControl::publish_vehicle_rates_setpoint()[m[K’
[12.893s]   267 | void [01;31m[KOffboardControl[m[K::publish_vehicle_rates_setpoint()
[12.893s]       |      [01;31m[K^~~~~~~~~~~~~~~[m[K
[12.893s] [01m[K/home/pyro/ws_offboard_control/src/px4_ros_com/src/examples/offboard/offboard_control.cpp:267:6:[m[K [01;36m[Knote: [m[Kno functions named ‘[01m[Kvoid OffboardControl::publish_vehicle_rates_setpoint()[m[K’
[12.893s] [01m[K/home/pyro/ws_offboard_control/src/px4_ros_com/src/examples/offboard/offboard_control.cpp:63:7:[m[K [01;36m[Knote: [m[K‘[01m[Kclass OffboardControl[m[K’ defined here
[12.893s]    63 | class [01;36m[KOffboardControl[m[K : public rclcpp::Node
[12.893s]       |       [01;36m[K^~~~~~~~~~~~~~~[m[K
[34.960s] gmake[2]: *** [CMakeFiles/offboard_control.dir/build.make:76: CMakeFiles/offboard_control.dir/src/examples/offboard/offboard_control.cpp.o] Error 1
[34.961s] gmake[1]: *** [CMakeFiles/Makefile2:254: CMakeFiles/offboard_control.dir/all] Error 2
[34.962s] gmake: *** [Makefile:146: all] Error 2
[34.972s] Invoked command in '/home/pyro/ws_offboard_control/build/px4_ros_com' returned '2': CMAKE_PREFIX_PATH=/home/pyro/ws_offboard_control/install/px4_msgs:/home/pyro/ws_offboard_control/install/px4_ros_com:/opt/ros/humble LD_LIBRARY_PATH=/home/pyro/ws_offboard_control/install/px4_msgs/lib:/home/pyro/ws_offboard_control/install/px4_ros_com/lib:/opt/ros/humble/opt/rviz_ogre_vendor/lib:/opt/ros/humble/lib/x86_64-linux-gnu:/opt/ros/humble/lib /usr/bin/cmake --build /home/pyro/ws_offboard_control/build/px4_ros_com -- -j16 -l16
