[0.504s] Invoking command in '/home/pyro/ws_offboard_control/build/px4_ros_com': CMAKE_PREFIX_PATH=/home/pyro/ws_offboard_control/install/px4_msgs:/home/pyro/ws_offboard_control/install/px4_ros_com:/opt/ros/humble LD_LIBRARY_PATH=/home/pyro/ws_offboard_control/install/px4_msgs/lib:/home/pyro/ws_offboard_control/install/px4_ros_com/lib:/opt/ros/humble/opt/rviz_ogre_vendor/lib:/opt/ros/humble/lib/x86_64-linux-gnu:/opt/ros/humble/lib /usr/bin/cmake --build /home/pyro/ws_offboard_control/build/px4_ros_com -- -j16 -l16
[0.689s] [35m[1mConsolidate compiler generated dependencies of target offboard_control_thrust_torque[0m
[0.723s] [ 28%] Built target sensor_combined_listener
[0.723s] [ 28%] Built target frame_transforms
[0.724s] [ 42%] Built target vehicle_gps_position_listener
[0.726s] [ 57%] Built target offboard_control_srv
[0.732s] [ 71%] Built target offboard_control
[0.733s] [ 85%] Built target debug_vect_advertiser
[0.750s] [ 85%] Built target ament_cmake_python_copy_px4_ros_com
[0.766s] [ 92%] [32mBuilding CXX object CMakeFiles/offboard_control_thrust_torque.dir/src/examples/offboard/offboard_control_thrust_torque.cpp.o[0m
[1.431s] running egg_info
[1.491s] writing px4_ros_com.egg-info/PKG-INFO
[1.492s] writing dependency_links to px4_ros_com.egg-info/dependency_links.txt
[1.494s] writing top-level names to px4_ros_com.egg-info/top_level.txt
[1.661s] reading manifest file 'px4_ros_com.egg-info/SOURCES.txt'
[1.665s] writing manifest file 'px4_ros_com.egg-info/SOURCES.txt'
[1.806s] [ 92%] Built target ament_cmake_python_build_px4_ros_com_egg
[11.790s] [01m[K/home/pyro/ws_offboard_control/src/px4_ros_com/src/examples/offboard/offboard_control_thrust_torque.cpp:150:37:[m[K [01;31m[Kerror: [m[Kredeclaration of ‘[01m[Kpx4_msgs::msg::VehicleLocalPosition_<std::allocator<void> >::SharedPtr OffboardControl::current_position_[m[K’
[11.791s]   150 |     VehicleLocalPosition::SharedPtr [01;31m[Kcurrent_position_[m[K;
[11.791s]       |                                     [01;31m[K^~~~~~~~~~~~~~~~~[m[K
[11.792s] [01m[K/home/pyro/ws_offboard_control/src/px4_ros_com/src/examples/offboard/offboard_control_thrust_torque.cpp:147:41:[m[K [01;36m[Knote: [m[Kprevious declaration ‘[01m[Kpx4_msgs::msg::VehicleLocalPosition_<std::allocator<void> >::SharedPtr OffboardControl::current_position_[m[K’
[11.792s]   147 |         VehicleLocalPosition::SharedPtr [01;36m[Kcurrent_position_[m[K;
[11.792s]       |                                         [01;36m[K^~~~~~~~~~~~~~~~~[m[K
[32.897s] gmake[2]: *** [CMakeFiles/offboard_control_thrust_torque.dir/build.make:76: CMakeFiles/offboard_control_thrust_torque.dir/src/examples/offboard/offboard_control_thrust_torque.cpp.o] Error 1
[32.898s] gmake[1]: *** [CMakeFiles/Makefile2:308: CMakeFiles/offboard_control_thrust_torque.dir/all] Error 2
[32.899s] gmake: *** [Makefile:146: all] Error 2
[32.908s] Invoked command in '/home/pyro/ws_offboard_control/build/px4_ros_com' returned '2': CMAKE_PREFIX_PATH=/home/pyro/ws_offboard_control/install/px4_msgs:/home/pyro/ws_offboard_control/install/px4_ros_com:/opt/ros/humble LD_LIBRARY_PATH=/home/pyro/ws_offboard_control/install/px4_msgs/lib:/home/pyro/ws_offboard_control/install/px4_ros_com/lib:/opt/ros/humble/opt/rviz_ogre_vendor/lib:/opt/ros/humble/lib/x86_64-linux-gnu:/opt/ros/humble/lib /usr/bin/cmake --build /home/pyro/ws_offboard_control/build/px4_ros_com -- -j16 -l16
