[0.374s] Invoking command in '/home/pyro/ws_offboard_control/build/px4_ros_com': AMENT_PREFIX_PATH=/home/pyro/ws_offboard_control/install/px4_msgs:${AMENT_PREFIX_PATH} CMAKE_PREFIX_PATH=/home/pyro/ws_offboard_control/install/px4_msgs:/opt/ros/humble LD_LIBRARY_PATH=/home/pyro/ws_offboard_control/install/px4_msgs/lib:${LD_LIBRARY_PATH} PYTHONPATH=/home/pyro/ws_offboard_control/install/px4_msgs/local/lib/python3.10/dist-packages:${PYTHONPATH} /usr/bin/cmake --build /home/pyro/ws_offboard_control/build/px4_ros_com -- -j16 -l16
[0.593s] [35m[1mConsolidate compiler generated dependencies of target offboard_control[0m
[0.629s] [ 33%] Built target debug_vect_advertiser
[0.629s] [ 33%] Built target sensor_combined_listener
[0.634s] [ 50%] Built target offboard_control_srv
[0.636s] [ 66%] Built target vehicle_gps_position_listener
[0.641s] [ 66%] Built target ament_cmake_python_copy_px4_ros_com
[0.641s] [ 83%] Built target frame_transforms
[0.668s] [ 91%] [32mBuilding CXX object CMakeFiles/offboard_control.dir/src/examples/offboard/offboard_control.cpp.o[0m
[1.276s] running egg_info
[1.340s] writing px4_ros_com.egg-info/PKG-INFO
[1.342s] writing dependency_links to px4_ros_com.egg-info/dependency_links.txt
[1.343s] writing top-level names to px4_ros_com.egg-info/top_level.txt
[1.512s] reading manifest file 'px4_ros_com.egg-info/SOURCES.txt'
[1.519s] writing manifest file 'px4_ros_com.egg-info/SOURCES.txt'
[1.638s] [ 91%] Built target ament_cmake_python_build_px4_ros_com_egg
[11.518s] In file included from [01m[K/opt/ros/humble/include/rclcpp/rclcpp/logging.hpp:24[m[K,
[11.518s]                  from [01m[K/opt/ros/humble/include/rclcpp/rclcpp/client.hpp:40[m[K,
[11.519s]                  from [01m[K/opt/ros/humble/include/rclcpp/rclcpp/callback_group.hpp:24[m[K,
[11.519s]                  from [01m[K/opt/ros/humble/include/rclcpp/rclcpp/any_executable.hpp:20[m[K,
[11.519s]                  from [01m[K/opt/ros/humble/include/rclcpp/rclcpp/memory_strategy.hpp:25[m[K,
[11.519s]                  from [01m[K/opt/ros/humble/include/rclcpp/rclcpp/memory_strategies.hpp:18[m[K,
[11.519s]                  from [01m[K/opt/ros/humble/include/rclcpp/rclcpp/executor_options.hpp:20[m[K,
[11.519s]                  from [01m[K/opt/ros/humble/include/rclcpp/rclcpp/executor.hpp:37[m[K,
[11.519s]                  from [01m[K/opt/ros/humble/include/rclcpp/rclcpp/executors/multi_threaded_executor.hpp:25[m[K,
[11.519s]                  from [01m[K/opt/ros/humble/include/rclcpp/rclcpp/executors.hpp:21[m[K,
[11.519s]                  from [01m[K/opt/ros/humble/include/rclcpp/rclcpp/rclcpp.hpp:155[m[K,
[11.519s]                  from [01m[K/home/pyro/ws_offboard_control/src/px4_ros_com/src/examples/offboard/offboard_control.cpp:49[m[K:
[11.520s] [01m[K/home/pyro/ws_offboard_control/src/px4_ros_com/src/examples/offboard/offboard_control.cpp:[m[K In member function ‘[01m[Kvoid OffboardControl::publish_vehicle_rates_setpoint()[m[K’:
[11.520s] [01m[K/home/pyro/ws_offboard_control/src/px4_ros_com/src/examples/offboard/offboard_control.cpp:305:73:[m[K [01;31m[Kerror: [m[K‘[01m[Kthrust_magnitude_[m[K’ was not declared in this scope
[11.520s]   305 |             msg.thrust_body[0], msg.thrust_body[1], msg.thrust_body[2], [01;31m[Kthrust_magnitude_[m[K);
[11.520s]       |                                                                         [01;31m[K^~~~~~~~~~~~~~~~~[m[K
[29.656s] gmake[2]: *** [CMakeFiles/offboard_control.dir/build.make:76: CMakeFiles/offboard_control.dir/src/examples/offboard/offboard_control.cpp.o] Error 1
[29.656s] gmake[1]: *** [CMakeFiles/Makefile2:254: CMakeFiles/offboard_control.dir/all] Error 2
[29.657s] gmake: *** [Makefile:146: all] Error 2
[29.665s] Invoked command in '/home/pyro/ws_offboard_control/build/px4_ros_com' returned '2': AMENT_PREFIX_PATH=/home/pyro/ws_offboard_control/install/px4_msgs:${AMENT_PREFIX_PATH} CMAKE_PREFIX_PATH=/home/pyro/ws_offboard_control/install/px4_msgs:/opt/ros/humble LD_LIBRARY_PATH=/home/pyro/ws_offboard_control/install/px4_msgs/lib:${LD_LIBRARY_PATH} PYTHONPATH=/home/pyro/ws_offboard_control/install/px4_msgs/local/lib/python3.10/dist-packages:${PYTHONPATH} /usr/bin/cmake --build /home/pyro/ws_offboard_control/build/px4_ros_com -- -j16 -l16
