[35m[1mConsolidate compiler generated dependencies of target offboard_control_spin_tt[0m
[ 10%] Built target sensor_combined_listener
[ 20%] Built target vehicle_gps_position_listener
[ 55%] Built target frame_transforms
[ 70%] [32mBuilding CXX object CMakeFiles/offboard_control_spin_tt.dir/src/examples/offboard/offboard_control_spin_tt.cpp.o[0m
[ 70%] Built target offboard_control_srv
[ 70%] Built target offboard_control_spin_lsq
[ 70%] Built target debug_vect_advertiser
[ 90%] Built target offboard_control_thrust_torque
[ 95%] Built target offboard_control_tilt_axis
[ 95%] Built target offboard_control
[ 95%] Built target ament_cmake_python_copy_px4_ros_com
running egg_info
writing px4_ros_com.egg-info/PKG-INFO
writing dependency_links to px4_ros_com.egg-info/dependency_links.txt
writing top-level names to px4_ros_com.egg-info/top_level.txt
reading manifest file 'px4_ros_com.egg-info/SOURCES.txt'
writing manifest file 'px4_ros_com.egg-info/SOURCES.txt'
[ 95%] Built target ament_cmake_python_build_px4_ros_com_egg
[01m[K/home/pyro/ws_offboard_control/src/px4_ros_com/src/examples/offboard/offboard_control_spin_tt.cpp:[m[K In member function ‘[01m[Kvoid OffboardControl::controller_innerloop(double)[m[K’:
[01m[K/home/pyro/ws_offboard_control/src/px4_ros_com/src/examples/offboard/offboard_control_spin_tt.cpp:550:73:[m[K [01;31m[Kerror: [m[K‘[01m[Krate_error_dot[m[K’ was not declared in this scope; did you mean ‘[01m[Krate_error[m[K’?
  550 |     Eigen::Vector3d omega_dot_design = Kp_rate * rate_error + Kd_rate * [01;31m[Krate_error_dot[m[K;
      |                                                                         [01;31m[K^~~~~~~~~~~~~~[m[K
      |                                                                         [32m[Krate_error[m[K
[01m[K/home/pyro/ws_offboard_control/src/px4_ros_com/src/examples/offboard/offboard_control_spin_tt.cpp:494:51:[m[K [01;35m[Kwarning: [m[Kunused parameter ‘[01m[Kdt[m[K’ [[01;35m[K]8;;https://gcc.gnu.org/onlinedocs/gcc/Warning-Options.html#index-Wunused-parameter-Wunused-parameter]8;;[m[K]
  494 | void OffboardControl::controller_innerloop([01;35m[Kdouble dt[m[K)
      |                                            [01;35m[K~~~~~~~^~[m[K
gmake[2]: *** [CMakeFiles/offboard_control_spin_tt.dir/build.make:76: CMakeFiles/offboard_control_spin_tt.dir/src/examples/offboard/offboard_control_spin_tt.cpp.o] Error 1
gmake[1]: *** [CMakeFiles/Makefile2:340: CMakeFiles/offboard_control_spin_tt.dir/all] Error 2
gmake: *** [Makefile:146: all] Error 2
