[0.313s] Invoking command in '/home/pyro/ws_offboard_control/build/px4_ros_com': CMAKE_PREFIX_PATH=/home/pyro/ws_offboard_control/install/px4_msgs:/home/pyro/ws_offboard_control/install/px4_ros_com:/opt/ros/humble LD_LIBRARY_PATH=/home/pyro/ws_offboard_control/install/px4_msgs/lib:/home/pyro/ws_offboard_control/install/px4_ros_com/lib:/opt/ros/humble/opt/rviz_ogre_vendor/lib:/opt/ros/humble/lib/x86_64-linux-gnu:/opt/ros/humble/lib /usr/bin/cmake --build /home/pyro/ws_offboard_control/build/px4_ros_com -- -j16 -l16
[0.749s] [35m[1mConsolidate compiler generated dependencies of target offboard_control_thrust_torque[0m
[0.807s] [  0%] Built target ament_cmake_python_copy_px4_ros_com
[0.813s] [ 14%] Built target frame_transforms
[0.842s] [ 28%] Built target offboard_control_srv
[0.842s] [ 50%] [32mBuilding CXX object CMakeFiles/offboard_control_thrust_torque.dir/src/examples/offboard/offboard_control_thrust_torque.cpp.o[0m
[0.843s] [ 50%] Built target debug_vect_advertiser
[0.850s] [ 64%] Built target vehicle_gps_position_listener
[0.850s] [ 78%] Built target offboard_control
[0.854s] [ 92%] Built target sensor_combined_listener
[1.500s] running egg_info
[1.558s] writing px4_ros_com.egg-info/PKG-INFO
[1.559s] writing dependency_links to px4_ros_com.egg-info/dependency_links.txt
[1.562s] writing top-level names to px4_ros_com.egg-info/top_level.txt
[1.764s] reading manifest file 'px4_ros_com.egg-info/SOURCES.txt'
[1.768s] writing manifest file 'px4_ros_com.egg-info/SOURCES.txt'
[1.898s] [ 92%] Built target ament_cmake_python_build_px4_ros_com_egg
[11.695s] [01m[K/home/pyro/ws_offboard_control/src/px4_ros_com/src/examples/offboard/offboard_control_thrust_torque.cpp:[m[K In constructor ‘[01m[KOffboardControl::OffboardControl(std::string)[m[K’:
[11.695s] [01m[K/home/pyro/ws_offboard_control/src/px4_ros_com/src/examples/offboard/offboard_control_thrust_torque.cpp:81:17:[m[K [01;31m[Kerror: [m[K‘[01m[Kvehicle_local_position_subscriber_[m[K’ was not declared in this scope; did you mean ‘[01m[Klocal_position_subscriber_[m[K’?
[11.695s]    81 |                 [01;31m[Kvehicle_local_position_subscriber_[m[K = this->create_subscription<VehicleLocalPosition>(
[11.695s]       |                 [01;31m[K^~~~~~~~~~~~~~~~~~~~~~~~~~~~~~~~~~[m[K
[11.695s]       |                 [32m[Klocal_position_subscriber_[m[K
[11.718s] [01m[K/home/pyro/ws_offboard_control/src/px4_ros_com/src/examples/offboard/offboard_control_thrust_torque.cpp:83:25:[m[K [01;31m[Kerror: [m[K‘[01m[Kqos_profile[m[K’ was not declared in this scope
[11.718s]    83 |                         [01;31m[Kqos_profile[m[K,
[11.718s]       |                         [01;31m[K^~~~~~~~~~~[m[K
[11.718s] [01m[K/home/pyro/ws_offboard_control/src/px4_ros_com/src/examples/offboard/offboard_control_thrust_torque.cpp:84:53:[m[K [01;31m[Kerror: [m[K‘[01m[Kvehicle_local_position_callback[m[K’ is not a member of ‘[01m[KOffboardControl[m[K’
[11.718s]    84 |                         std::bind(&OffboardControl::[01;31m[Kvehicle_local_position_callback[m[K, this, std::placeholders::_1));
[11.718s]       |                                                     [01;31m[K^~~~~~~~~~~~~~~~~~~~~~~~~~~~~~~[m[K
[12.850s] [01m[K/home/pyro/ws_offboard_control/src/px4_ros_com/src/examples/offboard/offboard_control_thrust_torque.cpp:[m[K In member function ‘[01m[Kvoid OffboardControl::controller_outerloop()[m[K’:
[12.850s] [01m[K/home/pyro/ws_offboard_control/src/px4_ros_com/src/examples/offboard/offboard_control_thrust_torque.cpp:330:15:[m[K [01;31m[Kerror: [m[Kno matching function for call to ‘[01m[KOffboardControl::integrator(double&, double&, double)[m[K’
[12.850s]   330 |     [01;31m[Kintegrator(pos_err_z, pos_err_int_z_, 5.0)[m[K;
[12.851s]       |     [01;31m[K~~~~~~~~~~^~~~~~~~~~~~~~~~~~~~~~~~~~~~~~~~[m[K
[12.851s] [01m[K/home/pyro/ws_offboard_control/src/px4_ros_com/src/examples/offboard/offboard_control_thrust_torque.cpp:214:10:[m[K [01;36m[Knote: [m[Kcandidate: ‘[01m[Kvoid OffboardControl::integrator(const double&, double&, double, double)[m[K’
[12.851s]   214 |     void [01;36m[Kintegrator[m[K(const double &input, double& output, const double dt, const double max);
[12.851s]       |          [01;36m[K^~~~~~~~~~[m[K
[12.851s] [01m[K/home/pyro/ws_offboard_control/src/px4_ros_com/src/examples/offboard/offboard_control_thrust_torque.cpp:214:10:[m[K [01;36m[Knote: [m[K  candidate expects 4 arguments, 3 provided
[17.235s] gmake[2]: *** [CMakeFiles/offboard_control_thrust_torque.dir/build.make:76: CMakeFiles/offboard_control_thrust_torque.dir/src/examples/offboard/offboard_control_thrust_torque.cpp.o] Error 1
[17.236s] gmake[1]: *** [CMakeFiles/Makefile2:308: CMakeFiles/offboard_control_thrust_torque.dir/all] Error 2
[17.238s] gmake: *** [Makefile:146: all] Error 2
[17.246s] Invoked command in '/home/pyro/ws_offboard_control/build/px4_ros_com' returned '2': CMAKE_PREFIX_PATH=/home/pyro/ws_offboard_control/install/px4_msgs:/home/pyro/ws_offboard_control/install/px4_ros_com:/opt/ros/humble LD_LIBRARY_PATH=/home/pyro/ws_offboard_control/install/px4_msgs/lib:/home/pyro/ws_offboard_control/install/px4_ros_com/lib:/opt/ros/humble/opt/rviz_ogre_vendor/lib:/opt/ros/humble/lib/x86_64-linux-gnu:/opt/ros/humble/lib /usr/bin/cmake --build /home/pyro/ws_offboard_control/build/px4_ros_com -- -j16 -l16
