[0.312s] Invoking command in '/home/pyro/ws_offboard_control/build/px4_ros_com': CMAKE_PREFIX_PATH=/home/pyro/ws_offboard_control/install/px4_msgs:/home/pyro/ws_offboard_control/install/px4_ros_com:/opt/ros/humble LD_LIBRARY_PATH=/home/pyro/ws_offboard_control/install/px4_msgs/lib:/home/pyro/ws_offboard_control/install/px4_ros_com/lib:/opt/ros/humble/opt/rviz_ogre_vendor/lib:/opt/ros/humble/lib/x86_64-linux-gnu:/opt/ros/humble/lib /usr/bin/cmake --build /home/pyro/ws_offboard_control/build/px4_ros_com -- -j16 -l16
[0.533s] [35m[1mConsolidate compiler generated dependencies of target offboard_control_spin_tt[0m
[0.584s] [ 20%] Built target frame_transforms
[0.588s] [ 20%] Built target vehicle_gps_position_listener
[0.589s] [ 30%] Built target offboard_control_thrust_torque
[0.589s] [ 50%] Built target sensor_combined_listener
[0.590s] [ 50%] Built target offboard_control_srv
[0.592s] [ 80%] Built target offboard_control
[0.592s] [ 80%] Built target offboard_control_tilt_axis
[0.592s] [ 75%] Built target debug_vect_advertiser
[0.598s] [ 90%] Built target offboard_control_spin_lsq
[0.600s] [ 90%] Built target ament_cmake_python_copy_px4_ros_com
[0.626s] [ 95%] [32mBuilding CXX object CMakeFiles/offboard_control_spin_tt.dir/src/examples/offboard/offboard_control_spin_tt.cpp.o[0m
[1.179s] running egg_info
[1.216s] writing px4_ros_com.egg-info/PKG-INFO
[1.219s] writing dependency_links to px4_ros_com.egg-info/dependency_links.txt
[1.219s] writing top-level names to px4_ros_com.egg-info/top_level.txt
[1.327s] reading manifest file 'px4_ros_com.egg-info/SOURCES.txt'
[1.329s] writing manifest file 'px4_ros_com.egg-info/SOURCES.txt'
[1.427s] [ 95%] Built target ament_cmake_python_build_px4_ros_com_egg
[11.046s] [01m[K/home/pyro/ws_offboard_control/src/px4_ros_com/src/examples/offboard/offboard_control_spin_tt.cpp:[m[K In member function ‘[01m[Kvoid OffboardControl::controller_outerloop(double)[m[K’:
[11.046s] [01m[K/home/pyro/ws_offboard_control/src/px4_ros_com/src/examples/offboard/offboard_control_spin_tt.cpp:911:16:[m[K [01;31m[Kerror: [m[K‘[01m[Kpos_err_z[m[K’ was not declared in this scope; did you mean ‘[01m[Kpos_err_xy[m[K’?
[11.047s]   911 |     integrator([01;31m[Kpos_err_z[m[K, pos_err_int_z_, dt, 2.0);
[11.047s]       |                [01;31m[K^~~~~~~~~[m[K
[11.047s]       |                [32m[Kpos_err_xy[m[K
[44.027s] gmake[2]: *** [CMakeFiles/offboard_control_spin_tt.dir/build.make:76: CMakeFiles/offboard_control_spin_tt.dir/src/examples/offboard/offboard_control_spin_tt.cpp.o] Error 1
[44.027s] gmake[1]: *** [CMakeFiles/Makefile2:340: CMakeFiles/offboard_control_spin_tt.dir/all] Error 2
[44.028s] gmake: *** [Makefile:146: all] Error 2
[44.038s] Invoked command in '/home/pyro/ws_offboard_control/build/px4_ros_com' returned '2': CMAKE_PREFIX_PATH=/home/pyro/ws_offboard_control/install/px4_msgs:/home/pyro/ws_offboard_control/install/px4_ros_com:/opt/ros/humble LD_LIBRARY_PATH=/home/pyro/ws_offboard_control/install/px4_msgs/lib:/home/pyro/ws_offboard_control/install/px4_ros_com/lib:/opt/ros/humble/opt/rviz_ogre_vendor/lib:/opt/ros/humble/lib/x86_64-linux-gnu:/opt/ros/humble/lib /usr/bin/cmake --build /home/pyro/ws_offboard_control/build/px4_ros_com -- -j16 -l16
