[0.369s] Invoking command in '/home/pyro/ws_offboard_control/build/px4_ros_com': CMAKE_PREFIX_PATH=/home/pyro/ws_offboard_control/install/px4_msgs:/home/pyro/ws_offboard_control/install/px4_ros_com:/opt/ros/humble LD_LIBRARY_PATH=/home/pyro/ws_offboard_control/install/px4_msgs/lib:/home/pyro/ws_offboard_control/install/px4_ros_com/lib:/opt/ros/humble/opt/rviz_ogre_vendor/lib:/opt/ros/humble/lib/x86_64-linux-gnu:/opt/ros/humble/lib /usr/bin/cmake --build /home/pyro/ws_offboard_control/build/px4_ros_com -- -j16 -l16
[0.528s] [35m[1mConsolidate compiler generated dependencies of target offboard_control_spin_tt[0m
[0.575s] [ 10%] Built target frame_transforms
[0.583s] [ 20%] Built target debug_vect_advertiser
[0.583s] [ 30%] Built target sensor_combined_listener
[0.583s] [ 40%] Built target offboard_control_spin_lsq
[0.585s] [ 50%] Built target offboard_control_srv
[0.590s] [ 55%] [32mBuilding CXX object CMakeFiles/offboard_control_tilt_axis.dir/src/examples/offboard/offboard_control_tilt_axis.cpp.o[0m
[0.594s] [ 65%] Built target offboard_control
[0.600s] [ 75%] Built target offboard_control_spin_tt
[0.601s] [ 85%] Built target vehicle_gps_position_listener
[0.601s] [ 95%] Built target offboard_control_thrust_torque
[0.616s] [ 95%] Built target ament_cmake_python_copy_px4_ros_com
[1.348s] running egg_info
[1.425s] writing px4_ros_com.egg-info/PKG-INFO
[1.427s] writing dependency_links to px4_ros_com.egg-info/dependency_links.txt
[1.428s] writing top-level names to px4_ros_com.egg-info/top_level.txt
[1.613s] reading manifest file 'px4_ros_com.egg-info/SOURCES.txt'
[1.617s] writing manifest file 'px4_ros_com.egg-info/SOURCES.txt'
[1.734s] [ 95%] Built target ament_cmake_python_build_px4_ros_com_egg
[13.741s] [01m[K/home/pyro/ws_offboard_control/src/px4_ros_com/src/examples/offboard/offboard_control_tilt_axis.cpp:[m[K In member function ‘[01m[Kvoid OffboardControl::controller_innerloop(double)[m[K’:
[13.741s] [01m[K/home/pyro/ws_offboard_control/src/px4_ros_com/src/examples/offboard/offboard_control_tilt_axis.cpp:445:9:[m[K [01;31m[Kerror: [m[K‘[01m[Kspin_torque_ramp_time_[m[K’ was not declared in this scope; did you mean ‘[01m[Kspin_torque_cmd_[m[K’?
[13.742s]   445 |     if ([01;31m[Kspin_torque_ramp_time_[m[K > 1e-3) {
[13.742s]       |         [01;31m[K^~~~~~~~~~~~~~~~~~~~~~[m[K
[13.742s]       |         [32m[Kspin_torque_cmd_[m[K
[13.770s] [01m[K/home/pyro/ws_offboard_control/src/px4_ros_com/src/examples/offboard/offboard_control_tilt_axis.cpp:446:9:[m[K [01;31m[Kerror: [m[K‘[01m[Kspin_time_accum_[m[K’ was not declared in this scope
[13.770s]   446 |         [01;31m[Kspin_time_accum_[m[K += dt;
[13.770s]       |         [01;31m[K^~~~~~~~~~~~~~~~[m[K
[32.687s] gmake[2]: *** [CMakeFiles/offboard_control_tilt_axis.dir/build.make:76: CMakeFiles/offboard_control_tilt_axis.dir/src/examples/offboard/offboard_control_tilt_axis.cpp.o] Error 1
[32.688s] gmake[1]: *** [CMakeFiles/Makefile2:366: CMakeFiles/offboard_control_tilt_axis.dir/all] Error 2
[32.689s] gmake: *** [Makefile:146: all] Error 2
[32.697s] Invoked command in '/home/pyro/ws_offboard_control/build/px4_ros_com' returned '2': CMAKE_PREFIX_PATH=/home/pyro/ws_offboard_control/install/px4_msgs:/home/pyro/ws_offboard_control/install/px4_ros_com:/opt/ros/humble LD_LIBRARY_PATH=/home/pyro/ws_offboard_control/install/px4_msgs/lib:/home/pyro/ws_offboard_control/install/px4_ros_com/lib:/opt/ros/humble/opt/rviz_ogre_vendor/lib:/opt/ros/humble/lib/x86_64-linux-gnu:/opt/ros/humble/lib /usr/bin/cmake --build /home/pyro/ws_offboard_control/build/px4_ros_com -- -j16 -l16
