[35m[1mConsolidate compiler generated dependencies of target offboard_control_spin_tt[0m
[  0%] Built target ament_cmake_python_copy_px4_ros_com
[ 10%] Built target frame_transforms
[ 15%] [32mBuilding CXX object CMakeFiles/offboard_control_spin_tt.dir/src/examples/offboard/offboard_control_spin_tt.cpp.o[0m
[ 25%] Built target offboard_control_spin_lsq
[ 35%] Built target offboard_control_srv
[ 45%] Built target sensor_combined_listener
[ 55%] Built target offboard_control_tilt_axis
[ 65%] Built target debug_vect_advertiser
[ 75%] Built target vehicle_gps_position_listener
[ 85%] Built target offboard_control
[ 95%] Built target offboard_control_thrust_torque
running egg_info
writing px4_ros_com.egg-info/PKG-INFO
writing dependency_links to px4_ros_com.egg-info/dependency_links.txt
writing top-level names to px4_ros_com.egg-info/top_level.txt
reading manifest file 'px4_ros_com.egg-info/SOURCES.txt'
writing manifest file 'px4_ros_com.egg-info/SOURCES.txt'
[ 95%] Built target ament_cmake_python_build_px4_ros_com_egg
[01m[K/home/pyro/ws_offboard_control/src/px4_ros_com/src/examples/offboard/offboard_control_spin_tt.cpp:[m[K In member function ‘[01m[Kvoid OffboardControl::log_data(double)[m[K’:
[01m[K/home/pyro/ws_offboard_control/src/px4_ros_com/src/examples/offboard/offboard_control_spin_tt.cpp:405:52:[m[K [01;31m[Kerror: [m[K‘[01m[Kusing element_type = struct px4_msgs::msg::ControlAllocatorStatus_<std::allocator<void> >[m[K’ {aka ‘[01m[Kstruct px4_msgs::msg::ControlAllocatorStatus_<std::allocator<void> >[m[K’} has no member named ‘[01m[Ksaturation_status[m[K’
  405 |             saturated = control_allocator_status_->[01;31m[Ksaturation_status[m[K > 0;
      |                                                    [01;31m[K^~~~~~~~~~~~~~~~~[m[K
gmake[2]: *** [CMakeFiles/offboard_control_spin_tt.dir/build.make:76: CMakeFiles/offboard_control_spin_tt.dir/src/examples/offboard/offboard_control_spin_tt.cpp.o] Error 1
gmake[1]: *** [CMakeFiles/Makefile2:340: CMakeFiles/offboard_control_spin_tt.dir/all] Error 2
gmake: *** [Makefile:146: all] Error 2
