[35m[1mConsolidate compiler generated dependencies of target offboard_control_spin_tt[0m
[ 30%] Built target offboard_control
[ 30%] Built target frame_transforms
[ 30%] Built target sensor_combined_listener
[ 35%] [32mBuilding CXX object CMakeFiles/offboard_control_tilt_axis.dir/src/examples/offboard/offboard_control_tilt_axis.cpp.o[0m
[ 45%] Built target vehicle_gps_position_listener
[ 55%] Built target offboard_control_spin_lsq
[ 55%] Built target ament_cmake_python_copy_px4_ros_com
[ 70%] Built target offboard_control_srv
[ 75%] Built target debug_vect_advertiser
[ 80%] [32mBuilding CXX object CMakeFiles/offboard_control_thrust_torque.dir/src/examples/offboard/offboard_control_thrust_torque.cpp.o[0m
[ 85%] [32mBuilding CXX object CMakeFiles/offboard_control_spin_tt.dir/src/examples/offboard/offboard_control_spin_tt.cpp.o[0m
running egg_info
writing px4_ros_com.egg-info/PKG-INFO
writing dependency_links to px4_ros_com.egg-info/dependency_links.txt
writing top-level names to px4_ros_com.egg-info/top_level.txt
reading manifest file 'px4_ros_com.egg-info/SOURCES.txt'
writing manifest file 'px4_ros_com.egg-info/SOURCES.txt'
[ 85%] Built target ament_cmake_python_build_px4_ros_com_egg
[ 90%] [32m[1mLinking CXX executable offboard_control_thrust_torque[0m
[ 95%] [32m[1mLinking CXX executable offboard_control_tilt_axis[0m
[ 95%] Built target offboard_control_thrust_torque
[ 95%] Built target offboard_control_tilt_axis
